

PRESENCE - Presence/Absence-Site Occupancy data analysis
Sun Oct 23 17:21:40 2011,       Version 3.1110329
- - - - - - - - - - - - - - - - - - - - - - - - - - - - -
==>i=brooktrout.pao
==>l=pres_2_groups__Constant_P.out
==>name=2 groups, Constant P
==>model=12c
==>lmt=200
model=12c N,T-->77,3
modtype-->1 

********* Input Data summary *******
Number of sites                = 77
Number of sampling occasions   = 3
Number of missing observations = 0
Data checksum = 23217

Naive occupancy estimate       = 0.4156

NSiteCovs-->1
site_covname[0]=Elevation
NSampCovs-->1
samp_covname[0]=SampCov1
Primary periods=1 Secondary periods: 3
- - - - - - - - - - - - - - - - - - - - - - - - - - - - -
 Brook Trout
- - - - - - - - - - - - - - - - - - - - - - - - - - - - -
modtype=1 N=77 T=3 Groups=2 bootstraps=0

-->1-3**************


Predefined Model: Detection probabilities are NOT time-specific

Number of groups               = 2
Number of parameters           = 4
**** Numerical convergence may not have been reached.
**** Parameter estimates converged to approximately 3.589401
**** significant digits.
Number of function calls           = 92
-2log(likelihood)              = 228.788558
AIC                            = 236.788558


**********************   WARNING   ***************************
Variance-covariance matrix has not been computed successfully.
Ignore matrix values in the below output.
    (sum=-20.778367)
--------------------------------------------------------------
Proportion of sites occupied    (Psi)   = 0.4626 (3.9769)
Probability of group membership (Theta) = 0.2498 (0.0000), 0.7502
Detection probabilities         (p):
  grp   srvy      p            se(p)
  ---   ----   ---------    -----------
   1      1    0.533454     ( 1.286651)

   2      1    0.533454     ( 3.270872)

Variance-Covariance Matrix
   psi  Group 2   p(G1)  p(G2)
15.8158  0.0000  1.3300  3.9934 
 0.0000  0.0000  0.0000  0.0000 
 0.1667  0.6478  1.6555  2.8601 
 0.5007  0.5200  2.8601 10.6986 
------------------------------------------------------
CPU time: 0.0 seconds

