

PRESENCE - Presence/Absence-Site Occupancy data analysis
Sun Dec 02 20:30:39 2018,       Version 2.12.21.
- - - - - - - - - - - - - - - - - - - - - - - - - - - - -
==>realbetavc
==>quiet
==>maxfn=32000
==>name=psi()p()
==>lmt=1
varcov: nsig=6 eps=1.000000e-002




********* Input Data summary *******
Number of sites                = 256
Number of sampling occasions   = 2
Number of states               = 2
Number of missing observations = 0
Data checksum = 38660

NSiteCovs-->1
site_covname[0]=psi.int
NSampCovs-->1
samp_covname[0]=p.int
Primary periods=1 Secondary periods: 2
- - - - - - - - - - - - - - - - - - - - - - - - - - - - -
 Pronghorn SSSS
- - - - - - - - - - - - - - - - - - - - - - - - - - - - -
N=256 T=2 Groups=1 bootstraps=0

Matrix 1: rows=2, cols=2
            -,a1
psi            1

Matrix 2: rows=3, cols=2
            -,b1
p1             1
p2             1

Matrix 3: rows=0, cols=0

Matrix 4: rows=0, cols=0

Matrix 5: rows=0, cols=0

Matrix 6: rows=0, cols=0
Naive occupancy estimate       = 0.5000


modtype=1

Custom Model: psi()p()

attempt 0/0 (iv= 0.00  0.00  0.00...), optmiz done. -2loglike= 635.3553
0 random initial value vectors attempted:
Initial values:
    0.0000    0.0000
Number of significant digits   =   7.1

Model has been fit using the logistic link.


Number of parameters           = 2
Number of function calls           = 55
-2log(likelihood)              = 635.3553
AIC                            = 639.3553

Untransformed Estimates of coefficients for covariates (Beta's)
======================================================================
                                          estimate    std.error
A1   psi                              :   0.886474    0.331229
B1   p1                               :  -0.169076    0.193449

Variance-Covariance Matrix of Untransformed estimates (Beta's):
              A1         B1  
     A1    0.109713  -0.048881
     B1   -0.048881   0.037423
------------------------------

============================================================

   Individual Site estimates of <psi>
                Site               estimate  Std.err   95% conf. interval
psi             1 unit1           :  0.7082   0.0685     0.5590 -  0.8228

============================================================

   Individual Site estimates of <p1>
                Site               estimate  Std.err   95% conf. interval
p1              1 unit1           :  0.4578   0.0480     0.3663 -  0.5523
p2              1 unit1           :  0.4578   0.0480     0.3663 -  0.5523

============================================================


 DERIVED parameter - Psi-conditional = [Pr(occ | detection history)]

        Site                     psi-cond  Std.err     95% conf. interval
psi-cond     1    unit1        :   0.4163  0.1167     0.2177 - 0.6464 
psi-cond     2    unit2        :   1.0000  0.0000     1.0000 - 1.0000 
psi-cond     3    unit3        :   0.4163  0.1167     0.2177 - 0.6464 
psi-cond     4    unit4        :   0.4163  0.1167     0.2177 - 0.6464 
psi-cond     5    unit5        :   1.0000  0.0000     1.0000 - 1.0000 
psi-cond     6    unit6        :   1.0000  0.0000     1.0000 - 1.0000 
psi-cond     7    unit7        :   0.4163  0.1167     0.2177 - 0.6464 
psi-cond     8    unit8        :   1.0000  0.0000     1.0000 - 1.0000 
psi-cond     9    unit9        :   1.0000  0.0000     1.0000 - 1.0000 
psi-cond    10   unit10        :   1.0000  0.0000     1.0000 - 1.0000 
psi-cond    11   unit11        :   0.4163  0.1167     0.2177 - 0.6464 
psi-cond    12   unit12        :   1.0000  0.0000     1.0000 - 1.0000 
psi-cond    13   unit13        :   0.4163  0.1167     0.2177 - 0.6464 
psi-cond    14   unit14        :   1.0000  0.0000     1.0000 - 1.0000 
psi-cond    15   unit15        :   0.4163  0.1167     0.2177 - 0.6464 
psi-cond    16   unit16        :   1.0000  0.0000     1.0000 - 1.0000 
psi-cond    17   unit17        :   0.4163  0.1167     0.2177 - 0.6464 
psi-cond    18   unit18        :   1.0000  0.0000     1.0000 - 1.0000 
psi-cond    19   unit19        :   0.4163  0.1167     0.2177 - 0.6464 
psi-cond    20   unit20        :   0.4163  0.1167     0.2177 - 0.6464 
psi-cond    21   unit21        :   1.0000  0.0000     1.0000 - 1.0000 
psi-cond    22   unit22        :   1.0000  0.0000     1.0000 - 1.0000 
psi-cond    23   unit23        :   0.4163  0.1167     0.2177 - 0.6464 
psi-cond    24   unit24        :   0.4163  0.1167     0.2177 - 0.6464 
psi-cond    25   unit25        :   1.0000  0.0000     1.0000 - 1.0000 
psi-cond    26   unit26        :   0.4163  0.1167     0.2177 - 0.6464 
psi-cond    27   unit27        :   0.4163  0.1167     0.2177 - 0.6464 
psi-cond    28   unit28        :   1.0000  0.0000     1.0000 - 1.0000 
psi-cond    29   unit29        :   1.0000  0.0000     1.0000 - 1.0000 
psi-cond    30   unit30        :   1.0000  0.0000     1.0000 - 1.0000 
psi-cond    31   unit31        :   0.4163  0.1167     0.2177 - 0.6464 
psi-cond    32   unit32        :   1.0000  0.0000     1.0000 - 1.0000 
psi-cond    33   unit33        :   1.0000  0.0000     1.0000 - 1.0000 
psi-cond    34   unit34        :   1.0000  0.0000     1.0000 - 1.0000 
psi-cond    35   unit35        :   1.0000  0.0000     1.0000 - 1.0000 
psi-cond    36   unit36        :   1.0000  0.0000     1.0000 - 1.0000 
psi-cond    37   unit37        :   1.0000  0.0000     1.0000 - 1.0000 
psi-cond    38   unit38        :   1.0000  0.0000     1.0000 - 1.0000 
psi-cond    39   unit39        :   0.4163  0.1167     0.2177 - 0.6464 
psi-cond    40   unit40        :   0.4163  0.1167     0.2177 - 0.6464 
psi-cond    41   unit41        :   1.0000  0.0000     1.0000 - 1.0000 
psi-cond    42   unit42        :   1.0000  0.0000     1.0000 - 1.0000 
psi-cond    43   unit43        :   1.0000  0.0000     1.0000 - 1.0000 
psi-cond    44   unit44        :   0.4163  0.1167     0.2177 - 0.6464 
psi-cond    45   unit45        :   1.0000  0.0000     1.0000 - 1.0000 
psi-cond    46   unit46        :   0.4163  0.1167     0.2177 - 0.6464 
psi-cond    47   unit47        :   0.4163  0.1167     0.2177 - 0.6464 
psi-cond    48   unit48        :   0.4163  0.1167     0.2177 - 0.6464 
psi-cond    49   unit49        :   1.0000  0.0000     1.0000 - 1.0000 
psi-cond    50   unit50        :   1.0000  0.0000     1.0000 - 1.0000 
psi-cond    51   unit51        :   1.0000  0.0000     1.0000 - 1.0000 
psi-cond    52   unit52        :   0.4163  0.1167     0.2177 - 0.6464 
psi-cond    53   unit53        :   1.0000  0.0000     1.0000 - 1.0000 
psi-cond    54   unit54        :   1.0000  0.0000     1.0000 - 1.0000 
psi-cond    55   unit55        :   0.4163  0.1167     0.2177 - 0.6464 
psi-cond    56   unit56        :   0.4163  0.1167     0.2177 - 0.6464 
psi-cond    57   unit57        :   0.4163  0.1167     0.2177 - 0.6464 
psi-cond    58   unit58        :   0.4163  0.1167     0.2177 - 0.6464 
psi-cond    59   unit59        :   1.0000  0.0000     1.0000 - 1.0000 
psi-cond    60   unit60        :   1.0000  0.0000     1.0000 - 1.0000 
psi-cond    61   unit61        :   1.0000  0.0000     1.0000 - 1.0000 
psi-cond    62   unit62        :   1.0000  0.0000     1.0000 - 1.0000 
psi-cond    63   unit63        :   0.4163  0.1167     0.2177 - 0.6464 
psi-cond    64   unit64        :   1.0000  0.0000     1.0000 - 1.0000 
psi-cond    65   unit65        :   1.0000  0.0000     1.0000 - 1.0000 
psi-cond    66   unit66        :   1.0000  0.0000     1.0000 - 1.0000 
psi-cond    67   unit67        :   0.4163  0.1167     0.2177 - 0.6464 
psi-cond    68   unit68        :   0.4163  0.1167     0.2177 - 0.6464 
psi-cond    69   unit69        :   1.0000  0.0000     1.0000 - 1.0000 
psi-cond    70   unit70        :   1.0000  0.0000     1.0000 - 1.0000 
psi-cond    71   unit71        :   0.4163  0.1167     0.2177 - 0.6464 
psi-cond    72   unit72        :   1.0000  0.0000     1.0000 - 1.0000 
psi-cond    73   unit73        :   1.0000  0.0000     1.0000 - 1.0000 
psi-cond    74   unit74        :   1.0000  0.0000     1.0000 - 1.0000 
psi-cond    75   unit75        :   0.4163  0.1167     0.2177 - 0.6464 
psi-cond    76   unit76        :   1.0000  0.0000     1.0000 - 1.0000 
psi-cond    77   unit77        :   1.0000  0.0000     1.0000 - 1.0000 
psi-cond    78   unit78        :   0.4163  0.1167     0.2177 - 0.6464 
psi-cond    79   unit79        :   1.0000  0.0000     1.0000 - 1.0000 
psi-cond    80   unit80        :   1.0000  0.0000     1.0000 - 1.0000 
psi-cond    81   unit81        :   1.0000  0.0000     1.0000 - 1.0000 
psi-cond    82   unit82        :   1.0000  0.0000     1.0000 - 1.0000 
psi-cond    83   unit83        :   1.0000  0.0000     1.0000 - 1.0000 
psi-cond    84   unit84        :   0.4163  0.1167     0.2177 - 0.6464 
psi-cond    85   unit85        :   1.0000  0.0000     1.0000 - 1.0000 
psi-cond    86   unit86        :   0.4163  0.1167     0.2177 - 0.6464 
psi-cond    87   unit87        :   0.4163  0.1167     0.2177 - 0.6464 
psi-cond    88   unit88        :   0.4163  0.1167     0.2177 - 0.6464 
psi-cond    89   unit89        :   0.4163  0.1167     0.2177 - 0.6464 
psi-cond    90   unit90        :   0.4163  0.1167     0.2177 - 0.6464 
psi-cond    91   unit91        :   0.4163  0.1167     0.2177 - 0.6464 
psi-cond    92   unit92        :   0.4163  0.1167     0.2177 - 0.6464 
psi-cond    93   unit93        :   0.4163  0.1167     0.2177 - 0.6464 
psi-cond    94   unit94        :   0.4163  0.1167     0.2177 - 0.6464 
psi-cond    95   unit95        :   0.4163  0.1167     0.2177 - 0.6464 
psi-cond    96   unit96        :   0.4163  0.1167     0.2177 - 0.6464 
psi-cond    97   unit97        :   1.0000  0.0000     1.0000 - 1.0000 
psi-cond    98   unit98        :   0.4163  0.1167     0.2177 - 0.6464 
psi-cond    99   unit99        :   1.0000  0.0000     1.0000 - 1.0000 
psi-cond   100  unit100        :   1.0000  0.0000     1.0000 - 1.0000 
psi-cond   101  unit101        :   1.0000  0.0000     1.0000 - 1.0000 
psi-cond   102  unit102        :   1.0000  0.0000     1.0000 - 1.0000 
psi-cond   103  unit103        :   0.4163  0.1167     0.2177 - 0.6464 
psi-cond   104  unit104        :   1.0000  0.0000     1.0000 - 1.0000 
psi-cond   105  unit105        :   1.0000  0.0000     1.0000 - 1.0000 
psi-cond   106  unit106        :   0.4163  0.1167     0.2177 - 0.6464 
psi-cond   107  unit107        :   0.4163  0.1167     0.2177 - 0.6464 
psi-cond   108  unit108        :   1.0000  0.0000     1.0000 - 1.0000 
psi-cond   109  unit109        :   1.0000  0.0000     1.0000 - 1.0000 
psi-cond   110  unit110        :   1.0000  0.0000     1.0000 - 1.0000 
psi-cond   111  unit111        :   1.0000  0.0000     1.0000 - 1.0000 
psi-cond   112  unit112        :   1.0000  0.0000     1.0000 - 1.0000 
psi-cond   113  unit113        :   1.0000  0.0000     1.0000 - 1.0000 
psi-cond   114  unit114        :   1.0000  0.0000     1.0000 - 1.0000 
psi-cond   115  unit115        :   1.0000  0.0000     1.0000 - 1.0000 
psi-cond   116  unit116        :   0.4163  0.1167     0.2177 - 0.6464 
psi-cond   117  unit117        :   1.0000  0.0000     1.0000 - 1.0000 
psi-cond   118  unit118        :   0.4163  0.1167     0.2177 - 0.6464 
psi-cond   119  unit119        :   1.0000  0.0000     1.0000 - 1.0000 
psi-cond   120  unit120        :   0.4163  0.1167     0.2177 - 0.6464 
psi-cond   121  unit121        :   0.4163  0.1167     0.2177 - 0.6464 
psi-cond   122  unit122        :   1.0000  0.0000     1.0000 - 1.0000 
psi-cond   123  unit123        :   1.0000  0.0000     1.0000 - 1.0000 
psi-cond   124  unit124        :   0.4163  0.1167     0.2177 - 0.6464 
psi-cond   125  unit125        :   0.4163  0.1167     0.2177 - 0.6464 
psi-cond   126  unit126        :   0.4163  0.1167     0.2177 - 0.6464 
psi-cond   127  unit127        :   0.4163  0.1167     0.2177 - 0.6464 
psi-cond   128  unit128        :   0.4163  0.1167     0.2177 - 0.6464 
psi-cond   129  unit129        :   1.0000  0.0000     1.0000 - 1.0000 
psi-cond   130  unit130        :   0.4163  0.1167     0.2177 - 0.6464 
psi-cond   131  unit131        :   0.4163  0.1167     0.2177 - 0.6464 
psi-cond   132  unit132        :   1.0000  0.0000     1.0000 - 1.0000 
psi-cond   133  unit133        :   0.4163  0.1167     0.2177 - 0.6464 
psi-cond   134  unit134        :   0.4163  0.1167     0.2177 - 0.6464 
psi-cond   135  unit135        :   1.0000  0.0000     1.0000 - 1.0000 
psi-cond   136  unit136        :   1.0000  0.0000     1.0000 - 1.0000 
psi-cond   137  unit137        :   0.4163  0.1167     0.2177 - 0.6464 
psi-cond   138  unit138        :   1.0000  0.0000     1.0000 - 1.0000 
psi-cond   139  unit139        :   0.4163  0.1167     0.2177 - 0.6464 
psi-cond   140  unit140        :   0.4163  0.1167     0.2177 - 0.6464 
psi-cond   141  unit141        :   0.4163  0.1167     0.2177 - 0.6464 
psi-cond   142  unit142        :   1.0000  0.0000     1.0000 - 1.0000 
psi-cond   143  unit143        :   1.0000  0.0000     1.0000 - 1.0000 
psi-cond   144  unit144        :   0.4163  0.1167     0.2177 - 0.6464 
psi-cond   145  unit145        :   1.0000  0.0000     1.0000 - 1.0000 
psi-cond   146  unit146        :   1.0000  0.0000     1.0000 - 1.0000 
psi-cond   147  unit147        :   0.4163  0.1167     0.2177 - 0.6464 
psi-cond   148  unit148        :   1.0000  0.0000     1.0000 - 1.0000 
psi-cond   149  unit149        :   1.0000  0.0000     1.0000 - 1.0000 
psi-cond   150  unit150        :   1.0000  0.0000     1.0000 - 1.0000 
psi-cond   151  unit151        :   1.0000  0.0000     1.0000 - 1.0000 
psi-cond   152  unit152        :   1.0000  0.0000     1.0000 - 1.0000 
psi-cond   153  unit153        :   0.4163  0.1167     0.2177 - 0.6464 
psi-cond   154  unit154        :   0.4163  0.1167     0.2177 - 0.6464 
psi-cond   155  unit155        :   1.0000  0.0000     1.0000 - 1.0000 
psi-cond   156  unit156        :   0.4163  0.1167     0.2177 - 0.6464 
psi-cond   157  unit157        :   0.4163  0.1167     0.2177 - 0.6464 
psi-cond   158  unit158        :   0.4163  0.1167     0.2177 - 0.6464 
psi-cond   159  unit159        :   1.0000  0.0000     1.0000 - 1.0000 
psi-cond   160  unit160        :   1.0000  0.0000     1.0000 - 1.0000 
psi-cond   161  unit161        :   0.4163  0.1167     0.2177 - 0.6464 
psi-cond   162  unit162        :   0.4163  0.1167     0.2177 - 0.6464 
psi-cond   163  unit163        :   1.0000  0.0000     1.0000 - 1.0000 
psi-cond   164  unit164        :   0.4163  0.1167     0.2177 - 0.6464 
psi-cond   165  unit165        :   1.0000  0.0000     1.0000 - 1.0000 
psi-cond   166  unit166        :   0.4163  0.1167     0.2177 - 0.6464 
psi-cond   167  unit167        :   1.0000  0.0000     1.0000 - 1.0000 
psi-cond   168  unit168        :   0.4163  0.1167     0.2177 - 0.6464 
psi-cond   169  unit169        :   1.0000  0.0000     1.0000 - 1.0000 
psi-cond   170  unit170        :   1.0000  0.0000     1.0000 - 1.0000 
psi-cond   171  unit171        :   1.0000  0.0000     1.0000 - 1.0000 
psi-cond   172  unit172        :   1.0000  0.0000     1.0000 - 1.0000 
psi-cond   173  unit173        :   1.0000  0.0000     1.0000 - 1.0000 
psi-cond   174  unit174        :   0.4163  0.1167     0.2177 - 0.6464 
psi-cond   175  unit175        :   0.4163  0.1167     0.2177 - 0.6464 
psi-cond   176  unit176        :   1.0000  0.0000     1.0000 - 1.0000 
psi-cond   177  unit177        :   1.0000  0.0000     1.0000 - 1.0000 
psi-cond   178  unit178        :   0.4163  0.1167     0.2177 - 0.6464 
psi-cond   179  unit179        :   1.0000  0.0000     1.0000 - 1.0000 
psi-cond   180  unit180        :   0.4163  0.1167     0.2177 - 0.6464 
psi-cond   181  unit181        :   1.0000  0.0000     1.0000 - 1.0000 
psi-cond   182  unit182        :   0.4163  0.1167     0.2177 - 0.6464 
psi-cond   183  unit183        :   0.4163  0.1167     0.2177 - 0.6464 
psi-cond   184  unit184        :   1.0000  0.0000     1.0000 - 1.0000 
psi-cond   185  unit185        :   1.0000  0.0000     1.0000 - 1.0000 
psi-cond   186  unit186        :   0.4163  0.1167     0.2177 - 0.6464 
psi-cond   187  unit187        :   0.4163  0.1167     0.2177 - 0.6464 
psi-cond   188  unit188        :   0.4163  0.1167     0.2177 - 0.6464 
psi-cond   189  unit189        :   1.0000  0.0000     1.0000 - 1.0000 
psi-cond   190  unit190        :   1.0000  0.0000     1.0000 - 1.0000 
psi-cond   191  unit191        :   0.4163  0.1167     0.2177 - 0.6464 
psi-cond   192  unit192        :   1.0000  0.0000     1.0000 - 1.0000 
psi-cond   193  unit193        :   0.4163  0.1167     0.2177 - 0.6464 
psi-cond   194  unit194        :   0.4163  0.1167     0.2177 - 0.6464 
psi-cond   195  unit195        :   0.4163  0.1167     0.2177 - 0.6464 
psi-cond   196  unit196        :   0.4163  0.1167     0.2177 - 0.6464 
psi-cond   197  unit197        :   0.4163  0.1167     0.2177 - 0.6464 
psi-cond   198  unit198        :   1.0000  0.0000     1.0000 - 1.0000 
psi-cond   199  unit199        :   1.0000  0.0000     1.0000 - 1.0000 
psi-cond   200  unit200        :   1.0000  0.0000     1.0000 - 1.0000 
psi-cond   201  unit201        :   1.0000  0.0000     1.0000 - 1.0000 
psi-cond   202  unit202        :   1.0000  0.0000     1.0000 - 1.0000 
psi-cond   203  unit203        :   0.4163  0.1167     0.2177 - 0.6464 
psi-cond   204  unit204        :   0.4163  0.1167     0.2177 - 0.6464 
psi-cond   205  unit205        :   0.4163  0.1167     0.2177 - 0.6464 
psi-cond   206  unit206        :   1.0000  0.0000     1.0000 - 1.0000 
psi-cond   207  unit207        :   1.0000  0.0000     1.0000 - 1.0000 
psi-cond   208  unit208        :   0.4163  0.1167     0.2177 - 0.6464 
psi-cond   209  unit209        :   0.4163  0.1167     0.2177 - 0.6464 
psi-cond   210  unit210        :   0.4163  0.1167     0.2177 - 0.6464 
psi-cond   211  unit211        :   0.4163  0.1167     0.2177 - 0.6464 
psi-cond   212  unit212        :   1.0000  0.0000     1.0000 - 1.0000 
psi-cond   213  unit213        :   0.4163  0.1167     0.2177 - 0.6464 
psi-cond   214  unit214        :   1.0000  0.0000     1.0000 - 1.0000 
psi-cond   215  unit215        :   1.0000  0.0000     1.0000 - 1.0000 
psi-cond   216  unit216        :   0.4163  0.1167     0.2177 - 0.6464 
psi-cond   217  unit217        :   0.4163  0.1167     0.2177 - 0.6464 
psi-cond   218  unit218        :   0.4163  0.1167     0.2177 - 0.6464 
psi-cond   219  unit219        :   0.4163  0.1167     0.2177 - 0.6464 
psi-cond   220  unit220        :   0.4163  0.1167     0.2177 - 0.6464 
psi-cond   221  unit221        :   0.4163  0.1167     0.2177 - 0.6464 
psi-cond   222  unit222        :   0.4163  0.1167     0.2177 - 0.6464 
psi-cond   223  unit223        :   1.0000  0.0000     1.0000 - 1.0000 
psi-cond   224  unit224        :   0.4163  0.1167     0.2177 - 0.6464 
psi-cond   225  unit225        :   1.0000  0.0000     1.0000 - 1.0000 
psi-cond   226  unit226        :   1.0000  0.0000     1.0000 - 1.0000 
psi-cond   227  unit227        :   0.4163  0.1167     0.2177 - 0.6464 
psi-cond   228  unit228        :   1.0000  0.0000     1.0000 - 1.0000 
psi-cond   229  unit229        :   0.4163  0.1167     0.2177 - 0.6464 
psi-cond   230  unit230        :   0.4163  0.1167     0.2177 - 0.6464 
psi-cond   231  unit231        :   1.0000  0.0000     1.0000 - 1.0000 
psi-cond   232  unit232        :   0.4163  0.1167     0.2177 - 0.6464 
psi-cond   233  unit233        :   1.0000  0.0000     1.0000 - 1.0000 
psi-cond   234  unit234        :   1.0000  0.0000     1.0000 - 1.0000 
psi-cond   235  unit235        :   1.0000  0.0000     1.0000 - 1.0000 
psi-cond   236  unit236        :   1.0000  0.0000     1.0000 - 1.0000 
psi-cond   237  unit237        :   0.4163  0.1167     0.2177 - 0.6464 
psi-cond   238  unit238        :   0.4163  0.1167     0.2177 - 0.6464 
psi-cond   239  unit239        :   0.4163  0.1167     0.2177 - 0.6464 
psi-cond   240  unit240        :   0.4163  0.1167     0.2177 - 0.6464 
psi-cond   241  unit241        :   0.4163  0.1167     0.2177 - 0.6464 
psi-cond   242  unit242        :   0.4163  0.1167     0.2177 - 0.6464 
psi-cond   243  unit243        :   1.0000  0.0000     1.0000 - 1.0000 
psi-cond   244  unit244        :   0.4163  0.1167     0.2177 - 0.6464 
psi-cond   245  unit245        :   0.4163  0.1167     0.2177 - 0.6464 
psi-cond   246  unit246        :   1.0000  0.0000     1.0000 - 1.0000 
psi-cond   247  unit247        :   0.4163  0.1167     0.2177 - 0.6464 
psi-cond   248  unit248        :   0.4163  0.1167     0.2177 - 0.6464 
psi-cond   249  unit249        :   0.4163  0.1167     0.2177 - 0.6464 
psi-cond   250  unit250        :   0.4163  0.1167     0.2177 - 0.6464 
psi-cond   251  unit251        :   1.0000  0.0000     1.0000 - 1.0000 
psi-cond   252  unit252        :   1.0000  0.0000     1.0000 - 1.0000 
psi-cond   253  unit253        :   0.4163  0.1167     0.2177 - 0.6464 
psi-cond   254  unit254        :   0.4163  0.1167     0.2177 - 0.6464 
psi-cond   255  unit255        :   0.4163  0.1167     0.2177 - 0.6464 
psi-cond   256  unit256        :   0.4163  0.1167     0.2177 - 0.6464 

Chi-square test...(NO POOLING of small expected values)
           hist         obs         exp         chi-sq
    1     0 00    128.00000    128.00000        0.000
    2     1 01     56.00000     45.00000        2.689
    3     7 10     34.00000     45.00000        2.689
    4     5 11     38.00000     38.00000        0.000

Total chi-square=5.377778

CPU time= 0 seconds (0.00 min)

