

PRESENCE - Presence/Absence-Site Occupancy data analysis
Sun Dec 02 20:24:05 2018,       Version 2.12.21.
- - - - - - - - - - - - - - - - - - - - - - - - - - - - -
==>realbetavc
==>quiet
==>maxfn=32000
==>name=psi(sagebrush)p(aspect)
==>lmt=1
varcov: nsig=6 eps=1.000000e-002




********* Input Data summary *******
Number of sites                = 256
Number of sampling occasions   = 2
Number of states               = 2
Number of missing observations = 0
Data checksum = 38660

NSiteCovs-->2
site_covname[0]=psi.int
site_covname[1]=psi.sagebrush
NSampCovs-->4
samp_covname[0]=p.int
samp_covname[1]=p.aspectN
samp_covname[2]=p.aspectS
samp_covname[3]=p.aspectW
Primary periods=1 Secondary periods: 2
- - - - - - - - - - - - - - - - - - - - - - - - - - - - -
 Pronghorn SSSS
- - - - - - - - - - - - - - - - - - - - - - - - - - - - -
N=256 T=2 Groups=1 bootstraps=0

Matrix 1: rows=2, cols=3
            -,a1,a2
psi            1  psi.sagebrush

Matrix 2: rows=3, cols=5
            -,b1,b2,b3,b4
p1             1  p.aspectN  p.aspectS  p.aspectW
p2             1  p.aspectN  p.aspectS  p.aspectW

Matrix 3: rows=0, cols=0

Matrix 4: rows=0, cols=0

Matrix 5: rows=0, cols=0

Matrix 6: rows=0, cols=0
Naive occupancy estimate       = 0.5000


modtype=1

Custom Model: psi(sagebrush)p(aspect)

attempt 0/0 (iv= 0.00  0.00  0.00...), optmiz done. -2loglike= 627.7315
0 random initial value vectors attempted:
Initial values:
    0.0000    0.0000    0.0000    0.0000    0.0000    0.0000
Number of significant digits   =   7.5

Model has been fit using the logistic link.


Number of parameters           = 6
Number of function calls           = 173
-2log(likelihood)              = 627.7315
AIC                            = 639.7315

Untransformed Estimates of coefficients for covariates (Beta's)
======================================================================
                                          estimate    std.error
A1   psi                              :   0.828235    0.404812
A2   psi.psi.sagebrush                :   0.039290    0.057577
B1   p1                               :  -0.532611    0.399427
B2   p1.p.aspectN                     :   1.203512    0.551343
B3   p1.p.aspectS                     :   0.358720    0.469100
B4   p1.p.aspectW                     :   0.196070    0.398668

Variance-Covariance Matrix of Untransformed estimates (Beta's):
              A1         A2         B1         B2         B3         B4  
     A1    0.163873  -0.012321  -0.058750   0.016586   0.013992   0.013475
     A2   -0.012321   0.003315   0.000946  -0.002479  -0.002234  -0.001115
     B1   -0.058750   0.000946   0.159542  -0.137597  -0.136726  -0.138112
     B2    0.016586  -0.002479  -0.137597   0.303979   0.135460   0.134850
     B3    0.013992  -0.002234  -0.136726   0.135460   0.220055   0.134621
     B4    0.013475  -0.001115  -0.138112   0.134850   0.134621   0.158936
------------------------------

============================================================

   Individual Site estimates of <psi>
                Site               estimate  Std.err   95% conf. interval
psi             1 unit1           :  0.7653   0.0824     0.5701 -  0.8891

============================================================

   Individual Site estimates of <p1>
                Site               estimate  Std.err   95% conf. interval
p1              1 unit1           :  0.4166   0.0500     0.3231 -  0.5166
p2              1 unit1           :  0.4166   0.0500     0.3231 -  0.5166

============================================================


 DERIVED parameter - Psi-conditional = [Pr(occ | detection history)]

        Site                     psi-cond  Std.err     95% conf. interval
psi-cond     1    unit1        :   0.5260  0.1406     0.2687 - 0.7701 
psi-cond     2    unit2        :   1.0000  0.0000     1.0000 - 1.0000 
psi-cond     3    unit3        :   0.5201  0.1362     0.2710 - 0.7595 
psi-cond     4    unit4        :   0.5075  0.1343     0.2644 - 0.7471 
psi-cond     5    unit5        :   1.0000  0.0000     1.0000 - 1.0000 
psi-cond     6    unit6        :   1.0000  0.0000     1.0000 - 1.0000 
psi-cond     7    unit7        :   0.2447  0.1420     0.0670 - 0.5937 
psi-cond     8    unit8        :   1.0000  0.0000     1.0000 - 1.0000 
psi-cond     9    unit9        :   1.0000  0.0000     1.0000 - 1.0000 
psi-cond    10   unit10        :   1.0000  0.0000     1.0000 - 1.0000 
psi-cond    11   unit11        :   0.4820  0.1421     0.2338 - 0.7395 
psi-cond    12   unit12        :   1.0000  0.0000     1.0000 - 1.0000 
psi-cond    13   unit13        :   0.4436  0.1350     0.2144 - 0.6995 
psi-cond    14   unit14        :   1.0000  0.0000     1.0000 - 1.0000 
psi-cond    15   unit15        :   0.4826  0.1528     0.2195 - 0.7558 
psi-cond    16   unit16        :   1.0000  0.0000     1.0000 - 1.0000 
psi-cond    17   unit17        :   0.5357  0.1485     0.2636 - 0.7881 
psi-cond    18   unit18        :   1.0000  0.0000     1.0000 - 1.0000 
psi-cond    19   unit19        :   0.5095  0.1341     0.2663 - 0.7483 
psi-cond    20   unit20        :   0.5004  0.1246     0.2738 - 0.7269 
psi-cond    21   unit21        :   1.0000  0.0000     1.0000 - 1.0000 
psi-cond    22   unit22        :   1.0000  0.0000     1.0000 - 1.0000 
psi-cond    23   unit23        :   0.5357  0.1485     0.2636 - 0.7881 
psi-cond    24   unit24        :   0.5357  0.1485     0.2636 - 0.7881 
psi-cond    25   unit25        :   1.0000  0.0000     1.0000 - 1.0000 
psi-cond    26   unit26        :   0.4147  0.1356     0.1916 - 0.6793 
psi-cond    27   unit27        :   0.4573  0.1198     0.2465 - 0.6847 
psi-cond    28   unit28        :   1.0000  0.0000     1.0000 - 1.0000 
psi-cond    29   unit29        :   1.0000  0.0000     1.0000 - 1.0000 
psi-cond    30   unit30        :   1.0000  0.0000     1.0000 - 1.0000 
psi-cond    31   unit31        :   0.4416  0.1346     0.2134 - 0.6975 
psi-cond    32   unit32        :   1.0000  0.0000     1.0000 - 1.0000 
psi-cond    33   unit33        :   1.0000  0.0000     1.0000 - 1.0000 
psi-cond    34   unit34        :   1.0000  0.0000     1.0000 - 1.0000 
psi-cond    35   unit35        :   1.0000  0.0000     1.0000 - 1.0000 
psi-cond    36   unit36        :   1.0000  0.0000     1.0000 - 1.0000 
psi-cond    37   unit37        :   1.0000  0.0000     1.0000 - 1.0000 
psi-cond    38   unit38        :   1.0000  0.0000     1.0000 - 1.0000 
psi-cond    39   unit39        :   0.4905  0.1585     0.2174 - 0.7694 
psi-cond    40   unit40        :   0.4573  0.1198     0.2465 - 0.6847 
psi-cond    41   unit41        :   1.0000  0.0000     1.0000 - 1.0000 
psi-cond    42   unit42        :   1.0000  0.0000     1.0000 - 1.0000 
psi-cond    43   unit43        :   1.0000  0.0000     1.0000 - 1.0000 
psi-cond    44   unit44        :   0.4748  0.1477     0.2207 - 0.7427 
psi-cond    45   unit45        :   1.0000  0.0000     1.0000 - 1.0000 
psi-cond    46   unit46        :   0.4593  0.1194     0.2487 - 0.6855 
psi-cond    47   unit47        :   0.5699  0.1538     0.2793 - 0.8193 
psi-cond    48   unit48        :   0.5649  0.1759     0.2420 - 0.8408 
psi-cond    49   unit49        :   1.0000  0.0000     1.0000 - 1.0000 
psi-cond    50   unit50        :   1.0000  0.0000     1.0000 - 1.0000 
psi-cond    51   unit51        :   1.0000  0.0000     1.0000 - 1.0000 
psi-cond    52   unit52        :   0.5024  0.1256     0.2739 - 0.7299 
psi-cond    53   unit53        :   1.0000  0.0000     1.0000 - 1.0000 
psi-cond    54   unit54        :   1.0000  0.0000     1.0000 - 1.0000 
psi-cond    55   unit55        :   0.4320  0.1337     0.2071 - 0.6888 
psi-cond    56   unit56        :   0.4447  0.1243     0.2300 - 0.6823 
psi-cond    57   unit57        :   0.4671  0.1182     0.2569 - 0.6897 
psi-cond    58   unit58        :   0.4632  0.1187     0.2530 - 0.6874 
psi-cond    59   unit59        :   1.0000  0.0000     1.0000 - 1.0000 
psi-cond    60   unit60        :   1.0000  0.0000     1.0000 - 1.0000 
psi-cond    61   unit61        :   1.0000  0.0000     1.0000 - 1.0000 
psi-cond    62   unit62        :   1.0000  0.0000     1.0000 - 1.0000 
psi-cond    63   unit63        :   0.4801  0.1430     0.2310 - 0.7394 
psi-cond    64   unit64        :   1.0000  0.0000     1.0000 - 1.0000 
psi-cond    65   unit65        :   1.0000  0.0000     1.0000 - 1.0000 
psi-cond    66   unit66        :   1.0000  0.0000     1.0000 - 1.0000 
psi-cond    67   unit67        :   0.4572  0.1389     0.2195 - 0.7161 
psi-cond    68   unit68        :   0.4052  0.1384     0.1810 - 0.6774 
psi-cond    69   unit69        :   1.0000  0.0000     1.0000 - 1.0000 
psi-cond    70   unit70        :   1.0000  0.0000     1.0000 - 1.0000 
psi-cond    71   unit71        :   0.4788  0.1183     0.2662 - 0.6994 
psi-cond    72   unit72        :   1.0000  0.0000     1.0000 - 1.0000 
psi-cond    73   unit73        :   1.0000  0.0000     1.0000 - 1.0000 
psi-cond    74   unit74        :   1.0000  0.0000     1.0000 - 1.0000 
psi-cond    75   unit75        :   0.4906  0.1208     0.2719 - 0.7130 
psi-cond    76   unit76        :   1.0000  0.0000     1.0000 - 1.0000 
psi-cond    77   unit77        :   1.0000  0.0000     1.0000 - 1.0000 
psi-cond    78   unit78        :   0.4418  0.1256     0.2258 - 0.6823 
psi-cond    79   unit79        :   1.0000  0.0000     1.0000 - 1.0000 
psi-cond    80   unit80        :   1.0000  0.0000     1.0000 - 1.0000 
psi-cond    81   unit81        :   1.0000  0.0000     1.0000 - 1.0000 
psi-cond    82   unit82        :   1.0000  0.0000     1.0000 - 1.0000 
psi-cond    83   unit83        :   1.0000  0.0000     1.0000 - 1.0000 
psi-cond    84   unit84        :   0.4513  0.1369     0.2178 - 0.7085 
psi-cond    85   unit85        :   1.0000  0.0000     1.0000 - 1.0000 
psi-cond    86   unit86        :   0.4456  0.1238     0.2313 - 0.6823 
psi-cond    87   unit87        :   0.4109  0.1366     0.1875 - 0.6783 
psi-cond    88   unit88        :   0.2640  0.1570     0.0686 - 0.6361 
psi-cond    89   unit89        :   0.2089  0.1282     0.0546 - 0.5469 
psi-cond    90   unit90        :   0.5357  0.1485     0.2636 - 0.7881 
psi-cond    91   unit91        :   0.4398  0.1266     0.2229 - 0.6825 
psi-cond    92   unit92        :   0.2361  0.1370     0.0652 - 0.5781 
psi-cond    93   unit93        :   0.2565  0.1506     0.0684 - 0.6186 
psi-cond    94   unit94        :   0.2235  0.1316     0.0611 - 0.5600 
psi-cond    95   unit95        :   0.5357  0.1485     0.2636 - 0.7881 
psi-cond    96   unit96        :   0.5142  0.1323     0.2727 - 0.7492 
psi-cond    97   unit97        :   1.0000  0.0000     1.0000 - 1.0000 
psi-cond    98   unit98        :   0.4690  0.1180     0.2587 - 0.6910 
psi-cond    99   unit99        :   1.0000  0.0000     1.0000 - 1.0000 
psi-cond   100  unit100        :   1.0000  0.0000     1.0000 - 1.0000 
psi-cond   101  unit101        :   1.0000  0.0000     1.0000 - 1.0000 
psi-cond   102  unit102        :   1.0000  0.0000     1.0000 - 1.0000 
psi-cond   103  unit103        :   0.5115  0.1339     0.2680 - 0.7496 
psi-cond   104  unit104        :   1.0000  0.0000     1.0000 - 1.0000 
psi-cond   105  unit105        :   1.0000  0.0000     1.0000 - 1.0000 
psi-cond   106  unit106        :   0.4573  0.1198     0.2465 - 0.6847 
psi-cond   107  unit107        :   0.4437  0.1247     0.2286 - 0.6822 
psi-cond   108  unit108        :   1.0000  0.0000     1.0000 - 1.0000 
psi-cond   109  unit109        :   1.0000  0.0000     1.0000 - 1.0000 
psi-cond   110  unit110        :   1.0000  0.0000     1.0000 - 1.0000 
psi-cond   111  unit111        :   1.0000  0.0000     1.0000 - 1.0000 
psi-cond   112  unit112        :   1.0000  0.0000     1.0000 - 1.0000 
psi-cond   113  unit113        :   1.0000  0.0000     1.0000 - 1.0000 
psi-cond   114  unit114        :   1.0000  0.0000     1.0000 - 1.0000 
psi-cond   115  unit115        :   1.0000  0.0000     1.0000 - 1.0000 
psi-cond   116  unit116        :   0.5083  0.1287     0.2737 - 0.7393 
psi-cond   117  unit117        :   1.0000  0.0000     1.0000 - 1.0000 
psi-cond   118  unit118        :   0.4398  0.1266     0.2229 - 0.6825 
psi-cond   119  unit119        :   1.0000  0.0000     1.0000 - 1.0000 
psi-cond   120  unit120        :   0.5115  0.1339     0.2680 - 0.7496 
psi-cond   121  unit121        :   0.4612  0.1190     0.2509 - 0.6864 
psi-cond   122  unit122        :   1.0000  0.0000     1.0000 - 1.0000 
psi-cond   123  unit123        :   1.0000  0.0000     1.0000 - 1.0000 
psi-cond   124  unit124        :   0.5181  0.1349     0.2716 - 0.7561 
psi-cond   125  unit125        :   0.5486  0.1416     0.2838 - 0.7885 
psi-cond   126  unit126        :   0.4573  0.1198     0.2465 - 0.6847 
psi-cond   127  unit127        :   0.4418  0.1256     0.2258 - 0.6823 
psi-cond   128  unit128        :   0.4808  0.1186     0.2674 - 0.7015 
psi-cond   129  unit129        :   1.0000  0.0000     1.0000 - 1.0000 
psi-cond   130  unit130        :   0.4730  0.1180     0.2620 - 0.6941 
psi-cond   131  unit131        :   0.4612  0.1190     0.2509 - 0.6864 
psi-cond   132  unit132        :   1.0000  0.0000     1.0000 - 1.0000 
psi-cond   133  unit133        :   0.5201  0.1362     0.2710 - 0.7595 
psi-cond   134  unit134        :   0.4033  0.1391     0.1788 - 0.6773 
psi-cond   135  unit135        :   1.0000  0.0000     1.0000 - 1.0000 
psi-cond   136  unit136        :   1.0000  0.0000     1.0000 - 1.0000 
psi-cond   137  unit137        :   0.4515  0.1216     0.2392 - 0.6830 
psi-cond   138  unit138        :   1.0000  0.0000     1.0000 - 1.0000 
psi-cond   139  unit139        :   0.2235  0.1316     0.0611 - 0.5600 
psi-cond   140  unit140        :   0.4710  0.1180     0.2604 - 0.6925 
psi-cond   141  unit141        :   0.4671  0.1182     0.2569 - 0.6897 
psi-cond   142  unit142        :   1.0000  0.0000     1.0000 - 1.0000 
psi-cond   143  unit143        :   1.0000  0.0000     1.0000 - 1.0000 
psi-cond   144  unit144        :   0.5201  0.1362     0.2710 - 0.7595 
psi-cond   145  unit145        :   1.0000  0.0000     1.0000 - 1.0000 
psi-cond   146  unit146        :   1.0000  0.0000     1.0000 - 1.0000 
psi-cond   147  unit147        :   0.4651  0.1184     0.2550 - 0.6885 
psi-cond   148  unit148        :   1.0000  0.0000     1.0000 - 1.0000 
psi-cond   149  unit149        :   1.0000  0.0000     1.0000 - 1.0000 
psi-cond   150  unit150        :   1.0000  0.0000     1.0000 - 1.0000 
psi-cond   151  unit151        :   1.0000  0.0000     1.0000 - 1.0000 
psi-cond   152  unit152        :   1.0000  0.0000     1.0000 - 1.0000 
psi-cond   153  unit153        :   0.4918  0.1380     0.2469 - 0.7407 
psi-cond   154  unit154        :   0.5122  0.1310     0.2731 - 0.7459 
psi-cond   155  unit155        :   1.0000  0.0000     1.0000 - 1.0000 
psi-cond   156  unit156        :   0.4437  0.1247     0.2286 - 0.6822 
psi-cond   157  unit157        :   0.4926  0.1215     0.2724 - 0.7156 
psi-cond   158  unit158        :   0.5745  0.1857     0.2335 - 0.8569 
psi-cond   159  unit159        :   1.0000  0.0000     1.0000 - 1.0000 
psi-cond   160  unit160        :   1.0000  0.0000     1.0000 - 1.0000 
psi-cond   161  unit161        :   0.5024  0.1256     0.2739 - 0.7299 
psi-cond   162  unit162        :   0.5101  0.1749     0.2089 - 0.8042 
psi-cond   163  unit163        :   1.0000  0.0000     1.0000 - 1.0000 
psi-cond   164  unit164        :   0.4710  0.1180     0.2604 - 0.6925 
psi-cond   165  unit165        :   1.0000  0.0000     1.0000 - 1.0000 
psi-cond   166  unit166        :   0.5003  0.1664     0.2137 - 0.7867 
psi-cond   167  unit167        :   1.0000  0.0000     1.0000 - 1.0000 
psi-cond   168  unit168        :   0.4418  0.1256     0.2258 - 0.6823 
psi-cond   169  unit169        :   1.0000  0.0000     1.0000 - 1.0000 
psi-cond   170  unit170        :   1.0000  0.0000     1.0000 - 1.0000 
psi-cond   171  unit171        :   1.0000  0.0000     1.0000 - 1.0000 
psi-cond   172  unit172        :   1.0000  0.0000     1.0000 - 1.0000 
psi-cond   173  unit173        :   1.0000  0.0000     1.0000 - 1.0000 
psi-cond   174  unit174        :   0.2505  0.1461     0.0678 - 0.6056 
psi-cond   175  unit175        :   0.4320  0.1337     0.2071 - 0.6888 
psi-cond   176  unit176        :   1.0000  0.0000     1.0000 - 1.0000 
psi-cond   177  unit177        :   1.0000  0.0000     1.0000 - 1.0000 
psi-cond   178  unit178        :   0.4879  0.1395     0.2418 - 0.7400 
psi-cond   179  unit179        :   1.0000  0.0000     1.0000 - 1.0000 
psi-cond   180  unit180        :   0.4418  0.1256     0.2258 - 0.6823 
psi-cond   181  unit181        :   1.0000  0.0000     1.0000 - 1.0000 
psi-cond   182  unit182        :   0.5003  0.1664     0.2137 - 0.7867 
psi-cond   183  unit183        :   0.5083  0.1287     0.2737 - 0.7393 
psi-cond   184  unit184        :   1.0000  0.0000     1.0000 - 1.0000 
psi-cond   185  unit185        :   1.0000  0.0000     1.0000 - 1.0000 
psi-cond   186  unit186        :   0.4554  0.1204     0.2441 - 0.6840 
psi-cond   187  unit187        :   0.4728  0.1465     0.2208 - 0.7395 
psi-cond   188  unit188        :   0.5232  0.1342     0.2766 - 0.7591 
psi-cond   189  unit189        :   1.0000  0.0000     1.0000 - 1.0000 
psi-cond   190  unit190        :   1.0000  0.0000     1.0000 - 1.0000 
psi-cond   191  unit191        :   0.4781  0.1440     0.2281 - 0.7395 
psi-cond   192  unit192        :   1.0000  0.0000     1.0000 - 1.0000 
psi-cond   193  unit193        :   0.4769  0.1181     0.2649 - 0.6975 
psi-cond   194  unit194        :   0.4611  0.1405     0.2202 - 0.7216 
psi-cond   195  unit195        :   0.4437  0.1247     0.2286 - 0.6822 
psi-cond   196  unit196        :   0.4476  0.1230     0.2340 - 0.6824 
psi-cond   197  unit197        :   0.4573  0.1198     0.2465 - 0.6847 
psi-cond   198  unit198        :   1.0000  0.0000     1.0000 - 1.0000 
psi-cond   199  unit199        :   1.0000  0.0000     1.0000 - 1.0000 
psi-cond   200  unit200        :   1.0000  0.0000     1.0000 - 1.0000 
psi-cond   201  unit201        :   1.0000  0.0000     1.0000 - 1.0000 
psi-cond   202  unit202        :   1.0000  0.0000     1.0000 - 1.0000 
psi-cond   203  unit203        :   0.4985  0.1238     0.2736 - 0.7240 
psi-cond   204  unit204        :   0.4769  0.1181     0.2649 - 0.6975 
psi-cond   205  unit205        :   0.4965  0.1229     0.2733 - 0.7211 
psi-cond   206  unit206        :   1.0000  0.0000     1.0000 - 1.0000 
psi-cond   207  unit207        :   1.0000  0.0000     1.0000 - 1.0000 
psi-cond   208  unit208        :   0.4554  0.1204     0.2441 - 0.6840 
psi-cond   209  unit209        :   0.5161  0.1335     0.2722 - 0.7526 
psi-cond   210  unit210        :   0.4398  0.1266     0.2229 - 0.6825 
psi-cond   211  unit211        :   0.4977  0.1362     0.2541 - 0.7425 
psi-cond   212  unit212        :   1.0000  0.0000     1.0000 - 1.0000 
psi-cond   213  unit213        :   0.4281  0.1338     0.2041 - 0.6860 
psi-cond   214  unit214        :   1.0000  0.0000     1.0000 - 1.0000 
psi-cond   215  unit215        :   1.0000  0.0000     1.0000 - 1.0000 
psi-cond   216  unit216        :   0.4476  0.1230     0.2340 - 0.6824 
psi-cond   217  unit217        :   0.4418  0.1256     0.2258 - 0.6823 
psi-cond   218  unit218        :   0.2733  0.1658     0.0683 - 0.6588 
psi-cond   219  unit219        :   0.4690  0.1180     0.2587 - 0.6910 
psi-cond   220  unit220        :   0.4515  0.1216     0.2392 - 0.6830 
psi-cond   221  unit221        :   0.4985  0.1238     0.2736 - 0.7240 
psi-cond   222  unit222        :   0.5350  0.1365     0.2818 - 0.7713 
psi-cond   223  unit223        :   1.0000  0.0000     1.0000 - 1.0000 
psi-cond   224  unit224        :   0.4476  0.1230     0.2340 - 0.6824 
psi-cond   225  unit225        :   1.0000  0.0000     1.0000 - 1.0000 
psi-cond   226  unit226        :   1.0000  0.0000     1.0000 - 1.0000 
psi-cond   227  unit227        :   0.4379  0.1276     0.2200 - 0.6827 
psi-cond   228  unit228        :   1.0000  0.0000     1.0000 - 1.0000 
psi-cond   229  unit229        :   0.4781  0.1440     0.2281 - 0.7395 
psi-cond   230  unit230        :   0.2208  0.1307     0.0601 - 0.5569 
psi-cond   231  unit231        :   1.0000  0.0000     1.0000 - 1.0000 
psi-cond   232  unit232        :   0.4379  0.1276     0.2200 - 0.6827 
psi-cond   233  unit233        :   1.0000  0.0000     1.0000 - 1.0000 
psi-cond   234  unit234        :   1.0000  0.0000     1.0000 - 1.0000 
psi-cond   235  unit235        :   1.0000  0.0000     1.0000 - 1.0000 
psi-cond   236  unit236        :   1.0000  0.0000     1.0000 - 1.0000 
psi-cond   237  unit237        :   0.4379  0.1276     0.2200 - 0.6827 
psi-cond   238  unit238        :   0.4090  0.1372     0.1854 - 0.6779 
psi-cond   239  unit239        :   0.4033  0.1391     0.1788 - 0.6773 
psi-cond   240  unit240        :   0.4612  0.1190     0.2509 - 0.6864 
psi-cond   241  unit241        :   0.4918  0.1380     0.2469 - 0.7407 
psi-cond   242  unit242        :   0.4243  0.1340     0.2009 - 0.6836 
psi-cond   243  unit243        :   1.0000  0.0000     1.0000 - 1.0000 
psi-cond   244  unit244        :   0.4690  0.1180     0.2587 - 0.6910 
psi-cond   245  unit245        :   0.4379  0.1276     0.2200 - 0.6827 
psi-cond   246  unit246        :   1.0000  0.0000     1.0000 - 1.0000 
psi-cond   247  unit247        :   0.5174  0.1338     0.2727 - 0.7540 
psi-cond   248  unit248        :   0.4456  0.1238     0.2313 - 0.6823 
psi-cond   249  unit249        :   0.5272  0.1348     0.2787 - 0.7629 
psi-cond   250  unit250        :   0.4781  0.1440     0.2281 - 0.7395 
psi-cond   251  unit251        :   1.0000  0.0000     1.0000 - 1.0000 
psi-cond   252  unit252        :   1.0000  0.0000     1.0000 - 1.0000 
psi-cond   253  unit253        :   0.4710  0.1180     0.2604 - 0.6925 
psi-cond   254  unit254        :   0.4554  0.1204     0.2441 - 0.6840 
psi-cond   255  unit255        :   0.4418  0.1256     0.2258 - 0.6823 
psi-cond   256  unit256        :   0.4418  0.1256     0.2258 - 0.6823 

Chi-square test...(NO POOLING of small expected values)
           hist         obs         exp         chi-sq
    1     0 00    128.00000    126.75660        0.012
    2     1 01     56.00000     52.26334        0.267
    3     7 10     34.00000     44.25534        2.376
    4     5 11     38.00000     40.39315        0.142

Total chi-square=2.797620

CPU time= 0 seconds (0.00 min)

