

PRESENCE - Presence/Absence-Site Occupancy data analysis
Mon Oct 24 20:09:42 2011,       Version 4.0111018
- - - - - - - - - - - - - - - - - - - - - - - - - - - - -
==>i=nso.pao
==>l=pres_psi_gamma()_eps()_p(year).out
==>name=psi,gamma(),eps(),p(year)
==>model=200
==>j=C:\Documents and Settings\cschwarz\Desktop\NSO\nso_project\nso.dm
==>lmt=200
model=200 N,T-->55,40
modtype-->2 

********* Input Data summary *******
Number of sites                = 55
Number of sampling occasions   = 40
Number of missing observations = 752
Data checksum = 18185

Naive occupancy estimate       = 0.8364

NSiteCovs-->0
NSampCovs-->0
Primary periods=5 Secondary periods: 8 8 8 8 8
- - - - - - - - - - - - - - - - - - - - - - - - - - - - -
 file=e:\y\presence\source\new2\sample_data\nso.pao
- - - - - - - - - - - - - - - - - - - - - - - - - - - - -
modtype=2 N=55 T=40 Groups=1 bootstraps=0

-->5-8
Matrix 1: rows=2, cols=2
            -,a1,
psi1          1
========================

Matrix 2: rows=5, cols=2
            -,b1,
gam1          1
gam2          1
gam3          1
gam4          1
========================

Matrix 3: rows=5, cols=2
            -,c1,
eps1          1
eps2          1
eps3          1
eps4          1
========================

Matrix 4: rows=41, cols=6
            -,d1,d2,d3,d4,d5,
P[1-1]        1 0 0 0 0
P[1-2]        1 0 0 0 0
P[1-3]        1 0 0 0 0
P[1-4]        1 0 0 0 0
P[1-5]        1 0 0 0 0
P[1-6]        1 0 0 0 0
P[1-7]        1 0 0 0 0
P[1-8]        1 0 0 0 0
P[2-1]        0 1 0 0 0
P[2-2]        0 1 0 0 0
P[2-3]        0 1 0 0 0
P[2-4]        0 1 0 0 0
P[2-5]        0 1 0 0 0
P[2-6]        0 1 0 0 0
P[2-7]        0 1 0 0 0
P[2-8]        0 1 0 0 0
P[3-1]        0 0 1 0 0
P[3-2]        0 0 1 0 0
P[3-3]        0 0 1 0 0
P[3-4]        0 0 1 0 0
P[3-5]        0 0 1 0 0
P[3-6]        0 0 1 0 0
P[3-7]        0 0 1 0 0
P[3-8]        0 0 1 0 0
P[4-1]        0 0 0 1 0
P[4-2]        0 0 0 1 0
P[4-3]        0 0 0 1 0
P[4-4]        0 0 0 1 0
P[4-5]        0 0 0 1 0
P[4-6]        0 0 0 1 0
P[4-7]        0 0 0 1 0
P[4-8]        0 0 0 1 0
P[5-1]        0 0 0 0 1
P[5-2]        0 0 0 0 1
P[5-3]        0 0 0 0 1
P[5-4]        0 0 0 0 1
P[5-5]        0 0 0 0 1
P[5-6]        0 0 0 0 1
P[5-7]        0 0 0 0 1
P[5-8]        0 0 0 0 1
========================

Matrix 5: rows=0, cols=0
========================

Matrix 6: rows=0, cols=0
========================

Multi-season model
------------------

5 Primary periods
  Secondary periods: 8 8 8 8 8

Model(1):psi,gamma(),eps(),p(year)



Open Population Model:

Number of primary sampling periods = 5
Number of parameters               = 8
Optimization completion code:0

Model has been fit using the logistic link.


Number of parameters           = 8
Number of function calls           = 224
-2log(likelihood)              = 1337.5226
AIC                            = 1353.5226

varcov: nsig=6 eps=1.000000e-002

Untransformed Estimates of coefficients for covariates (Beta's)
======================================================================
                                          estimate    std.error
A1   psi1                             :   0.509683    0.285328
B1   gam1                             :  -1.524275    0.292907
C1   eps1                             :  -1.796367    0.268769
D1   P[1-1]                           :   0.366350    0.163064
D2   P[2-1]                           :   0.089924    0.162215
D3   P[3-1]                           :  -0.374344    0.182986
D4   P[4-1]                           :  -0.469012    0.174247
D5   P[5-1]                           :   0.146605    0.157488

Variance-Covariance Matrix of Untransformed estimates (Beta's):
              A1         B1         C1         D1         D2         D3         D4         D5  
     A1    0.081412  -0.002226  -0.000085  -0.001393  -0.000496  -0.000100  -0.000060   0.000008
     B1   -0.002226   0.085794   0.007184   0.000647   0.000838   0.001560   0.002486  -0.000233
     C1   -0.000085   0.007184   0.072237  -0.000145   0.001003   0.003190   0.003987   0.001638
     D1   -0.001393   0.000647  -0.000145   0.026590   0.000130   0.000030   0.000009  -0.000006
     D2   -0.000496   0.000838   0.001003   0.000130   0.026314   0.000220   0.000076   0.000019
     D3   -0.000100   0.001560   0.003190   0.000030   0.000220   0.033484   0.000527   0.000071
     D4   -0.000060   0.002486   0.003987   0.000009   0.000076   0.000527   0.030362   0.000221
     D5    0.000008  -0.000233   0.001638  -0.000006   0.000019   0.000071   0.000221   0.024802
------------------------------

   Individual Site estimates of <psi1> 
                Site               estimate  Std.err   95% conf. interval
psi1            1 site 1          :  0.6247   0.0669     0.4876 - 0.7444 

   Individual Site estimates of <gam1> 
                Site               estimate  Std.err   95% conf. interval
gam1            1 site 1          :  0.1788   0.0430     0.1093 - 0.2788 
gam2            1 site 1          :  0.1788   0.0430     0.1093 - 0.2788 
gam3            1 site 1          :  0.1788   0.0430     0.1093 - 0.2788 
gam4            1 site 1          :  0.1788   0.0430     0.1093 - 0.2788 

   Individual Site estimates of <eps1> 
                Site               estimate  Std.err   95% conf. interval
eps1            1 site 1          :  0.1423   0.0328     0.0892 - 0.2193 
eps2            1 site 1          :  0.1423   0.0328     0.0892 - 0.2193 
eps3            1 site 1          :  0.1423   0.0328     0.0892 - 0.2193 
eps4            1 site 1          :  0.1423   0.0328     0.0892 - 0.2193 

   Individual Site estimates of <P[1-1]> 
                Site               estimate  Std.err   95% conf. interval
P[1-1]          1 site 1          :  0.5906   0.0394     0.5117 - 0.6651 
P[1-2]          1 site 1          :  0.5906   0.0394     0.5117 - 0.6651 
P[1-3]          1 site 1          :  0.5906   0.0394     0.5117 - 0.6651 
P[1-4]          1 site 1          :  0.5906   0.0394     0.5117 - 0.6651 
P[1-5]          1 site 1          :  0.5906   0.0394     0.5117 - 0.6651 
P[1-6]          1 site 1          :  0.5906   0.0394     0.5117 - 0.6651 
P[1-7]          1 site 1          :  0.5906   0.0394     0.5117 - 0.6651 
P[1-8]          1 site 1          :  0.5906   0.0394     0.5117 - 0.6651 
P[2-1]          1 site 1          :  0.5225   0.0405     0.4432 - 0.6006 
P[2-2]          1 site 1          :  0.5225   0.0405     0.4432 - 0.6006 
P[2-3]          1 site 1          :  0.5225   0.0405     0.4432 - 0.6006 
P[2-4]          1 site 1          :  0.5225   0.0405     0.4432 - 0.6006 
P[2-5]          1 site 1          :  0.5225   0.0405     0.4432 - 0.6006 
P[2-6]          1 site 1          :  0.5225   0.0405     0.4432 - 0.6006 
P[2-7]          1 site 1          :  0.5225   0.0405     0.4432 - 0.6006 
P[2-8]          1 site 1          :  0.5225   0.0405     0.4432 - 0.6006 
P[3-1]          1 site 1          :  0.4075   0.0442     0.3245 - 0.4961 
P[3-2]          1 site 1          :  0.4075   0.0442     0.3245 - 0.4961 
P[3-3]          1 site 1          :  0.4075   0.0442     0.3245 - 0.4961 
P[3-4]          1 site 1          :  0.4075   0.0442     0.3245 - 0.4961 
P[3-5]          1 site 1          :  0.4075   0.0442     0.3245 - 0.4961 
P[3-6]          1 site 1          :  0.4075   0.0442     0.3245 - 0.4961 
P[3-7]          1 site 1          :  0.4075   0.0442     0.3245 - 0.4961 
P[3-8]          1 site 1          :  0.4075   0.0442     0.3245 - 0.4961 
P[4-1]          1 site 1          :  0.3849   0.0413     0.3078 - 0.4682 
P[4-2]          1 site 1          :  0.3849   0.0413     0.3078 - 0.4682 
P[4-3]          1 site 1          :  0.3849   0.0413     0.3078 - 0.4682 
P[4-4]          1 site 1          :  0.3849   0.0413     0.3078 - 0.4682 
P[4-5]          1 site 1          :  0.3849   0.0413     0.3078 - 0.4682 
P[4-6]          1 site 1          :  0.3849   0.0413     0.3078 - 0.4682 
P[4-7]          1 site 1          :  0.3849   0.0413     0.3078 - 0.4682 
P[4-8]          1 site 1          :  0.3849   0.0413     0.3078 - 0.4682 
P[5-1]          1 site 1          :  0.5366   0.0392     0.4596 - 0.6119 
P[5-2]          1 site 1          :  0.5366   0.0392     0.4596 - 0.6119 
P[5-3]          1 site 1          :  0.5366   0.0392     0.4596 - 0.6119 
P[5-4]          1 site 1          :  0.5366   0.0392     0.4596 - 0.6119 
P[5-5]          1 site 1          :  0.5366   0.0392     0.4596 - 0.6119 
P[5-6]          1 site 1          :  0.5366   0.0392     0.4596 - 0.6119 
P[5-7]          1 site 1          :  0.5366   0.0392     0.4596 - 0.6119 
P[5-8]          1 site 1          :  0.5366   0.0392     0.4596 - 0.6119 

Real parameters: (computed using covariates from 1st site and 1st survey)

Real parameter :              estimate   SE(estimate)
     1 psi1                     0.6247      0.0669
     2 gam1                     0.1788      0.0430
     3 gam2                     0.1788      0.0430
     4 gam3                     0.1788      0.0430
     5 gam4                     0.1788      0.0430
     6 eps1                     0.1423      0.0328
     7 eps2                     0.1423      0.0328
     8 eps3                     0.1423      0.0328
     9 eps4                     0.1423      0.0328
    10 P[1-1]                   0.5906      0.0394
    11 P[1-2]                   0.5906      0.0394
    12 P[1-3]                   0.5906      0.0394
    13 P[1-4]                   0.5906      0.0394
    14 P[1-5]                   0.5906      0.0394
    15 P[1-6]                   0.5906      0.0394
    16 P[1-7]                   0.5906      0.0394
    17 P[1-8]                   0.5906      0.0394
    18 P[2-1]                   0.5225      0.0405
    19 P[2-2]                   0.5225      0.0405
    20 P[2-3]                   0.5225      0.0405
    21 P[2-4]                   0.5225      0.0405
    22 P[2-5]                   0.5225      0.0405
    23 P[2-6]                   0.5225      0.0405
    24 P[2-7]                   0.5225      0.0405
    25 P[2-8]                   0.5225      0.0405
    26 P[3-1]                   0.4075      0.0442
    27 P[3-2]                   0.4075      0.0442
    28 P[3-3]                   0.4075      0.0442
    29 P[3-4]                   0.4075      0.0442
    30 P[3-5]                   0.4075      0.0442
    31 P[3-6]                   0.4075      0.0442
    32 P[3-7]                   0.4075      0.0442
    33 P[3-8]                   0.4075      0.0442
    34 P[4-1]                   0.3849      0.0413
    35 P[4-2]                   0.3849      0.0413
    36 P[4-3]                   0.3849      0.0413
    37 P[4-4]                   0.3849      0.0413
    38 P[4-5]                   0.3849      0.0413
    39 P[4-6]                   0.3849      0.0413
    40 P[4-7]                   0.3849      0.0413
    41 P[4-8]                   0.3849      0.0413
    42 P[5-1]                   0.5366      0.0392
    43 P[5-2]                   0.5366      0.0392
    44 P[5-3]                   0.5366      0.0392
    45 P[5-4]                   0.5366      0.0392
    46 P[5-5]                   0.5366      0.0392
    47 P[5-6]                   0.5366      0.0392
    48 P[5-7]                   0.5366      0.0392
    49 P[5-8]                   0.5366      0.0392
Variance-covariance matrix of real parameters:
   0.004475  -0.000077  -0.000077  -0.000077  -0.000077  -0.000002  -0.000002  -0.000002
  -0.000002  -0.000079  -0.000079  -0.000079  -0.000079  -0.000079  -0.000079  -0.000079
  -0.000079  -0.000029  -0.000029  -0.000029  -0.000029  -0.000029  -0.000029  -0.000029
  -0.000029  -0.000006  -0.000006  -0.000006  -0.000006  -0.000006  -0.000006  -0.000006
  -0.000006  -0.000003  -0.000003  -0.000003  -0.000003  -0.000003  -0.000003  -0.000003
  -0.000003   0.000000   0.000000   0.000000   0.000000   0.000000   0.000000   0.000000
   0.000000
  -0.000077   0.001850   0.001850   0.001850   0.001850   0.000129   0.000129   0.000129
   0.000129   0.000023   0.000023   0.000023   0.000023   0.000023   0.000023   0.000023
   0.000023   0.000031   0.000031   0.000031   0.000031   0.000031   0.000031   0.000031
   0.000031   0.000055   0.000055   0.000055   0.000055   0.000055   0.000055   0.000055
   0.000055   0.000086   0.000086   0.000086   0.000086   0.000086   0.000086   0.000086
   0.000086  -0.000009  -0.000009  -0.000009  -0.000009  -0.000009  -0.000009  -0.000009
  -0.000009
  -0.000077   0.001850   0.001850   0.001850   0.001850   0.000129   0.000129   0.000129
   0.000129   0.000023   0.000023   0.000023   0.000023   0.000023   0.000023   0.000023
   0.000023   0.000031   0.000031   0.000031   0.000031   0.000031   0.000031   0.000031
   0.000031   0.000055   0.000055   0.000055   0.000055   0.000055   0.000055   0.000055
   0.000055   0.000086   0.000086   0.000086   0.000086   0.000086   0.000086   0.000086
   0.000086  -0.000009  -0.000009  -0.000009  -0.000009  -0.000009  -0.000009  -0.000009
  -0.000009
  -0.000077   0.001850   0.001850   0.001850   0.001850   0.000129   0.000129   0.000129
   0.000129   0.000023   0.000023   0.000023   0.000023   0.000023   0.000023   0.000023
   0.000023   0.000031   0.000031   0.000031   0.000031   0.000031   0.000031   0.000031
   0.000031   0.000055   0.000055   0.000055   0.000055   0.000055   0.000055   0.000055
   0.000055   0.000086   0.000086   0.000086   0.000086   0.000086   0.000086   0.000086
   0.000086  -0.000009  -0.000009  -0.000009  -0.000009  -0.000009  -0.000009  -0.000009
  -0.000009
  -0.000077   0.001850   0.001850   0.001850   0.001850   0.000129   0.000129   0.000129
   0.000129   0.000023   0.000023   0.000023   0.000023   0.000023   0.000023   0.000023
   0.000023   0.000031   0.000031   0.000031   0.000031   0.000031   0.000031   0.000031
   0.000031   0.000055   0.000055   0.000055   0.000055   0.000055   0.000055   0.000055
   0.000055   0.000086   0.000086   0.000086   0.000086   0.000086   0.000086   0.000086
   0.000086  -0.000009  -0.000009  -0.000009  -0.000009  -0.000009  -0.000009  -0.000009
  -0.000009
  -0.000002   0.000129   0.000129   0.000129   0.000129   0.001076   0.001076   0.001076
   0.001076  -0.000004  -0.000004  -0.000004  -0.000004  -0.000004  -0.000004  -0.000004
  -0.000004   0.000031   0.000031   0.000031   0.000031   0.000031   0.000031   0.000031
   0.000031   0.000094   0.000094   0.000094   0.000094   0.000094   0.000094   0.000094
   0.000094   0.000115   0.000115   0.000115   0.000115   0.000115   0.000115   0.000115
   0.000115   0.000050   0.000050   0.000050   0.000050   0.000050   0.000050   0.000050
   0.000050
  -0.000002   0.000129   0.000129   0.000129   0.000129   0.001076   0.001076   0.001076
   0.001076  -0.000004  -0.000004  -0.000004  -0.000004  -0.000004  -0.000004  -0.000004
  -0.000004   0.000031   0.000031   0.000031   0.000031   0.000031   0.000031   0.000031
   0.000031   0.000094   0.000094   0.000094   0.000094   0.000094   0.000094   0.000094
   0.000094   0.000115   0.000115   0.000115   0.000115   0.000115   0.000115   0.000115
   0.000115   0.000050   0.000050   0.000050   0.000050   0.000050   0.000050   0.000050
   0.000050
  -0.000002   0.000129   0.000129   0.000129   0.000129   0.001076   0.001076   0.001076
   0.001076  -0.000004  -0.000004  -0.000004  -0.000004  -0.000004  -0.000004  -0.000004
  -0.000004   0.000031   0.000031   0.000031   0.000031   0.000031   0.000031   0.000031
   0.000031   0.000094   0.000094   0.000094   0.000094   0.000094   0.000094   0.000094
   0.000094   0.000115   0.000115   0.000115   0.000115   0.000115   0.000115   0.000115
   0.000115   0.000050   0.000050   0.000050   0.000050   0.000050   0.000050   0.000050
   0.000050
  -0.000002   0.000129   0.000129   0.000129   0.000129   0.001076   0.001076   0.001076
   0.001076  -0.000004  -0.000004  -0.000004  -0.000004  -0.000004  -0.000004  -0.000004
  -0.000004   0.000031   0.000031   0.000031   0.000031   0.000031   0.000031   0.000031
   0.000031   0.000094   0.000094   0.000094   0.000094   0.000094   0.000094   0.000094
   0.000094   0.000115   0.000115   0.000115   0.000115   0.000115   0.000115   0.000115
   0.000115   0.000050   0.000050   0.000050   0.000050   0.000050   0.000050   0.000050
   0.000050
  -0.000079   0.000023   0.000023   0.000023   0.000023  -0.000004  -0.000004  -0.000004
  -0.000004   0.001555   0.001555   0.001555   0.001555   0.001555   0.001555   0.001555
   0.001555   0.000008   0.000008   0.000008   0.000008   0.000008   0.000008   0.000008
   0.000008   0.000002   0.000002   0.000002   0.000002   0.000002   0.000002   0.000002
   0.000002   0.000000   0.000000   0.000000   0.000000   0.000000   0.000000   0.000000
   0.000000  -0.000000  -0.000000  -0.000000  -0.000000  -0.000000  -0.000000  -0.000000
  -0.000000
  -0.000079   0.000023   0.000023   0.000023   0.000023  -0.000004  -0.000004  -0.000004
  -0.000004   0.001555   0.001555   0.001555   0.001555   0.001555   0.001555   0.001555
   0.001555   0.000008   0.000008   0.000008   0.000008   0.000008   0.000008   0.000008
   0.000008   0.000002   0.000002   0.000002   0.000002   0.000002   0.000002   0.000002
   0.000002   0.000000   0.000000   0.000000   0.000000   0.000000   0.000000   0.000000
   0.000000  -0.000000  -0.000000  -0.000000  -0.000000  -0.000000  -0.000000  -0.000000
  -0.000000
  -0.000079   0.000023   0.000023   0.000023   0.000023  -0.000004  -0.000004  -0.000004
  -0.000004   0.001555   0.001555   0.001555   0.001555   0.001555   0.001555   0.001555
   0.001555   0.000008   0.000008   0.000008   0.000008   0.000008   0.000008   0.000008
   0.000008   0.000002   0.000002   0.000002   0.000002   0.000002   0.000002   0.000002
   0.000002   0.000000   0.000000   0.000000   0.000000   0.000000   0.000000   0.000000
   0.000000  -0.000000  -0.000000  -0.000000  -0.000000  -0.000000  -0.000000  -0.000000
  -0.000000
  -0.000079   0.000023   0.000023   0.000023   0.000023  -0.000004  -0.000004  -0.000004
  -0.000004   0.001555   0.001555   0.001555   0.001555   0.001555   0.001555   0.001555
   0.001555   0.000008   0.000008   0.000008   0.000008   0.000008   0.000008   0.000008
   0.000008   0.000002   0.000002   0.000002   0.000002   0.000002   0.000002   0.000002
   0.000002   0.000000   0.000000   0.000000   0.000000   0.000000   0.000000   0.000000
   0.000000  -0.000000  -0.000000  -0.000000  -0.000000  -0.000000  -0.000000  -0.000000
  -0.000000
  -0.000079   0.000023   0.000023   0.000023   0.000023  -0.000004  -0.000004  -0.000004
  -0.000004   0.001555   0.001555   0.001555   0.001555   0.001555   0.001555   0.001555
   0.001555   0.000008   0.000008   0.000008   0.000008   0.000008   0.000008   0.000008
   0.000008   0.000002   0.000002   0.000002   0.000002   0.000002   0.000002   0.000002
   0.000002   0.000000   0.000000   0.000000   0.000000   0.000000   0.000000   0.000000
   0.000000  -0.000000  -0.000000  -0.000000  -0.000000  -0.000000  -0.000000  -0.000000
  -0.000000
  -0.000079   0.000023   0.000023   0.000023   0.000023  -0.000004  -0.000004  -0.000004
  -0.000004   0.001555   0.001555   0.001555   0.001555   0.001555   0.001555   0.001555
   0.001555   0.000008   0.000008   0.000008   0.000008   0.000008   0.000008   0.000008
   0.000008   0.000002   0.000002   0.000002   0.000002   0.000002   0.000002   0.000002
   0.000002   0.000000   0.000000   0.000000   0.000000   0.000000   0.000000   0.000000
   0.000000  -0.000000  -0.000000  -0.000000  -0.000000  -0.000000  -0.000000  -0.000000
  -0.000000
  -0.000079   0.000023   0.000023   0.000023   0.000023  -0.000004  -0.000004  -0.000004
  -0.000004   0.001555   0.001555   0.001555   0.001555   0.001555   0.001555   0.001555
   0.001555   0.000008   0.000008   0.000008   0.000008   0.000008   0.000008   0.000008
   0.000008   0.000002   0.000002   0.000002   0.000002   0.000002   0.000002   0.000002
   0.000002   0.000000   0.000000   0.000000   0.000000   0.000000   0.000000   0.000000
   0.000000  -0.000000  -0.000000  -0.000000  -0.000000  -0.000000  -0.000000  -0.000000
  -0.000000
  -0.000079   0.000023   0.000023   0.000023   0.000023  -0.000004  -0.000004  -0.000004
  -0.000004   0.001555   0.001555   0.001555   0.001555   0.001555   0.001555   0.001555
   0.001555   0.000008   0.000008   0.000008   0.000008   0.000008   0.000008   0.000008
   0.000008   0.000002   0.000002   0.000002   0.000002   0.000002   0.000002   0.000002
   0.000002   0.000000   0.000000   0.000000   0.000000   0.000000   0.000000   0.000000
   0.000000  -0.000000  -0.000000  -0.000000  -0.000000  -0.000000  -0.000000  -0.000000
  -0.000000
  -0.000029   0.000031   0.000031   0.000031   0.000031   0.000031   0.000031   0.000031
   0.000031   0.000008   0.000008   0.000008   0.000008   0.000008   0.000008   0.000008
   0.000008   0.001638   0.001638   0.001638   0.001638   0.001638   0.001638   0.001638
   0.001638   0.000013   0.000013   0.000013   0.000013   0.000013   0.000013   0.000013
   0.000013   0.000004   0.000004   0.000004   0.000004   0.000004   0.000004   0.000004
   0.000004   0.000001   0.000001   0.000001   0.000001   0.000001   0.000001   0.000001
   0.000001
  -0.000029   0.000031   0.000031   0.000031   0.000031   0.000031   0.000031   0.000031
   0.000031   0.000008   0.000008   0.000008   0.000008   0.000008   0.000008   0.000008
   0.000008   0.001638   0.001638   0.001638   0.001638   0.001638   0.001638   0.001638
   0.001638   0.000013   0.000013   0.000013   0.000013   0.000013   0.000013   0.000013
   0.000013   0.000004   0.000004   0.000004   0.000004   0.000004   0.000004   0.000004
   0.000004   0.000001   0.000001   0.000001   0.000001   0.000001   0.000001   0.000001
   0.000001
  -0.000029   0.000031   0.000031   0.000031   0.000031   0.000031   0.000031   0.000031
   0.000031   0.000008   0.000008   0.000008   0.000008   0.000008   0.000008   0.000008
   0.000008   0.001638   0.001638   0.001638   0.001638   0.001638   0.001638   0.001638
   0.001638   0.000013   0.000013   0.000013   0.000013   0.000013   0.000013   0.000013
   0.000013   0.000004   0.000004   0.000004   0.000004   0.000004   0.000004   0.000004
   0.000004   0.000001   0.000001   0.000001   0.000001   0.000001   0.000001   0.000001
   0.000001
  -0.000029   0.000031   0.000031   0.000031   0.000031   0.000031   0.000031   0.000031
   0.000031   0.000008   0.000008   0.000008   0.000008   0.000008   0.000008   0.000008
   0.000008   0.001638   0.001638   0.001638   0.001638   0.001638   0.001638   0.001638
   0.001638   0.000013   0.000013   0.000013   0.000013   0.000013   0.000013   0.000013
   0.000013   0.000004   0.000004   0.000004   0.000004   0.000004   0.000004   0.000004
   0.000004   0.000001   0.000001   0.000001   0.000001   0.000001   0.000001   0.000001
   0.000001
  -0.000029   0.000031   0.000031   0.000031   0.000031   0.000031   0.000031   0.000031
   0.000031   0.000008   0.000008   0.000008   0.000008   0.000008   0.000008   0.000008
   0.000008   0.001638   0.001638   0.001638   0.001638   0.001638   0.001638   0.001638
   0.001638   0.000013   0.000013   0.000013   0.000013   0.000013   0.000013   0.000013
   0.000013   0.000004   0.000004   0.000004   0.000004   0.000004   0.000004   0.000004
   0.000004   0.000001   0.000001   0.000001   0.000001   0.000001   0.000001   0.000001
   0.000001
  -0.000029   0.000031   0.000031   0.000031   0.000031   0.000031   0.000031   0.000031
   0.000031   0.000008   0.000008   0.000008   0.000008   0.000008   0.000008   0.000008
   0.000008   0.001638   0.001638   0.001638   0.001638   0.001638   0.001638   0.001638
   0.001638   0.000013   0.000013   0.000013   0.000013   0.000013   0.000013   0.000013
   0.000013   0.000004   0.000004   0.000004   0.000004   0.000004   0.000004   0.000004
   0.000004   0.000001   0.000001   0.000001   0.000001   0.000001   0.000001   0.000001
   0.000001
  -0.000029   0.000031   0.000031   0.000031   0.000031   0.000031   0.000031   0.000031
   0.000031   0.000008   0.000008   0.000008   0.000008   0.000008   0.000008   0.000008
   0.000008   0.001638   0.001638   0.001638   0.001638   0.001638   0.001638   0.001638
   0.001638   0.000013   0.000013   0.000013   0.000013   0.000013   0.000013   0.000013
   0.000013   0.000004   0.000004   0.000004   0.000004   0.000004   0.000004   0.000004
   0.000004   0.000001   0.000001   0.000001   0.000001   0.000001   0.000001   0.000001
   0.000001
  -0.000029   0.000031   0.000031   0.000031   0.000031   0.000031   0.000031   0.000031
   0.000031   0.000008   0.000008   0.000008   0.000008   0.000008   0.000008   0.000008
   0.000008   0.001638   0.001638   0.001638   0.001638   0.001638   0.001638   0.001638
   0.001638   0.000013   0.000013   0.000013   0.000013   0.000013   0.000013   0.000013
   0.000013   0.000004   0.000004   0.000004   0.000004   0.000004   0.000004   0.000004
   0.000004   0.000001   0.000001   0.000001   0.000001   0.000001   0.000001   0.000001
   0.000001
  -0.000006   0.000055   0.000055   0.000055   0.000055   0.000094   0.000094   0.000094
   0.000094   0.000002   0.000002   0.000002   0.000002   0.000002   0.000002   0.000002
   0.000002   0.000013   0.000013   0.000013   0.000013   0.000013   0.000013   0.000013
   0.000013   0.001952   0.001952   0.001952   0.001952   0.001952   0.001952   0.001952
   0.001952   0.000030   0.000030   0.000030   0.000030   0.000030   0.000030   0.000030
   0.000030   0.000004   0.000004   0.000004   0.000004   0.000004   0.000004   0.000004
   0.000004
  -0.000006   0.000055   0.000055   0.000055   0.000055   0.000094   0.000094   0.000094
   0.000094   0.000002   0.000002   0.000002   0.000002   0.000002   0.000002   0.000002
   0.000002   0.000013   0.000013   0.000013   0.000013   0.000013   0.000013   0.000013
   0.000013   0.001952   0.001952   0.001952   0.001952   0.001952   0.001952   0.001952
   0.001952   0.000030   0.000030   0.000030   0.000030   0.000030   0.000030   0.000030
   0.000030   0.000004   0.000004   0.000004   0.000004   0.000004   0.000004   0.000004
   0.000004
  -0.000006   0.000055   0.000055   0.000055   0.000055   0.000094   0.000094   0.000094
   0.000094   0.000002   0.000002   0.000002   0.000002   0.000002   0.000002   0.000002
   0.000002   0.000013   0.000013   0.000013   0.000013   0.000013   0.000013   0.000013
   0.000013   0.001952   0.001952   0.001952   0.001952   0.001952   0.001952   0.001952
   0.001952   0.000030   0.000030   0.000030   0.000030   0.000030   0.000030   0.000030
   0.000030   0.000004   0.000004   0.000004   0.000004   0.000004   0.000004   0.000004
   0.000004
  -0.000006   0.000055   0.000055   0.000055   0.000055   0.000094   0.000094   0.000094
   0.000094   0.000002   0.000002   0.000002   0.000002   0.000002   0.000002   0.000002
   0.000002   0.000013   0.000013   0.000013   0.000013   0.000013   0.000013   0.000013
   0.000013   0.001952   0.001952   0.001952   0.001952   0.001952   0.001952   0.001952
   0.001952   0.000030   0.000030   0.000030   0.000030   0.000030   0.000030   0.000030
   0.000030   0.000004   0.000004   0.000004   0.000004   0.000004   0.000004   0.000004
   0.000004
  -0.000006   0.000055   0.000055   0.000055   0.000055   0.000094   0.000094   0.000094
   0.000094   0.000002   0.000002   0.000002   0.000002   0.000002   0.000002   0.000002
   0.000002   0.000013   0.000013   0.000013   0.000013   0.000013   0.000013   0.000013
   0.000013   0.001952   0.001952   0.001952   0.001952   0.001952   0.001952   0.001952
   0.001952   0.000030   0.000030   0.000030   0.000030   0.000030   0.000030   0.000030
   0.000030   0.000004   0.000004   0.000004   0.000004   0.000004   0.000004   0.000004
   0.000004
  -0.000006   0.000055   0.000055   0.000055   0.000055   0.000094   0.000094   0.000094
   0.000094   0.000002   0.000002   0.000002   0.000002   0.000002   0.000002   0.000002
   0.000002   0.000013   0.000013   0.000013   0.000013   0.000013   0.000013   0.000013
   0.000013   0.001952   0.001952   0.001952   0.001952   0.001952   0.001952   0.001952
   0.001952   0.000030   0.000030   0.000030   0.000030   0.000030   0.000030   0.000030
   0.000030   0.000004   0.000004   0.000004   0.000004   0.000004   0.000004   0.000004
   0.000004
  -0.000006   0.000055   0.000055   0.000055   0.000055   0.000094   0.000094   0.000094
   0.000094   0.000002   0.000002   0.000002   0.000002   0.000002   0.000002   0.000002
   0.000002   0.000013   0.000013   0.000013   0.000013   0.000013   0.000013   0.000013
   0.000013   0.001952   0.001952   0.001952   0.001952   0.001952   0.001952   0.001952
   0.001952   0.000030   0.000030   0.000030   0.000030   0.000030   0.000030   0.000030
   0.000030   0.000004   0.000004   0.000004   0.000004   0.000004   0.000004   0.000004
   0.000004
  -0.000006   0.000055   0.000055   0.000055   0.000055   0.000094   0.000094   0.000094
   0.000094   0.000002   0.000002   0.000002   0.000002   0.000002   0.000002   0.000002
   0.000002   0.000013   0.000013   0.000013   0.000013   0.000013   0.000013   0.000013
   0.000013   0.001952   0.001952   0.001952   0.001952   0.001952   0.001952   0.001952
   0.001952   0.000030   0.000030   0.000030   0.000030   0.000030   0.000030   0.000030
   0.000030   0.000004   0.000004   0.000004   0.000004   0.000004   0.000004   0.000004
   0.000004
  -0.000003   0.000086   0.000086   0.000086   0.000086   0.000115   0.000115   0.000115
   0.000115   0.000000   0.000000   0.000000   0.000000   0.000000   0.000000   0.000000
   0.000000   0.000004   0.000004   0.000004   0.000004   0.000004   0.000004   0.000004
   0.000004   0.000030   0.000030   0.000030   0.000030   0.000030   0.000030   0.000030
   0.000030   0.001702   0.001702   0.001702   0.001702   0.001702   0.001702   0.001702
   0.001702   0.000013   0.000013   0.000013   0.000013   0.000013   0.000013   0.000013
   0.000013
  -0.000003   0.000086   0.000086   0.000086   0.000086   0.000115   0.000115   0.000115
   0.000115   0.000000   0.000000   0.000000   0.000000   0.000000   0.000000   0.000000
   0.000000   0.000004   0.000004   0.000004   0.000004   0.000004   0.000004   0.000004
   0.000004   0.000030   0.000030   0.000030   0.000030   0.000030   0.000030   0.000030
   0.000030   0.001702   0.001702   0.001702   0.001702   0.001702   0.001702   0.001702
   0.001702   0.000013   0.000013   0.000013   0.000013   0.000013   0.000013   0.000013
   0.000013
  -0.000003   0.000086   0.000086   0.000086   0.000086   0.000115   0.000115   0.000115
   0.000115   0.000000   0.000000   0.000000   0.000000   0.000000   0.000000   0.000000
   0.000000   0.000004   0.000004   0.000004   0.000004   0.000004   0.000004   0.000004
   0.000004   0.000030   0.000030   0.000030   0.000030   0.000030   0.000030   0.000030
   0.000030   0.001702   0.001702   0.001702   0.001702   0.001702   0.001702   0.001702
   0.001702   0.000013   0.000013   0.000013   0.000013   0.000013   0.000013   0.000013
   0.000013
  -0.000003   0.000086   0.000086   0.000086   0.000086   0.000115   0.000115   0.000115
   0.000115   0.000000   0.000000   0.000000   0.000000   0.000000   0.000000   0.000000
   0.000000   0.000004   0.000004   0.000004   0.000004   0.000004   0.000004   0.000004
   0.000004   0.000030   0.000030   0.000030   0.000030   0.000030   0.000030   0.000030
   0.000030   0.001702   0.001702   0.001702   0.001702   0.001702   0.001702   0.001702
   0.001702   0.000013   0.000013   0.000013   0.000013   0.000013   0.000013   0.000013
   0.000013
  -0.000003   0.000086   0.000086   0.000086   0.000086   0.000115   0.000115   0.000115
   0.000115   0.000000   0.000000   0.000000   0.000000   0.000000   0.000000   0.000000
   0.000000   0.000004   0.000004   0.000004   0.000004   0.000004   0.000004   0.000004
   0.000004   0.000030   0.000030   0.000030   0.000030   0.000030   0.000030   0.000030
   0.000030   0.001702   0.001702   0.001702   0.001702   0.001702   0.001702   0.001702
   0.001702   0.000013   0.000013   0.000013   0.000013   0.000013   0.000013   0.000013
   0.000013
  -0.000003   0.000086   0.000086   0.000086   0.000086   0.000115   0.000115   0.000115
   0.000115   0.000000   0.000000   0.000000   0.000000   0.000000   0.000000   0.000000
   0.000000   0.000004   0.000004   0.000004   0.000004   0.000004   0.000004   0.000004
   0.000004   0.000030   0.000030   0.000030   0.000030   0.000030   0.000030   0.000030
   0.000030   0.001702   0.001702   0.001702   0.001702   0.001702   0.001702   0.001702
   0.001702   0.000013   0.000013   0.000013   0.000013   0.000013   0.000013   0.000013
   0.000013
  -0.000003   0.000086   0.000086   0.000086   0.000086   0.000115   0.000115   0.000115
   0.000115   0.000000   0.000000   0.000000   0.000000   0.000000   0.000000   0.000000
   0.000000   0.000004   0.000004   0.000004   0.000004   0.000004   0.000004   0.000004
   0.000004   0.000030   0.000030   0.000030   0.000030   0.000030   0.000030   0.000030
   0.000030   0.001702   0.001702   0.001702   0.001702   0.001702   0.001702   0.001702
   0.001702   0.000013   0.000013   0.000013   0.000013   0.000013   0.000013   0.000013
   0.000013
  -0.000003   0.000086   0.000086   0.000086   0.000086   0.000115   0.000115   0.000115
   0.000115   0.000000   0.000000   0.000000   0.000000   0.000000   0.000000   0.000000
   0.000000   0.000004   0.000004   0.000004   0.000004   0.000004   0.000004   0.000004
   0.000004   0.000030   0.000030   0.000030   0.000030   0.000030   0.000030   0.000030
   0.000030   0.001702   0.001702   0.001702   0.001702   0.001702   0.001702   0.001702
   0.001702   0.000013   0.000013   0.000013   0.000013   0.000013   0.000013   0.000013
   0.000013
   0.000000  -0.000009  -0.000009  -0.000009  -0.000009   0.000050   0.000050   0.000050
   0.000050  -0.000000  -0.000000  -0.000000  -0.000000  -0.000000  -0.000000  -0.000000
  -0.000000   0.000001   0.000001   0.000001   0.000001   0.000001   0.000001   0.000001
   0.000001   0.000004   0.000004   0.000004   0.000004   0.000004   0.000004   0.000004
   0.000004   0.000013   0.000013   0.000013   0.000013   0.000013   0.000013   0.000013
   0.000013   0.001534   0.001534   0.001534   0.001534   0.001534   0.001534   0.001534
   0.001534
   0.000000  -0.000009  -0.000009  -0.000009  -0.000009   0.000050   0.000050   0.000050
   0.000050  -0.000000  -0.000000  -0.000000  -0.000000  -0.000000  -0.000000  -0.000000
  -0.000000   0.000001   0.000001   0.000001   0.000001   0.000001   0.000001   0.000001
   0.000001   0.000004   0.000004   0.000004   0.000004   0.000004   0.000004   0.000004
   0.000004   0.000013   0.000013   0.000013   0.000013   0.000013   0.000013   0.000013
   0.000013   0.001534   0.001534   0.001534   0.001534   0.001534   0.001534   0.001534
   0.001534
   0.000000  -0.000009  -0.000009  -0.000009  -0.000009   0.000050   0.000050   0.000050
   0.000050  -0.000000  -0.000000  -0.000000  -0.000000  -0.000000  -0.000000  -0.000000
  -0.000000   0.000001   0.000001   0.000001   0.000001   0.000001   0.000001   0.000001
   0.000001   0.000004   0.000004   0.000004   0.000004   0.000004   0.000004   0.000004
   0.000004   0.000013   0.000013   0.000013   0.000013   0.000013   0.000013   0.000013
   0.000013   0.001534   0.001534   0.001534   0.001534   0.001534   0.001534   0.001534
   0.001534
   0.000000  -0.000009  -0.000009  -0.000009  -0.000009   0.000050   0.000050   0.000050
   0.000050  -0.000000  -0.000000  -0.000000  -0.000000  -0.000000  -0.000000  -0.000000
  -0.000000   0.000001   0.000001   0.000001   0.000001   0.000001   0.000001   0.000001
   0.000001   0.000004   0.000004   0.000004   0.000004   0.000004   0.000004   0.000004
   0.000004   0.000013   0.000013   0.000013   0.000013   0.000013   0.000013   0.000013
   0.000013   0.001534   0.001534   0.001534   0.001534   0.001534   0.001534   0.001534
   0.001534
   0.000000  -0.000009  -0.000009  -0.000009  -0.000009   0.000050   0.000050   0.000050
   0.000050  -0.000000  -0.000000  -0.000000  -0.000000  -0.000000  -0.000000  -0.000000
  -0.000000   0.000001   0.000001   0.000001   0.000001   0.000001   0.000001   0.000001
   0.000001   0.000004   0.000004   0.000004   0.000004   0.000004   0.000004   0.000004
   0.000004   0.000013   0.000013   0.000013   0.000013   0.000013   0.000013   0.000013
   0.000013   0.001534   0.001534   0.001534   0.001534   0.001534   0.001534   0.001534
   0.001534
   0.000000  -0.000009  -0.000009  -0.000009  -0.000009   0.000050   0.000050   0.000050
   0.000050  -0.000000  -0.000000  -0.000000  -0.000000  -0.000000  -0.000000  -0.000000
  -0.000000   0.000001   0.000001   0.000001   0.000001   0.000001   0.000001   0.000001
   0.000001   0.000004   0.000004   0.000004   0.000004   0.000004   0.000004   0.000004
   0.000004   0.000013   0.000013   0.000013   0.000013   0.000013   0.000013   0.000013
   0.000013   0.001534   0.001534   0.001534   0.001534   0.001534   0.001534   0.001534
   0.001534
   0.000000  -0.000009  -0.000009  -0.000009  -0.000009   0.000050   0.000050   0.000050
   0.000050  -0.000000  -0.000000  -0.000000  -0.000000  -0.000000  -0.000000  -0.000000
  -0.000000   0.000001   0.000001   0.000001   0.000001   0.000001   0.000001   0.000001
   0.000001   0.000004   0.000004   0.000004   0.000004   0.000004   0.000004   0.000004
   0.000004   0.000013   0.000013   0.000013   0.000013   0.000013   0.000013   0.000013
   0.000013   0.001534   0.001534   0.001534   0.001534   0.001534   0.001534   0.001534
   0.001534
   0.000000  -0.000009  -0.000009  -0.000009  -0.000009   0.000050   0.000050   0.000050
   0.000050  -0.000000  -0.000000  -0.000000  -0.000000  -0.000000  -0.000000  -0.000000
  -0.000000   0.000001   0.000001   0.000001   0.000001   0.000001   0.000001   0.000001
   0.000001   0.000004   0.000004   0.000004   0.000004   0.000004   0.000004   0.000004
   0.000004   0.000013   0.000013   0.000013   0.000013   0.000013   0.000013   0.000013
   0.000013   0.001534   0.001534   0.001534   0.001534   0.001534   0.001534   0.001534
   0.001534

================================================================================

 DERIVED parameters - psi2,psi3,psi4,...

        Site                        psi(t)  Std.err     95% conf. interval
     1   site 1      psi( 2):       0.6029  0.0514     0.5021 - 0.7038 
     1   site 1      psi( 3):       0.5882  0.0515     0.4872 - 0.6891 
     1   site 1      psi( 4):       0.5781  0.0570     0.4665 - 0.6897 
     1   site 1      psi( 5):       0.5713  0.0626     0.4486 - 0.6940 


 DERIVED parameters - lam2,lam3,lam4,...

        Site                        lam(t)  Std.err     95% conf. interval
     1   site 1      lam( 2):       0.9651  0.0507     0.8658 - 1.0645
     1   site 1      lam( 3):       0.9755  0.0370     0.9029 - 1.0480
     1   site 1      lam( 4):       0.9829  0.0265     0.9309 - 1.0349
     1   site 1      lam( 5):       0.9882  0.0188     0.9514 - 1.0250

CPU time: 1.0 seconds

