

PRESENCE - Presence/Absence-Site Occupancy data analysis
Wed Oct 26 18:38:50 2011,       Version 4.0111018
- - - - - - - - - - - - - - - - - - - - - - - - - - - - -
==>i=\\vboxsvr\cschwarz-desktop\occupancycourse\occupancysampledata\nso\nso_project\simdata.pao
==>l=pres_psi(TimeTrend)_gamma(season)_p(season).out
==>name=psi(TimeTrend),gamma(season),p(season)
==>model=220
==>j=\\Vboxsvr\cschwarz-desktop\OccupancyCourse\OccupancySampleData\NSO\nso_project\nso.dm
==>lmt=200
model=220 N,T-->55,40
modtype-->2 

********* Input Data summary *******
Number of sites                = 55
Number of sampling occasions   = 40
Number of missing observations = 752
Data checksum = 18185

Naive occupancy estimate       = 0.8364

NSiteCovs-->0
NSampCovs-->0
Primary periods=5 Secondary periods: 8 8 8 8 8
- - - - - - - - - - - - - - - - - - - - - - - - - - - - -
 file=e:\y\presence\source\new2\sample_data\nso.pao
- - - - - - - - - - - - - - - - - - - - - - - - - - - - -
modtype=2 N=55 T=40 Groups=1 bootstraps=0

-->5-8
Matrix 1: rows=6, cols=3
            -,a1,a2,
psi1          1 1
psi2          1 2.000000
psi3          1 3.000000
psi4          1 4.000000
psi5          1 5.000000
========================

Matrix 2: rows=5, cols=5
            -,b1,b2,b3,b4,
gam1          1 0 0 0
gam2          0 1 0 0
gam3          0 0 1 0
gam4          0 0 0 1
========================

Matrix 3: rows=0, cols=0
========================

Matrix 4: rows=41, cols=6
            -,d1,d2,d3,d4,d5,
P[1-1]        1 0 0 0 0
P[1-2]        1 0 0 0 0
P[1-3]        1 0 0 0 0
P[1-4]        1 0 0 0 0
P[1-5]        1 0 0 0 0
P[1-6]        1 0 0 0 0
P[1-7]        1 0 0 0 0
P[1-8]        1 0 0 0 0
P[2-1]        0 1 0 0 0
P[2-2]        0 1 0 0 0
P[2-3]        0 1 0 0 0
P[2-4]        0 1 0 0 0
P[2-5]        0 1 0 0 0
P[2-6]        0 1 0 0 0
P[2-7]        0 1 0 0 0
P[2-8]        0 1 0 0 0
P[3-1]        0 0 1 0 0
P[3-2]        0 0 1 0 0
P[3-3]        0 0 1 0 0
P[3-4]        0 0 1 0 0
P[3-5]        0 0 1 0 0
P[3-6]        0 0 1 0 0
P[3-7]        0 0 1 0 0
P[3-8]        0 0 1 0 0
P[4-1]        0 0 0 1 0
P[4-2]        0 0 0 1 0
P[4-3]        0 0 0 1 0
P[4-4]        0 0 0 1 0
P[4-5]        0 0 0 1 0
P[4-6]        0 0 0 1 0
P[4-7]        0 0 0 1 0
P[4-8]        0 0 0 1 0
P[5-1]        0 0 0 0 1
P[5-2]        0 0 0 0 1
P[5-3]        0 0 0 0 1
P[5-4]        0 0 0 0 1
P[5-5]        0 0 0 0 1
P[5-6]        0 0 0 0 1
P[5-7]        0 0 0 0 1
P[5-8]        0 0 0 0 1
========================

Matrix 5: rows=0, cols=0
========================

Matrix 6: rows=0, cols=0
========================

Multi-season model
------------------

5 Primary periods
  Secondary periods: 8 8 8 8 8

Model(2):psi(TimeTrend),gamma(season),p(season)



Open Population Model:

Number of primary sampling periods = 5
Number of parameters               = 11
Optimization completion code:130

Model has been fit using the logistic link.


Number of parameters           = 11
Number of function calls           = 380
-2log(likelihood)              = 1328.4488
AIC                            = 1350.4488

varcov: nsig=6 eps=1.000000e-002

Untransformed Estimates of coefficients for covariates (Beta's)
======================================================================
                                          estimate    std.error
A1   psi1                             :   0.636681    0.345221
A2   psi1                             :  -0.081870    0.086608
B1   gam1                             :  -2.138521    0.625452
B2   gam2                             :  -2.157141    0.734631
B3   gam3                             :  -0.595904    0.399156
B4   gam4                             :  -2.003641    0.639244
D1   P[1-1]                           :   0.361695    0.163473
D2   P[2-1]                           :   0.081946    0.161154
D3   P[3-1]                           :  -0.376116    0.186001
D4   P[4-1]                           :  -0.459434    0.175829
D5   P[5-1]                           :   0.145434    0.157815

Variance-Covariance Matrix of Untransformed estimates (Beta's):
              A1         A2         B1         B2         B3         B4         D1         D2         D3         D4         D5  
     A1    0.119177  -0.023983  -0.016326  -0.055870   0.009347  -0.048796  -0.001926  -0.000955   0.000657  -0.003083   0.001010
     A2   -0.023983   0.007501   0.012170   0.022799   0.006532   0.021750   0.000462   0.000198  -0.000677   0.000578  -0.000552
     B1   -0.016326   0.012170   0.391190   0.046657   0.026322   0.046319   0.003030   0.001389  -0.001679   0.000281  -0.001295
     B2   -0.055870   0.022799   0.046657   0.539683   0.018811   0.080242   0.002553   0.003986   0.014905   0.002552  -0.001887
     B3    0.009347   0.006532   0.026322   0.018811   0.159325   0.035290   0.000085  -0.000081  -0.003109   0.001475  -0.000940
     B4   -0.048796   0.021750   0.046319   0.080242   0.035290   0.408633   0.001138   0.000468  -0.000787   0.016911   0.002792
     D1   -0.001926   0.000462   0.003030   0.002553   0.000085   0.001138   0.026723   0.000148   0.000044   0.000053  -0.000026
     D2   -0.000955   0.000198   0.001389   0.003986  -0.000081   0.000468   0.000148   0.025971   0.000275   0.000038  -0.000008
     D3    0.000657  -0.000677  -0.001679   0.014905  -0.003109  -0.000787   0.000044   0.000275   0.034596   0.000443   0.000107
     D4   -0.003083   0.000578   0.000281   0.002552   0.001475   0.016911   0.000053   0.000038   0.000443   0.030916   0.000297
     D5    0.001010  -0.000552  -0.001295  -0.001887  -0.000940   0.002792  -0.000026  -0.000008   0.000107   0.000297   0.024906
------------------------------

   Individual Site estimates of <psi1> 
                Site               estimate  Std.err   95% conf. interval
psi1            1 site 1          :  0.6353   0.0650     0.5012 - 0.7511 
psi2            1 site 1          :  0.6161   0.0546     0.5052 - 0.7161 
psi3            1 site 1          :  0.5965   0.0498     0.4964 - 0.6892 
psi4            1 site 1          :  0.5767   0.0531     0.4707 - 0.6760 
psi5            1 site 1          :  0.5566   0.0638     0.4306 - 0.6757 

   Individual Site estimates of <gam1> 
                Site               estimate  Std.err   95% conf. interval
gam1            1 site 1          :  0.1054   0.0590     0.0334 - 0.2865 
gam2            1 site 1          :  0.1037   0.0683     0.0267 - 0.3280 
gam3            1 site 1          :  0.3553   0.0914     0.2013 - 0.5465 
gam4            1 site 1          :  0.1188   0.0669     0.0371 - 0.3207 

   Individual Site estimates of <P[1-1]> 
                Site               estimate  Std.err   95% conf. interval
P[1-1]          1 site 1          :  0.5895   0.0396     0.5103 - 0.6642 
P[1-2]          1 site 1          :  0.5895   0.0396     0.5103 - 0.6642 
P[1-3]          1 site 1          :  0.5895   0.0396     0.5103 - 0.6642 
P[1-4]          1 site 1          :  0.5895   0.0396     0.5103 - 0.6642 
P[1-5]          1 site 1          :  0.5895   0.0396     0.5103 - 0.6642 
P[1-6]          1 site 1          :  0.5895   0.0396     0.5103 - 0.6642 
P[1-7]          1 site 1          :  0.5895   0.0396     0.5103 - 0.6642 
P[1-8]          1 site 1          :  0.5895   0.0396     0.5103 - 0.6642 
P[2-1]          1 site 1          :  0.5205   0.0402     0.4418 - 0.5982 
P[2-2]          1 site 1          :  0.5205   0.0402     0.4418 - 0.5982 
P[2-3]          1 site 1          :  0.5205   0.0402     0.4418 - 0.5982 
P[2-4]          1 site 1          :  0.5205   0.0402     0.4418 - 0.5982 
P[2-5]          1 site 1          :  0.5205   0.0402     0.4418 - 0.5982 
P[2-6]          1 site 1          :  0.5205   0.0402     0.4418 - 0.5982 
P[2-7]          1 site 1          :  0.5205   0.0402     0.4418 - 0.5982 
P[2-8]          1 site 1          :  0.5205   0.0402     0.4418 - 0.5982 
P[3-1]          1 site 1          :  0.4071   0.0449     0.3229 - 0.4971 
P[3-2]          1 site 1          :  0.4071   0.0449     0.3229 - 0.4971 
P[3-3]          1 site 1          :  0.4071   0.0449     0.3229 - 0.4971 
P[3-4]          1 site 1          :  0.4071   0.0449     0.3229 - 0.4971 
P[3-5]          1 site 1          :  0.4071   0.0449     0.3229 - 0.4971 
P[3-6]          1 site 1          :  0.4071   0.0449     0.3229 - 0.4971 
P[3-7]          1 site 1          :  0.4071   0.0449     0.3229 - 0.4971 
P[3-8]          1 site 1          :  0.4071   0.0449     0.3229 - 0.4971 
P[4-1]          1 site 1          :  0.3871   0.0417     0.3092 - 0.4713 
P[4-2]          1 site 1          :  0.3871   0.0417     0.3092 - 0.4713 
P[4-3]          1 site 1          :  0.3871   0.0417     0.3092 - 0.4713 
P[4-4]          1 site 1          :  0.3871   0.0417     0.3092 - 0.4713 
P[4-5]          1 site 1          :  0.3871   0.0417     0.3092 - 0.4713 
P[4-6]          1 site 1          :  0.3871   0.0417     0.3092 - 0.4713 
P[4-7]          1 site 1          :  0.3871   0.0417     0.3092 - 0.4713 
P[4-8]          1 site 1          :  0.3871   0.0417     0.3092 - 0.4713 
P[5-1]          1 site 1          :  0.5363   0.0392     0.4591 - 0.6118 
P[5-2]          1 site 1          :  0.5363   0.0392     0.4591 - 0.6118 
P[5-3]          1 site 1          :  0.5363   0.0392     0.4591 - 0.6118 
P[5-4]          1 site 1          :  0.5363   0.0392     0.4591 - 0.6118 
P[5-5]          1 site 1          :  0.5363   0.0392     0.4591 - 0.6118 
P[5-6]          1 site 1          :  0.5363   0.0392     0.4591 - 0.6118 
P[5-7]          1 site 1          :  0.5363   0.0392     0.4591 - 0.6118 
P[5-8]          1 site 1          :  0.5363   0.0392     0.4591 - 0.6118 

Real parameters: (computed using covariates from 1st site and 1st survey)

Real parameter :              estimate   SE(estimate)
     1 psi1                     0.6353      0.0650
     2 psi2                     0.6161      0.0546
     3 psi3                     0.5965      0.0498
     4 psi4                     0.5767      0.0531
     5 psi5                     0.5566      0.0638
     6 gam1                     0.1054      0.0590
     7 gam2                     0.1037      0.0683
     8 gam3                     0.3553      0.0914
     9 gam4                     0.1188      0.0669
    10 P[1-1]                   0.5895      0.0396
    11 P[1-2]                   0.5895      0.0396
    12 P[1-3]                   0.5895      0.0396
    13 P[1-4]                   0.5895      0.0396
    14 P[1-5]                   0.5895      0.0396
    15 P[1-6]                   0.5895      0.0396
    16 P[1-7]                   0.5895      0.0396
    17 P[1-8]                   0.5895      0.0396
    18 P[2-1]                   0.5205      0.0402
    19 P[2-2]                   0.5205      0.0402
    20 P[2-3]                   0.5205      0.0402
    21 P[2-4]                   0.5205      0.0402
    22 P[2-5]                   0.5205      0.0402
    23 P[2-6]                   0.5205      0.0402
    24 P[2-7]                   0.5205      0.0402
    25 P[2-8]                   0.5205      0.0402
    26 P[3-1]                   0.4071      0.0449
    27 P[3-2]                   0.4071      0.0449
    28 P[3-3]                   0.4071      0.0449
    29 P[3-4]                   0.4071      0.0449
    30 P[3-5]                   0.4071      0.0449
    31 P[3-6]                   0.4071      0.0449
    32 P[3-7]                   0.4071      0.0449
    33 P[3-8]                   0.4071      0.0449
    34 P[4-1]                   0.3871      0.0417
    35 P[4-2]                   0.3871      0.0417
    36 P[4-3]                   0.3871      0.0417
    37 P[4-4]                   0.3871      0.0417
    38 P[4-5]                   0.3871      0.0417
    39 P[4-6]                   0.3871      0.0417
    40 P[4-7]                   0.3871      0.0417
    41 P[4-8]                   0.3871      0.0417
    42 P[5-1]                   0.5363      0.0392
    43 P[5-2]                   0.5363      0.0392
    44 P[5-3]                   0.5363      0.0392
    45 P[5-4]                   0.5363      0.0392
    46 P[5-5]                   0.5363      0.0392
    47 P[5-6]                   0.5363      0.0392
    48 P[5-7]                   0.5363      0.0392
    49 P[5-8]                   0.5363      0.0392
Variance-covariance matrix of real parameters:
   0.004226   0.003410   0.002551   0.001655   0.000731  -0.000091  -0.000712   0.000843
  -0.000656  -0.000082  -0.000082  -0.000082  -0.000082  -0.000082  -0.000082  -0.000082
  -0.000082  -0.000044  -0.000044  -0.000044  -0.000044  -0.000044  -0.000044  -0.000044
  -0.000044  -0.000001  -0.000001  -0.000001  -0.000001  -0.000001  -0.000001  -0.000001
  -0.000001  -0.000138  -0.000138  -0.000138  -0.000138  -0.000138  -0.000138  -0.000138
  -0.000138   0.000026   0.000026   0.000026   0.000026   0.000026   0.000026   0.000026
   0.000026
   0.003410   0.002979   0.002520   0.002037   0.001535   0.000179  -0.000226   0.001214
  -0.000131  -0.000057  -0.000057  -0.000057  -0.000057  -0.000057  -0.000057  -0.000057
  -0.000057  -0.000033  -0.000033  -0.000033  -0.000033  -0.000033  -0.000033  -0.000033
  -0.000033  -0.000040  -0.000040  -0.000040  -0.000040  -0.000040  -0.000040  -0.000040
  -0.000040  -0.000108  -0.000108  -0.000108  -0.000108  -0.000108  -0.000108  -0.000108
  -0.000108  -0.000005  -0.000005  -0.000005  -0.000005  -0.000005  -0.000005  -0.000005
  -0.000005
   0.002551   0.002520   0.002478   0.002427   0.002366   0.000458   0.000280   0.001596
   0.000415  -0.000031  -0.000031  -0.000031  -0.000031  -0.000031  -0.000031  -0.000031
  -0.000031  -0.000022  -0.000022  -0.000022  -0.000022  -0.000022  -0.000022  -0.000022
  -0.000022  -0.000080  -0.000080  -0.000080  -0.000080  -0.000080  -0.000080  -0.000080
  -0.000080  -0.000077  -0.000077  -0.000077  -0.000077  -0.000077  -0.000077  -0.000077
  -0.000077  -0.000039  -0.000039  -0.000039  -0.000039  -0.000039  -0.000039  -0.000039
  -0.000039
   0.001655   0.002037   0.002427   0.002820   0.003214   0.000745   0.000801   0.001984
   0.000976  -0.000005  -0.000005  -0.000005  -0.000005  -0.000005  -0.000005  -0.000005
  -0.000005  -0.000010  -0.000010  -0.000010  -0.000010  -0.000010  -0.000010  -0.000010
  -0.000010  -0.000121  -0.000121  -0.000121  -0.000121  -0.000121  -0.000121  -0.000121
  -0.000121  -0.000045  -0.000045  -0.000045  -0.000045  -0.000045  -0.000045  -0.000045
  -0.000045  -0.000073  -0.000073  -0.000073  -0.000073  -0.000073  -0.000073  -0.000073
  -0.000073
   0.000731   0.001535   0.002366   0.003214   0.004073   0.001036   0.001333   0.002375
   0.001549   0.000023   0.000023   0.000023   0.000023   0.000023   0.000023   0.000023
   0.000023   0.000002   0.000002   0.000002   0.000002   0.000002   0.000002   0.000002
   0.000002  -0.000163  -0.000163  -0.000163  -0.000163  -0.000163  -0.000163  -0.000163
  -0.000163  -0.000011  -0.000011  -0.000011  -0.000011  -0.000011  -0.000011  -0.000011
  -0.000011  -0.000107  -0.000107  -0.000107  -0.000107  -0.000107  -0.000107  -0.000107
  -0.000107
  -0.000091   0.000179   0.000458   0.000745   0.001036   0.003478   0.000409   0.000569
   0.000457   0.000069   0.000069   0.000069   0.000069   0.000069   0.000069   0.000069
   0.000069   0.000033   0.000033   0.000033   0.000033   0.000033   0.000033   0.000033
   0.000033  -0.000038  -0.000038  -0.000038  -0.000038  -0.000038  -0.000038  -0.000038
  -0.000038   0.000006   0.000006   0.000006   0.000006   0.000006   0.000006   0.000006
   0.000006  -0.000030  -0.000030  -0.000030  -0.000030  -0.000030  -0.000030  -0.000030
  -0.000030
  -0.000712  -0.000226   0.000280   0.000801   0.001333   0.000409   0.004660   0.000400
   0.000781   0.000057   0.000057   0.000057   0.000057   0.000057   0.000057   0.000057
   0.000057   0.000092   0.000092   0.000092   0.000092   0.000092   0.000092   0.000092
   0.000092   0.000334   0.000334   0.000334   0.000334   0.000334   0.000334   0.000334
   0.000334   0.000056   0.000056   0.000056   0.000056   0.000056   0.000056   0.000056
   0.000056  -0.000044  -0.000044  -0.000044  -0.000044  -0.000044  -0.000044  -0.000044
  -0.000044
   0.000843   0.001214   0.001596   0.001984   0.002375   0.000569   0.000400   0.008359
   0.000846   0.000005   0.000005   0.000005   0.000005   0.000005   0.000005   0.000005
   0.000005  -0.000005  -0.000005  -0.000005  -0.000005  -0.000005  -0.000005  -0.000005
  -0.000005  -0.000172  -0.000172  -0.000172  -0.000172  -0.000172  -0.000172  -0.000172
  -0.000172   0.000080   0.000080   0.000080   0.000080   0.000080   0.000080   0.000080
   0.000080  -0.000054  -0.000054  -0.000054  -0.000054  -0.000054  -0.000054  -0.000054
  -0.000054
  -0.000656  -0.000131   0.000415   0.000976   0.001549   0.000457   0.000781   0.000846
   0.004480   0.000029   0.000029   0.000029   0.000029   0.000029   0.000029   0.000029
   0.000029   0.000012   0.000012   0.000012   0.000012   0.000012   0.000012   0.000012
   0.000012  -0.000020  -0.000020  -0.000020  -0.000020  -0.000020  -0.000020  -0.000020
  -0.000020   0.000420   0.000420   0.000420   0.000420   0.000420   0.000420   0.000420
   0.000420   0.000073   0.000073   0.000073   0.000073   0.000073   0.000073   0.000073
   0.000073
  -0.000082  -0.000057  -0.000031  -0.000005   0.000023   0.000069   0.000057   0.000005
   0.000029   0.001565   0.001565   0.001565   0.001565   0.001565   0.001565   0.001565
   0.001565   0.000009   0.000009   0.000009   0.000009   0.000009   0.000009   0.000009
   0.000009   0.000003   0.000003   0.000003   0.000003   0.000003   0.000003   0.000003
   0.000003   0.000003   0.000003   0.000003   0.000003   0.000003   0.000003   0.000003
   0.000003  -0.000002  -0.000002  -0.000002  -0.000002  -0.000002  -0.000002  -0.000002
  -0.000002
  -0.000082  -0.000057  -0.000031  -0.000005   0.000023   0.000069   0.000057   0.000005
   0.000029   0.001565   0.001565   0.001565   0.001565   0.001565   0.001565   0.001565
   0.001565   0.000009   0.000009   0.000009   0.000009   0.000009   0.000009   0.000009
   0.000009   0.000003   0.000003   0.000003   0.000003   0.000003   0.000003   0.000003
   0.000003   0.000003   0.000003   0.000003   0.000003   0.000003   0.000003   0.000003
   0.000003  -0.000002  -0.000002  -0.000002  -0.000002  -0.000002  -0.000002  -0.000002
  -0.000002
  -0.000082  -0.000057  -0.000031  -0.000005   0.000023   0.000069   0.000057   0.000005
   0.000029   0.001565   0.001565   0.001565   0.001565   0.001565   0.001565   0.001565
   0.001565   0.000009   0.000009   0.000009   0.000009   0.000009   0.000009   0.000009
   0.000009   0.000003   0.000003   0.000003   0.000003   0.000003   0.000003   0.000003
   0.000003   0.000003   0.000003   0.000003   0.000003   0.000003   0.000003   0.000003
   0.000003  -0.000002  -0.000002  -0.000002  -0.000002  -0.000002  -0.000002  -0.000002
  -0.000002
  -0.000082  -0.000057  -0.000031  -0.000005   0.000023   0.000069   0.000057   0.000005
   0.000029   0.001565   0.001565   0.001565   0.001565   0.001565   0.001565   0.001565
   0.001565   0.000009   0.000009   0.000009   0.000009   0.000009   0.000009   0.000009
   0.000009   0.000003   0.000003   0.000003   0.000003   0.000003   0.000003   0.000003
   0.000003   0.000003   0.000003   0.000003   0.000003   0.000003   0.000003   0.000003
   0.000003  -0.000002  -0.000002  -0.000002  -0.000002  -0.000002  -0.000002  -0.000002
  -0.000002
  -0.000082  -0.000057  -0.000031  -0.000005   0.000023   0.000069   0.000057   0.000005
   0.000029   0.001565   0.001565   0.001565   0.001565   0.001565   0.001565   0.001565
   0.001565   0.000009   0.000009   0.000009   0.000009   0.000009   0.000009   0.000009
   0.000009   0.000003   0.000003   0.000003   0.000003   0.000003   0.000003   0.000003
   0.000003   0.000003   0.000003   0.000003   0.000003   0.000003   0.000003   0.000003
   0.000003  -0.000002  -0.000002  -0.000002  -0.000002  -0.000002  -0.000002  -0.000002
  -0.000002
  -0.000082  -0.000057  -0.000031  -0.000005   0.000023   0.000069   0.000057   0.000005
   0.000029   0.001565   0.001565   0.001565   0.001565   0.001565   0.001565   0.001565
   0.001565   0.000009   0.000009   0.000009   0.000009   0.000009   0.000009   0.000009
   0.000009   0.000003   0.000003   0.000003   0.000003   0.000003   0.000003   0.000003
   0.000003   0.000003   0.000003   0.000003   0.000003   0.000003   0.000003   0.000003
   0.000003  -0.000002  -0.000002  -0.000002  -0.000002  -0.000002  -0.000002  -0.000002
  -0.000002
  -0.000082  -0.000057  -0.000031  -0.000005   0.000023   0.000069   0.000057   0.000005
   0.000029   0.001565   0.001565   0.001565   0.001565   0.001565   0.001565   0.001565
   0.001565   0.000009   0.000009   0.000009   0.000009   0.000009   0.000009   0.000009
   0.000009   0.000003   0.000003   0.000003   0.000003   0.000003   0.000003   0.000003
   0.000003   0.000003   0.000003   0.000003   0.000003   0.000003   0.000003   0.000003
   0.000003  -0.000002  -0.000002  -0.000002  -0.000002  -0.000002  -0.000002  -0.000002
  -0.000002
  -0.000082  -0.000057  -0.000031  -0.000005   0.000023   0.000069   0.000057   0.000005
   0.000029   0.001565   0.001565   0.001565   0.001565   0.001565   0.001565   0.001565
   0.001565   0.000009   0.000009   0.000009   0.000009   0.000009   0.000009   0.000009
   0.000009   0.000003   0.000003   0.000003   0.000003   0.000003   0.000003   0.000003
   0.000003   0.000003   0.000003   0.000003   0.000003   0.000003   0.000003   0.000003
   0.000003  -0.000002  -0.000002  -0.000002  -0.000002  -0.000002  -0.000002  -0.000002
  -0.000002
  -0.000044  -0.000033  -0.000022  -0.000010   0.000002   0.000033   0.000092  -0.000005
   0.000012   0.000009   0.000009   0.000009   0.000009   0.000009   0.000009   0.000009
   0.000009   0.001618   0.001618   0.001618   0.001618   0.001618   0.001618   0.001618
   0.001618   0.000017   0.000017   0.000017   0.000017   0.000017   0.000017   0.000017
   0.000017   0.000002   0.000002   0.000002   0.000002   0.000002   0.000002   0.000002
   0.000002  -0.000000  -0.000000  -0.000000  -0.000000  -0.000000  -0.000000  -0.000000
  -0.000000
  -0.000044  -0.000033  -0.000022  -0.000010   0.000002   0.000033   0.000092  -0.000005
   0.000012   0.000009   0.000009   0.000009   0.000009   0.000009   0.000009   0.000009
   0.000009   0.001618   0.001618   0.001618   0.001618   0.001618   0.001618   0.001618
   0.001618   0.000017   0.000017   0.000017   0.000017   0.000017   0.000017   0.000017
   0.000017   0.000002   0.000002   0.000002   0.000002   0.000002   0.000002   0.000002
   0.000002  -0.000000  -0.000000  -0.000000  -0.000000  -0.000000  -0.000000  -0.000000
  -0.000000
  -0.000044  -0.000033  -0.000022  -0.000010   0.000002   0.000033   0.000092  -0.000005
   0.000012   0.000009   0.000009   0.000009   0.000009   0.000009   0.000009   0.000009
   0.000009   0.001618   0.001618   0.001618   0.001618   0.001618   0.001618   0.001618
   0.001618   0.000017   0.000017   0.000017   0.000017   0.000017   0.000017   0.000017
   0.000017   0.000002   0.000002   0.000002   0.000002   0.000002   0.000002   0.000002
   0.000002  -0.000000  -0.000000  -0.000000  -0.000000  -0.000000  -0.000000  -0.000000
  -0.000000
  -0.000044  -0.000033  -0.000022  -0.000010   0.000002   0.000033   0.000092  -0.000005
   0.000012   0.000009   0.000009   0.000009   0.000009   0.000009   0.000009   0.000009
   0.000009   0.001618   0.001618   0.001618   0.001618   0.001618   0.001618   0.001618
   0.001618   0.000017   0.000017   0.000017   0.000017   0.000017   0.000017   0.000017
   0.000017   0.000002   0.000002   0.000002   0.000002   0.000002   0.000002   0.000002
   0.000002  -0.000000  -0.000000  -0.000000  -0.000000  -0.000000  -0.000000  -0.000000
  -0.000000
  -0.000044  -0.000033  -0.000022  -0.000010   0.000002   0.000033   0.000092  -0.000005
   0.000012   0.000009   0.000009   0.000009   0.000009   0.000009   0.000009   0.000009
   0.000009   0.001618   0.001618   0.001618   0.001618   0.001618   0.001618   0.001618
   0.001618   0.000017   0.000017   0.000017   0.000017   0.000017   0.000017   0.000017
   0.000017   0.000002   0.000002   0.000002   0.000002   0.000002   0.000002   0.000002
   0.000002  -0.000000  -0.000000  -0.000000  -0.000000  -0.000000  -0.000000  -0.000000
  -0.000000
  -0.000044  -0.000033  -0.000022  -0.000010   0.000002   0.000033   0.000092  -0.000005
   0.000012   0.000009   0.000009   0.000009   0.000009   0.000009   0.000009   0.000009
   0.000009   0.001618   0.001618   0.001618   0.001618   0.001618   0.001618   0.001618
   0.001618   0.000017   0.000017   0.000017   0.000017   0.000017   0.000017   0.000017
   0.000017   0.000002   0.000002   0.000002   0.000002   0.000002   0.000002   0.000002
   0.000002  -0.000000  -0.000000  -0.000000  -0.000000  -0.000000  -0.000000  -0.000000
  -0.000000
  -0.000044  -0.000033  -0.000022  -0.000010   0.000002   0.000033   0.000092  -0.000005
   0.000012   0.000009   0.000009   0.000009   0.000009   0.000009   0.000009   0.000009
   0.000009   0.001618   0.001618   0.001618   0.001618   0.001618   0.001618   0.001618
   0.001618   0.000017   0.000017   0.000017   0.000017   0.000017   0.000017   0.000017
   0.000017   0.000002   0.000002   0.000002   0.000002   0.000002   0.000002   0.000002
   0.000002  -0.000000  -0.000000  -0.000000  -0.000000  -0.000000  -0.000000  -0.000000
  -0.000000
  -0.000044  -0.000033  -0.000022  -0.000010   0.000002   0.000033   0.000092  -0.000005
   0.000012   0.000009   0.000009   0.000009   0.000009   0.000009   0.000009   0.000009
   0.000009   0.001618   0.001618   0.001618   0.001618   0.001618   0.001618   0.001618
   0.001618   0.000017   0.000017   0.000017   0.000017   0.000017   0.000017   0.000017
   0.000017   0.000002   0.000002   0.000002   0.000002   0.000002   0.000002   0.000002
   0.000002  -0.000000  -0.000000  -0.000000  -0.000000  -0.000000  -0.000000  -0.000000
  -0.000000
  -0.000001  -0.000040  -0.000080  -0.000121  -0.000163  -0.000038   0.000334  -0.000172
  -0.000020   0.000003   0.000003   0.000003   0.000003   0.000003   0.000003   0.000003
   0.000003   0.000017   0.000017   0.000017   0.000017   0.000017   0.000017   0.000017
   0.000017   0.002015   0.002015   0.002015   0.002015   0.002015   0.002015   0.002015
   0.002015   0.000025   0.000025   0.000025   0.000025   0.000025   0.000025   0.000025
   0.000025   0.000006   0.000006   0.000006   0.000006   0.000006   0.000006   0.000006
   0.000006
  -0.000001  -0.000040  -0.000080  -0.000121  -0.000163  -0.000038   0.000334  -0.000172
  -0.000020   0.000003   0.000003   0.000003   0.000003   0.000003   0.000003   0.000003
   0.000003   0.000017   0.000017   0.000017   0.000017   0.000017   0.000017   0.000017
   0.000017   0.002015   0.002015   0.002015   0.002015   0.002015   0.002015   0.002015
   0.002015   0.000025   0.000025   0.000025   0.000025   0.000025   0.000025   0.000025
   0.000025   0.000006   0.000006   0.000006   0.000006   0.000006   0.000006   0.000006
   0.000006
  -0.000001  -0.000040  -0.000080  -0.000121  -0.000163  -0.000038   0.000334  -0.000172
  -0.000020   0.000003   0.000003   0.000003   0.000003   0.000003   0.000003   0.000003
   0.000003   0.000017   0.000017   0.000017   0.000017   0.000017   0.000017   0.000017
   0.000017   0.002015   0.002015   0.002015   0.002015   0.002015   0.002015   0.002015
   0.002015   0.000025   0.000025   0.000025   0.000025   0.000025   0.000025   0.000025
   0.000025   0.000006   0.000006   0.000006   0.000006   0.000006   0.000006   0.000006
   0.000006
  -0.000001  -0.000040  -0.000080  -0.000121  -0.000163  -0.000038   0.000334  -0.000172
  -0.000020   0.000003   0.000003   0.000003   0.000003   0.000003   0.000003   0.000003
   0.000003   0.000017   0.000017   0.000017   0.000017   0.000017   0.000017   0.000017
   0.000017   0.002015   0.002015   0.002015   0.002015   0.002015   0.002015   0.002015
   0.002015   0.000025   0.000025   0.000025   0.000025   0.000025   0.000025   0.000025
   0.000025   0.000006   0.000006   0.000006   0.000006   0.000006   0.000006   0.000006
   0.000006
  -0.000001  -0.000040  -0.000080  -0.000121  -0.000163  -0.000038   0.000334  -0.000172
  -0.000020   0.000003   0.000003   0.000003   0.000003   0.000003   0.000003   0.000003
   0.000003   0.000017   0.000017   0.000017   0.000017   0.000017   0.000017   0.000017
   0.000017   0.002015   0.002015   0.002015   0.002015   0.002015   0.002015   0.002015
   0.002015   0.000025   0.000025   0.000025   0.000025   0.000025   0.000025   0.000025
   0.000025   0.000006   0.000006   0.000006   0.000006   0.000006   0.000006   0.000006
   0.000006
  -0.000001  -0.000040  -0.000080  -0.000121  -0.000163  -0.000038   0.000334  -0.000172
  -0.000020   0.000003   0.000003   0.000003   0.000003   0.000003   0.000003   0.000003
   0.000003   0.000017   0.000017   0.000017   0.000017   0.000017   0.000017   0.000017
   0.000017   0.002015   0.002015   0.002015   0.002015   0.002015   0.002015   0.002015
   0.002015   0.000025   0.000025   0.000025   0.000025   0.000025   0.000025   0.000025
   0.000025   0.000006   0.000006   0.000006   0.000006   0.000006   0.000006   0.000006
   0.000006
  -0.000001  -0.000040  -0.000080  -0.000121  -0.000163  -0.000038   0.000334  -0.000172
  -0.000020   0.000003   0.000003   0.000003   0.000003   0.000003   0.000003   0.000003
   0.000003   0.000017   0.000017   0.000017   0.000017   0.000017   0.000017   0.000017
   0.000017   0.002015   0.002015   0.002015   0.002015   0.002015   0.002015   0.002015
   0.002015   0.000025   0.000025   0.000025   0.000025   0.000025   0.000025   0.000025
   0.000025   0.000006   0.000006   0.000006   0.000006   0.000006   0.000006   0.000006
   0.000006
  -0.000001  -0.000040  -0.000080  -0.000121  -0.000163  -0.000038   0.000334  -0.000172
  -0.000020   0.000003   0.000003   0.000003   0.000003   0.000003   0.000003   0.000003
   0.000003   0.000017   0.000017   0.000017   0.000017   0.000017   0.000017   0.000017
   0.000017   0.002015   0.002015   0.002015   0.002015   0.002015   0.002015   0.002015
   0.002015   0.000025   0.000025   0.000025   0.000025   0.000025   0.000025   0.000025
   0.000025   0.000006   0.000006   0.000006   0.000006   0.000006   0.000006   0.000006
   0.000006
  -0.000138  -0.000108  -0.000077  -0.000045  -0.000011   0.000006   0.000056   0.000080
   0.000420   0.000003   0.000003   0.000003   0.000003   0.000003   0.000003   0.000003
   0.000003   0.000002   0.000002   0.000002   0.000002   0.000002   0.000002   0.000002
   0.000002   0.000025   0.000025   0.000025   0.000025   0.000025   0.000025   0.000025
   0.000025   0.001740   0.001740   0.001740   0.001740   0.001740   0.001740   0.001740
   0.001740   0.000018   0.000018   0.000018   0.000018   0.000018   0.000018   0.000018
   0.000018
  -0.000138  -0.000108  -0.000077  -0.000045  -0.000011   0.000006   0.000056   0.000080
   0.000420   0.000003   0.000003   0.000003   0.000003   0.000003   0.000003   0.000003
   0.000003   0.000002   0.000002   0.000002   0.000002   0.000002   0.000002   0.000002
   0.000002   0.000025   0.000025   0.000025   0.000025   0.000025   0.000025   0.000025
   0.000025   0.001740   0.001740   0.001740   0.001740   0.001740   0.001740   0.001740
   0.001740   0.000018   0.000018   0.000018   0.000018   0.000018   0.000018   0.000018
   0.000018
  -0.000138  -0.000108  -0.000077  -0.000045  -0.000011   0.000006   0.000056   0.000080
   0.000420   0.000003   0.000003   0.000003   0.000003   0.000003   0.000003   0.000003
   0.000003   0.000002   0.000002   0.000002   0.000002   0.000002   0.000002   0.000002
   0.000002   0.000025   0.000025   0.000025   0.000025   0.000025   0.000025   0.000025
   0.000025   0.001740   0.001740   0.001740   0.001740   0.001740   0.001740   0.001740
   0.001740   0.000018   0.000018   0.000018   0.000018   0.000018   0.000018   0.000018
   0.000018
  -0.000138  -0.000108  -0.000077  -0.000045  -0.000011   0.000006   0.000056   0.000080
   0.000420   0.000003   0.000003   0.000003   0.000003   0.000003   0.000003   0.000003
   0.000003   0.000002   0.000002   0.000002   0.000002   0.000002   0.000002   0.000002
   0.000002   0.000025   0.000025   0.000025   0.000025   0.000025   0.000025   0.000025
   0.000025   0.001740   0.001740   0.001740   0.001740   0.001740   0.001740   0.001740
   0.001740   0.000018   0.000018   0.000018   0.000018   0.000018   0.000018   0.000018
   0.000018
  -0.000138  -0.000108  -0.000077  -0.000045  -0.000011   0.000006   0.000056   0.000080
   0.000420   0.000003   0.000003   0.000003   0.000003   0.000003   0.000003   0.000003
   0.000003   0.000002   0.000002   0.000002   0.000002   0.000002   0.000002   0.000002
   0.000002   0.000025   0.000025   0.000025   0.000025   0.000025   0.000025   0.000025
   0.000025   0.001740   0.001740   0.001740   0.001740   0.001740   0.001740   0.001740
   0.001740   0.000018   0.000018   0.000018   0.000018   0.000018   0.000018   0.000018
   0.000018
  -0.000138  -0.000108  -0.000077  -0.000045  -0.000011   0.000006   0.000056   0.000080
   0.000420   0.000003   0.000003   0.000003   0.000003   0.000003   0.000003   0.000003
   0.000003   0.000002   0.000002   0.000002   0.000002   0.000002   0.000002   0.000002
   0.000002   0.000025   0.000025   0.000025   0.000025   0.000025   0.000025   0.000025
   0.000025   0.001740   0.001740   0.001740   0.001740   0.001740   0.001740   0.001740
   0.001740   0.000018   0.000018   0.000018   0.000018   0.000018   0.000018   0.000018
   0.000018
  -0.000138  -0.000108  -0.000077  -0.000045  -0.000011   0.000006   0.000056   0.000080
   0.000420   0.000003   0.000003   0.000003   0.000003   0.000003   0.000003   0.000003
   0.000003   0.000002   0.000002   0.000002   0.000002   0.000002   0.000002   0.000002
   0.000002   0.000025   0.000025   0.000025   0.000025   0.000025   0.000025   0.000025
   0.000025   0.001740   0.001740   0.001740   0.001740   0.001740   0.001740   0.001740
   0.001740   0.000018   0.000018   0.000018   0.000018   0.000018   0.000018   0.000018
   0.000018
  -0.000138  -0.000108  -0.000077  -0.000045  -0.000011   0.000006   0.000056   0.000080
   0.000420   0.000003   0.000003   0.000003   0.000003   0.000003   0.000003   0.000003
   0.000003   0.000002   0.000002   0.000002   0.000002   0.000002   0.000002   0.000002
   0.000002   0.000025   0.000025   0.000025   0.000025   0.000025   0.000025   0.000025
   0.000025   0.001740   0.001740   0.001740   0.001740   0.001740   0.001740   0.001740
   0.001740   0.000018   0.000018   0.000018   0.000018   0.000018   0.000018   0.000018
   0.000018
   0.000026  -0.000005  -0.000039  -0.000073  -0.000107  -0.000030  -0.000044  -0.000054
   0.000073  -0.000002  -0.000002  -0.000002  -0.000002  -0.000002  -0.000002  -0.000002
  -0.000002  -0.000000  -0.000000  -0.000000  -0.000000  -0.000000  -0.000000  -0.000000
  -0.000000   0.000006   0.000006   0.000006   0.000006   0.000006   0.000006   0.000006
   0.000006   0.000018   0.000018   0.000018   0.000018   0.000018   0.000018   0.000018
   0.000018   0.001540   0.001540   0.001540   0.001540   0.001540   0.001540   0.001540
   0.001540
   0.000026  -0.000005  -0.000039  -0.000073  -0.000107  -0.000030  -0.000044  -0.000054
   0.000073  -0.000002  -0.000002  -0.000002  -0.000002  -0.000002  -0.000002  -0.000002
  -0.000002  -0.000000  -0.000000  -0.000000  -0.000000  -0.000000  -0.000000  -0.000000
  -0.000000   0.000006   0.000006   0.000006   0.000006   0.000006   0.000006   0.000006
   0.000006   0.000018   0.000018   0.000018   0.000018   0.000018   0.000018   0.000018
   0.000018   0.001540   0.001540   0.001540   0.001540   0.001540   0.001540   0.001540
   0.001540
   0.000026  -0.000005  -0.000039  -0.000073  -0.000107  -0.000030  -0.000044  -0.000054
   0.000073  -0.000002  -0.000002  -0.000002  -0.000002  -0.000002  -0.000002  -0.000002
  -0.000002  -0.000000  -0.000000  -0.000000  -0.000000  -0.000000  -0.000000  -0.000000
  -0.000000   0.000006   0.000006   0.000006   0.000006   0.000006   0.000006   0.000006
   0.000006   0.000018   0.000018   0.000018   0.000018   0.000018   0.000018   0.000018
   0.000018   0.001540   0.001540   0.001540   0.001540   0.001540   0.001540   0.001540
   0.001540
   0.000026  -0.000005  -0.000039  -0.000073  -0.000107  -0.000030  -0.000044  -0.000054
   0.000073  -0.000002  -0.000002  -0.000002  -0.000002  -0.000002  -0.000002  -0.000002
  -0.000002  -0.000000  -0.000000  -0.000000  -0.000000  -0.000000  -0.000000  -0.000000
  -0.000000   0.000006   0.000006   0.000006   0.000006   0.000006   0.000006   0.000006
   0.000006   0.000018   0.000018   0.000018   0.000018   0.000018   0.000018   0.000018
   0.000018   0.001540   0.001540   0.001540   0.001540   0.001540   0.001540   0.001540
   0.001540
   0.000026  -0.000005  -0.000039  -0.000073  -0.000107  -0.000030  -0.000044  -0.000054
   0.000073  -0.000002  -0.000002  -0.000002  -0.000002  -0.000002  -0.000002  -0.000002
  -0.000002  -0.000000  -0.000000  -0.000000  -0.000000  -0.000000  -0.000000  -0.000000
  -0.000000   0.000006   0.000006   0.000006   0.000006   0.000006   0.000006   0.000006
   0.000006   0.000018   0.000018   0.000018   0.000018   0.000018   0.000018   0.000018
   0.000018   0.001540   0.001540   0.001540   0.001540   0.001540   0.001540   0.001540
   0.001540
   0.000026  -0.000005  -0.000039  -0.000073  -0.000107  -0.000030  -0.000044  -0.000054
   0.000073  -0.000002  -0.000002  -0.000002  -0.000002  -0.000002  -0.000002  -0.000002
  -0.000002  -0.000000  -0.000000  -0.000000  -0.000000  -0.000000  -0.000000  -0.000000
  -0.000000   0.000006   0.000006   0.000006   0.000006   0.000006   0.000006   0.000006
   0.000006   0.000018   0.000018   0.000018   0.000018   0.000018   0.000018   0.000018
   0.000018   0.001540   0.001540   0.001540   0.001540   0.001540   0.001540   0.001540
   0.001540
   0.000026  -0.000005  -0.000039  -0.000073  -0.000107  -0.000030  -0.000044  -0.000054
   0.000073  -0.000002  -0.000002  -0.000002  -0.000002  -0.000002  -0.000002  -0.000002
  -0.000002  -0.000000  -0.000000  -0.000000  -0.000000  -0.000000  -0.000000  -0.000000
  -0.000000   0.000006   0.000006   0.000006   0.000006   0.000006   0.000006   0.000006
   0.000006   0.000018   0.000018   0.000018   0.000018   0.000018   0.000018   0.000018
   0.000018   0.001540   0.001540   0.001540   0.001540   0.001540   0.001540   0.001540
   0.001540
   0.000026  -0.000005  -0.000039  -0.000073  -0.000107  -0.000030  -0.000044  -0.000054
   0.000073  -0.000002  -0.000002  -0.000002  -0.000002  -0.000002  -0.000002  -0.000002
  -0.000002  -0.000000  -0.000000  -0.000000  -0.000000  -0.000000  -0.000000  -0.000000
  -0.000000   0.000006   0.000006   0.000006   0.000006   0.000006   0.000006   0.000006
   0.000006   0.000018   0.000018   0.000018   0.000018   0.000018   0.000018   0.000018
   0.000018   0.001540   0.001540   0.001540   0.001540   0.001540   0.001540   0.001540
   0.001540

================================================================================

 DERIVED parameters - eps2,eps3,eps4,...

        Site                        eps(t)  Std.err     95% conf. interval
     1   site 1      eps( 2):       0.0907  0.0354     0.0213 - 0.1601 
     1   site 1      eps( 3):       0.0963  0.0425     0.0130 - 0.1796 
     1   site 1      eps( 4):       0.2736  0.0670     0.1422 - 0.4049 
     1   site 1      eps( 5):       0.1221  0.0531     0.0180 - 0.2261 


 DERIVED parameters - lam2,lam3,lam4,...

        Site                        lam(t)  Std.err     95% conf. interval
     1   site 1      lam( 2):       0.9698  0.0290     0.9130 - 1.0266
     1   site 1      lam( 3):       0.9683  0.0321     0.9054 - 1.0312
     1   site 1      lam( 4):       0.9667  0.0354     0.8974 - 1.0361
     1   site 1      lam( 5):       0.9651  0.0386     0.8895 - 1.0408

CPU time: 1.0 seconds

