
   Program  MARK  - Survival Rate Estimation with Capture-Recapture Data
   gfortran(dble) Vers. 9.0 Jan 2019    12-Feb-2020 19:15:49    Page  001
 - - - - - - - - - - - - - - - - - - - - - - - - - - - - - - - - - - - - - -
 
   This version was compiled by GCC version 8.1.0 using the options: 
     -cpp -D__DYNAMIC__ -D IEEE -D DBLEPRECISION -fPIC -m64
     -mmacosx-version-min=10.11.0 -mtune=core2 -O2 -fimplicit-none -fbounds-check
     -funroll-loops -ftree-vectorize -ffpe-summary=invalid,zero,overflow,underflow
     -fno-unsafe-math-optimizations -frounding-math -fsignaling-nans -fopenmp.

   This problem will use 11 of 12 possible threads.


  INPUT --- proc title ;

   CPU Time for the last procedure was 0.01 seconds.     


  INPUT --- proc chmatrix occasions= 3 groups= 2 etype= Occupancy 
  INPUT --- Nodes= 101 icovar = 1 ICMeans  NoHist hist= 41 ;

  INPUT ---    time interval 1 1 1 ;

  INPUT ---     icovariates logFS ;

  INPUT ---    glabel(1)=bqin;

  INPUT ---    glabel(2)=bqiy;

      Number of unique encounter histories read was 41.

      Number of individual covariates read was 1.
      Time interval lengths are all equal to 1.

      Data type number is 27
      Data type is Occupancy Estimation with Detection < 1                                                             

   CPU Time for the last procedure was 0.01 seconds.     

  Program  MARK  - Survival Rate Estimation with Capture-Recapture Data
   gfortran(dble) Vers. 9.0 Jan 2019    12-Feb-2020 19:15:49    Page  002
 - - - - - - - - - - - - - - - - - - - - - - - - - - - - - - - - - - - - - -
 


  INPUT --- proc estimate link=Logit NOLOOP varest=2ndPart    ;


  INPUT --- model={ p(~1)Psi(~logFS) };

  INPUT ---    group=1 p    rows=1 cols=3 Square ;
  INPUT ---        1 1 1 ;

  INPUT ---    group=2 p    rows=1 cols=3 Square ;
  INPUT ---        1 1 1 ;

  INPUT ---    group=1 Psi    rows=1 cols=1 Square ;
  INPUT ---        2 ;

  INPUT ---    group=2 Psi    rows=1 cols=1 Square ;
  INPUT ---        2 ;

  INPUT ---    design matrix constraints=2 covariates=3;
  INPUT ---        1 0 0;
  INPUT ---        0 1 logFS;
  INPUT ---       blabel(1)=p:(Intercept);
  INPUT ---       blabel(2)=Psi:(Intercept);
  INPUT ---       blabel(3)=Psi:logFS;
  INPUT ---       rlabel(1)=p gn a0 t1;
  INPUT ---       rlabel(2)=Psi gn a0 t1;

 Link Function Used is LOGIT        

 Variance Estimation Procedure Used is 2ndPart 
 -2logL(saturated) = 0.0000000     
 Effective Sample Size = 41

   * *  WARNING  * *   Error number 0 from VA09AD optimization routine. 

 Number of function evaluations was 17 for 3 parameters.
 Time for numerical optimization was 0.02 seconds.     
 -2logL { p(~1)Psi(~logFS) } = 167.92322     
 Penalty { p(~1)Psi(~logFS) } = 0.0000000     
 Gradient { p(~1)Psi(~logFS) }:
   0.000000       0.000000       0.000000    
 Maximum ABS(G) { p(~1)Psi(~logFS) } = 0.0000000     
 S Vector { p(~1)Psi(~logFS) }:
   22.37442      2.712383     0.4116172E-01
 Time to compute number of parameters was 0.01 seconds.     
 Ratio Threshold = 50.000000       Max Gap (2/3) = 65.895756       Next Max Gap (1/2) = 8.2489896     
 Gap Method for Num. of Estimated Parameters { p(~1)Psi(~logFS) } = 2          
 Threshold { p(~1)Psi(~logFS) } = 0.0000000                     
 Numerical Threshold Method for Num. of Estimated Parameters { p(~1)Psi(~logFS) } = 3          
 Number of Estimated Parameters { p(~1)Psi(~logFS) } = 3          

   * *  WARNING  * *   Number of parameters estimated from gap method (=2) and threshold method (=3) differ.  Inspect full output.                                                                                                                                                                                                                                                                                                                                                                                                                      

  Program  MARK  - Survival Rate Estimation with Capture-Recapture Data
   gfortran(dble) Vers. 9.0 Jan 2019    12-Feb-2020 19:15:49    Page  003
 - - - - - - - - - - - - - - - - - - - - - - - - - - - - - - - - - - - - - -
 
 Ratios of S Vector { p(~1)Psi(~logFS) }:
   1/2    8.248990       2/3    65.89576    
 DEVIANCE { p(~1)Psi(~logFS) } = 167.92322                     
 DEVIANCE Degrees of Freedom { p(~1)Psi(~logFS) } = 38            
 c-hat { p(~1)Psi(~logFS) } = 4.4190320                     
 AIC { p(~1)Psi(~logFS) } = 173.92322                  
 AICc { p(~1)Psi(~logFS) } = 174.57186                    
 BIC { p(~1)Psi(~logFS) } = 179.06393                    
 Pearson Chisquare { p(~1)Psi(~logFS) } = 288.28098                  


                     LOGIT Link Function Parameters of { p(~1)Psi(~logFS) }
                                                              95% Confidence Interval
 Parameter                    Beta         Standard Error      Lower           Upper
 -------------------------  --------------  --------------  --------------  --------------
    1:p:(Intercept)          0.2128360       0.2400080      -0.2575797       0.6832518    
    2:Psi:(Intercept)        3.4441599       2.9013450      -2.2424764       9.1307962    
    3:Psi:logFS             -0.5325425       1.0104871      -2.5130972       1.4480121    


                     Real Function Parameters of { p(~1)Psi(~logFS) }

      Following estimates based on unstandardized individual covariate values:
          Variable   Value         
          ---------  ------------- 
          LOGFS       2.6321100    
                                                               95% Confidence Interval
  Parameter                  Estimate       Standard Error      Lower           Upper
 --------------------------  --------------  --------------  --------------  --------------
     1:p gn a0 t1             0.5530091       0.0593276       0.4359588       0.6644641                          
     2:Psi gn a0 t1           0.8851824       0.0757111       0.6416142       0.9707594                          


                      Estimates of Derived Parameters
               Occupancy Estimates of { p(~1)Psi(~logFS) }
                                            95% Confidence Interval
 Group   Psi-hat         Standard Error      Lower           Upper
 -----   --------------  --------------  --------------  --------------
   1      0.8851824       0.0757111       0.6416142       0.9707594    
   2      0.8851824       0.0757111       0.6416142       0.9707594    

 Attempted ordering of parameters by estimatibility:
  1 2 3
 Beta number 3 is a singular value.

   CPU Time for the last procedure was 0.03 seconds.     

  Program  MARK  - Survival Rate Estimation with Capture-Recapture Data
   gfortran(dble) Vers. 9.0 Jan 2019    12-Feb-2020 19:15:49    Page  004
 - - - - - - - - - - - - - - - - - - - - - - - - - - - - - - - - - - - - - -
 


  INPUT --- proc stop;

     CPU Time in minutes for this job was 0.00

     Time Start = 19:15:49.771   Time End = 19:15:49.785

     Wall Clock Time in minutes for this job was 0.00


          E X E C U T I O N   S U C C E S S F U L 
