

PRESENCE - Presence/Absence-Site Occupancy data analysis
Sat Oct 22 19:28:22 2011,       Version 4.0111018
- - - - - - - - - - - - - - - - - - - - - - - - - - - - -
==>i=weta.pao
==>l=pres_psi(browse)__p(observer).out
==>name=psi(browse) ,p(observer)
==>model=100
==>j=c:\documents and settings\cschwarz\desktop\occupancysampledata\weta_project\weta_project\weta_project\weta.dm
==>lmt=200
model=100 N,T-->72,5
modtype-->1 

********* Input Data summary *******
Number of sites                = 72
Number of sampling occasions   = 5
Number of missing observations = 98
Data checksum = 53860

Naive occupancy estimate       = 0.4861

NSiteCovs-->2
site_covname[0]=Browsed
site_covname[1]=Unbrowsed
NSampCovs-->3
samp_covname[0]=Obs1
samp_covname[1]=Obs2
samp_covname[2]=Obs3
Primary periods=1 Secondary periods: 5
- - - - - - - - - - - - - - - - - - - - - - - - - - - - -
 weta
- - - - - - - - - - - - - - - - - - - - - - - - - - - - -
modtype=1 N=72 T=5 Groups=1 bootstraps=0

-->1-5
Matrix 1: rows=2, cols=3
            -,a1,a2,
psi           1 Browsed
========================

Matrix 2: rows=6, cols=4
            -,b1,b2,b3,
p1            1 Obs1 Obs2
p2            1 Obs1 Obs2
p3            1 Obs1 Obs2
p4            1 Obs1 Obs2
p5            1 Obs1 Obs2
========================

Matrix 3: rows=0, cols=0
========================

Matrix 4: rows=0, cols=0
========================

Matrix 5: rows=0, cols=0
========================

Matrix 6: rows=0, cols=0
========================

Custom Model:

Number of parameters           = 5
Number of significant digits   =   8.1

Model has been fit using the logistic link.


Number of parameters           = 5
Number of function calls           = 135
-2log(likelihood)              = 252.0421
AIC                            = 262.0421

varcov: nsig=6 eps=1.000000e-002

Untransformed Estimates of coefficients for covariates (Beta's)
======================================================================
                                          estimate    std.error
A1   psi                              :  -0.061333    0.434131
A2   psi.Browsed                      :   1.179205    0.701735
B1   p1                               :  -0.215842    0.327006
B2   p1.Obs1                          :  -1.029421    0.432426
B3   p1.Obs2                          :  -0.279612    0.403365

Variance-Covariance Matrix of Untransformed estimates (Beta's):
              A1         A2         B1         B2         B3  
     A1    0.188469  -0.143937  -0.037683   0.003598   0.002203
     A2   -0.143937   0.492432  -0.037843   0.012074  -0.000285
     B1   -0.037683  -0.037843   0.106933  -0.081631  -0.077020
     B2    0.003598   0.012074  -0.081631   0.186992   0.076855
     B3    0.002203  -0.000285  -0.077020   0.076855   0.162704
------------------------------

============================================================

   Individual Site estimates of <psi> 
                Site               estimate  Std.err   95% conf. interval
psi             1 site 1          :  0.7536   0.1164     0.4723 - 0.9127 
psi             2 site 2          :  0.7536   0.1164     0.4723 - 0.9127 
psi             3 site 3          :  0.7536   0.1164     0.4723 - 0.9127 
psi             4 site 4          :  0.4847   0.1084     0.2865 - 0.6877 
psi             5 site 5          :  0.7536   0.1164     0.4723 - 0.9127 
psi             6 site 6          :  0.4847   0.1084     0.2865 - 0.6877 
psi             7 site 7          :  0.4847   0.1084     0.2865 - 0.6877 
psi             8 site 8          :  0.4847   0.1084     0.2865 - 0.6877 
psi             9 site 9          :  0.4847   0.1084     0.2865 - 0.6877 
psi            10 site 10         :  0.7536   0.1164     0.4723 - 0.9127 
psi            11 site 11         :  0.7536   0.1164     0.4723 - 0.9127 
psi            12 site 12         :  0.7536   0.1164     0.4723 - 0.9127 
psi            13 site 13         :  0.7536   0.1164     0.4723 - 0.9127 
psi            14 site 14         :  0.4847   0.1084     0.2865 - 0.6877 
psi            15 site 15         :  0.4847   0.1084     0.2865 - 0.6877 
psi            16 site 16         :  0.7536   0.1164     0.4723 - 0.9127 
psi            17 site 17         :  0.7536   0.1164     0.4723 - 0.9127 
psi            18 site 18         :  0.4847   0.1084     0.2865 - 0.6877 
psi            19 site 19         :  0.4847   0.1084     0.2865 - 0.6877 
psi            20 site 20         :  0.7536   0.1164     0.4723 - 0.9127 
psi            21 site 21         :  0.7536   0.1164     0.4723 - 0.9127 
psi            22 site 22         :  0.4847   0.1084     0.2865 - 0.6877 
psi            23 site 23         :  0.7536   0.1164     0.4723 - 0.9127 
psi            24 site 24         :  0.4847   0.1084     0.2865 - 0.6877 
psi            25 site 25         :  0.4847   0.1084     0.2865 - 0.6877 
psi            26 site 26         :  0.4847   0.1084     0.2865 - 0.6877 
psi            27 site 27         :  0.4847   0.1084     0.2865 - 0.6877 
psi            28 site 28         :  0.7536   0.1164     0.4723 - 0.9127 
psi            29 site 29         :  0.4847   0.1084     0.2865 - 0.6877 
psi            30 site 30         :  0.4847   0.1084     0.2865 - 0.6877 
psi            31 site 31         :  0.4847   0.1084     0.2865 - 0.6877 
psi            32 site 32         :  0.7536   0.1164     0.4723 - 0.9127 
psi            33 site 33         :  0.4847   0.1084     0.2865 - 0.6877 
psi            34 site 34         :  0.4847   0.1084     0.2865 - 0.6877 
psi            35 site 35         :  0.4847   0.1084     0.2865 - 0.6877 
psi            36 site 36         :  0.4847   0.1084     0.2865 - 0.6877 
psi            37 site 37         :  0.4847   0.1084     0.2865 - 0.6877 
psi            38 site 38         :  0.7536   0.1164     0.4723 - 0.9127 
psi            39 site 39         :  0.4847   0.1084     0.2865 - 0.6877 
psi            40 site 40         :  0.4847   0.1084     0.2865 - 0.6877 
psi            41 site 41         :  0.4847   0.1084     0.2865 - 0.6877 
psi            42 site 42         :  0.7536   0.1164     0.4723 - 0.9127 
psi            43 site 43         :  0.4847   0.1084     0.2865 - 0.6877 
psi            44 site 44         :  0.4847   0.1084     0.2865 - 0.6877 
psi            45 site 45         :  0.4847   0.1084     0.2865 - 0.6877 
psi            46 site 46         :  0.7536   0.1164     0.4723 - 0.9127 
psi            47 site 47         :  0.4847   0.1084     0.2865 - 0.6877 
psi            48 site 48         :  0.7536   0.1164     0.4723 - 0.9127 
psi            49 site 49         :  0.7536   0.1164     0.4723 - 0.9127 
psi            50 site 50         :  0.4847   0.1084     0.2865 - 0.6877 
psi            51 site 51         :  0.7536   0.1164     0.4723 - 0.9127 
psi            52 site 52         :  0.7536   0.1164     0.4723 - 0.9127 
psi            53 site 53         :  0.4847   0.1084     0.2865 - 0.6877 
psi            54 site 54         :  0.7536   0.1164     0.4723 - 0.9127 
psi            55 site 55         :  0.7536   0.1164     0.4723 - 0.9127 
psi            56 site 56         :  0.4847   0.1084     0.2865 - 0.6877 
psi            57 site 57         :  0.7536   0.1164     0.4723 - 0.9127 
psi            58 site 58         :  0.7536   0.1164     0.4723 - 0.9127 
psi            59 site 59         :  0.7536   0.1164     0.4723 - 0.9127 
psi            60 site 60         :  0.7536   0.1164     0.4723 - 0.9127 
psi            61 site 61         :  0.7536   0.1164     0.4723 - 0.9127 
psi            62 site 62         :  0.7536   0.1164     0.4723 - 0.9127 
psi            63 site 63         :  0.4847   0.1084     0.2865 - 0.6877 
psi            64 site 64         :  0.4847   0.1084     0.2865 - 0.6877 
psi            65 site 65         :  0.7536   0.1164     0.4723 - 0.9127 
psi            66 site 66         :  0.7536   0.1164     0.4723 - 0.9127 
psi            67 site 67         :  0.7536   0.1164     0.4723 - 0.9127 
psi            68 site 68         :  0.7536   0.1164     0.4723 - 0.9127 
psi            69 site 69         :  0.4847   0.1084     0.2865 - 0.6877 
psi            70 site 70         :  0.7536   0.1164     0.4723 - 0.9127 
psi            71 site 71         :  0.4847   0.1084     0.2865 - 0.6877 
psi            72 site 72         :  0.4847   0.1084     0.2865 - 0.6877 

============================================================

   Individual Site estimates of <p1> 
                Site               estimate  Std.err   95% conf. interval
p1              1 site 1          :  0.2235   0.0627     0.1241 - 0.3689 
p1              2 site 2          :  0.2235   0.0627     0.1241 - 0.3689 
p1              3 site 3          :  0.2235   0.0627     0.1241 - 0.3689 
p1              4 site 4          :  0.2235   0.0627     0.1241 - 0.3689 
p1              5 site 5          :  0.2235   0.0627     0.1241 - 0.3689 
p1              6 site 6          :  0.2235   0.0627     0.1241 - 0.3689 
p1              7 site 7          :  0.2235   0.0627     0.1241 - 0.3689 
p1              8 site 8          :  0.2235   0.0627     0.1241 - 0.3689 
p1              9 site 9          :  0.2235   0.0627     0.1241 - 0.3689 
p1             10 site 10         :  0.2235   0.0627     0.1241 - 0.3689 
p1             11 site 11         :  0.2235   0.0627     0.1241 - 0.3689 
p1             12 site 12         :  0.2235   0.0627     0.1241 - 0.3689 
p1             13 site 13         :  0.2235   0.0627     0.1241 - 0.3689 
p1             14 site 14         :  0.2235   0.0627     0.1241 - 0.3689 
p1             15 site 15         :  0.2235   0.0627     0.1241 - 0.3689 
p1             16 site 16             .          .            .         -   .
p1             17 site 17             .          .            .         -   .
p1             18 site 18             .          .            .         -   .
p1             19 site 19             .          .            .         -   .
p1             20 site 20         :  0.2235   0.0627     0.1241 - 0.3689 
p1             21 site 21         :  0.2235   0.0627     0.1241 - 0.3689 
p1             22 site 22         :  0.2235   0.0627     0.1241 - 0.3689 
p1             23 site 23         :  0.2235   0.0627     0.1241 - 0.3689 
p1             24 site 24         :  0.2235   0.0627     0.1241 - 0.3689 
p1             25 site 25         :  0.2235   0.0627     0.1241 - 0.3689 
p1             26 site 26         :  0.3786   0.0800     0.2383 - 0.5426 
p1             27 site 27         :  0.3786   0.0800     0.2383 - 0.5426 
p1             28 site 28         :  0.3786   0.0800     0.2383 - 0.5426 
p1             29 site 29         :  0.3786   0.0800     0.2383 - 0.5426 
p1             30 site 30         :  0.3786   0.0800     0.2383 - 0.5426 
p1             31 site 31         :  0.3786   0.0800     0.2383 - 0.5426 
p1             32 site 32         :  0.3786   0.0800     0.2383 - 0.5426 
p1             33 site 33         :  0.3786   0.0800     0.2383 - 0.5426 
p1             34 site 34         :  0.3786   0.0800     0.2383 - 0.5426 
p1             35 site 35         :  0.3786   0.0800     0.2383 - 0.5426 
p1             36 site 36         :  0.3786   0.0800     0.2383 - 0.5426 
p1             37 site 37         :  0.3786   0.0800     0.2383 - 0.5426 
p1             38 site 38             .          .            .         -   .
p1             39 site 39             .          .            .         -   .
p1             40 site 40             .          .            .         -   .
p1             41 site 41             .          .            .         -   .
p1             42 site 42             .          .            .         -   .
p1             43 site 43             .          .            .         -   .
p1             44 site 44             .          .            .         -   .
p1             45 site 45             .          .            .         -   .
p1             46 site 46             .          .            .         -   .
p1             47 site 47             .          .            .         -   .
p1             48 site 48         :  0.4462   0.0808     0.2980 - 0.6047 
p1             49 site 49         :  0.4462   0.0808     0.2980 - 0.6047 
p1             50 site 50         :  0.4462   0.0808     0.2980 - 0.6047 
p1             51 site 51         :  0.4462   0.0808     0.2980 - 0.6047 
p1             52 site 52         :  0.4462   0.0808     0.2980 - 0.6047 
p1             53 site 53         :  0.4462   0.0808     0.2980 - 0.6047 
p1             54 site 54         :  0.4462   0.0808     0.2980 - 0.6047 
p1             55 site 55         :  0.4462   0.0808     0.2980 - 0.6047 
p1             56 site 56         :  0.4462   0.0808     0.2980 - 0.6047 
p1             57 site 57         :  0.4462   0.0808     0.2980 - 0.6047 
p1             58 site 58         :  0.4462   0.0808     0.2980 - 0.6047 
p1             59 site 59         :  0.4462   0.0808     0.2980 - 0.6047 
p1             60 site 60         :  0.4462   0.0808     0.2980 - 0.6047 
p1             61 site 61         :  0.4462   0.0808     0.2980 - 0.6047 
p1             62 site 62         :  0.4462   0.0808     0.2980 - 0.6047 
p1             63 site 63             .          .            .         -   .
p1             64 site 64             .          .            .         -   .
p1             65 site 65             .          .            .         -   .
p1             66 site 66             .          .            .         -   .
p1             67 site 67             .          .            .         -   .
p1             68 site 68         :  0.4462   0.0808     0.2980 - 0.6047 
p1             69 site 69         :  0.4462   0.0808     0.2980 - 0.6047 
p1             70 site 70         :  0.4462   0.0808     0.2980 - 0.6047 
p1             71 site 71         :  0.4462   0.0808     0.2980 - 0.6047 
p1             72 site 72         :  0.4462   0.0808     0.2980 - 0.6047 
p2              1 site 1          :  0.4462   0.0808     0.2980 - 0.6047 
p2              2 site 2          :  0.4462   0.0808     0.2980 - 0.6047 
p2              3 site 3          :  0.4462   0.0808     0.2980 - 0.6047 
p2              4 site 4          :  0.4462   0.0808     0.2980 - 0.6047 
p2              5 site 5          :  0.4462   0.0808     0.2980 - 0.6047 
p2              6 site 6          :  0.4462   0.0808     0.2980 - 0.6047 
p2              7 site 7          :  0.4462   0.0808     0.2980 - 0.6047 
p2              8 site 8          :  0.4462   0.0808     0.2980 - 0.6047 
p2              9 site 9          :  0.4462   0.0808     0.2980 - 0.6047 
p2             10 site 10         :  0.4462   0.0808     0.2980 - 0.6047 
p2             11 site 11         :  0.4462   0.0808     0.2980 - 0.6047 
p2             12 site 12         :  0.4462   0.0808     0.2980 - 0.6047 
p2             13 site 13         :  0.4462   0.0808     0.2980 - 0.6047 
p2             14 site 14         :  0.4462   0.0808     0.2980 - 0.6047 
p2             15 site 15         :  0.4462   0.0808     0.2980 - 0.6047 
p2             16 site 16         :  0.4462   0.0808     0.2980 - 0.6047 
p2             17 site 17         :  0.4462   0.0808     0.2980 - 0.6047 
p2             18 site 18         :  0.4462   0.0808     0.2980 - 0.6047 
p2             19 site 19         :  0.4462   0.0808     0.2980 - 0.6047 
p2             20 site 20         :  0.4462   0.0808     0.2980 - 0.6047 
p2             21 site 21             .          .            .         -   .
p2             22 site 22             .          .            .         -   .
p2             23 site 23             .          .            .         -   .
p2             24 site 24             .          .            .         -   .
p2             25 site 25             .          .            .         -   .
p2             26 site 26         :  0.2235   0.0627     0.1241 - 0.3689 
p2             27 site 27         :  0.2235   0.0627     0.1241 - 0.3689 
p2             28 site 28         :  0.2235   0.0627     0.1241 - 0.3689 
p2             29 site 29         :  0.2235   0.0627     0.1241 - 0.3689 
p2             30 site 30         :  0.2235   0.0627     0.1241 - 0.3689 
p2             31 site 31         :  0.2235   0.0627     0.1241 - 0.3689 
p2             32 site 32         :  0.2235   0.0627     0.1241 - 0.3689 
p2             33 site 33         :  0.2235   0.0627     0.1241 - 0.3689 
p2             34 site 34         :  0.2235   0.0627     0.1241 - 0.3689 
p2             35 site 35         :  0.2235   0.0627     0.1241 - 0.3689 
p2             36 site 36         :  0.2235   0.0627     0.1241 - 0.3689 
p2             37 site 37         :  0.2235   0.0627     0.1241 - 0.3689 
p2             38 site 38         :  0.2235   0.0627     0.1241 - 0.3689 
p2             39 site 39         :  0.2235   0.0627     0.1241 - 0.3689 
p2             40 site 40         :  0.2235   0.0627     0.1241 - 0.3689 
p2             41 site 41         :  0.2235   0.0627     0.1241 - 0.3689 
p2             42 site 42         :  0.2235   0.0627     0.1241 - 0.3689 
p2             43 site 43             .          .            .         -   .
p2             44 site 44             .          .            .         -   .
p2             45 site 45             .          .            .         -   .
p2             46 site 46             .          .            .         -   .
p2             47 site 47             .          .            .         -   .
p2             48 site 48         :  0.3786   0.0800     0.2383 - 0.5426 
p2             49 site 49         :  0.3786   0.0800     0.2383 - 0.5426 
p2             50 site 50         :  0.3786   0.0800     0.2383 - 0.5426 
p2             51 site 51         :  0.3786   0.0800     0.2383 - 0.5426 
p2             52 site 52         :  0.3786   0.0800     0.2383 - 0.5426 
p2             53 site 53         :  0.3786   0.0800     0.2383 - 0.5426 
p2             54 site 54         :  0.3786   0.0800     0.2383 - 0.5426 
p2             55 site 55         :  0.3786   0.0800     0.2383 - 0.5426 
p2             56 site 56         :  0.3786   0.0800     0.2383 - 0.5426 
p2             57 site 57         :  0.3786   0.0800     0.2383 - 0.5426 
p2             58 site 58         :  0.3786   0.0800     0.2383 - 0.5426 
p2             59 site 59         :  0.3786   0.0800     0.2383 - 0.5426 
p2             60 site 60         :  0.3786   0.0800     0.2383 - 0.5426 
p2             61 site 61         :  0.3786   0.0800     0.2383 - 0.5426 
p2             62 site 62         :  0.3786   0.0800     0.2383 - 0.5426 
p2             63 site 63         :  0.3786   0.0800     0.2383 - 0.5426 
p2             64 site 64         :  0.3786   0.0800     0.2383 - 0.5426 
p2             65 site 65         :  0.3786   0.0800     0.2383 - 0.5426 
p2             66 site 66         :  0.3786   0.0800     0.2383 - 0.5426 
p2             67 site 67         :  0.3786   0.0800     0.2383 - 0.5426 
p2             68 site 68             .          .            .         -   .
p2             69 site 69             .          .            .         -   .
p2             70 site 70             .          .            .         -   .
p2             71 site 71             .          .            .         -   .
p2             72 site 72             .          .            .         -   .
p3              1 site 1          :  0.3786   0.0800     0.2383 - 0.5426 
p3              2 site 2          :  0.3786   0.0800     0.2383 - 0.5426 
p3              3 site 3          :  0.3786   0.0800     0.2383 - 0.5426 
p3              4 site 4          :  0.3786   0.0800     0.2383 - 0.5426 
p3              5 site 5          :  0.3786   0.0800     0.2383 - 0.5426 
p3              6 site 6          :  0.3786   0.0800     0.2383 - 0.5426 
p3              7 site 7          :  0.3786   0.0800     0.2383 - 0.5426 
p3              8 site 8          :  0.3786   0.0800     0.2383 - 0.5426 
p3              9 site 9          :  0.3786   0.0800     0.2383 - 0.5426 
p3             10 site 10         :  0.3786   0.0800     0.2383 - 0.5426 
p3             11 site 11             .          .            .         -   .
p3             12 site 12             .          .            .         -   .
p3             13 site 13             .          .            .         -   .
p3             14 site 14             .          .            .         -   .
p3             15 site 15             .          .            .         -   .
p3             16 site 16         :  0.3786   0.0800     0.2383 - 0.5426 
p3             17 site 17         :  0.3786   0.0800     0.2383 - 0.5426 
p3             18 site 18         :  0.3786   0.0800     0.2383 - 0.5426 
p3             19 site 19         :  0.3786   0.0800     0.2383 - 0.5426 
p3             20 site 20         :  0.3786   0.0800     0.2383 - 0.5426 
p3             21 site 21         :  0.3786   0.0800     0.2383 - 0.5426 
p3             22 site 22         :  0.3786   0.0800     0.2383 - 0.5426 
p3             23 site 23         :  0.3786   0.0800     0.2383 - 0.5426 
p3             24 site 24         :  0.3786   0.0800     0.2383 - 0.5426 
p3             25 site 25         :  0.3786   0.0800     0.2383 - 0.5426 
p3             26 site 26         :  0.4462   0.0808     0.2980 - 0.6047 
p3             27 site 27         :  0.4462   0.0808     0.2980 - 0.6047 
p3             28 site 28         :  0.4462   0.0808     0.2980 - 0.6047 
p3             29 site 29         :  0.4462   0.0808     0.2980 - 0.6047 
p3             30 site 30         :  0.4462   0.0808     0.2980 - 0.6047 
p3             31 site 31         :  0.4462   0.0808     0.2980 - 0.6047 
p3             32 site 32         :  0.4462   0.0808     0.2980 - 0.6047 
p3             33 site 33         :  0.4462   0.0808     0.2980 - 0.6047 
p3             34 site 34         :  0.4462   0.0808     0.2980 - 0.6047 
p3             35 site 35         :  0.4462   0.0808     0.2980 - 0.6047 
p3             36 site 36         :  0.4462   0.0808     0.2980 - 0.6047 
p3             37 site 37         :  0.4462   0.0808     0.2980 - 0.6047 
p3             38 site 38             .          .            .         -   .
p3             39 site 39             .          .            .         -   .
p3             40 site 40         :  0.4462   0.0808     0.2980 - 0.6047 
p3             41 site 41         :  0.4462   0.0808     0.2980 - 0.6047 
p3             42 site 42         :  0.4462   0.0808     0.2980 - 0.6047 
p3             43 site 43         :  0.4462   0.0808     0.2980 - 0.6047 
p3             44 site 44         :  0.4462   0.0808     0.2980 - 0.6047 
p3             45 site 45         :  0.4462   0.0808     0.2980 - 0.6047 
p3             46 site 46         :  0.4462   0.0808     0.2980 - 0.6047 
p3             47 site 47         :  0.4462   0.0808     0.2980 - 0.6047 
p3             48 site 48         :  0.2235   0.0627     0.1241 - 0.3689 
p3             49 site 49         :  0.2235   0.0627     0.1241 - 0.3689 
p3             50 site 50         :  0.2235   0.0627     0.1241 - 0.3689 
p3             51 site 51         :  0.2235   0.0627     0.1241 - 0.3689 
p3             52 site 52         :  0.2235   0.0627     0.1241 - 0.3689 
p3             53 site 53         :  0.2235   0.0627     0.1241 - 0.3689 
p3             54 site 54         :  0.2235   0.0627     0.1241 - 0.3689 
p3             55 site 55         :  0.2235   0.0627     0.1241 - 0.3689 
p3             56 site 56         :  0.2235   0.0627     0.1241 - 0.3689 
p3             57 site 57         :  0.2235   0.0627     0.1241 - 0.3689 
p3             58 site 58             .          .            .         -   .
p3             59 site 59             .          .            .         -   .
p3             60 site 60             .          .            .         -   .
p3             61 site 61             .          .            .         -   .
p3             62 site 62             .          .            .         -   .
p3             63 site 63         :  0.2235   0.0627     0.1241 - 0.3689 
p3             64 site 64         :  0.2235   0.0627     0.1241 - 0.3689 
p3             65 site 65         :  0.2235   0.0627     0.1241 - 0.3689 
p3             66 site 66         :  0.2235   0.0627     0.1241 - 0.3689 
p3             67 site 67         :  0.2235   0.0627     0.1241 - 0.3689 
p3             68 site 68         :  0.2235   0.0627     0.1241 - 0.3689 
p3             69 site 69         :  0.2235   0.0627     0.1241 - 0.3689 
p3             70 site 70         :  0.2235   0.0627     0.1241 - 0.3689 
p3             71 site 71         :  0.2235   0.0627     0.1241 - 0.3689 
p3             72 site 72         :  0.2235   0.0627     0.1241 - 0.3689 
p4              1 site 1          :  0.4462   0.0808     0.2980 - 0.6047 
p4              2 site 2          :  0.4462   0.0808     0.2980 - 0.6047 
p4              3 site 3          :  0.4462   0.0808     0.2980 - 0.6047 
p4              4 site 4          :  0.4462   0.0808     0.2980 - 0.6047 
p4              5 site 5          :  0.4462   0.0808     0.2980 - 0.6047 
p4              6 site 6          :  0.4462   0.0808     0.2980 - 0.6047 
p4              7 site 7          :  0.4462   0.0808     0.2980 - 0.6047 
p4              8 site 8          :  0.4462   0.0808     0.2980 - 0.6047 
p4              9 site 9          :  0.4462   0.0808     0.2980 - 0.6047 
p4             10 site 10         :  0.4462   0.0808     0.2980 - 0.6047 
p4             11 site 11         :  0.4462   0.0808     0.2980 - 0.6047 
p4             12 site 12         :  0.4462   0.0808     0.2980 - 0.6047 
p4             13 site 13         :  0.4462   0.0808     0.2980 - 0.6047 
p4             14 site 14         :  0.4462   0.0808     0.2980 - 0.6047 
p4             15 site 15         :  0.4462   0.0808     0.2980 - 0.6047 
p4             16 site 16             .          .            .         -   .
p4             17 site 17             .          .            .         -   .
p4             18 site 18             .          .            .         -   .
p4             19 site 19             .          .            .         -   .
p4             20 site 20             .          .            .         -   .
p4             21 site 21             .          .            .         -   .
p4             22 site 22             .          .            .         -   .
p4             23 site 23             .          .            .         -   .
p4             24 site 24             .          .            .         -   .
p4             25 site 25             .          .            .         -   .
p4             26 site 26             .          .            .         -   .
p4             27 site 27             .          .            .         -   .
p4             28 site 28             .          .            .         -   .
p4             29 site 29             .          .            .         -   .
p4             30 site 30         :  0.2235   0.0627     0.1241 - 0.3689 
p4             31 site 31         :  0.2235   0.0627     0.1241 - 0.3689 
p4             32 site 32         :  0.2235   0.0627     0.1241 - 0.3689 
p4             33 site 33         :  0.2235   0.0627     0.1241 - 0.3689 
p4             34 site 34         :  0.2235   0.0627     0.1241 - 0.3689 
p4             35 site 35         :  0.2235   0.0627     0.1241 - 0.3689 
p4             36 site 36         :  0.2235   0.0627     0.1241 - 0.3689 
p4             37 site 37         :  0.2235   0.0627     0.1241 - 0.3689 
p4             38 site 38         :  0.2235   0.0627     0.1241 - 0.3689 
p4             39 site 39         :  0.2235   0.0627     0.1241 - 0.3689 
p4             40 site 40         :  0.2235   0.0627     0.1241 - 0.3689 
p4             41 site 41         :  0.2235   0.0627     0.1241 - 0.3689 
p4             42 site 42         :  0.2235   0.0627     0.1241 - 0.3689 
p4             43 site 43         :  0.2235   0.0627     0.1241 - 0.3689 
p4             44 site 44         :  0.2235   0.0627     0.1241 - 0.3689 
p4             45 site 45         :  0.2235   0.0627     0.1241 - 0.3689 
p4             46 site 46         :  0.2235   0.0627     0.1241 - 0.3689 
p4             47 site 47         :  0.2235   0.0627     0.1241 - 0.3689 
p4             48 site 48         :  0.3786   0.0800     0.2383 - 0.5426 
p4             49 site 49         :  0.3786   0.0800     0.2383 - 0.5426 
p4             50 site 50         :  0.3786   0.0800     0.2383 - 0.5426 
p4             51 site 51         :  0.3786   0.0800     0.2383 - 0.5426 
p4             52 site 52         :  0.3786   0.0800     0.2383 - 0.5426 
p4             53 site 53         :  0.3786   0.0800     0.2383 - 0.5426 
p4             54 site 54         :  0.3786   0.0800     0.2383 - 0.5426 
p4             55 site 55         :  0.3786   0.0800     0.2383 - 0.5426 
p4             56 site 56         :  0.3786   0.0800     0.2383 - 0.5426 
p4             57 site 57         :  0.3786   0.0800     0.2383 - 0.5426 
p4             58 site 58         :  0.3786   0.0800     0.2383 - 0.5426 
p4             59 site 59         :  0.3786   0.0800     0.2383 - 0.5426 
p4             60 site 60         :  0.3786   0.0800     0.2383 - 0.5426 
p4             61 site 61         :  0.3786   0.0800     0.2383 - 0.5426 
p4             62 site 62         :  0.3786   0.0800     0.2383 - 0.5426 
p4             63 site 63             .          .            .         -   .
p4             64 site 64             .          .            .         -   .
p4             65 site 65             .          .            .         -   .
p4             66 site 66             .          .            .         -   .
p4             67 site 67             .          .            .         -   .
p4             68 site 68             .          .            .         -   .
p4             69 site 69             .          .            .         -   .
p4             70 site 70             .          .            .         -   .
p4             71 site 71             .          .            .         -   .
p4             72 site 72             .          .            .         -   .
p5              1 site 1              .          .            .         -   .
p5              2 site 2              .          .            .         -   .
p5              3 site 3              .          .            .         -   .
p5              4 site 4              .          .            .         -   .
p5              5 site 5              .          .            .         -   .
p5              6 site 6              .          .            .         -   .
p5              7 site 7              .          .            .         -   .
p5              8 site 8              .          .            .         -   .
p5              9 site 9              .          .            .         -   .
p5             10 site 10             .          .            .         -   .
p5             11 site 11         :  0.2235   0.0627     0.1241 - 0.3689 
p5             12 site 12         :  0.2235   0.0627     0.1241 - 0.3689 
p5             13 site 13         :  0.2235   0.0627     0.1241 - 0.3689 
p5             14 site 14         :  0.2235   0.0627     0.1241 - 0.3689 
p5             15 site 15         :  0.2235   0.0627     0.1241 - 0.3689 
p5             16 site 16         :  0.2235   0.0627     0.1241 - 0.3689 
p5             17 site 17         :  0.2235   0.0627     0.1241 - 0.3689 
p5             18 site 18         :  0.2235   0.0627     0.1241 - 0.3689 
p5             19 site 19         :  0.2235   0.0627     0.1241 - 0.3689 
p5             20 site 20         :  0.2235   0.0627     0.1241 - 0.3689 
p5             21 site 21         :  0.2235   0.0627     0.1241 - 0.3689 
p5             22 site 22         :  0.2235   0.0627     0.1241 - 0.3689 
p5             23 site 23         :  0.2235   0.0627     0.1241 - 0.3689 
p5             24 site 24         :  0.2235   0.0627     0.1241 - 0.3689 
p5             25 site 25         :  0.2235   0.0627     0.1241 - 0.3689 
p5             26 site 26             .          .            .         -   .
p5             27 site 27             .          .            .         -   .
p5             28 site 28             .          .            .         -   .
p5             29 site 29             .          .            .         -   .
p5             30 site 30             .          .            .         -   .
p5             31 site 31             .          .            .         -   .
p5             32 site 32             .          .            .         -   .
p5             33 site 33             .          .            .         -   .
p5             34 site 34         :  0.3786   0.0800     0.2383 - 0.5426 
p5             35 site 35         :  0.3786   0.0800     0.2383 - 0.5426 
p5             36 site 36         :  0.3786   0.0800     0.2383 - 0.5426 
p5             37 site 37         :  0.3786   0.0800     0.2383 - 0.5426 
p5             38 site 38         :  0.3786   0.0800     0.2383 - 0.5426 
p5             39 site 39         :  0.3786   0.0800     0.2383 - 0.5426 
p5             40 site 40         :  0.3786   0.0800     0.2383 - 0.5426 
p5             41 site 41         :  0.3786   0.0800     0.2383 - 0.5426 
p5             42 site 42         :  0.3786   0.0800     0.2383 - 0.5426 
p5             43 site 43         :  0.3786   0.0800     0.2383 - 0.5426 
p5             44 site 44         :  0.3786   0.0800     0.2383 - 0.5426 
p5             45 site 45         :  0.3786   0.0800     0.2383 - 0.5426 
p5             46 site 46         :  0.3786   0.0800     0.2383 - 0.5426 
p5             47 site 47         :  0.3786   0.0800     0.2383 - 0.5426 
p5             48 site 48             .          .            .         -   .
p5             49 site 49             .          .            .         -   .
p5             50 site 50             .          .            .         -   .
p5             51 site 51             .          .            .         -   .
p5             52 site 52             .          .            .         -   .
p5             53 site 53             .          .            .         -   .
p5             54 site 54             .          .            .         -   .
p5             55 site 55             .          .            .         -   .
p5             56 site 56             .          .            .         -   .
p5             57 site 57             .          .            .         -   .
p5             58 site 58         :  0.4462   0.0808     0.2980 - 0.6047 
p5             59 site 59         :  0.4462   0.0808     0.2980 - 0.6047 
p5             60 site 60         :  0.4462   0.0808     0.2980 - 0.6047 
p5             61 site 61         :  0.4462   0.0808     0.2980 - 0.6047 
p5             62 site 62         :  0.4462   0.0808     0.2980 - 0.6047 
p5             63 site 63         :  0.4462   0.0808     0.2980 - 0.6047 
p5             64 site 64         :  0.4462   0.0808     0.2980 - 0.6047 
p5             65 site 65         :  0.4462   0.0808     0.2980 - 0.6047 
p5             66 site 66         :  0.4462   0.0808     0.2980 - 0.6047 
p5             67 site 67         :  0.4462   0.0808     0.2980 - 0.6047 
p5             68 site 68         :  0.4462   0.0808     0.2980 - 0.6047 
p5             69 site 69         :  0.4462   0.0808     0.2980 - 0.6047 
p5             70 site 70         :  0.4462   0.0808     0.2980 - 0.6047 
p5             71 site 71         :  0.4462   0.0808     0.2980 - 0.6047 
p5             72 site 72         :  0.4462   0.0808     0.2980 - 0.6047 

============================================================


 DERIVED parameter - Psi-conditional : [Pr(occ | detection history)]

        Site                     psi-cond  Std.err     95% conf. interval
     1   site 1                    0.3115  0.1861    -0.0533 - 0.6763 
     2   site 2                    0.3115  0.1861    -0.0533 - 0.6763 
     3   site 3                    1.0000  0.0000     1.0000 - 1.0000 
     4   site 4                    0.1222  0.0712    -0.0174 - 0.2617 
     5   site 5                    0.3115  0.1861    -0.0533 - 0.6763 
     6   site 6                    0.1222  0.0712    -0.0174 - 0.2617 
     7   site 7                    0.1222  0.0712    -0.0174 - 0.2617 
     8   site 8                    0.1222  0.0712    -0.0174 - 0.2617 
     9   site 9                    0.1222  0.0712    -0.0174 - 0.2617 
    10  site 10                    1.0000  0.0000     1.0000 - 1.0000 
    11  site 11                    1.0000  0.0000     1.0000 - 1.0000 
    12  site 12                    1.0000  0.0000     1.0000 - 1.0000 
    13  site 13                    1.0000  0.0000     1.0000 - 1.0000 
    14  site 14                    0.1481  0.0816    -0.0117 - 0.3080 
    15  site 15                    1.0000  0.0000     1.0000 - 1.0000 
    16  site 16                    1.0000  0.0000     1.0000 - 1.0000 
    17  site 17                    0.4497  0.1928     0.0719 - 0.8275 
    18  site 18                    1.0000  0.0000     1.0000 - 1.0000 
    19  site 19                    0.2008  0.0919     0.0207 - 0.3810 
    20  site 20                    0.3882  0.1933     0.0093 - 0.7670 
    21  site 21                    0.5340  0.1851     0.1711 - 0.8968 
    22  site 22                    0.2606  0.1050     0.0548 - 0.4663 
    23  site 23                    1.0000  0.0000     1.0000 - 1.0000 
    24  site 24                    0.2606  0.1050     0.0548 - 0.4663 
    25  site 25                    0.2606  0.1050     0.0548 - 0.4663 
    26  site 26                    0.2008  0.0919     0.0207 - 0.3810 
    27  site 27                    0.2008  0.0919     0.0207 - 0.3810 
    28  site 28                    1.0000  0.0000     1.0000 - 1.0000 
    29  site 29                    0.2008  0.0919     0.0207 - 0.3810 
    30  site 30                    0.1633  0.0833    -0.0001 - 0.3266 
    31  site 31                    0.1633  0.0833    -0.0001 - 0.3266 
    32  site 32                    0.3882  0.1933     0.0093 - 0.7670 
    33  site 33                    0.1633  0.0833    -0.0001 - 0.3266 
    34  site 34                    1.0000  0.0000     1.0000 - 1.0000 
    35  site 35                    0.1081  0.0659    -0.0211 - 0.2374 
    36  site 36                    0.1081  0.0659    -0.0211 - 0.2374 
    37  site 37                    1.0000  0.0000     1.0000 - 1.0000 
    38  site 38                    0.5340  0.1851     0.1711 - 0.8968 
    39  site 39                    1.0000  0.0000     1.0000 - 1.0000 
    40  site 40                    0.1633  0.0833    -0.0001 - 0.3266 
    41  site 41                    1.0000  0.0000     1.0000 - 1.0000 
    42  site 42                    1.0000  0.0000     1.0000 - 1.0000 
    43  site 43                    1.0000  0.0000     1.0000 - 1.0000 
    44  site 44                    1.0000  0.0000     1.0000 - 1.0000 
    45  site 45                    1.0000  0.0000     1.0000 - 1.0000 
    46  site 46                    1.0000  0.0000     1.0000 - 1.0000 
    47  site 47                    1.0000  0.0000     1.0000 - 1.0000 
    48  site 48                    0.3368  0.1904    -0.0364 - 0.7099 
    49  site 49                    1.0000  0.0000     1.0000 - 1.0000 
    50  site 50                    1.0000  0.0000     1.0000 - 1.0000 
    51  site 51                    1.0000  0.0000     1.0000 - 1.0000 
    52  site 52                    1.0000  0.0000     1.0000 - 1.0000 
    53  site 53                    1.0000  0.0000     1.0000 - 1.0000 
    54  site 54                    0.3368  0.1904    -0.0364 - 0.7099 
    55  site 55                    0.3368  0.1904    -0.0364 - 0.7099 
    56  site 56                    0.1351  0.0756    -0.0131 - 0.2833 
    57  site 57                    1.0000  0.0000     1.0000 - 1.0000 
    58  site 58                    0.2658  0.1779    -0.0829 - 0.6146 
    59  site 59                    1.0000  0.0000     1.0000 - 1.0000 
    60  site 60                    1.0000  0.0000     1.0000 - 1.0000 
    61  site 61                    1.0000  0.0000     1.0000 - 1.0000 
    62  site 62                    1.0000  0.0000     1.0000 - 1.0000 
    63  site 63                    0.2008  0.0919     0.0207 - 0.3810 
    64  site 64                    0.2008  0.0919     0.0207 - 0.3810 
    65  site 65                    1.0000  0.0000     1.0000 - 1.0000 
    66  site 66                    0.4497  0.1928     0.0719 - 0.8275 
    67  site 67                    1.0000  0.0000     1.0000 - 1.0000 
    68  site 68                    1.0000  0.0000     1.0000 - 1.0000 
    69  site 69                    1.0000  0.0000     1.0000 - 1.0000 
    70  site 70                    0.4214  0.1975     0.0342 - 0.8085 
    71  site 71                    0.1830  0.0913     0.0041 - 0.3619 
    72  site 72                    1.0000  0.0000     1.0000 - 1.0000 

CPU time: 0.0 seconds

