

PRESENCE - Presence/Absence-Site Occupancy data analysis
Sat Oct 22 19:16:51 2011,       Version 4.0111018
- - - - - - - - - - - - - - - - - - - - - - - - - - - - -
==>i=weta.pao
==>l=pres_psi(browse)__p(browse).out
==>name=psi(browse) ,p(browse)
==>model=100
==>j=c:\documents and settings\cschwarz\desktop\occupancysampledata\weta_project\weta_project\weta_project\weta.dm
==>lmt=200
model=100 N,T-->72,5
modtype-->1 

********* Input Data summary *******
Number of sites                = 72
Number of sampling occasions   = 5
Number of missing observations = 98
Data checksum = 53860

Naive occupancy estimate       = 0.4861

NSiteCovs-->2
site_covname[0]=Browsed
site_covname[1]=Unbrowsed
NSampCovs-->3
samp_covname[0]=Obs1
samp_covname[1]=Obs2
samp_covname[2]=Obs3
Primary periods=1 Secondary periods: 5
- - - - - - - - - - - - - - - - - - - - - - - - - - - - -
 weta
- - - - - - - - - - - - - - - - - - - - - - - - - - - - -
modtype=1 N=72 T=5 Groups=1 bootstraps=0

-->1-5
Matrix 1: rows=2, cols=3
            -,a1,a2,
psi           1 Browsed
========================

Matrix 2: rows=6, cols=3
            -,b1,b2,
p1            1 Browsed
p2            1 Browsed
p3            1 Browsed
p4            1 Browsed
p5            1 Browsed
========================

Matrix 3: rows=0, cols=0
========================

Matrix 4: rows=0, cols=0
========================

Matrix 5: rows=0, cols=0
========================

Matrix 6: rows=0, cols=0
========================

Custom Model:

Number of parameters           = 4
Number of significant digits   =   6.6

Model has been fit using the logistic link.


Number of parameters           = 4
Number of function calls           = 97
-2log(likelihood)              = 258.2606
AIC                            = 266.2606

varcov: nsig=6 eps=1.000000e-002

Untransformed Estimates of coefficients for covariates (Beta's)
======================================================================
                                          estimate    std.error
A1   psi                              :  -0.064383    0.476809
A2   psi.Browsed                      :   1.198036    0.841598
B1   p1                               :  -0.640355    0.380522
B2   p1.Browsed                       :   0.029622    0.485917

Variance-Covariance Matrix of Untransformed estimates (Beta's):
              A1         A2         B1         B2  
     A1    0.227346  -0.227351  -0.094341   0.094337
     A2   -0.227351   0.708287   0.094342  -0.216427
     B1   -0.094341   0.094342   0.144797  -0.144792
     B2    0.094337  -0.216427  -0.144792   0.236115
------------------------------

============================================================

   Individual Site estimates of <psi> 
                Site               estimate  Std.err   95% conf. interval
psi             1 site 1          :  0.7565   0.1277     0.4438 - 0.9236 
psi             2 site 2          :  0.7565   0.1277     0.4438 - 0.9236 
psi             3 site 3          :  0.7565   0.1277     0.4438 - 0.9236 
psi             4 site 4          :  0.4839   0.1191     0.2692 - 0.7048 
psi             5 site 5          :  0.7565   0.1277     0.4438 - 0.9236 
psi             6 site 6          :  0.4839   0.1191     0.2692 - 0.7048 
psi             7 site 7          :  0.4839   0.1191     0.2692 - 0.7048 
psi             8 site 8          :  0.4839   0.1191     0.2692 - 0.7048 
psi             9 site 9          :  0.4839   0.1191     0.2692 - 0.7048 
psi            10 site 10         :  0.7565   0.1277     0.4438 - 0.9236 
psi            11 site 11         :  0.7565   0.1277     0.4438 - 0.9236 
psi            12 site 12         :  0.7565   0.1277     0.4438 - 0.9236 
psi            13 site 13         :  0.7565   0.1277     0.4438 - 0.9236 
psi            14 site 14         :  0.4839   0.1191     0.2692 - 0.7048 
psi            15 site 15         :  0.4839   0.1191     0.2692 - 0.7048 
psi            16 site 16         :  0.7565   0.1277     0.4438 - 0.9236 
psi            17 site 17         :  0.7565   0.1277     0.4438 - 0.9236 
psi            18 site 18         :  0.4839   0.1191     0.2692 - 0.7048 
psi            19 site 19         :  0.4839   0.1191     0.2692 - 0.7048 
psi            20 site 20         :  0.7565   0.1277     0.4438 - 0.9236 
psi            21 site 21         :  0.7565   0.1277     0.4438 - 0.9236 
psi            22 site 22         :  0.4839   0.1191     0.2692 - 0.7048 
psi            23 site 23         :  0.7565   0.1277     0.4438 - 0.9236 
psi            24 site 24         :  0.4839   0.1191     0.2692 - 0.7048 
psi            25 site 25         :  0.4839   0.1191     0.2692 - 0.7048 
psi            26 site 26         :  0.4839   0.1191     0.2692 - 0.7048 
psi            27 site 27         :  0.4839   0.1191     0.2692 - 0.7048 
psi            28 site 28         :  0.7565   0.1277     0.4438 - 0.9236 
psi            29 site 29         :  0.4839   0.1191     0.2692 - 0.7048 
psi            30 site 30         :  0.4839   0.1191     0.2692 - 0.7048 
psi            31 site 31         :  0.4839   0.1191     0.2692 - 0.7048 
psi            32 site 32         :  0.7565   0.1277     0.4438 - 0.9236 
psi            33 site 33         :  0.4839   0.1191     0.2692 - 0.7048 
psi            34 site 34         :  0.4839   0.1191     0.2692 - 0.7048 
psi            35 site 35         :  0.4839   0.1191     0.2692 - 0.7048 
psi            36 site 36         :  0.4839   0.1191     0.2692 - 0.7048 
psi            37 site 37         :  0.4839   0.1191     0.2692 - 0.7048 
psi            38 site 38         :  0.7565   0.1277     0.4438 - 0.9236 
psi            39 site 39         :  0.4839   0.1191     0.2692 - 0.7048 
psi            40 site 40         :  0.4839   0.1191     0.2692 - 0.7048 
psi            41 site 41         :  0.4839   0.1191     0.2692 - 0.7048 
psi            42 site 42         :  0.7565   0.1277     0.4438 - 0.9236 
psi            43 site 43         :  0.4839   0.1191     0.2692 - 0.7048 
psi            44 site 44         :  0.4839   0.1191     0.2692 - 0.7048 
psi            45 site 45         :  0.4839   0.1191     0.2692 - 0.7048 
psi            46 site 46         :  0.7565   0.1277     0.4438 - 0.9236 
psi            47 site 47         :  0.4839   0.1191     0.2692 - 0.7048 
psi            48 site 48         :  0.7565   0.1277     0.4438 - 0.9236 
psi            49 site 49         :  0.7565   0.1277     0.4438 - 0.9236 
psi            50 site 50         :  0.4839   0.1191     0.2692 - 0.7048 
psi            51 site 51         :  0.7565   0.1277     0.4438 - 0.9236 
psi            52 site 52         :  0.7565   0.1277     0.4438 - 0.9236 
psi            53 site 53         :  0.4839   0.1191     0.2692 - 0.7048 
psi            54 site 54         :  0.7565   0.1277     0.4438 - 0.9236 
psi            55 site 55         :  0.7565   0.1277     0.4438 - 0.9236 
psi            56 site 56         :  0.4839   0.1191     0.2692 - 0.7048 
psi            57 site 57         :  0.7565   0.1277     0.4438 - 0.9236 
psi            58 site 58         :  0.7565   0.1277     0.4438 - 0.9236 
psi            59 site 59         :  0.7565   0.1277     0.4438 - 0.9236 
psi            60 site 60         :  0.7565   0.1277     0.4438 - 0.9236 
psi            61 site 61         :  0.7565   0.1277     0.4438 - 0.9236 
psi            62 site 62         :  0.7565   0.1277     0.4438 - 0.9236 
psi            63 site 63         :  0.4839   0.1191     0.2692 - 0.7048 
psi            64 site 64         :  0.4839   0.1191     0.2692 - 0.7048 
psi            65 site 65         :  0.7565   0.1277     0.4438 - 0.9236 
psi            66 site 66         :  0.7565   0.1277     0.4438 - 0.9236 
psi            67 site 67         :  0.7565   0.1277     0.4438 - 0.9236 
psi            68 site 68         :  0.7565   0.1277     0.4438 - 0.9236 
psi            69 site 69         :  0.4839   0.1191     0.2692 - 0.7048 
psi            70 site 70         :  0.7565   0.1277     0.4438 - 0.9236 
psi            71 site 71         :  0.4839   0.1191     0.2692 - 0.7048 
psi            72 site 72         :  0.4839   0.1191     0.2692 - 0.7048 

============================================================

   Individual Site estimates of <p1> 
                Site               estimate  Std.err   95% conf. interval
p1              1 site 1          :  0.3519   0.0689     0.2309 - 0.4954 
p1              2 site 2          :  0.3519   0.0689     0.2309 - 0.4954 
p1              3 site 3          :  0.3519   0.0689     0.2309 - 0.4954 
p1              4 site 4          :  0.3452   0.0860     0.2000 - 0.5263 
p1              5 site 5          :  0.3519   0.0689     0.2309 - 0.4954 
p1              6 site 6          :  0.3452   0.0860     0.2000 - 0.5263 
p1              7 site 7          :  0.3452   0.0860     0.2000 - 0.5263 
p1              8 site 8          :  0.3452   0.0860     0.2000 - 0.5263 
p1              9 site 9          :  0.3452   0.0860     0.2000 - 0.5263 
p1             10 site 10         :  0.3519   0.0689     0.2309 - 0.4954 
p1             11 site 11         :  0.3519   0.0689     0.2309 - 0.4954 
p1             12 site 12         :  0.3519   0.0689     0.2309 - 0.4954 
p1             13 site 13         :  0.3519   0.0689     0.2309 - 0.4954 
p1             14 site 14         :  0.3452   0.0860     0.2000 - 0.5263 
p1             15 site 15         :  0.3452   0.0860     0.2000 - 0.5263 
p1             16 site 16         :  0.3519   0.0689     0.2309 - 0.4954 
p1             17 site 17         :  0.3519   0.0689     0.2309 - 0.4954 
p1             18 site 18         :  0.3452   0.0860     0.2000 - 0.5263 
p1             19 site 19         :  0.3452   0.0860     0.2000 - 0.5263 
p1             20 site 20         :  0.3519   0.0689     0.2309 - 0.4954 
p1             21 site 21         :  0.3519   0.0689     0.2309 - 0.4954 
p1             22 site 22         :  0.3452   0.0860     0.2000 - 0.5263 
p1             23 site 23         :  0.3519   0.0689     0.2309 - 0.4954 
p1             24 site 24         :  0.3452   0.0860     0.2000 - 0.5263 
p1             25 site 25         :  0.3452   0.0860     0.2000 - 0.5263 
p1             26 site 26         :  0.3452   0.0860     0.2000 - 0.5263 
p1             27 site 27         :  0.3452   0.0860     0.2000 - 0.5263 
p1             28 site 28         :  0.3519   0.0689     0.2309 - 0.4954 
p1             29 site 29         :  0.3452   0.0860     0.2000 - 0.5263 
p1             30 site 30         :  0.3452   0.0860     0.2000 - 0.5263 
p1             31 site 31         :  0.3452   0.0860     0.2000 - 0.5263 
p1             32 site 32         :  0.3519   0.0689     0.2309 - 0.4954 
p1             33 site 33         :  0.3452   0.0860     0.2000 - 0.5263 
p1             34 site 34         :  0.3452   0.0860     0.2000 - 0.5263 
p1             35 site 35         :  0.3452   0.0860     0.2000 - 0.5263 
p1             36 site 36         :  0.3452   0.0860     0.2000 - 0.5263 
p1             37 site 37         :  0.3452   0.0860     0.2000 - 0.5263 
p1             38 site 38         :  0.3519   0.0689     0.2309 - 0.4954 
p1             39 site 39         :  0.3452   0.0860     0.2000 - 0.5263 
p1             40 site 40         :  0.3452   0.0860     0.2000 - 0.5263 
p1             41 site 41         :  0.3452   0.0860     0.2000 - 0.5263 
p1             42 site 42         :  0.3519   0.0689     0.2309 - 0.4954 
p1             43 site 43         :  0.3452   0.0860     0.2000 - 0.5263 
p1             44 site 44         :  0.3452   0.0860     0.2000 - 0.5263 
p1             45 site 45         :  0.3452   0.0860     0.2000 - 0.5263 
p1             46 site 46         :  0.3519   0.0689     0.2309 - 0.4954 
p1             47 site 47         :  0.3452   0.0860     0.2000 - 0.5263 
p1             48 site 48         :  0.3519   0.0689     0.2309 - 0.4954 
p1             49 site 49         :  0.3519   0.0689     0.2309 - 0.4954 
p1             50 site 50         :  0.3452   0.0860     0.2000 - 0.5263 
p1             51 site 51         :  0.3519   0.0689     0.2309 - 0.4954 
p1             52 site 52         :  0.3519   0.0689     0.2309 - 0.4954 
p1             53 site 53         :  0.3452   0.0860     0.2000 - 0.5263 
p1             54 site 54         :  0.3519   0.0689     0.2309 - 0.4954 
p1             55 site 55         :  0.3519   0.0689     0.2309 - 0.4954 
p1             56 site 56         :  0.3452   0.0860     0.2000 - 0.5263 
p1             57 site 57         :  0.3519   0.0689     0.2309 - 0.4954 
p1             58 site 58         :  0.3519   0.0689     0.2309 - 0.4954 
p1             59 site 59         :  0.3519   0.0689     0.2309 - 0.4954 
p1             60 site 60         :  0.3519   0.0689     0.2309 - 0.4954 
p1             61 site 61         :  0.3519   0.0689     0.2309 - 0.4954 
p1             62 site 62         :  0.3519   0.0689     0.2309 - 0.4954 
p1             63 site 63         :  0.3452   0.0860     0.2000 - 0.5263 
p1             64 site 64         :  0.3452   0.0860     0.2000 - 0.5263 
p1             65 site 65         :  0.3519   0.0689     0.2309 - 0.4954 
p1             66 site 66         :  0.3519   0.0689     0.2309 - 0.4954 
p1             67 site 67         :  0.3519   0.0689     0.2309 - 0.4954 
p1             68 site 68         :  0.3519   0.0689     0.2309 - 0.4954 
p1             69 site 69         :  0.3452   0.0860     0.2000 - 0.5263 
p1             70 site 70         :  0.3519   0.0689     0.2309 - 0.4954 
p1             71 site 71         :  0.3452   0.0860     0.2000 - 0.5263 
p1             72 site 72         :  0.3452   0.0860     0.2000 - 0.5263 
p2              1 site 1          :  0.3519   0.0689     0.2309 - 0.4954 
p2              2 site 2          :  0.3519   0.0689     0.2309 - 0.4954 
p2              3 site 3          :  0.3519   0.0689     0.2309 - 0.4954 
p2              4 site 4          :  0.3452   0.0860     0.2000 - 0.5263 
p2              5 site 5          :  0.3519   0.0689     0.2309 - 0.4954 
p2              6 site 6          :  0.3452   0.0860     0.2000 - 0.5263 
p2              7 site 7          :  0.3452   0.0860     0.2000 - 0.5263 
p2              8 site 8          :  0.3452   0.0860     0.2000 - 0.5263 
p2              9 site 9          :  0.3452   0.0860     0.2000 - 0.5263 
p2             10 site 10         :  0.3519   0.0689     0.2309 - 0.4954 
p2             11 site 11         :  0.3519   0.0689     0.2309 - 0.4954 
p2             12 site 12         :  0.3519   0.0689     0.2309 - 0.4954 
p2             13 site 13         :  0.3519   0.0689     0.2309 - 0.4954 
p2             14 site 14         :  0.3452   0.0860     0.2000 - 0.5263 
p2             15 site 15         :  0.3452   0.0860     0.2000 - 0.5263 
p2             16 site 16         :  0.3519   0.0689     0.2309 - 0.4954 
p2             17 site 17         :  0.3519   0.0689     0.2309 - 0.4954 
p2             18 site 18         :  0.3452   0.0860     0.2000 - 0.5263 
p2             19 site 19         :  0.3452   0.0860     0.2000 - 0.5263 
p2             20 site 20         :  0.3519   0.0689     0.2309 - 0.4954 
p2             21 site 21         :  0.3519   0.0689     0.2309 - 0.4954 
p2             22 site 22         :  0.3452   0.0860     0.2000 - 0.5263 
p2             23 site 23         :  0.3519   0.0689     0.2309 - 0.4954 
p2             24 site 24         :  0.3452   0.0860     0.2000 - 0.5263 
p2             25 site 25         :  0.3452   0.0860     0.2000 - 0.5263 
p2             26 site 26         :  0.3452   0.0860     0.2000 - 0.5263 
p2             27 site 27         :  0.3452   0.0860     0.2000 - 0.5263 
p2             28 site 28         :  0.3519   0.0689     0.2309 - 0.4954 
p2             29 site 29         :  0.3452   0.0860     0.2000 - 0.5263 
p2             30 site 30         :  0.3452   0.0860     0.2000 - 0.5263 
p2             31 site 31         :  0.3452   0.0860     0.2000 - 0.5263 
p2             32 site 32         :  0.3519   0.0689     0.2309 - 0.4954 
p2             33 site 33         :  0.3452   0.0860     0.2000 - 0.5263 
p2             34 site 34         :  0.3452   0.0860     0.2000 - 0.5263 
p2             35 site 35         :  0.3452   0.0860     0.2000 - 0.5263 
p2             36 site 36         :  0.3452   0.0860     0.2000 - 0.5263 
p2             37 site 37         :  0.3452   0.0860     0.2000 - 0.5263 
p2             38 site 38         :  0.3519   0.0689     0.2309 - 0.4954 
p2             39 site 39         :  0.3452   0.0860     0.2000 - 0.5263 
p2             40 site 40         :  0.3452   0.0860     0.2000 - 0.5263 
p2             41 site 41         :  0.3452   0.0860     0.2000 - 0.5263 
p2             42 site 42         :  0.3519   0.0689     0.2309 - 0.4954 
p2             43 site 43         :  0.3452   0.0860     0.2000 - 0.5263 
p2             44 site 44         :  0.3452   0.0860     0.2000 - 0.5263 
p2             45 site 45         :  0.3452   0.0860     0.2000 - 0.5263 
p2             46 site 46         :  0.3519   0.0689     0.2309 - 0.4954 
p2             47 site 47         :  0.3452   0.0860     0.2000 - 0.5263 
p2             48 site 48         :  0.3519   0.0689     0.2309 - 0.4954 
p2             49 site 49         :  0.3519   0.0689     0.2309 - 0.4954 
p2             50 site 50         :  0.3452   0.0860     0.2000 - 0.5263 
p2             51 site 51         :  0.3519   0.0689     0.2309 - 0.4954 
p2             52 site 52         :  0.3519   0.0689     0.2309 - 0.4954 
p2             53 site 53         :  0.3452   0.0860     0.2000 - 0.5263 
p2             54 site 54         :  0.3519   0.0689     0.2309 - 0.4954 
p2             55 site 55         :  0.3519   0.0689     0.2309 - 0.4954 
p2             56 site 56         :  0.3452   0.0860     0.2000 - 0.5263 
p2             57 site 57         :  0.3519   0.0689     0.2309 - 0.4954 
p2             58 site 58         :  0.3519   0.0689     0.2309 - 0.4954 
p2             59 site 59         :  0.3519   0.0689     0.2309 - 0.4954 
p2             60 site 60         :  0.3519   0.0689     0.2309 - 0.4954 
p2             61 site 61         :  0.3519   0.0689     0.2309 - 0.4954 
p2             62 site 62         :  0.3519   0.0689     0.2309 - 0.4954 
p2             63 site 63         :  0.3452   0.0860     0.2000 - 0.5263 
p2             64 site 64         :  0.3452   0.0860     0.2000 - 0.5263 
p2             65 site 65         :  0.3519   0.0689     0.2309 - 0.4954 
p2             66 site 66         :  0.3519   0.0689     0.2309 - 0.4954 
p2             67 site 67         :  0.3519   0.0689     0.2309 - 0.4954 
p2             68 site 68         :  0.3519   0.0689     0.2309 - 0.4954 
p2             69 site 69         :  0.3452   0.0860     0.2000 - 0.5263 
p2             70 site 70         :  0.3519   0.0689     0.2309 - 0.4954 
p2             71 site 71         :  0.3452   0.0860     0.2000 - 0.5263 
p2             72 site 72         :  0.3452   0.0860     0.2000 - 0.5263 
p3              1 site 1          :  0.3519   0.0689     0.2309 - 0.4954 
p3              2 site 2          :  0.3519   0.0689     0.2309 - 0.4954 
p3              3 site 3          :  0.3519   0.0689     0.2309 - 0.4954 
p3              4 site 4          :  0.3452   0.0860     0.2000 - 0.5263 
p3              5 site 5          :  0.3519   0.0689     0.2309 - 0.4954 
p3              6 site 6          :  0.3452   0.0860     0.2000 - 0.5263 
p3              7 site 7          :  0.3452   0.0860     0.2000 - 0.5263 
p3              8 site 8          :  0.3452   0.0860     0.2000 - 0.5263 
p3              9 site 9          :  0.3452   0.0860     0.2000 - 0.5263 
p3             10 site 10         :  0.3519   0.0689     0.2309 - 0.4954 
p3             11 site 11         :  0.3519   0.0689     0.2309 - 0.4954 
p3             12 site 12         :  0.3519   0.0689     0.2309 - 0.4954 
p3             13 site 13         :  0.3519   0.0689     0.2309 - 0.4954 
p3             14 site 14         :  0.3452   0.0860     0.2000 - 0.5263 
p3             15 site 15         :  0.3452   0.0860     0.2000 - 0.5263 
p3             16 site 16         :  0.3519   0.0689     0.2309 - 0.4954 
p3             17 site 17         :  0.3519   0.0689     0.2309 - 0.4954 
p3             18 site 18         :  0.3452   0.0860     0.2000 - 0.5263 
p3             19 site 19         :  0.3452   0.0860     0.2000 - 0.5263 
p3             20 site 20         :  0.3519   0.0689     0.2309 - 0.4954 
p3             21 site 21         :  0.3519   0.0689     0.2309 - 0.4954 
p3             22 site 22         :  0.3452   0.0860     0.2000 - 0.5263 
p3             23 site 23         :  0.3519   0.0689     0.2309 - 0.4954 
p3             24 site 24         :  0.3452   0.0860     0.2000 - 0.5263 
p3             25 site 25         :  0.3452   0.0860     0.2000 - 0.5263 
p3             26 site 26         :  0.3452   0.0860     0.2000 - 0.5263 
p3             27 site 27         :  0.3452   0.0860     0.2000 - 0.5263 
p3             28 site 28         :  0.3519   0.0689     0.2309 - 0.4954 
p3             29 site 29         :  0.3452   0.0860     0.2000 - 0.5263 
p3             30 site 30         :  0.3452   0.0860     0.2000 - 0.5263 
p3             31 site 31         :  0.3452   0.0860     0.2000 - 0.5263 
p3             32 site 32         :  0.3519   0.0689     0.2309 - 0.4954 
p3             33 site 33         :  0.3452   0.0860     0.2000 - 0.5263 
p3             34 site 34         :  0.3452   0.0860     0.2000 - 0.5263 
p3             35 site 35         :  0.3452   0.0860     0.2000 - 0.5263 
p3             36 site 36         :  0.3452   0.0860     0.2000 - 0.5263 
p3             37 site 37         :  0.3452   0.0860     0.2000 - 0.5263 
p3             38 site 38         :  0.3519   0.0689     0.2309 - 0.4954 
p3             39 site 39         :  0.3452   0.0860     0.2000 - 0.5263 
p3             40 site 40         :  0.3452   0.0860     0.2000 - 0.5263 
p3             41 site 41         :  0.3452   0.0860     0.2000 - 0.5263 
p3             42 site 42         :  0.3519   0.0689     0.2309 - 0.4954 
p3             43 site 43         :  0.3452   0.0860     0.2000 - 0.5263 
p3             44 site 44         :  0.3452   0.0860     0.2000 - 0.5263 
p3             45 site 45         :  0.3452   0.0860     0.2000 - 0.5263 
p3             46 site 46         :  0.3519   0.0689     0.2309 - 0.4954 
p3             47 site 47         :  0.3452   0.0860     0.2000 - 0.5263 
p3             48 site 48         :  0.3519   0.0689     0.2309 - 0.4954 
p3             49 site 49         :  0.3519   0.0689     0.2309 - 0.4954 
p3             50 site 50         :  0.3452   0.0860     0.2000 - 0.5263 
p3             51 site 51         :  0.3519   0.0689     0.2309 - 0.4954 
p3             52 site 52         :  0.3519   0.0689     0.2309 - 0.4954 
p3             53 site 53         :  0.3452   0.0860     0.2000 - 0.5263 
p3             54 site 54         :  0.3519   0.0689     0.2309 - 0.4954 
p3             55 site 55         :  0.3519   0.0689     0.2309 - 0.4954 
p3             56 site 56         :  0.3452   0.0860     0.2000 - 0.5263 
p3             57 site 57         :  0.3519   0.0689     0.2309 - 0.4954 
p3             58 site 58         :  0.3519   0.0689     0.2309 - 0.4954 
p3             59 site 59         :  0.3519   0.0689     0.2309 - 0.4954 
p3             60 site 60         :  0.3519   0.0689     0.2309 - 0.4954 
p3             61 site 61         :  0.3519   0.0689     0.2309 - 0.4954 
p3             62 site 62         :  0.3519   0.0689     0.2309 - 0.4954 
p3             63 site 63         :  0.3452   0.0860     0.2000 - 0.5263 
p3             64 site 64         :  0.3452   0.0860     0.2000 - 0.5263 
p3             65 site 65         :  0.3519   0.0689     0.2309 - 0.4954 
p3             66 site 66         :  0.3519   0.0689     0.2309 - 0.4954 
p3             67 site 67         :  0.3519   0.0689     0.2309 - 0.4954 
p3             68 site 68         :  0.3519   0.0689     0.2309 - 0.4954 
p3             69 site 69         :  0.3452   0.0860     0.2000 - 0.5263 
p3             70 site 70         :  0.3519   0.0689     0.2309 - 0.4954 
p3             71 site 71         :  0.3452   0.0860     0.2000 - 0.5263 
p3             72 site 72         :  0.3452   0.0860     0.2000 - 0.5263 
p4              1 site 1          :  0.3519   0.0689     0.2309 - 0.4954 
p4              2 site 2          :  0.3519   0.0689     0.2309 - 0.4954 
p4              3 site 3          :  0.3519   0.0689     0.2309 - 0.4954 
p4              4 site 4          :  0.3452   0.0860     0.2000 - 0.5263 
p4              5 site 5          :  0.3519   0.0689     0.2309 - 0.4954 
p4              6 site 6          :  0.3452   0.0860     0.2000 - 0.5263 
p4              7 site 7          :  0.3452   0.0860     0.2000 - 0.5263 
p4              8 site 8          :  0.3452   0.0860     0.2000 - 0.5263 
p4              9 site 9          :  0.3452   0.0860     0.2000 - 0.5263 
p4             10 site 10         :  0.3519   0.0689     0.2309 - 0.4954 
p4             11 site 11         :  0.3519   0.0689     0.2309 - 0.4954 
p4             12 site 12         :  0.3519   0.0689     0.2309 - 0.4954 
p4             13 site 13         :  0.3519   0.0689     0.2309 - 0.4954 
p4             14 site 14         :  0.3452   0.0860     0.2000 - 0.5263 
p4             15 site 15         :  0.3452   0.0860     0.2000 - 0.5263 
p4             16 site 16         :  0.3519   0.0689     0.2309 - 0.4954 
p4             17 site 17         :  0.3519   0.0689     0.2309 - 0.4954 
p4             18 site 18         :  0.3452   0.0860     0.2000 - 0.5263 
p4             19 site 19         :  0.3452   0.0860     0.2000 - 0.5263 
p4             20 site 20         :  0.3519   0.0689     0.2309 - 0.4954 
p4             21 site 21         :  0.3519   0.0689     0.2309 - 0.4954 
p4             22 site 22         :  0.3452   0.0860     0.2000 - 0.5263 
p4             23 site 23         :  0.3519   0.0689     0.2309 - 0.4954 
p4             24 site 24         :  0.3452   0.0860     0.2000 - 0.5263 
p4             25 site 25         :  0.3452   0.0860     0.2000 - 0.5263 
p4             26 site 26         :  0.3452   0.0860     0.2000 - 0.5263 
p4             27 site 27         :  0.3452   0.0860     0.2000 - 0.5263 
p4             28 site 28         :  0.3519   0.0689     0.2309 - 0.4954 
p4             29 site 29         :  0.3452   0.0860     0.2000 - 0.5263 
p4             30 site 30         :  0.3452   0.0860     0.2000 - 0.5263 
p4             31 site 31         :  0.3452   0.0860     0.2000 - 0.5263 
p4             32 site 32         :  0.3519   0.0689     0.2309 - 0.4954 
p4             33 site 33         :  0.3452   0.0860     0.2000 - 0.5263 
p4             34 site 34         :  0.3452   0.0860     0.2000 - 0.5263 
p4             35 site 35         :  0.3452   0.0860     0.2000 - 0.5263 
p4             36 site 36         :  0.3452   0.0860     0.2000 - 0.5263 
p4             37 site 37         :  0.3452   0.0860     0.2000 - 0.5263 
p4             38 site 38         :  0.3519   0.0689     0.2309 - 0.4954 
p4             39 site 39         :  0.3452   0.0860     0.2000 - 0.5263 
p4             40 site 40         :  0.3452   0.0860     0.2000 - 0.5263 
p4             41 site 41         :  0.3452   0.0860     0.2000 - 0.5263 
p4             42 site 42         :  0.3519   0.0689     0.2309 - 0.4954 
p4             43 site 43         :  0.3452   0.0860     0.2000 - 0.5263 
p4             44 site 44         :  0.3452   0.0860     0.2000 - 0.5263 
p4             45 site 45         :  0.3452   0.0860     0.2000 - 0.5263 
p4             46 site 46         :  0.3519   0.0689     0.2309 - 0.4954 
p4             47 site 47         :  0.3452   0.0860     0.2000 - 0.5263 
p4             48 site 48         :  0.3519   0.0689     0.2309 - 0.4954 
p4             49 site 49         :  0.3519   0.0689     0.2309 - 0.4954 
p4             50 site 50         :  0.3452   0.0860     0.2000 - 0.5263 
p4             51 site 51         :  0.3519   0.0689     0.2309 - 0.4954 
p4             52 site 52         :  0.3519   0.0689     0.2309 - 0.4954 
p4             53 site 53         :  0.3452   0.0860     0.2000 - 0.5263 
p4             54 site 54         :  0.3519   0.0689     0.2309 - 0.4954 
p4             55 site 55         :  0.3519   0.0689     0.2309 - 0.4954 
p4             56 site 56         :  0.3452   0.0860     0.2000 - 0.5263 
p4             57 site 57         :  0.3519   0.0689     0.2309 - 0.4954 
p4             58 site 58         :  0.3519   0.0689     0.2309 - 0.4954 
p4             59 site 59         :  0.3519   0.0689     0.2309 - 0.4954 
p4             60 site 60         :  0.3519   0.0689     0.2309 - 0.4954 
p4             61 site 61         :  0.3519   0.0689     0.2309 - 0.4954 
p4             62 site 62         :  0.3519   0.0689     0.2309 - 0.4954 
p4             63 site 63         :  0.3452   0.0860     0.2000 - 0.5263 
p4             64 site 64         :  0.3452   0.0860     0.2000 - 0.5263 
p4             65 site 65         :  0.3519   0.0689     0.2309 - 0.4954 
p4             66 site 66         :  0.3519   0.0689     0.2309 - 0.4954 
p4             67 site 67         :  0.3519   0.0689     0.2309 - 0.4954 
p4             68 site 68         :  0.3519   0.0689     0.2309 - 0.4954 
p4             69 site 69         :  0.3452   0.0860     0.2000 - 0.5263 
p4             70 site 70         :  0.3519   0.0689     0.2309 - 0.4954 
p4             71 site 71         :  0.3452   0.0860     0.2000 - 0.5263 
p4             72 site 72         :  0.3452   0.0860     0.2000 - 0.5263 
p5              1 site 1          :  0.3519   0.0689     0.2309 - 0.4954 
p5              2 site 2          :  0.3519   0.0689     0.2309 - 0.4954 
p5              3 site 3          :  0.3519   0.0689     0.2309 - 0.4954 
p5              4 site 4          :  0.3452   0.0860     0.2000 - 0.5263 
p5              5 site 5          :  0.3519   0.0689     0.2309 - 0.4954 
p5              6 site 6          :  0.3452   0.0860     0.2000 - 0.5263 
p5              7 site 7          :  0.3452   0.0860     0.2000 - 0.5263 
p5              8 site 8          :  0.3452   0.0860     0.2000 - 0.5263 
p5              9 site 9          :  0.3452   0.0860     0.2000 - 0.5263 
p5             10 site 10         :  0.3519   0.0689     0.2309 - 0.4954 
p5             11 site 11         :  0.3519   0.0689     0.2309 - 0.4954 
p5             12 site 12         :  0.3519   0.0689     0.2309 - 0.4954 
p5             13 site 13         :  0.3519   0.0689     0.2309 - 0.4954 
p5             14 site 14         :  0.3452   0.0860     0.2000 - 0.5263 
p5             15 site 15         :  0.3452   0.0860     0.2000 - 0.5263 
p5             16 site 16         :  0.3519   0.0689     0.2309 - 0.4954 
p5             17 site 17         :  0.3519   0.0689     0.2309 - 0.4954 
p5             18 site 18         :  0.3452   0.0860     0.2000 - 0.5263 
p5             19 site 19         :  0.3452   0.0860     0.2000 - 0.5263 
p5             20 site 20         :  0.3519   0.0689     0.2309 - 0.4954 
p5             21 site 21         :  0.3519   0.0689     0.2309 - 0.4954 
p5             22 site 22         :  0.3452   0.0860     0.2000 - 0.5263 
p5             23 site 23         :  0.3519   0.0689     0.2309 - 0.4954 
p5             24 site 24         :  0.3452   0.0860     0.2000 - 0.5263 
p5             25 site 25         :  0.3452   0.0860     0.2000 - 0.5263 
p5             26 site 26         :  0.3452   0.0860     0.2000 - 0.5263 
p5             27 site 27         :  0.3452   0.0860     0.2000 - 0.5263 
p5             28 site 28         :  0.3519   0.0689     0.2309 - 0.4954 
p5             29 site 29         :  0.3452   0.0860     0.2000 - 0.5263 
p5             30 site 30         :  0.3452   0.0860     0.2000 - 0.5263 
p5             31 site 31         :  0.3452   0.0860     0.2000 - 0.5263 
p5             32 site 32         :  0.3519   0.0689     0.2309 - 0.4954 
p5             33 site 33         :  0.3452   0.0860     0.2000 - 0.5263 
p5             34 site 34         :  0.3452   0.0860     0.2000 - 0.5263 
p5             35 site 35         :  0.3452   0.0860     0.2000 - 0.5263 
p5             36 site 36         :  0.3452   0.0860     0.2000 - 0.5263 
p5             37 site 37         :  0.3452   0.0860     0.2000 - 0.5263 
p5             38 site 38         :  0.3519   0.0689     0.2309 - 0.4954 
p5             39 site 39         :  0.3452   0.0860     0.2000 - 0.5263 
p5             40 site 40         :  0.3452   0.0860     0.2000 - 0.5263 
p5             41 site 41         :  0.3452   0.0860     0.2000 - 0.5263 
p5             42 site 42         :  0.3519   0.0689     0.2309 - 0.4954 
p5             43 site 43         :  0.3452   0.0860     0.2000 - 0.5263 
p5             44 site 44         :  0.3452   0.0860     0.2000 - 0.5263 
p5             45 site 45         :  0.3452   0.0860     0.2000 - 0.5263 
p5             46 site 46         :  0.3519   0.0689     0.2309 - 0.4954 
p5             47 site 47         :  0.3452   0.0860     0.2000 - 0.5263 
p5             48 site 48         :  0.3519   0.0689     0.2309 - 0.4954 
p5             49 site 49         :  0.3519   0.0689     0.2309 - 0.4954 
p5             50 site 50         :  0.3452   0.0860     0.2000 - 0.5263 
p5             51 site 51         :  0.3519   0.0689     0.2309 - 0.4954 
p5             52 site 52         :  0.3519   0.0689     0.2309 - 0.4954 
p5             53 site 53         :  0.3452   0.0860     0.2000 - 0.5263 
p5             54 site 54         :  0.3519   0.0689     0.2309 - 0.4954 
p5             55 site 55         :  0.3519   0.0689     0.2309 - 0.4954 
p5             56 site 56         :  0.3452   0.0860     0.2000 - 0.5263 
p5             57 site 57         :  0.3519   0.0689     0.2309 - 0.4954 
p5             58 site 58         :  0.3519   0.0689     0.2309 - 0.4954 
p5             59 site 59         :  0.3519   0.0689     0.2309 - 0.4954 
p5             60 site 60         :  0.3519   0.0689     0.2309 - 0.4954 
p5             61 site 61         :  0.3519   0.0689     0.2309 - 0.4954 
p5             62 site 62         :  0.3519   0.0689     0.2309 - 0.4954 
p5             63 site 63         :  0.3452   0.0860     0.2000 - 0.5263 
p5             64 site 64         :  0.3452   0.0860     0.2000 - 0.5263 
p5             65 site 65         :  0.3519   0.0689     0.2309 - 0.4954 
p5             66 site 66         :  0.3519   0.0689     0.2309 - 0.4954 
p5             67 site 67         :  0.3519   0.0689     0.2309 - 0.4954 
p5             68 site 68         :  0.3519   0.0689     0.2309 - 0.4954 
p5             69 site 69         :  0.3452   0.0860     0.2000 - 0.5263 
p5             70 site 70         :  0.3519   0.0689     0.2309 - 0.4954 
p5             71 site 71         :  0.3452   0.0860     0.2000 - 0.5263 
p5             72 site 72         :  0.3452   0.0860     0.2000 - 0.5263 

============================================================


 DERIVED parameter - Psi-conditional : [Pr(occ | detection history)]

        Site                     psi-cond  Std.err     95% conf. interval
     1   site 1                    0.3541  0.2293    -0.0954 - 0.8036 
     2   site 2                    0.3541  0.2293    -0.0954 - 0.8036 
     3   site 3                    1.0000  0.0000     1.0000 - 1.0000 
     4   site 4                    0.1471  0.1096    -0.0678 - 0.3619 
     5   site 5                    0.3541  0.2293    -0.0954 - 0.8036 
     6   site 6                    0.1471  0.1096    -0.0678 - 0.3619 
     7   site 7                    0.1471  0.1096    -0.0678 - 0.3619 
     8   site 8                    0.1471  0.1096    -0.0678 - 0.3619 
     9   site 9                    0.1471  0.1096    -0.0678 - 0.3619 
    10  site 10                    1.0000  0.0000     1.0000 - 1.0000 
    11  site 11                    1.0000  0.0000     1.0000 - 1.0000 
    12  site 12                    1.0000  0.0000     1.0000 - 1.0000 
    13  site 13                    1.0000  0.0000     1.0000 - 1.0000 
    14  site 14                    0.1471  0.1096    -0.0678 - 0.3619 
    15  site 15                    1.0000  0.0000     1.0000 - 1.0000 
    16  site 16                    1.0000  0.0000     1.0000 - 1.0000 
    17  site 17                    0.4582  0.2276     0.0122 - 0.9043 
    18  site 18                    1.0000  0.0000     1.0000 - 1.0000 
    19  site 19                    0.2084  0.1254    -0.0374 - 0.4543 
    20  site 20                    0.3541  0.2293    -0.0954 - 0.8036 
    21  site 21                    0.4582  0.2276     0.0122 - 0.9043 
    22  site 22                    0.2084  0.1254    -0.0374 - 0.4543 
    23  site 23                    1.0000  0.0000     1.0000 - 1.0000 
    24  site 24                    0.2084  0.1254    -0.0374 - 0.4543 
    25  site 25                    0.2084  0.1254    -0.0374 - 0.4543 
    26  site 26                    0.2084  0.1254    -0.0374 - 0.4543 
    27  site 27                    0.2084  0.1254    -0.0374 - 0.4543 
    28  site 28                    1.0000  0.0000     1.0000 - 1.0000 
    29  site 29                    0.2084  0.1254    -0.0374 - 0.4543 
    30  site 30                    0.1471  0.1096    -0.0678 - 0.3619 
    31  site 31                    0.1471  0.1096    -0.0678 - 0.3619 
    32  site 32                    0.3541  0.2293    -0.0954 - 0.8036 
    33  site 33                    0.1471  0.1096    -0.0678 - 0.3619 
    34  site 34                    1.0000  0.0000     1.0000 - 1.0000 
    35  site 35                    0.1014  0.0904    -0.0758 - 0.2787 
    36  site 36                    0.1014  0.0904    -0.0758 - 0.2787 
    37  site 37                    1.0000  0.0000     1.0000 - 1.0000 
    38  site 38                    0.4582  0.2276     0.0122 - 0.9043 
    39  site 39                    1.0000  0.0000     1.0000 - 1.0000 
    40  site 40                    0.1471  0.1096    -0.0678 - 0.3619 
    41  site 41                    1.0000  0.0000     1.0000 - 1.0000 
    42  site 42                    1.0000  0.0000     1.0000 - 1.0000 
    43  site 43                    1.0000  0.0000     1.0000 - 1.0000 
    44  site 44                    1.0000  0.0000     1.0000 - 1.0000 
    45  site 45                    1.0000  0.0000     1.0000 - 1.0000 
    46  site 46                    1.0000  0.0000     1.0000 - 1.0000 
    47  site 47                    1.0000  0.0000     1.0000 - 1.0000 
    48  site 48                    0.3541  0.2293    -0.0954 - 0.8036 
    49  site 49                    1.0000  0.0000     1.0000 - 1.0000 
    50  site 50                    1.0000  0.0000     1.0000 - 1.0000 
    51  site 51                    1.0000  0.0000     1.0000 - 1.0000 
    52  site 52                    1.0000  0.0000     1.0000 - 1.0000 
    53  site 53                    1.0000  0.0000     1.0000 - 1.0000 
    54  site 54                    0.3541  0.2293    -0.0954 - 0.8036 
    55  site 55                    0.3541  0.2293    -0.0954 - 0.8036 
    56  site 56                    0.1471  0.1096    -0.0678 - 0.3619 
    57  site 57                    1.0000  0.0000     1.0000 - 1.0000 
    58  site 58                    0.3541  0.2293    -0.0954 - 0.8036 
    59  site 59                    1.0000  0.0000     1.0000 - 1.0000 
    60  site 60                    1.0000  0.0000     1.0000 - 1.0000 
    61  site 61                    1.0000  0.0000     1.0000 - 1.0000 
    62  site 62                    1.0000  0.0000     1.0000 - 1.0000 
    63  site 63                    0.2084  0.1254    -0.0374 - 0.4543 
    64  site 64                    0.2084  0.1254    -0.0374 - 0.4543 
    65  site 65                    1.0000  0.0000     1.0000 - 1.0000 
    66  site 66                    0.4582  0.2276     0.0122 - 0.9043 
    67  site 67                    1.0000  0.0000     1.0000 - 1.0000 
    68  site 68                    1.0000  0.0000     1.0000 - 1.0000 
    69  site 69                    1.0000  0.0000     1.0000 - 1.0000 
    70  site 70                    0.4582  0.2276     0.0122 - 0.9043 
    71  site 71                    0.2084  0.1254    -0.0374 - 0.4543 
    72  site 72                    1.0000  0.0000     1.0000 - 1.0000 

CPU time: 0.0 seconds

