

PRESENCE - Presence/Absence-Site Occupancy data analysis
Sat Oct 22 20:15:57 2011,       Version 4.0111018
- - - - - - - - - - - - - - - - - - - - - - - - - - - - -
==>i=weta.pao
==>l=pres_psi(X)__p(t_P_obs).out
==>name=psi(*) ,p(t + obs)
==>model=100
==>j=c:\documents and settings\cschwarz\desktop\occupancysampledata\weta_project\weta_project\weta_project\weta.dm
==>lmt=200
model=100 N,T-->72,5
modtype-->1 

********* Input Data summary *******
Number of sites                = 72
Number of sampling occasions   = 5
Number of missing observations = 98
Data checksum = 53860

Naive occupancy estimate       = 0.4861

NSiteCovs-->2
site_covname[0]=Browsed
site_covname[1]=Unbrowsed
NSampCovs-->3
samp_covname[0]=Obs1
samp_covname[1]=Obs2
samp_covname[2]=Obs3
Primary periods=1 Secondary periods: 5
- - - - - - - - - - - - - - - - - - - - - - - - - - - - -
 weta
- - - - - - - - - - - - - - - - - - - - - - - - - - - - -
modtype=1 N=72 T=5 Groups=1 bootstraps=0

-->1-5
Matrix 1: rows=2, cols=2
            -,a1,
psi           1
========================

Matrix 2: rows=6, cols=8
            -,b1,b2,b3,b4,b5,b6,b7,
p1            1 0 0 0 0 Obs1 Obs2
p2            1 1 0 0 0 Obs1 Obs2
p3            1 0 1 0 0 Obs1 Obs2
p4            1 0 0 1 0 Obs1 Obs2
p5            1 0 0 0 1 Obs1 Obs2
========================

Matrix 3: rows=0, cols=0
========================

Matrix 4: rows=0, cols=0
========================

Matrix 5: rows=0, cols=0
========================

Matrix 6: rows=0, cols=0
========================

Custom Model:

Number of parameters           = 8
Number of significant digits   =   6.5

Model has been fit using the logistic link.


Number of parameters           = 8
Number of function calls           = 199
-2log(likelihood)              = 242.5466
AIC                            = 258.5466

varcov: nsig=6 eps=1.000000e-002

Untransformed Estimates of coefficients for covariates (Beta's)
======================================================================
                                          estimate    std.error
A1   psi                              :   0.580449    0.409334
B1   p1                               :  -0.238416    0.472635
B2   p2                               :  -0.137662    0.547377
B3   p3                               :  -0.964098    0.596744
B4   p4                               :  -0.047049    0.560669
B5   p5                               :   1.048458    0.561777
B6   p1.Obs1                          :  -1.104372    0.458833
B7   p1.Obs2                          :  -0.356276    0.434951

Variance-Covariance Matrix of Untransformed estimates (Beta's):
              A1         B1         B2         B3         B4         B5         B6         B7  
     A1    0.167554  -0.067019  -0.001308   0.005006   0.009598  -0.001469   0.004733   0.011763
     B1   -0.067019   0.223384  -0.138944  -0.150451  -0.138512  -0.136622  -0.078918  -0.068179
     B2   -0.001308  -0.138944   0.299621   0.152130   0.159422   0.158069  -0.008367  -0.039690
     B3    0.005006  -0.150451   0.152130   0.356103   0.149813   0.151938   0.004676  -0.011981
     B4    0.009598  -0.138512   0.159422   0.149813   0.314350   0.154507  -0.026109  -0.040319
     B5   -0.001469  -0.136622   0.158069   0.151938   0.154507   0.315594  -0.026320  -0.038183
     B6    0.004733  -0.078918  -0.008367   0.004676  -0.026109  -0.026320   0.210528   0.091263
     B7    0.011763  -0.068179  -0.039690  -0.011981  -0.040319  -0.038183   0.091263   0.189182
------------------------------

============================================================

   Individual Site estimates of <psi> 
                Site               estimate  Std.err   95% conf. interval
psi             1 site 1          :  0.6412   0.0942     0.4448 - 0.7994 

============================================================

   Individual Site estimates of <p1> 
                Site               estimate  Std.err   95% conf. interval
p1              1 site 1          :  0.2071   0.0863     0.0853 - 0.4224 
p1              2 site 2          :  0.2071   0.0863     0.0853 - 0.4224 
p1              3 site 3          :  0.2071   0.0863     0.0853 - 0.4224 
p1              4 site 4          :  0.2071   0.0863     0.0853 - 0.4224 
p1              5 site 5          :  0.2071   0.0863     0.0853 - 0.4224 
p1              6 site 6          :  0.2071   0.0863     0.0853 - 0.4224 
p1              7 site 7          :  0.2071   0.0863     0.0853 - 0.4224 
p1              8 site 8          :  0.2071   0.0863     0.0853 - 0.4224 
p1              9 site 9          :  0.2071   0.0863     0.0853 - 0.4224 
p1             10 site 10         :  0.2071   0.0863     0.0853 - 0.4224 
p1             11 site 11         :  0.2071   0.0863     0.0853 - 0.4224 
p1             12 site 12         :  0.2071   0.0863     0.0853 - 0.4224 
p1             13 site 13         :  0.2071   0.0863     0.0853 - 0.4224 
p1             14 site 14         :  0.2071   0.0863     0.0853 - 0.4224 
p1             15 site 15         :  0.2071   0.0863     0.0853 - 0.4224 
p1             16 site 16             .          .            .         -   .
p1             17 site 17             .          .            .         -   .
p1             18 site 18             .          .            .         -   .
p1             19 site 19             .          .            .         -   .
p1             20 site 20         :  0.2071   0.0863     0.0853 - 0.4224 
p1             21 site 21         :  0.2071   0.0863     0.0853 - 0.4224 
p1             22 site 22         :  0.2071   0.0863     0.0853 - 0.4224 
p1             23 site 23         :  0.2071   0.0863     0.0853 - 0.4224 
p1             24 site 24         :  0.2071   0.0863     0.0853 - 0.4224 
p1             25 site 25         :  0.2071   0.0863     0.0853 - 0.4224 
p1             26 site 26         :  0.3556   0.1204     0.1645 - 0.6072 
p1             27 site 27         :  0.3556   0.1204     0.1645 - 0.6072 
p1             28 site 28         :  0.3556   0.1204     0.1645 - 0.6072 
p1             29 site 29         :  0.3556   0.1204     0.1645 - 0.6072 
p1             30 site 30         :  0.3556   0.1204     0.1645 - 0.6072 
p1             31 site 31         :  0.3556   0.1204     0.1645 - 0.6072 
p1             32 site 32         :  0.3556   0.1204     0.1645 - 0.6072 
p1             33 site 33         :  0.3556   0.1204     0.1645 - 0.6072 
p1             34 site 34         :  0.3556   0.1204     0.1645 - 0.6072 
p1             35 site 35         :  0.3556   0.1204     0.1645 - 0.6072 
p1             36 site 36         :  0.3556   0.1204     0.1645 - 0.6072 
p1             37 site 37         :  0.3556   0.1204     0.1645 - 0.6072 
p1             38 site 38             .          .            .         -   .
p1             39 site 39             .          .            .         -   .
p1             40 site 40             .          .            .         -   .
p1             41 site 41             .          .            .         -   .
p1             42 site 42             .          .            .         -   .
p1             43 site 43             .          .            .         -   .
p1             44 site 44             .          .            .         -   .
p1             45 site 45             .          .            .         -   .
p1             46 site 46             .          .            .         -   .
p1             47 site 47             .          .            .         -   .
p1             48 site 48         :  0.4407   0.1165     0.2378 - 0.6655 
p1             49 site 49         :  0.4407   0.1165     0.2378 - 0.6655 
p1             50 site 50         :  0.4407   0.1165     0.2378 - 0.6655 
p1             51 site 51         :  0.4407   0.1165     0.2378 - 0.6655 
p1             52 site 52         :  0.4407   0.1165     0.2378 - 0.6655 
p1             53 site 53         :  0.4407   0.1165     0.2378 - 0.6655 
p1             54 site 54         :  0.4407   0.1165     0.2378 - 0.6655 
p1             55 site 55         :  0.4407   0.1165     0.2378 - 0.6655 
p1             56 site 56         :  0.4407   0.1165     0.2378 - 0.6655 
p1             57 site 57         :  0.4407   0.1165     0.2378 - 0.6655 
p1             58 site 58         :  0.4407   0.1165     0.2378 - 0.6655 
p1             59 site 59         :  0.4407   0.1165     0.2378 - 0.6655 
p1             60 site 60         :  0.4407   0.1165     0.2378 - 0.6655 
p1             61 site 61         :  0.4407   0.1165     0.2378 - 0.6655 
p1             62 site 62         :  0.4407   0.1165     0.2378 - 0.6655 
p1             63 site 63             .          .            .         -   .
p1             64 site 64             .          .            .         -   .
p1             65 site 65             .          .            .         -   .
p1             66 site 66             .          .            .         -   .
p1             67 site 67             .          .            .         -   .
p1             68 site 68         :  0.4407   0.1165     0.2378 - 0.6655 
p1             69 site 69         :  0.4407   0.1165     0.2378 - 0.6655 
p1             70 site 70         :  0.4407   0.1165     0.2378 - 0.6655 
p1             71 site 71         :  0.4407   0.1165     0.2378 - 0.6655 
p1             72 site 72         :  0.4407   0.1165     0.2378 - 0.6655 
p2              1 site 1          :  0.4071   0.1195     0.2064 - 0.6444 
p2              2 site 2          :  0.4071   0.1195     0.2064 - 0.6444 
p2              3 site 3          :  0.4071   0.1195     0.2064 - 0.6444 
p2              4 site 4          :  0.4071   0.1195     0.2064 - 0.6444 
p2              5 site 5          :  0.4071   0.1195     0.2064 - 0.6444 
p2              6 site 6          :  0.4071   0.1195     0.2064 - 0.6444 
p2              7 site 7          :  0.4071   0.1195     0.2064 - 0.6444 
p2              8 site 8          :  0.4071   0.1195     0.2064 - 0.6444 
p2              9 site 9          :  0.4071   0.1195     0.2064 - 0.6444 
p2             10 site 10         :  0.4071   0.1195     0.2064 - 0.6444 
p2             11 site 11         :  0.4071   0.1195     0.2064 - 0.6444 
p2             12 site 12         :  0.4071   0.1195     0.2064 - 0.6444 
p2             13 site 13         :  0.4071   0.1195     0.2064 - 0.6444 
p2             14 site 14         :  0.4071   0.1195     0.2064 - 0.6444 
p2             15 site 15         :  0.4071   0.1195     0.2064 - 0.6444 
p2             16 site 16         :  0.4071   0.1195     0.2064 - 0.6444 
p2             17 site 17         :  0.4071   0.1195     0.2064 - 0.6444 
p2             18 site 18         :  0.4071   0.1195     0.2064 - 0.6444 
p2             19 site 19         :  0.4071   0.1195     0.2064 - 0.6444 
p2             20 site 20         :  0.4071   0.1195     0.2064 - 0.6444 
p2             21 site 21             .          .            .         -   .
p2             22 site 22             .          .            .         -   .
p2             23 site 23             .          .            .         -   .
p2             24 site 24             .          .            .         -   .
p2             25 site 25             .          .            .         -   .
p2             26 site 26         :  0.1854   0.0801     0.0745 - 0.3914 
p2             27 site 27         :  0.1854   0.0801     0.0745 - 0.3914 
p2             28 site 28         :  0.1854   0.0801     0.0745 - 0.3914 
p2             29 site 29         :  0.1854   0.0801     0.0745 - 0.3914 
p2             30 site 30         :  0.1854   0.0801     0.0745 - 0.3914 
p2             31 site 31         :  0.1854   0.0801     0.0745 - 0.3914 
p2             32 site 32         :  0.1854   0.0801     0.0745 - 0.3914 
p2             33 site 33         :  0.1854   0.0801     0.0745 - 0.3914 
p2             34 site 34         :  0.1854   0.0801     0.0745 - 0.3914 
p2             35 site 35         :  0.1854   0.0801     0.0745 - 0.3914 
p2             36 site 36         :  0.1854   0.0801     0.0745 - 0.3914 
p2             37 site 37         :  0.1854   0.0801     0.0745 - 0.3914 
p2             38 site 38         :  0.1854   0.0801     0.0745 - 0.3914 
p2             39 site 39         :  0.1854   0.0801     0.0745 - 0.3914 
p2             40 site 40         :  0.1854   0.0801     0.0745 - 0.3914 
p2             41 site 41         :  0.1854   0.0801     0.0745 - 0.3914 
p2             42 site 42         :  0.1854   0.0801     0.0745 - 0.3914 
p2             43 site 43             .          .            .         -   .
p2             44 site 44             .          .            .         -   .
p2             45 site 45             .          .            .         -   .
p2             46 site 46             .          .            .         -   .
p2             47 site 47             .          .            .         -   .
p2             48 site 48         :  0.3247   0.1025     0.1613 - 0.5459 
p2             49 site 49         :  0.3247   0.1025     0.1613 - 0.5459 
p2             50 site 50         :  0.3247   0.1025     0.1613 - 0.5459 
p2             51 site 51         :  0.3247   0.1025     0.1613 - 0.5459 
p2             52 site 52         :  0.3247   0.1025     0.1613 - 0.5459 
p2             53 site 53         :  0.3247   0.1025     0.1613 - 0.5459 
p2             54 site 54         :  0.3247   0.1025     0.1613 - 0.5459 
p2             55 site 55         :  0.3247   0.1025     0.1613 - 0.5459 
p2             56 site 56         :  0.3247   0.1025     0.1613 - 0.5459 
p2             57 site 57         :  0.3247   0.1025     0.1613 - 0.5459 
p2             58 site 58         :  0.3247   0.1025     0.1613 - 0.5459 
p2             59 site 59         :  0.3247   0.1025     0.1613 - 0.5459 
p2             60 site 60         :  0.3247   0.1025     0.1613 - 0.5459 
p2             61 site 61         :  0.3247   0.1025     0.1613 - 0.5459 
p2             62 site 62         :  0.3247   0.1025     0.1613 - 0.5459 
p2             63 site 63         :  0.3247   0.1025     0.1613 - 0.5459 
p2             64 site 64         :  0.3247   0.1025     0.1613 - 0.5459 
p2             65 site 65         :  0.3247   0.1025     0.1613 - 0.5459 
p2             66 site 66         :  0.3247   0.1025     0.1613 - 0.5459 
p2             67 site 67         :  0.3247   0.1025     0.1613 - 0.5459 
p2             68 site 68             .          .            .         -   .
p2             69 site 69             .          .            .         -   .
p2             70 site 70             .          .            .         -   .
p2             71 site 71             .          .            .         -   .
p2             72 site 72             .          .            .         -   .
p3              1 site 1          :  0.1738   0.0796     0.0663 - 0.3841 
p3              2 site 2          :  0.1738   0.0796     0.0663 - 0.3841 
p3              3 site 3          :  0.1738   0.0796     0.0663 - 0.3841 
p3              4 site 4          :  0.1738   0.0796     0.0663 - 0.3841 
p3              5 site 5          :  0.1738   0.0796     0.0663 - 0.3841 
p3              6 site 6          :  0.1738   0.0796     0.0663 - 0.3841 
p3              7 site 7          :  0.1738   0.0796     0.0663 - 0.3841 
p3              8 site 8          :  0.1738   0.0796     0.0663 - 0.3841 
p3              9 site 9          :  0.1738   0.0796     0.0663 - 0.3841 
p3             10 site 10         :  0.1738   0.0796     0.0663 - 0.3841 
p3             11 site 11             .          .            .         -   .
p3             12 site 12             .          .            .         -   .
p3             13 site 13             .          .            .         -   .
p3             14 site 14             .          .            .         -   .
p3             15 site 15             .          .            .         -   .
p3             16 site 16         :  0.1738   0.0796     0.0663 - 0.3841 
p3             17 site 17         :  0.1738   0.0796     0.0663 - 0.3841 
p3             18 site 18         :  0.1738   0.0796     0.0663 - 0.3841 
p3             19 site 19         :  0.1738   0.0796     0.0663 - 0.3841 
p3             20 site 20         :  0.1738   0.0796     0.0663 - 0.3841 
p3             21 site 21         :  0.1738   0.0796     0.0663 - 0.3841 
p3             22 site 22         :  0.1738   0.0796     0.0663 - 0.3841 
p3             23 site 23         :  0.1738   0.0796     0.0663 - 0.3841 
p3             24 site 24         :  0.1738   0.0796     0.0663 - 0.3841 
p3             25 site 25         :  0.1738   0.0796     0.0663 - 0.3841 
p3             26 site 26         :  0.2310   0.0938     0.0965 - 0.4581 
p3             27 site 27         :  0.2310   0.0938     0.0965 - 0.4581 
p3             28 site 28         :  0.2310   0.0938     0.0965 - 0.4581 
p3             29 site 29         :  0.2310   0.0938     0.0965 - 0.4581 
p3             30 site 30         :  0.2310   0.0938     0.0965 - 0.4581 
p3             31 site 31         :  0.2310   0.0938     0.0965 - 0.4581 
p3             32 site 32         :  0.2310   0.0938     0.0965 - 0.4581 
p3             33 site 33         :  0.2310   0.0938     0.0965 - 0.4581 
p3             34 site 34         :  0.2310   0.0938     0.0965 - 0.4581 
p3             35 site 35         :  0.2310   0.0938     0.0965 - 0.4581 
p3             36 site 36         :  0.2310   0.0938     0.0965 - 0.4581 
p3             37 site 37         :  0.2310   0.0938     0.0965 - 0.4581 
p3             38 site 38             .          .            .         -   .
p3             39 site 39             .          .            .         -   .
p3             40 site 40         :  0.2310   0.0938     0.0965 - 0.4581 
p3             41 site 41         :  0.2310   0.0938     0.0965 - 0.4581 
p3             42 site 42         :  0.2310   0.0938     0.0965 - 0.4581 
p3             43 site 43         :  0.2310   0.0938     0.0965 - 0.4581 
p3             44 site 44         :  0.2310   0.0938     0.0965 - 0.4581 
p3             45 site 45         :  0.2310   0.0938     0.0965 - 0.4581 
p3             46 site 46         :  0.2310   0.0938     0.0965 - 0.4581 
p3             47 site 47         :  0.2310   0.0938     0.0965 - 0.4581 
p3             48 site 48         :  0.0906   0.0481     0.0307 - 0.2381 
p3             49 site 49         :  0.0906   0.0481     0.0307 - 0.2381 
p3             50 site 50         :  0.0906   0.0481     0.0307 - 0.2381 
p3             51 site 51         :  0.0906   0.0481     0.0307 - 0.2381 
p3             52 site 52         :  0.0906   0.0481     0.0307 - 0.2381 
p3             53 site 53         :  0.0906   0.0481     0.0307 - 0.2381 
p3             54 site 54         :  0.0906   0.0481     0.0307 - 0.2381 
p3             55 site 55         :  0.0906   0.0481     0.0307 - 0.2381 
p3             56 site 56         :  0.0906   0.0481     0.0307 - 0.2381 
p3             57 site 57         :  0.0906   0.0481     0.0307 - 0.2381 
p3             58 site 58             .          .            .         -   .
p3             59 site 59             .          .            .         -   .
p3             60 site 60             .          .            .         -   .
p3             61 site 61             .          .            .         -   .
p3             62 site 62             .          .            .         -   .
p3             63 site 63         :  0.0906   0.0481     0.0307 - 0.2381 
p3             64 site 64         :  0.0906   0.0481     0.0307 - 0.2381 
p3             65 site 65         :  0.0906   0.0481     0.0307 - 0.2381 
p3             66 site 66         :  0.0906   0.0481     0.0307 - 0.2381 
p3             67 site 67         :  0.0906   0.0481     0.0307 - 0.2381 
p3             68 site 68         :  0.0906   0.0481     0.0307 - 0.2381 
p3             69 site 69         :  0.0906   0.0481     0.0307 - 0.2381 
p3             70 site 70         :  0.0906   0.0481     0.0307 - 0.2381 
p3             71 site 71         :  0.0906   0.0481     0.0307 - 0.2381 
p3             72 site 72         :  0.0906   0.0481     0.0307 - 0.2381 
p4              1 site 1          :  0.4291   0.1251     0.2165 - 0.6716 
p4              2 site 2          :  0.4291   0.1251     0.2165 - 0.6716 
p4              3 site 3          :  0.4291   0.1251     0.2165 - 0.6716 
p4              4 site 4          :  0.4291   0.1251     0.2165 - 0.6716 
p4              5 site 5          :  0.4291   0.1251     0.2165 - 0.6716 
p4              6 site 6          :  0.4291   0.1251     0.2165 - 0.6716 
p4              7 site 7          :  0.4291   0.1251     0.2165 - 0.6716 
p4              8 site 8          :  0.4291   0.1251     0.2165 - 0.6716 
p4              9 site 9          :  0.4291   0.1251     0.2165 - 0.6716 
p4             10 site 10         :  0.4291   0.1251     0.2165 - 0.6716 
p4             11 site 11         :  0.4291   0.1251     0.2165 - 0.6716 
p4             12 site 12         :  0.4291   0.1251     0.2165 - 0.6716 
p4             13 site 13         :  0.4291   0.1251     0.2165 - 0.6716 
p4             14 site 14         :  0.4291   0.1251     0.2165 - 0.6716 
p4             15 site 15         :  0.4291   0.1251     0.2165 - 0.6716 
p4             16 site 16             .          .            .         -   .
p4             17 site 17             .          .            .         -   .
p4             18 site 18             .          .            .         -   .
p4             19 site 19             .          .            .         -   .
p4             20 site 20             .          .            .         -   .
p4             21 site 21             .          .            .         -   .
p4             22 site 22             .          .            .         -   .
p4             23 site 23             .          .            .         -   .
p4             24 site 24             .          .            .         -   .
p4             25 site 25             .          .            .         -   .
p4             26 site 26             .          .            .         -   .
p4             27 site 27             .          .            .         -   .
p4             28 site 28             .          .            .         -   .
p4             29 site 29             .          .            .         -   .
p4             30 site 30         :  0.1994   0.0816     0.0838 - 0.4042 
p4             31 site 31         :  0.1994   0.0816     0.0838 - 0.4042 
p4             32 site 32         :  0.1994   0.0816     0.0838 - 0.4042 
p4             33 site 33         :  0.1994   0.0816     0.0838 - 0.4042 
p4             34 site 34         :  0.1994   0.0816     0.0838 - 0.4042 
p4             35 site 35         :  0.1994   0.0816     0.0838 - 0.4042 
p4             36 site 36         :  0.1994   0.0816     0.0838 - 0.4042 
p4             37 site 37         :  0.1994   0.0816     0.0838 - 0.4042 
p4             38 site 38         :  0.1994   0.0816     0.0838 - 0.4042 
p4             39 site 39         :  0.1994   0.0816     0.0838 - 0.4042 
p4             40 site 40         :  0.1994   0.0816     0.0838 - 0.4042 
p4             41 site 41         :  0.1994   0.0816     0.0838 - 0.4042 
p4             42 site 42         :  0.1994   0.0816     0.0838 - 0.4042 
p4             43 site 43         :  0.1994   0.0816     0.0838 - 0.4042 
p4             44 site 44         :  0.1994   0.0816     0.0838 - 0.4042 
p4             45 site 45         :  0.1994   0.0816     0.0838 - 0.4042 
p4             46 site 46         :  0.1994   0.0816     0.0838 - 0.4042 
p4             47 site 47         :  0.1994   0.0816     0.0838 - 0.4042 
p4             48 site 48         :  0.3449   0.1090     0.1697 - 0.5755 
p4             49 site 49         :  0.3449   0.1090     0.1697 - 0.5755 
p4             50 site 50         :  0.3449   0.1090     0.1697 - 0.5755 
p4             51 site 51         :  0.3449   0.1090     0.1697 - 0.5755 
p4             52 site 52         :  0.3449   0.1090     0.1697 - 0.5755 
p4             53 site 53         :  0.3449   0.1090     0.1697 - 0.5755 
p4             54 site 54         :  0.3449   0.1090     0.1697 - 0.5755 
p4             55 site 55         :  0.3449   0.1090     0.1697 - 0.5755 
p4             56 site 56         :  0.3449   0.1090     0.1697 - 0.5755 
p4             57 site 57         :  0.3449   0.1090     0.1697 - 0.5755 
p4             58 site 58         :  0.3449   0.1090     0.1697 - 0.5755 
p4             59 site 59         :  0.3449   0.1090     0.1697 - 0.5755 
p4             60 site 60         :  0.3449   0.1090     0.1697 - 0.5755 
p4             61 site 61         :  0.3449   0.1090     0.1697 - 0.5755 
p4             62 site 62         :  0.3449   0.1090     0.1697 - 0.5755 
p4             63 site 63             .          .            .         -   .
p4             64 site 64             .          .            .         -   .
p4             65 site 65             .          .            .         -   .
p4             66 site 66             .          .            .         -   .
p4             67 site 67             .          .            .         -   .
p4             68 site 68             .          .            .         -   .
p4             69 site 69             .          .            .         -   .
p4             70 site 70             .          .            .         -   .
p4             71 site 71             .          .            .         -   .
p4             72 site 72             .          .            .         -   .
p5              1 site 1              .          .            .         -   .
p5              2 site 2              .          .            .         -   .
p5              3 site 3              .          .            .         -   .
p5              4 site 4              .          .            .         -   .
p5              5 site 5              .          .            .         -   .
p5              6 site 6              .          .            .         -   .
p5              7 site 7              .          .            .         -   .
p5              8 site 8              .          .            .         -   .
p5              9 site 9              .          .            .         -   .
p5             10 site 10             .          .            .         -   .
p5             11 site 11         :  0.4269   0.1261     0.2134 - 0.6718 
p5             12 site 12         :  0.4269   0.1261     0.2134 - 0.6718 
p5             13 site 13         :  0.4269   0.1261     0.2134 - 0.6718 
p5             14 site 14         :  0.4269   0.1261     0.2134 - 0.6718 
p5             15 site 15         :  0.4269   0.1261     0.2134 - 0.6718 
p5             16 site 16         :  0.4269   0.1261     0.2134 - 0.6718 
p5             17 site 17         :  0.4269   0.1261     0.2134 - 0.6718 
p5             18 site 18         :  0.4269   0.1261     0.2134 - 0.6718 
p5             19 site 19         :  0.4269   0.1261     0.2134 - 0.6718 
p5             20 site 20         :  0.4269   0.1261     0.2134 - 0.6718 
p5             21 site 21         :  0.4269   0.1261     0.2134 - 0.6718 
p5             22 site 22         :  0.4269   0.1261     0.2134 - 0.6718 
p5             23 site 23         :  0.4269   0.1261     0.2134 - 0.6718 
p5             24 site 24         :  0.4269   0.1261     0.2134 - 0.6718 
p5             25 site 25         :  0.4269   0.1261     0.2134 - 0.6718 
p5             26 site 26             .          .            .         -   .
p5             27 site 27             .          .            .         -   .
p5             28 site 28             .          .            .         -   .
p5             29 site 29             .          .            .         -   .
p5             30 site 30             .          .            .         -   .
p5             31 site 31             .          .            .         -   .
p5             32 site 32             .          .            .         -   .
p5             33 site 33             .          .            .         -   .
p5             34 site 34         :  0.6115   0.1169     0.3750 - 0.8051 
p5             35 site 35         :  0.6115   0.1169     0.3750 - 0.8051 
p5             36 site 36         :  0.6115   0.1169     0.3750 - 0.8051 
p5             37 site 37         :  0.6115   0.1169     0.3750 - 0.8051 
p5             38 site 38         :  0.6115   0.1169     0.3750 - 0.8051 
p5             39 site 39         :  0.6115   0.1169     0.3750 - 0.8051 
p5             40 site 40         :  0.6115   0.1169     0.3750 - 0.8051 
p5             41 site 41         :  0.6115   0.1169     0.3750 - 0.8051 
p5             42 site 42         :  0.6115   0.1169     0.3750 - 0.8051 
p5             43 site 43         :  0.6115   0.1169     0.3750 - 0.8051 
p5             44 site 44         :  0.6115   0.1169     0.3750 - 0.8051 
p5             45 site 45         :  0.6115   0.1169     0.3750 - 0.8051 
p5             46 site 46         :  0.6115   0.1169     0.3750 - 0.8051 
p5             47 site 47         :  0.6115   0.1169     0.3750 - 0.8051 
p5             48 site 48             .          .            .         -   .
p5             49 site 49             .          .            .         -   .
p5             50 site 50             .          .            .         -   .
p5             51 site 51             .          .            .         -   .
p5             52 site 52             .          .            .         -   .
p5             53 site 53             .          .            .         -   .
p5             54 site 54             .          .            .         -   .
p5             55 site 55             .          .            .         -   .
p5             56 site 56             .          .            .         -   .
p5             57 site 57             .          .            .         -   .
p5             58 site 58         :  0.6921   0.1098     0.4501 - 0.8606 
p5             59 site 59         :  0.6921   0.1098     0.4501 - 0.8606 
p5             60 site 60         :  0.6921   0.1098     0.4501 - 0.8606 
p5             61 site 61         :  0.6921   0.1098     0.4501 - 0.8606 
p5             62 site 62         :  0.6921   0.1098     0.4501 - 0.8606 
p5             63 site 63         :  0.6921   0.1098     0.4501 - 0.8606 
p5             64 site 64         :  0.6921   0.1098     0.4501 - 0.8606 
p5             65 site 65         :  0.6921   0.1098     0.4501 - 0.8606 
p5             66 site 66         :  0.6921   0.1098     0.4501 - 0.8606 
p5             67 site 67         :  0.6921   0.1098     0.4501 - 0.8606 
p5             68 site 68         :  0.6921   0.1098     0.4501 - 0.8606 
p5             69 site 69         :  0.6921   0.1098     0.4501 - 0.8606 
p5             70 site 70         :  0.6921   0.1098     0.4501 - 0.8606 
p5             71 site 71         :  0.6921   0.1098     0.4501 - 0.8606 
p5             72 site 72         :  0.6921   0.1098     0.4501 - 0.8606 

============================================================


 DERIVED parameter - Psi-conditional : [Pr(occ | detection history)]

        Site                     psi-cond  Std.err     95% conf. interval
     1   site 1                    0.2838  0.1368     0.0156 - 0.5519 
     2   site 2                    0.2838  0.1368     0.0156 - 0.5519 
     3   site 3                    1.0000  0.0000     1.0000 - 1.0000 
     4   site 4                    0.2838  0.1368     0.0156 - 0.5519 
     5   site 5                    0.2838  0.1368     0.0156 - 0.5519 
     6   site 6                    0.2838  0.1368     0.0156 - 0.5519 
     7   site 7                    0.2838  0.1368     0.0156 - 0.5519 
     8   site 8                    0.2838  0.1368     0.0156 - 0.5519 
     9   site 9                    0.2838  0.1368     0.0156 - 0.5519 
    10  site 10                    1.0000  0.0000     1.0000 - 1.0000 
    11  site 11                    1.0000  0.0000     1.0000 - 1.0000 
    12  site 12                    1.0000  0.0000     1.0000 - 1.0000 
    13  site 13                    1.0000  0.0000     1.0000 - 1.0000 
    14  site 14                    0.2156  0.1265    -0.0324 - 0.4636 
    15  site 15                    1.0000  0.0000     1.0000 - 1.0000 
    16  site 16                    1.0000  0.0000     1.0000 - 1.0000 
    17  site 17                    0.3340  0.1401     0.0594 - 0.6087 
    18  site 18                    1.0000  0.0000     1.0000 - 1.0000 
    19  site 19                    0.3340  0.1401     0.0594 - 0.6087 
    20  site 20                    0.2846  0.1374     0.0153 - 0.5538 
    21  site 21                    0.4015  0.1434     0.1204 - 0.6826 
    22  site 22                    0.4015  0.1434     0.1204 - 0.6826 
    23  site 23                    1.0000  0.0000     1.0000 - 1.0000 
    24  site 24                    0.4015  0.1434     0.1204 - 0.6826 
    25  site 25                    0.4015  0.1434     0.1204 - 0.6826 
    26  site 26                    0.4191  0.1370     0.1505 - 0.6877 
    27  site 27                    0.4191  0.1370     0.1505 - 0.6877 
    28  site 28                    1.0000  0.0000     1.0000 - 1.0000 
    29  site 29                    0.4191  0.1370     0.1505 - 0.6877 
    30  site 30                    0.3661  0.1386     0.0944 - 0.6378 
    31  site 31                    0.3661  0.1386     0.0944 - 0.6378 
    32  site 32                    0.3661  0.1386     0.0944 - 0.6378 
    33  site 33                    0.3661  0.1386     0.0944 - 0.6378 
    34  site 34                    1.0000  0.0000     1.0000 - 1.0000 
    35  site 35                    0.1832  0.1115    -0.0352 - 0.4017 
    36  site 36                    0.1832  0.1115    -0.0352 - 0.4017 
    37  site 37                    1.0000  0.0000     1.0000 - 1.0000 
    38  site 38                    0.3116  0.1345     0.0481 - 0.5752 
    39  site 39                    1.0000  0.0000     1.0000 - 1.0000 
    40  site 40                    0.2582  0.1271     0.0090 - 0.5074 
    41  site 41                    1.0000  0.0000     1.0000 - 1.0000 
    42  site 42                    1.0000  0.0000     1.0000 - 1.0000 
    43  site 43                    1.0000  0.0000     1.0000 - 1.0000 
    44  site 44                    1.0000  0.0000     1.0000 - 1.0000 
    45  site 45                    1.0000  0.0000     1.0000 - 1.0000 
    46  site 46                    1.0000  0.0000     1.0000 - 1.0000 
    47  site 47                    1.0000  0.0000     1.0000 - 1.0000 
    48  site 48                    0.2868  0.1340     0.0243 - 0.5493 
    49  site 49                    1.0000  0.0000     1.0000 - 1.0000 
    50  site 50                    1.0000  0.0000     1.0000 - 1.0000 
    51  site 51                    1.0000  0.0000     1.0000 - 1.0000 
    52  site 52                    1.0000  0.0000     1.0000 - 1.0000 
    53  site 53                    1.0000  0.0000     1.0000 - 1.0000 
    54  site 54                    0.2868  0.1340     0.0243 - 0.5493 
    55  site 55                    0.2868  0.1340     0.0243 - 0.5493 
    56  site 56                    0.2868  0.1340     0.0243 - 0.5493 
    57  site 57                    1.0000  0.0000     1.0000 - 1.0000 
    58  site 58                    0.1198  0.0876    -0.0518 - 0.2914 
    59  site 59                    1.0000  0.0000     1.0000 - 1.0000 
    60  site 60                    1.0000  0.0000     1.0000 - 1.0000 
    61  site 61                    1.0000  0.0000     1.0000 - 1.0000 
    62  site 62                    1.0000  0.0000     1.0000 - 1.0000 
    63  site 63                    0.2525  0.1281     0.0014 - 0.5037 
    64  site 64                    0.2525  0.1281     0.0014 - 0.5037 
    65  site 65                    1.0000  0.0000     1.0000 - 1.0000 
    66  site 66                    0.2525  0.1281     0.0014 - 0.5037 
    67  site 67                    1.0000  0.0000     1.0000 - 1.0000 
    68  site 68                    1.0000  0.0000     1.0000 - 1.0000 
    69  site 69                    1.0000  0.0000     1.0000 - 1.0000 
    70  site 70                    0.2187  0.1273    -0.0309 - 0.4682 
    71  site 71                    0.2187  0.1273    -0.0309 - 0.4682 
    72  site 72                    1.0000  0.0000     1.0000 - 1.0000 

CPU time: 0.0 seconds

