

PRESENCE - Presence/Absence-Site Occupancy data analysis
Sat Oct 22 17:05:19 2011,       Version 4.0111018
- - - - - - - - - - - - - - - - - - - - - - - - - - - - -
==>i=weta.pao
==>l=pres_psi(browse)__p(.)_-_cell_effects.out
==>name=psi(browse) ,p(.) - cell effects
==>model=100
==>j=c:\documents and settings\cschwarz\desktop\occupancysampledata\weta_project\weta_project\weta_project\weta.dm
==>lmt=200
model=100 N,T-->72,5
modtype-->1 

********* Input Data summary *******
Number of sites                = 72
Number of sampling occasions   = 5
Number of missing observations = 98
Data checksum = 53860

Naive occupancy estimate       = 0.4861

NSiteCovs-->2
site_covname[0]=Browsed
site_covname[1]=Unbrowsed
NSampCovs-->3
samp_covname[0]=Obs1
samp_covname[1]=Obs2
samp_covname[2]=Obs3
Primary periods=1 Secondary periods: 5
- - - - - - - - - - - - - - - - - - - - - - - - - - - - -
 weta
- - - - - - - - - - - - - - - - - - - - - - - - - - - - -
modtype=1 N=72 T=5 Groups=1 bootstraps=0

-->1-5
Matrix 1: rows=2, cols=3
            -,a1,a2,
psi           1 Browsed
========================

Matrix 2: rows=6, cols=2
            -,b1,
p1            1
p2            1
p3            1
p4            1
p5            1
========================

Matrix 3: rows=0, cols=0
========================

Matrix 4: rows=0, cols=0
========================

Matrix 5: rows=0, cols=0
========================

Matrix 6: rows=0, cols=0
========================

Custom Model:

Number of parameters           = 3
Number of significant digits   =   6.3

Model has been fit using the logistic link.


Number of parameters           = 3
Number of function calls           = 78
-2log(likelihood)              = 258.2643
AIC                            = 264.2643

varcov: nsig=6 eps=1.000000e-002

Untransformed Estimates of coefficients for covariates (Beta's)
======================================================================
                                          estimate    std.error
A1   psi                              :  -0.076044    0.432172
A2   psi.Browsed                      :   1.225278    0.720562
B1   p1                               :  -0.622255    0.236644

Variance-Covariance Matrix of Untransformed estimates (Beta's):
              A1         A2         B1  
     A1    0.186773  -0.137988  -0.035673
     A2   -0.137988   0.519209  -0.040915
     B1   -0.035673  -0.040915   0.056000
------------------------------

============================================================

   Individual Site estimates of <psi> 
                Site               estimate  Std.err   95% conf. interval
psi             1 site 1          :  0.7594   0.1198     0.4660 - 0.9194 
psi             2 site 2          :  0.7594   0.1198     0.4660 - 0.9194 
psi             3 site 3          :  0.7594   0.1198     0.4660 - 0.9194 
psi             4 site 4          :  0.4810   0.1079     0.2843 - 0.6837 
psi             5 site 5          :  0.7594   0.1198     0.4660 - 0.9194 
psi             6 site 6          :  0.4810   0.1079     0.2843 - 0.6837 
psi             7 site 7          :  0.4810   0.1079     0.2843 - 0.6837 
psi             8 site 8          :  0.4810   0.1079     0.2843 - 0.6837 
psi             9 site 9          :  0.4810   0.1079     0.2843 - 0.6837 
psi            10 site 10         :  0.7594   0.1198     0.4660 - 0.9194 
psi            11 site 11         :  0.7594   0.1198     0.4660 - 0.9194 
psi            12 site 12         :  0.7594   0.1198     0.4660 - 0.9194 
psi            13 site 13         :  0.7594   0.1198     0.4660 - 0.9194 
psi            14 site 14         :  0.4810   0.1079     0.2843 - 0.6837 
psi            15 site 15         :  0.4810   0.1079     0.2843 - 0.6837 
psi            16 site 16         :  0.7594   0.1198     0.4660 - 0.9194 
psi            17 site 17         :  0.7594   0.1198     0.4660 - 0.9194 
psi            18 site 18         :  0.4810   0.1079     0.2843 - 0.6837 
psi            19 site 19         :  0.4810   0.1079     0.2843 - 0.6837 
psi            20 site 20         :  0.7594   0.1198     0.4660 - 0.9194 
psi            21 site 21         :  0.7594   0.1198     0.4660 - 0.9194 
psi            22 site 22         :  0.4810   0.1079     0.2843 - 0.6837 
psi            23 site 23         :  0.7594   0.1198     0.4660 - 0.9194 
psi            24 site 24         :  0.4810   0.1079     0.2843 - 0.6837 
psi            25 site 25         :  0.4810   0.1079     0.2843 - 0.6837 
psi            26 site 26         :  0.4810   0.1079     0.2843 - 0.6837 
psi            27 site 27         :  0.4810   0.1079     0.2843 - 0.6837 
psi            28 site 28         :  0.7594   0.1198     0.4660 - 0.9194 
psi            29 site 29         :  0.4810   0.1079     0.2843 - 0.6837 
psi            30 site 30         :  0.4810   0.1079     0.2843 - 0.6837 
psi            31 site 31         :  0.4810   0.1079     0.2843 - 0.6837 
psi            32 site 32         :  0.7594   0.1198     0.4660 - 0.9194 
psi            33 site 33         :  0.4810   0.1079     0.2843 - 0.6837 
psi            34 site 34         :  0.4810   0.1079     0.2843 - 0.6837 
psi            35 site 35         :  0.4810   0.1079     0.2843 - 0.6837 
psi            36 site 36         :  0.4810   0.1079     0.2843 - 0.6837 
psi            37 site 37         :  0.4810   0.1079     0.2843 - 0.6837 
psi            38 site 38         :  0.7594   0.1198     0.4660 - 0.9194 
psi            39 site 39         :  0.4810   0.1079     0.2843 - 0.6837 
psi            40 site 40         :  0.4810   0.1079     0.2843 - 0.6837 
psi            41 site 41         :  0.4810   0.1079     0.2843 - 0.6837 
psi            42 site 42         :  0.7594   0.1198     0.4660 - 0.9194 
psi            43 site 43         :  0.4810   0.1079     0.2843 - 0.6837 
psi            44 site 44         :  0.4810   0.1079     0.2843 - 0.6837 
psi            45 site 45         :  0.4810   0.1079     0.2843 - 0.6837 
psi            46 site 46         :  0.7594   0.1198     0.4660 - 0.9194 
psi            47 site 47         :  0.4810   0.1079     0.2843 - 0.6837 
psi            48 site 48         :  0.7594   0.1198     0.4660 - 0.9194 
psi            49 site 49         :  0.7594   0.1198     0.4660 - 0.9194 
psi            50 site 50         :  0.4810   0.1079     0.2843 - 0.6837 
psi            51 site 51         :  0.7594   0.1198     0.4660 - 0.9194 
psi            52 site 52         :  0.7594   0.1198     0.4660 - 0.9194 
psi            53 site 53         :  0.4810   0.1079     0.2843 - 0.6837 
psi            54 site 54         :  0.7594   0.1198     0.4660 - 0.9194 
psi            55 site 55         :  0.7594   0.1198     0.4660 - 0.9194 
psi            56 site 56         :  0.4810   0.1079     0.2843 - 0.6837 
psi            57 site 57         :  0.7594   0.1198     0.4660 - 0.9194 
psi            58 site 58         :  0.7594   0.1198     0.4660 - 0.9194 
psi            59 site 59         :  0.7594   0.1198     0.4660 - 0.9194 
psi            60 site 60         :  0.7594   0.1198     0.4660 - 0.9194 
psi            61 site 61         :  0.7594   0.1198     0.4660 - 0.9194 
psi            62 site 62         :  0.7594   0.1198     0.4660 - 0.9194 
psi            63 site 63         :  0.4810   0.1079     0.2843 - 0.6837 
psi            64 site 64         :  0.4810   0.1079     0.2843 - 0.6837 
psi            65 site 65         :  0.7594   0.1198     0.4660 - 0.9194 
psi            66 site 66         :  0.7594   0.1198     0.4660 - 0.9194 
psi            67 site 67         :  0.7594   0.1198     0.4660 - 0.9194 
psi            68 site 68         :  0.7594   0.1198     0.4660 - 0.9194 
psi            69 site 69         :  0.4810   0.1079     0.2843 - 0.6837 
psi            70 site 70         :  0.7594   0.1198     0.4660 - 0.9194 
psi            71 site 71         :  0.4810   0.1079     0.2843 - 0.6837 
psi            72 site 72         :  0.4810   0.1079     0.2843 - 0.6837 

============================================================

   Individual Site estimates of <p1> 
                Site               estimate  Std.err   95% conf. interval
p1              1 site 1          :  0.3493   0.0538     0.2524 - 0.4605 
p2              1 site 1          :  0.3493   0.0538     0.2524 - 0.4605 
p3              1 site 1          :  0.3493   0.0538     0.2524 - 0.4605 
p4              1 site 1          :  0.3493   0.0538     0.2524 - 0.4605 
p5              1 site 1          :  0.3493   0.0538     0.2524 - 0.4605 

============================================================


 DERIVED parameter - Psi-conditional : [Pr(occ | detection history)]

        Site                     psi-cond  Std.err     95% conf. interval
     1   site 1                    0.3614  0.2003    -0.0312 - 0.7540 
     2   site 2                    0.3614  0.2003    -0.0312 - 0.7540 
     3   site 3                    1.0000  0.0000     1.0000 - 1.0000 
     4   site 4                    0.1425  0.0769    -0.0082 - 0.2932 
     5   site 5                    0.3614  0.2003    -0.0312 - 0.7540 
     6   site 6                    0.1425  0.0769    -0.0082 - 0.2932 
     7   site 7                    0.1425  0.0769    -0.0082 - 0.2932 
     8   site 8                    0.1425  0.0769    -0.0082 - 0.2932 
     9   site 9                    0.1425  0.0769    -0.0082 - 0.2932 
    10  site 10                    1.0000  0.0000     1.0000 - 1.0000 
    11  site 11                    1.0000  0.0000     1.0000 - 1.0000 
    12  site 12                    1.0000  0.0000     1.0000 - 1.0000 
    13  site 13                    1.0000  0.0000     1.0000 - 1.0000 
    14  site 14                    0.1425  0.0769    -0.0082 - 0.2932 
    15  site 15                    1.0000  0.0000     1.0000 - 1.0000 
    16  site 16                    1.0000  0.0000     1.0000 - 1.0000 
    17  site 17                    0.4651  0.2009     0.0714 - 0.8589 
    18  site 18                    1.0000  0.0000     1.0000 - 1.0000 
    19  site 19                    0.2034  0.0921     0.0229 - 0.3839 
    20  site 20                    0.3614  0.2003    -0.0312 - 0.7540 
    21  site 21                    0.4651  0.2009     0.0714 - 0.8589 
    22  site 22                    0.2034  0.0921     0.0229 - 0.3839 
    23  site 23                    1.0000  0.0000     1.0000 - 1.0000 
    24  site 24                    0.2034  0.0921     0.0229 - 0.3839 
    25  site 25                    0.2034  0.0921     0.0229 - 0.3839 
    26  site 26                    0.2034  0.0921     0.0229 - 0.3839 
    27  site 27                    0.2034  0.0921     0.0229 - 0.3839 
    28  site 28                    1.0000  0.0000     1.0000 - 1.0000 
    29  site 29                    0.2034  0.0921     0.0229 - 0.3839 
    30  site 30                    0.1425  0.0769    -0.0082 - 0.2932 
    31  site 31                    0.1425  0.0769    -0.0082 - 0.2932 
    32  site 32                    0.3614  0.2003    -0.0312 - 0.7540 
    33  site 33                    0.1425  0.0769    -0.0082 - 0.2932 
    34  site 34                    1.0000  0.0000     1.0000 - 1.0000 
    35  site 35                    0.0976  0.0611    -0.0223 - 0.2174 
    36  site 36                    0.0976  0.0611    -0.0223 - 0.2174 
    37  site 37                    1.0000  0.0000     1.0000 - 1.0000 
    38  site 38                    0.4651  0.2009     0.0714 - 0.8589 
    39  site 39                    1.0000  0.0000     1.0000 - 1.0000 
    40  site 40                    0.1425  0.0769    -0.0082 - 0.2932 
    41  site 41                    1.0000  0.0000     1.0000 - 1.0000 
    42  site 42                    1.0000  0.0000     1.0000 - 1.0000 
    43  site 43                    1.0000  0.0000     1.0000 - 1.0000 
    44  site 44                    1.0000  0.0000     1.0000 - 1.0000 
    45  site 45                    1.0000  0.0000     1.0000 - 1.0000 
    46  site 46                    1.0000  0.0000     1.0000 - 1.0000 
    47  site 47                    1.0000  0.0000     1.0000 - 1.0000 
    48  site 48                    0.3614  0.2003    -0.0312 - 0.7540 
    49  site 49                    1.0000  0.0000     1.0000 - 1.0000 
    50  site 50                    1.0000  0.0000     1.0000 - 1.0000 
    51  site 51                    1.0000  0.0000     1.0000 - 1.0000 
    52  site 52                    1.0000  0.0000     1.0000 - 1.0000 
    53  site 53                    1.0000  0.0000     1.0000 - 1.0000 
    54  site 54                    0.3614  0.2003    -0.0312 - 0.7540 
    55  site 55                    0.3614  0.2003    -0.0312 - 0.7540 
    56  site 56                    0.1425  0.0769    -0.0082 - 0.2932 
    57  site 57                    1.0000  0.0000     1.0000 - 1.0000 
    58  site 58                    0.3614  0.2003    -0.0312 - 0.7540 
    59  site 59                    1.0000  0.0000     1.0000 - 1.0000 
    60  site 60                    1.0000  0.0000     1.0000 - 1.0000 
    61  site 61                    1.0000  0.0000     1.0000 - 1.0000 
    62  site 62                    1.0000  0.0000     1.0000 - 1.0000 
    63  site 63                    0.2034  0.0921     0.0229 - 0.3839 
    64  site 64                    0.2034  0.0921     0.0229 - 0.3839 
    65  site 65                    1.0000  0.0000     1.0000 - 1.0000 
    66  site 66                    0.4651  0.2009     0.0714 - 0.8589 
    67  site 67                    1.0000  0.0000     1.0000 - 1.0000 
    68  site 68                    1.0000  0.0000     1.0000 - 1.0000 
    69  site 69                    1.0000  0.0000     1.0000 - 1.0000 
    70  site 70                    0.4651  0.2009     0.0714 - 0.8589 
    71  site 71                    0.2034  0.0921     0.0229 - 0.3839 
    72  site 72                    1.0000  0.0000     1.0000 - 1.0000 

CPU time: 0.0 seconds

