

PRESENCE - Presence/Absence-Site Occupancy data analysis
Sat Oct 22 19:23:52 2011,       Version 4.0111018
- - - - - - - - - - - - - - - - - - - - - - - - - - - - -
==>i=weta.pao
==>l=pres_psi(browse)__p(t).out
==>name=psi(browse) ,p(t)
==>model=100
==>j=c:\documents and settings\cschwarz\desktop\occupancysampledata\weta_project\weta_project\weta_project\weta.dm
==>lmt=200
model=100 N,T-->72,5
modtype-->1 

********* Input Data summary *******
Number of sites                = 72
Number of sampling occasions   = 5
Number of missing observations = 98
Data checksum = 53860

Naive occupancy estimate       = 0.4861

NSiteCovs-->2
site_covname[0]=Browsed
site_covname[1]=Unbrowsed
NSampCovs-->3
samp_covname[0]=Obs1
samp_covname[1]=Obs2
samp_covname[2]=Obs3
Primary periods=1 Secondary periods: 5
- - - - - - - - - - - - - - - - - - - - - - - - - - - - -
 weta
- - - - - - - - - - - - - - - - - - - - - - - - - - - - -
modtype=1 N=72 T=5 Groups=1 bootstraps=0

-->1-5
Matrix 1: rows=2, cols=3
            -,a1,a2,
psi           1 Browsed
========================

Matrix 2: rows=6, cols=6
            -,b1,b2,b3,b4,b5,
p1            1 0 0 0 0
p2            0 1 0 0 0
p3            0 0 1 0 0
p4            0 0 0 1 0
p5            0 0 0 0 1
========================

Matrix 3: rows=0, cols=0
========================

Matrix 4: rows=0, cols=0
========================

Matrix 5: rows=0, cols=0
========================

Matrix 6: rows=0, cols=0
========================

Custom Model:

Number of parameters           = 7
Number of significant digits   =   7.9

Model has been fit using the logistic link.


Number of parameters           = 7
Number of function calls           = 187
-2log(likelihood)              = 245.4368
AIC                            = 259.4368

varcov: nsig=6 eps=1.000000e-002

Untransformed Estimates of coefficients for covariates (Beta's)
======================================================================
                                          estimate    std.error
A1   psi                              :  -0.027318    0.446841
A2   psi.Browsed                      :   1.235149    0.750898
B1   p1                               :  -0.610013    0.431289
B2   p2                               :  -0.765149    0.411689
B3   p3                               :  -1.589296    0.476544
B4   p4                               :  -0.792735    0.410980
B5   p5                               :   0.371102    0.431889

Variance-Covariance Matrix of Untransformed estimates (Beta's):
              A1         A2         B1         B2         B3         B4         B5  
     A1    0.199667  -0.139567  -0.049425  -0.043174  -0.038816  -0.031333  -0.043621
     A2   -0.139567   0.563847  -0.051120  -0.048735  -0.038286  -0.040819  -0.055788
     B1   -0.049425  -0.051120   0.186010   0.038193   0.033583   0.030351   0.037405
     B2   -0.043174  -0.048735   0.038193   0.169488   0.029767   0.027628   0.034190
     B3   -0.038816  -0.038286   0.033583   0.029767   0.227094   0.022375   0.030529
     B4   -0.031333  -0.040819   0.030351   0.027628   0.022375   0.168905   0.023771
     B5   -0.043621  -0.055788   0.037405   0.034190   0.030529   0.023771   0.186528
------------------------------

============================================================

   Individual Site estimates of <psi> 
                Site               estimate  Std.err   95% conf. interval
psi             1 site 1          :  0.7699   0.1233     0.4610 - 0.9290 
psi             2 site 2          :  0.7699   0.1233     0.4610 - 0.9290 
psi             3 site 3          :  0.7699   0.1233     0.4610 - 0.9290 
psi             4 site 4          :  0.4932   0.1117     0.2884 - 0.7003 
psi             5 site 5          :  0.7699   0.1233     0.4610 - 0.9290 
psi             6 site 6          :  0.4932   0.1117     0.2884 - 0.7003 
psi             7 site 7          :  0.4932   0.1117     0.2884 - 0.7003 
psi             8 site 8          :  0.4932   0.1117     0.2884 - 0.7003 
psi             9 site 9          :  0.4932   0.1117     0.2884 - 0.7003 
psi            10 site 10         :  0.7699   0.1233     0.4610 - 0.9290 
psi            11 site 11         :  0.7699   0.1233     0.4610 - 0.9290 
psi            12 site 12         :  0.7699   0.1233     0.4610 - 0.9290 
psi            13 site 13         :  0.7699   0.1233     0.4610 - 0.9290 
psi            14 site 14         :  0.4932   0.1117     0.2884 - 0.7003 
psi            15 site 15         :  0.4932   0.1117     0.2884 - 0.7003 
psi            16 site 16         :  0.7699   0.1233     0.4610 - 0.9290 
psi            17 site 17         :  0.7699   0.1233     0.4610 - 0.9290 
psi            18 site 18         :  0.4932   0.1117     0.2884 - 0.7003 
psi            19 site 19         :  0.4932   0.1117     0.2884 - 0.7003 
psi            20 site 20         :  0.7699   0.1233     0.4610 - 0.9290 
psi            21 site 21         :  0.7699   0.1233     0.4610 - 0.9290 
psi            22 site 22         :  0.4932   0.1117     0.2884 - 0.7003 
psi            23 site 23         :  0.7699   0.1233     0.4610 - 0.9290 
psi            24 site 24         :  0.4932   0.1117     0.2884 - 0.7003 
psi            25 site 25         :  0.4932   0.1117     0.2884 - 0.7003 
psi            26 site 26         :  0.4932   0.1117     0.2884 - 0.7003 
psi            27 site 27         :  0.4932   0.1117     0.2884 - 0.7003 
psi            28 site 28         :  0.7699   0.1233     0.4610 - 0.9290 
psi            29 site 29         :  0.4932   0.1117     0.2884 - 0.7003 
psi            30 site 30         :  0.4932   0.1117     0.2884 - 0.7003 
psi            31 site 31         :  0.4932   0.1117     0.2884 - 0.7003 
psi            32 site 32         :  0.7699   0.1233     0.4610 - 0.9290 
psi            33 site 33         :  0.4932   0.1117     0.2884 - 0.7003 
psi            34 site 34         :  0.4932   0.1117     0.2884 - 0.7003 
psi            35 site 35         :  0.4932   0.1117     0.2884 - 0.7003 
psi            36 site 36         :  0.4932   0.1117     0.2884 - 0.7003 
psi            37 site 37         :  0.4932   0.1117     0.2884 - 0.7003 
psi            38 site 38         :  0.7699   0.1233     0.4610 - 0.9290 
psi            39 site 39         :  0.4932   0.1117     0.2884 - 0.7003 
psi            40 site 40         :  0.4932   0.1117     0.2884 - 0.7003 
psi            41 site 41         :  0.4932   0.1117     0.2884 - 0.7003 
psi            42 site 42         :  0.7699   0.1233     0.4610 - 0.9290 
psi            43 site 43         :  0.4932   0.1117     0.2884 - 0.7003 
psi            44 site 44         :  0.4932   0.1117     0.2884 - 0.7003 
psi            45 site 45         :  0.4932   0.1117     0.2884 - 0.7003 
psi            46 site 46         :  0.7699   0.1233     0.4610 - 0.9290 
psi            47 site 47         :  0.4932   0.1117     0.2884 - 0.7003 
psi            48 site 48         :  0.7699   0.1233     0.4610 - 0.9290 
psi            49 site 49         :  0.7699   0.1233     0.4610 - 0.9290 
psi            50 site 50         :  0.4932   0.1117     0.2884 - 0.7003 
psi            51 site 51         :  0.7699   0.1233     0.4610 - 0.9290 
psi            52 site 52         :  0.7699   0.1233     0.4610 - 0.9290 
psi            53 site 53         :  0.4932   0.1117     0.2884 - 0.7003 
psi            54 site 54         :  0.7699   0.1233     0.4610 - 0.9290 
psi            55 site 55         :  0.7699   0.1233     0.4610 - 0.9290 
psi            56 site 56         :  0.4932   0.1117     0.2884 - 0.7003 
psi            57 site 57         :  0.7699   0.1233     0.4610 - 0.9290 
psi            58 site 58         :  0.7699   0.1233     0.4610 - 0.9290 
psi            59 site 59         :  0.7699   0.1233     0.4610 - 0.9290 
psi            60 site 60         :  0.7699   0.1233     0.4610 - 0.9290 
psi            61 site 61         :  0.7699   0.1233     0.4610 - 0.9290 
psi            62 site 62         :  0.7699   0.1233     0.4610 - 0.9290 
psi            63 site 63         :  0.4932   0.1117     0.2884 - 0.7003 
psi            64 site 64         :  0.4932   0.1117     0.2884 - 0.7003 
psi            65 site 65         :  0.7699   0.1233     0.4610 - 0.9290 
psi            66 site 66         :  0.7699   0.1233     0.4610 - 0.9290 
psi            67 site 67         :  0.7699   0.1233     0.4610 - 0.9290 
psi            68 site 68         :  0.7699   0.1233     0.4610 - 0.9290 
psi            69 site 69         :  0.4932   0.1117     0.2884 - 0.7003 
psi            70 site 70         :  0.7699   0.1233     0.4610 - 0.9290 
psi            71 site 71         :  0.4932   0.1117     0.2884 - 0.7003 
psi            72 site 72         :  0.4932   0.1117     0.2884 - 0.7003 

============================================================

   Individual Site estimates of <p1> 
                Site               estimate  Std.err   95% conf. interval
p1              1 site 1          :  0.3521   0.0984     0.1892 - 0.5586 
p2              1 site 1          :  0.3175   0.0892     0.1719 - 0.5104 
p3              1 site 1          :  0.1695   0.0671     0.0742 - 0.3418 
p4              1 site 1          :  0.3116   0.0882     0.1682 - 0.5032 
p5              1 site 1          :  0.5917   0.1043     0.3833 - 0.7716 

============================================================


 DERIVED parameter - Psi-conditional : [Pr(occ | detection history)]

        Site                     psi-cond  Std.err     95% conf. interval
     1   site 1                    0.4583  0.2190     0.0291 - 0.8875 
     2   site 2                    0.4583  0.2190     0.0291 - 0.8875 
     3   site 3                    1.0000  0.0000     1.0000 - 1.0000 
     4   site 4                    0.1974  0.0987     0.0040 - 0.3909 
     5   site 5                    0.4583  0.2190     0.0291 - 0.8875 
     6   site 6                    0.1974  0.0987     0.0040 - 0.3909 
     7   site 7                    0.1974  0.0987     0.0040 - 0.3909 
     8   site 8                    0.1974  0.0987     0.0040 - 0.3909 
     9   site 9                    0.1974  0.0987     0.0040 - 0.3909 
    10  site 10                    1.0000  0.0000     1.0000 - 1.0000 
    11  site 11                    1.0000  0.0000     1.0000 - 1.0000 
    12  site 12                    1.0000  0.0000     1.0000 - 1.0000 
    13  site 13                    1.0000  0.0000     1.0000 - 1.0000 
    14  site 14                    0.1079  0.0689    -0.0272 - 0.2430 
    15  site 15                    1.0000  0.0000     1.0000 - 1.0000 
    16  site 16                    1.0000  0.0000     1.0000 - 1.0000 
    17  site 17                    0.4364  0.2197     0.0059 - 0.8670 
    18  site 18                    1.0000  0.0000     1.0000 - 1.0000 
    19  site 19                    0.1838  0.0952    -0.0029 - 0.3704 
    20  site 20                    0.3341  0.2133    -0.0841 - 0.7523 
    21  site 21                    0.4237  0.2211    -0.0096 - 0.8570 
    22  site 22                    0.1761  0.0940    -0.0082 - 0.3604 
    23  site 23                    1.0000  0.0000     1.0000 - 1.0000 
    24  site 24                    0.1761  0.0940    -0.0082 - 0.3604 
    25  site 25                    0.1761  0.0940    -0.0082 - 0.3604 
    26  site 26                    0.2633  0.1127     0.0424 - 0.4841 
    27  site 27                    0.2633  0.1127     0.0424 - 0.4841 
    28  site 28                    1.0000  0.0000     1.0000 - 1.0000 
    29  site 29                    0.2633  0.1127     0.0424 - 0.4841 
    30  site 30                    0.1974  0.0987     0.0040 - 0.3909 
    31  site 31                    0.1974  0.0987     0.0040 - 0.3909 
    32  site 32                    0.4583  0.2190     0.0291 - 0.8875 
    33  site 33                    0.1974  0.0987     0.0040 - 0.3909 
    34  site 34                    1.0000  0.0000     1.0000 - 1.0000 
    35  site 35                    0.0913  0.0614    -0.0291 - 0.2116 
    36  site 36                    0.0913  0.0614    -0.0291 - 0.2116 
    37  site 37                    1.0000  0.0000     1.0000 - 1.0000 
    38  site 38                    0.3909  0.2171    -0.0346 - 0.8164 
    39  site 39                    1.0000  0.0000     1.0000 - 1.0000 
    40  site 40                    0.1342  0.0784    -0.0195 - 0.2879 
    41  site 41                    1.0000  0.0000     1.0000 - 1.0000 
    42  site 42                    1.0000  0.0000     1.0000 - 1.0000 
    43  site 43                    1.0000  0.0000     1.0000 - 1.0000 
    44  site 44                    1.0000  0.0000     1.0000 - 1.0000 
    45  site 45                    1.0000  0.0000     1.0000 - 1.0000 
    46  site 46                    1.0000  0.0000     1.0000 - 1.0000 
    47  site 47                    1.0000  0.0000     1.0000 - 1.0000 
    48  site 48                    0.4583  0.2190     0.0291 - 0.8875 
    49  site 49                    1.0000  0.0000     1.0000 - 1.0000 
    50  site 50                    1.0000  0.0000     1.0000 - 1.0000 
    51  site 51                    1.0000  0.0000     1.0000 - 1.0000 
    52  site 52                    1.0000  0.0000     1.0000 - 1.0000 
    53  site 53                    1.0000  0.0000     1.0000 - 1.0000 
    54  site 54                    0.4583  0.2190     0.0291 - 0.8875 
    55  site 55                    0.4583  0.2190     0.0291 - 0.8875 
    56  site 56                    0.1974  0.0987     0.0040 - 0.3909 
    57  site 57                    1.0000  0.0000     1.0000 - 1.0000 
    58  site 58                    0.2937  0.2028    -0.1038 - 0.6913 
    59  site 59                    1.0000  0.0000     1.0000 - 1.0000 
    60  site 60                    1.0000  0.0000     1.0000 - 1.0000 
    61  site 61                    1.0000  0.0000     1.0000 - 1.0000 
    62  site 62                    1.0000  0.0000     1.0000 - 1.0000 
    63  site 63                    0.1838  0.0952    -0.0029 - 0.3704 
    64  site 64                    0.1838  0.0952    -0.0029 - 0.3704 
    65  site 65                    1.0000  0.0000     1.0000 - 1.0000 
    66  site 66                    0.4364  0.2197     0.0059 - 0.8670 
    67  site 67                    1.0000  0.0000     1.0000 - 1.0000 
    68  site 68                    1.0000  0.0000     1.0000 - 1.0000 
    69  site 69                    1.0000  0.0000     1.0000 - 1.0000 
    70  site 70                    0.4237  0.2211    -0.0096 - 0.8570 
    71  site 71                    0.1761  0.0940    -0.0082 - 0.3604 
    72  site 72                    1.0000  0.0000     1.0000 - 1.0000 

CPU time: 0.0 seconds

