

PRESENCE - Presence/Absence-Site Occupancy data analysis
Sat Oct 22 20:13:20 2011,       Version 4.0111018
- - - - - - - - - - - - - - - - - - - - - - - - - - - - -
==>i=weta.pao
==>l=pres_psi(X)__p(t_P_obs_P_browse).out
==>name=psi(*) ,p(t + obs + browse)
==>model=100
==>j=c:\documents and settings\cschwarz\desktop\occupancysampledata\weta_project\weta_project\weta_project\weta.dm
==>lmt=200
model=100 N,T-->72,5
modtype-->1 

********* Input Data summary *******
Number of sites                = 72
Number of sampling occasions   = 5
Number of missing observations = 98
Data checksum = 53860

Naive occupancy estimate       = 0.4861

NSiteCovs-->2
site_covname[0]=Browsed
site_covname[1]=Unbrowsed
NSampCovs-->3
samp_covname[0]=Obs1
samp_covname[1]=Obs2
samp_covname[2]=Obs3
Primary periods=1 Secondary periods: 5
- - - - - - - - - - - - - - - - - - - - - - - - - - - - -
 weta
- - - - - - - - - - - - - - - - - - - - - - - - - - - - -
modtype=1 N=72 T=5 Groups=1 bootstraps=0

-->1-5
Matrix 1: rows=2, cols=2
            -,a1,
psi           1
========================

Matrix 2: rows=6, cols=9
            -,b1,b2,b3,b4,b5,b6,b7,b8,
p1            1 0 0 0 0 Obs1 Obs2 Browsed
p2            1 1 0 0 0 Obs1 Obs2 Browsed
p3            1 0 1 0 0 Obs1 Obs2 Browsed
p4            1 0 0 1 0 Obs1 Obs2 Browsed
p5            1 0 0 0 1 Obs1 Obs2 Browsed
========================

Matrix 3: rows=0, cols=0
========================

Matrix 4: rows=0, cols=0
========================

Matrix 5: rows=0, cols=0
========================

Matrix 6: rows=0, cols=0
========================

Custom Model:

Number of parameters           = 9
Number of significant digits   =   7.4

Model has been fit using the logistic link.


Number of parameters           = 9
Number of function calls           = 281
-2log(likelihood)              = 241.4147
AIC                            = 259.4147

varcov: nsig=6 eps=1.000000e-002

Untransformed Estimates of coefficients for covariates (Beta's)
======================================================================
                                          estimate    std.error
A1   psi                              :   0.737514    0.480168
B1   p1                               :  -0.618005    0.572166
B2   p2                               :  -0.165111    0.541298
B3   p3                               :  -0.904153    0.592639
B4   p4                               :  -0.047199    0.553942
B5   p5                               :   1.083417    0.552079
B6   p1.Obs1                          :  -1.050060    0.455627
B7   p1.Obs2                          :  -0.315909    0.427603
B8   p1.Browsed                       :   0.469872    0.430283

Variance-Covariance Matrix of Untransformed estimates (Beta's):
              A1         B1         B2         B3         B4         B5         B6         B7         B8  
     A1    0.230561  -0.120994  -0.005856   0.010264   0.006859  -0.002780   0.012846   0.019535   0.055927
     B1   -0.120994   0.327374  -0.128515  -0.159568  -0.134206  -0.142466  -0.093602  -0.078399  -0.141023
     B2   -0.005856  -0.128515   0.293004   0.147705   0.153437   0.151663  -0.002353  -0.035853  -0.010968
     B3    0.010264  -0.159568   0.147705   0.351221   0.146304   0.150061   0.004915  -0.013596   0.019265
     B4    0.006859  -0.134206   0.153437   0.146304   0.306852   0.148194  -0.016638  -0.034993  -0.002046
     B5   -0.002780  -0.142466   0.151663   0.150061   0.148194   0.304792  -0.021973  -0.035258   0.016377
     B6    0.012846  -0.093602  -0.002353   0.004915  -0.016638  -0.021973   0.207596   0.088568   0.016709
     B7    0.019535  -0.078399  -0.035853  -0.013596  -0.034993  -0.035258   0.088568   0.182844   0.013353
     B8    0.055927  -0.141023  -0.010968   0.019265  -0.002046   0.016377   0.016709   0.013353   0.185144
------------------------------

============================================================

   Individual Site estimates of <psi> 
                Site               estimate  Std.err   95% conf. interval
psi             1 site 1          :  0.6765   0.1051     0.4493 - 0.8427 

============================================================

   Individual Site estimates of <p1> 
                Site               estimate  Std.err   95% conf. interval
p1              1 site 1          :  0.2318   0.0949     0.0959 - 0.4618 
p1              2 site 2          :  0.2318   0.0949     0.0959 - 0.4618 
p1              3 site 3          :  0.2318   0.0949     0.0959 - 0.4618 
p1              4 site 4          :  0.1587   0.0787     0.0560 - 0.3747 
p1              5 site 5          :  0.2318   0.0949     0.0959 - 0.4618 
p1              6 site 6          :  0.1587   0.0787     0.0560 - 0.3747 
p1              7 site 7          :  0.1587   0.0787     0.0560 - 0.3747 
p1              8 site 8          :  0.1587   0.0787     0.0560 - 0.3747 
p1              9 site 9          :  0.1587   0.0787     0.0560 - 0.3747 
p1             10 site 10         :  0.2318   0.0949     0.0959 - 0.4618 
p1             11 site 11         :  0.2318   0.0949     0.0959 - 0.4618 
p1             12 site 12         :  0.2318   0.0949     0.0959 - 0.4618 
p1             13 site 13         :  0.2318   0.0949     0.0959 - 0.4618 
p1             14 site 14         :  0.1587   0.0787     0.0560 - 0.3747 
p1             15 site 15         :  0.1587   0.0787     0.0560 - 0.3747 
p1             16 site 16             .          .            .         -   .
p1             17 site 17             .          .            .         -   .
p1             18 site 18             .          .            .         -   .
p1             19 site 19             .          .            .         -   .
p1             20 site 20         :  0.2318   0.0949     0.0959 - 0.4618 
p1             21 site 21         :  0.2318   0.0949     0.0959 - 0.4618 
p1             22 site 22         :  0.1587   0.0787     0.0560 - 0.3747 
p1             23 site 23         :  0.2318   0.0949     0.0959 - 0.4618 
p1             24 site 24         :  0.1587   0.0787     0.0560 - 0.3747 
p1             25 site 25         :  0.1587   0.0787     0.0560 - 0.3747 
p1             26 site 26         :  0.2821   0.1204     0.1092 - 0.5576 
p1             27 site 27         :  0.2821   0.1204     0.1092 - 0.5576 
p1             28 site 28         :  0.3860   0.1261     0.1814 - 0.6408 
p1             29 site 29         :  0.2821   0.1204     0.1092 - 0.5576 
p1             30 site 30         :  0.2821   0.1204     0.1092 - 0.5576 
p1             31 site 31         :  0.2821   0.1204     0.1092 - 0.5576 
p1             32 site 32         :  0.3860   0.1261     0.1814 - 0.6408 
p1             33 site 33         :  0.2821   0.1204     0.1092 - 0.5576 
p1             34 site 34         :  0.2821   0.1204     0.1092 - 0.5576 
p1             35 site 35         :  0.2821   0.1204     0.1092 - 0.5576 
p1             36 site 36         :  0.2821   0.1204     0.1092 - 0.5576 
p1             37 site 37         :  0.2821   0.1204     0.1092 - 0.5576 
p1             38 site 38             .          .            .         -   .
p1             39 site 39             .          .            .         -   .
p1             40 site 40             .          .            .         -   .
p1             41 site 41             .          .            .         -   .
p1             42 site 42             .          .            .         -   .
p1             43 site 43             .          .            .         -   .
p1             44 site 44             .          .            .         -   .
p1             45 site 45             .          .            .         -   .
p1             46 site 46             .          .            .         -   .
p1             47 site 47             .          .            .         -   .
p1             48 site 48         :  0.4630   0.1194     0.2518 - 0.6884 
p1             49 site 49         :  0.4630   0.1194     0.2518 - 0.6884 
p1             50 site 50         :  0.3502   0.1302     0.1494 - 0.6233 
p1             51 site 51         :  0.4630   0.1194     0.2518 - 0.6884 
p1             52 site 52         :  0.4630   0.1194     0.2518 - 0.6884 
p1             53 site 53         :  0.3502   0.1302     0.1494 - 0.6233 
p1             54 site 54         :  0.4630   0.1194     0.2518 - 0.6884 
p1             55 site 55         :  0.4630   0.1194     0.2518 - 0.6884 
p1             56 site 56         :  0.3502   0.1302     0.1494 - 0.6233 
p1             57 site 57         :  0.4630   0.1194     0.2518 - 0.6884 
p1             58 site 58         :  0.4630   0.1194     0.2518 - 0.6884 
p1             59 site 59         :  0.4630   0.1194     0.2518 - 0.6884 
p1             60 site 60         :  0.4630   0.1194     0.2518 - 0.6884 
p1             61 site 61         :  0.4630   0.1194     0.2518 - 0.6884 
p1             62 site 62         :  0.4630   0.1194     0.2518 - 0.6884 
p1             63 site 63             .          .            .         -   .
p1             64 site 64             .          .            .         -   .
p1             65 site 65             .          .            .         -   .
p1             66 site 66             .          .            .         -   .
p1             67 site 67             .          .            .         -   .
p1             68 site 68         :  0.4630   0.1194     0.2518 - 0.6884 
p1             69 site 69         :  0.3502   0.1302     0.1494 - 0.6233 
p1             70 site 70         :  0.4630   0.1194     0.2518 - 0.6884 
p1             71 site 71         :  0.3502   0.1302     0.1494 - 0.6233 
p1             72 site 72         :  0.3502   0.1302     0.1494 - 0.6233 
p2              1 site 1          :  0.4223   0.1206     0.2171 - 0.6583 
p2              2 site 2          :  0.4223   0.1206     0.2171 - 0.6583 
p2              3 site 3          :  0.4223   0.1206     0.2171 - 0.6583 
p2              4 site 4          :  0.3136   0.1298     0.1230 - 0.5983 
p2              5 site 5          :  0.4223   0.1206     0.2171 - 0.6583 
p2              6 site 6          :  0.3136   0.1298     0.1230 - 0.5983 
p2              7 site 7          :  0.3136   0.1298     0.1230 - 0.5983 
p2              8 site 8          :  0.3136   0.1298     0.1230 - 0.5983 
p2              9 site 9          :  0.3136   0.1298     0.1230 - 0.5983 
p2             10 site 10         :  0.4223   0.1206     0.2171 - 0.6583 
p2             11 site 11         :  0.4223   0.1206     0.2171 - 0.6583 
p2             12 site 12         :  0.4223   0.1206     0.2171 - 0.6583 
p2             13 site 13         :  0.4223   0.1206     0.2171 - 0.6583 
p2             14 site 14         :  0.3136   0.1298     0.1230 - 0.5983 
p2             15 site 15         :  0.3136   0.1298     0.1230 - 0.5983 
p2             16 site 16         :  0.4223   0.1206     0.2171 - 0.6583 
p2             17 site 17         :  0.4223   0.1206     0.2171 - 0.6583 
p2             18 site 18         :  0.3136   0.1298     0.1230 - 0.5983 
p2             19 site 19         :  0.3136   0.1298     0.1230 - 0.5983 
p2             20 site 20         :  0.4223   0.1206     0.2171 - 0.6583 
p2             21 site 21             .          .            .         -   .
p2             22 site 22             .          .            .         -   .
p2             23 site 23             .          .            .         -   .
p2             24 site 24             .          .            .         -   .
p2             25 site 25             .          .            .         -   .
p2             26 site 26         :  0.1379   0.0732     0.0457 - 0.3483 
p2             27 site 27         :  0.1379   0.0732     0.0457 - 0.3483 
p2             28 site 28         :  0.2037   0.0879     0.0813 - 0.4253 
p2             29 site 29         :  0.1379   0.0732     0.0457 - 0.3483 
p2             30 site 30         :  0.1379   0.0732     0.0457 - 0.3483 
p2             31 site 31         :  0.1379   0.0732     0.0457 - 0.3483 
p2             32 site 32         :  0.2037   0.0879     0.0813 - 0.4253 
p2             33 site 33         :  0.1379   0.0732     0.0457 - 0.3483 
p2             34 site 34         :  0.1379   0.0732     0.0457 - 0.3483 
p2             35 site 35         :  0.1379   0.0732     0.0457 - 0.3483 
p2             36 site 36         :  0.1379   0.0732     0.0457 - 0.3483 
p2             37 site 37         :  0.1379   0.0732     0.0457 - 0.3483 
p2             38 site 38         :  0.2037   0.0879     0.0813 - 0.4253 
p2             39 site 39         :  0.1379   0.0732     0.0457 - 0.3483 
p2             40 site 40         :  0.1379   0.0732     0.0457 - 0.3483 
p2             41 site 41         :  0.1379   0.0732     0.0457 - 0.3483 
p2             42 site 42         :  0.2037   0.0879     0.0813 - 0.4253 
p2             43 site 43             .          .            .         -   .
p2             44 site 44             .          .            .         -   .
p2             45 site 45             .          .            .         -   .
p2             46 site 46             .          .            .         -   .
p2             47 site 47             .          .            .         -   .
p2             48 site 48         :  0.3477   0.1077     0.1736 - 0.5749 
p2             49 site 49         :  0.3477   0.1077     0.1736 - 0.5749 
p2             50 site 50         :  0.2499   0.1057     0.0994 - 0.5014 
p2             51 site 51         :  0.3477   0.1077     0.1736 - 0.5749 
p2             52 site 52         :  0.3477   0.1077     0.1736 - 0.5749 
p2             53 site 53         :  0.2499   0.1057     0.0994 - 0.5014 
p2             54 site 54         :  0.3477   0.1077     0.1736 - 0.5749 
p2             55 site 55         :  0.3477   0.1077     0.1736 - 0.5749 
p2             56 site 56         :  0.2499   0.1057     0.0994 - 0.5014 
p2             57 site 57         :  0.3477   0.1077     0.1736 - 0.5749 
p2             58 site 58         :  0.3477   0.1077     0.1736 - 0.5749 
p2             59 site 59         :  0.3477   0.1077     0.1736 - 0.5749 
p2             60 site 60         :  0.3477   0.1077     0.1736 - 0.5749 
p2             61 site 61         :  0.3477   0.1077     0.1736 - 0.5749 
p2             62 site 62         :  0.3477   0.1077     0.1736 - 0.5749 
p2             63 site 63         :  0.2499   0.1057     0.0994 - 0.5014 
p2             64 site 64         :  0.2499   0.1057     0.0994 - 0.5014 
p2             65 site 65         :  0.3477   0.1077     0.1736 - 0.5749 
p2             66 site 66         :  0.3477   0.1077     0.1736 - 0.5749 
p2             67 site 67         :  0.3477   0.1077     0.1736 - 0.5749 
p2             68 site 68             .          .            .         -   .
p2             69 site 69             .          .            .         -   .
p2             70 site 70             .          .            .         -   .
p2             71 site 71             .          .            .         -   .
p2             72 site 72             .          .            .         -   .
p3              1 site 1          :  0.2029   0.0924     0.0767 - 0.4383 
p3              2 site 2          :  0.2029   0.0924     0.0767 - 0.4383 
p3              3 site 3          :  0.2029   0.0924     0.0767 - 0.4383 
p3              4 site 4          :  0.1373   0.0709     0.0469 - 0.3397 
p3              5 site 5          :  0.2029   0.0924     0.0767 - 0.4383 
p3              6 site 6          :  0.1373   0.0709     0.0469 - 0.3397 
p3              7 site 7          :  0.1373   0.0709     0.0469 - 0.3397 
p3              8 site 8          :  0.1373   0.0709     0.0469 - 0.3397 
p3              9 site 9          :  0.1373   0.0709     0.0469 - 0.3397 
p3             10 site 10         :  0.2029   0.0924     0.0767 - 0.4383 
p3             11 site 11             .          .            .         -   .
p3             12 site 12             .          .            .         -   .
p3             13 site 13             .          .            .         -   .
p3             14 site 14             .          .            .         -   .
p3             15 site 15             .          .            .         -   .
p3             16 site 16         :  0.2029   0.0924     0.0767 - 0.4383 
p3             17 site 17         :  0.2029   0.0924     0.0767 - 0.4383 
p3             18 site 18         :  0.1373   0.0709     0.0469 - 0.3397 
p3             19 site 19         :  0.1373   0.0709     0.0469 - 0.3397 
p3             20 site 20         :  0.2029   0.0924     0.0767 - 0.4383 
p3             21 site 21         :  0.2029   0.0924     0.0767 - 0.4383 
p3             22 site 22         :  0.1373   0.0709     0.0469 - 0.3397 
p3             23 site 23         :  0.2029   0.0924     0.0767 - 0.4383 
p3             24 site 24         :  0.1373   0.0709     0.0469 - 0.3397 
p3             25 site 25         :  0.1373   0.0709     0.0469 - 0.3397 
p3             26 site 26         :  0.1791   0.0882     0.0631 - 0.4141 
p3             27 site 27         :  0.1791   0.0882     0.0631 - 0.4141 
p3             28 site 28         :  0.2588   0.1053     0.1064 - 0.5058 
p3             29 site 29         :  0.1791   0.0882     0.0631 - 0.4141 
p3             30 site 30         :  0.1791   0.0882     0.0631 - 0.4141 
p3             31 site 31         :  0.1791   0.0882     0.0631 - 0.4141 
p3             32 site 32         :  0.2588   0.1053     0.1064 - 0.5058 
p3             33 site 33         :  0.1791   0.0882     0.0631 - 0.4141 
p3             34 site 34         :  0.1791   0.0882     0.0631 - 0.4141 
p3             35 site 35         :  0.1791   0.0882     0.0631 - 0.4141 
p3             36 site 36         :  0.1791   0.0882     0.0631 - 0.4141 
p3             37 site 37         :  0.1791   0.0882     0.0631 - 0.4141 
p3             38 site 38             .          .            .         -   .
p3             39 site 39             .          .            .         -   .
p3             40 site 40         :  0.1791   0.0882     0.0631 - 0.4141 
p3             41 site 41         :  0.1791   0.0882     0.0631 - 0.4141 
p3             42 site 42         :  0.2588   0.1053     0.1064 - 0.5058 
p3             43 site 43         :  0.1791   0.0882     0.0631 - 0.4141 
p3             44 site 44         :  0.1791   0.0882     0.0631 - 0.4141 
p3             45 site 45         :  0.1791   0.0882     0.0631 - 0.4141 
p3             46 site 46         :  0.2588   0.1053     0.1064 - 0.5058 
p3             47 site 47         :  0.1791   0.0882     0.0631 - 0.4141 
p3             48 site 48         :  0.1089   0.0586     0.0361 - 0.2852 
p3             49 site 49         :  0.1089   0.0586     0.0361 - 0.2852 
p3             50 site 50         :  0.0709   0.0411     0.0220 - 0.2061 
p3             51 site 51         :  0.1089   0.0586     0.0361 - 0.2852 
p3             52 site 52         :  0.1089   0.0586     0.0361 - 0.2852 
p3             53 site 53         :  0.0709   0.0411     0.0220 - 0.2061 
p3             54 site 54         :  0.1089   0.0586     0.0361 - 0.2852 
p3             55 site 55         :  0.1089   0.0586     0.0361 - 0.2852 
p3             56 site 56         :  0.0709   0.0411     0.0220 - 0.2061 
p3             57 site 57         :  0.1089   0.0586     0.0361 - 0.2852 
p3             58 site 58             .          .            .         -   .
p3             59 site 59             .          .            .         -   .
p3             60 site 60             .          .            .         -   .
p3             61 site 61             .          .            .         -   .
p3             62 site 62             .          .            .         -   .
p3             63 site 63         :  0.0709   0.0411     0.0220 - 0.2061 
p3             64 site 64         :  0.0709   0.0411     0.0220 - 0.2061 
p3             65 site 65         :  0.1089   0.0586     0.0361 - 0.2852 
p3             66 site 66         :  0.1089   0.0586     0.0361 - 0.2852 
p3             67 site 67         :  0.1089   0.0586     0.0361 - 0.2852 
p3             68 site 68         :  0.1089   0.0586     0.0361 - 0.2852 
p3             69 site 69         :  0.0709   0.0411     0.0220 - 0.2061 
p3             70 site 70         :  0.1089   0.0586     0.0361 - 0.2852 
p3             71 site 71         :  0.0709   0.0411     0.0220 - 0.2061 
p3             72 site 72         :  0.0709   0.0411     0.0220 - 0.2061 
p4              1 site 1          :  0.4513   0.1274     0.2308 - 0.6928 
p4              2 site 2          :  0.4513   0.1274     0.2308 - 0.6928 
p4              3 site 3          :  0.4513   0.1274     0.2308 - 0.6928 
p4              4 site 4          :  0.3396   0.1356     0.1358 - 0.6272 
p4              5 site 5          :  0.4513   0.1274     0.2308 - 0.6928 
p4              6 site 6          :  0.3396   0.1356     0.1358 - 0.6272 
p4              7 site 7          :  0.3396   0.1356     0.1358 - 0.6272 
p4              8 site 8          :  0.3396   0.1356     0.1358 - 0.6272 
p4              9 site 9          :  0.3396   0.1356     0.1358 - 0.6272 
p4             10 site 10         :  0.4513   0.1274     0.2308 - 0.6928 
p4             11 site 11         :  0.4513   0.1274     0.2308 - 0.6928 
p4             12 site 12         :  0.4513   0.1274     0.2308 - 0.6928 
p4             13 site 13         :  0.4513   0.1274     0.2308 - 0.6928 
p4             14 site 14         :  0.3396   0.1356     0.1358 - 0.6272 
p4             15 site 15         :  0.3396   0.1356     0.1358 - 0.6272 
p4             16 site 16             .          .            .         -   .
p4             17 site 17             .          .            .         -   .
p4             18 site 18             .          .            .         -   .
p4             19 site 19             .          .            .         -   .
p4             20 site 20             .          .            .         -   .
p4             21 site 21             .          .            .         -   .
p4             22 site 22             .          .            .         -   .
p4             23 site 23             .          .            .         -   .
p4             24 site 24             .          .            .         -   .
p4             25 site 25             .          .            .         -   .
p4             26 site 26             .          .            .         -   .
p4             27 site 27             .          .            .         -   .
p4             28 site 28             .          .            .         -   .
p4             29 site 29             .          .            .         -   .
p4             30 site 30         :  0.1525   0.0768     0.0532 - 0.3657 
p4             31 site 31         :  0.1525   0.0768     0.0532 - 0.3657 
p4             32 site 32         :  0.2235   0.0927     0.0918 - 0.4506 
p4             33 site 33         :  0.1525   0.0768     0.0532 - 0.3657 
p4             34 site 34         :  0.1525   0.0768     0.0532 - 0.3657 
p4             35 site 35         :  0.1525   0.0768     0.0532 - 0.3657 
p4             36 site 36         :  0.1525   0.0768     0.0532 - 0.3657 
p4             37 site 37         :  0.1525   0.0768     0.0532 - 0.3657 
p4             38 site 38         :  0.2235   0.0927     0.0918 - 0.4506 
p4             39 site 39         :  0.1525   0.0768     0.0532 - 0.3657 
p4             40 site 40         :  0.1525   0.0768     0.0532 - 0.3657 
p4             41 site 41         :  0.1525   0.0768     0.0532 - 0.3657 
p4             42 site 42         :  0.2235   0.0927     0.0918 - 0.4506 
p4             43 site 43         :  0.1525   0.0768     0.0532 - 0.3657 
p4             44 site 44         :  0.1525   0.0768     0.0532 - 0.3657 
p4             45 site 45         :  0.1525   0.0768     0.0532 - 0.3657 
p4             46 site 46         :  0.2235   0.0927     0.0918 - 0.4506 
p4             47 site 47         :  0.1525   0.0768     0.0532 - 0.3657 
p4             48 site 48         :  0.3749   0.1166     0.1844 - 0.6140 
p4             49 site 49         :  0.3749   0.1166     0.1844 - 0.6140 
p4             50 site 50         :  0.2727   0.1125     0.1098 - 0.5327 
p4             51 site 51         :  0.3749   0.1166     0.1844 - 0.6140 
p4             52 site 52         :  0.3749   0.1166     0.1844 - 0.6140 
p4             53 site 53         :  0.2727   0.1125     0.1098 - 0.5327 
p4             54 site 54         :  0.3749   0.1166     0.1844 - 0.6140 
p4             55 site 55         :  0.3749   0.1166     0.1844 - 0.6140 
p4             56 site 56         :  0.2727   0.1125     0.1098 - 0.5327 
p4             57 site 57         :  0.3749   0.1166     0.1844 - 0.6140 
p4             58 site 58         :  0.3749   0.1166     0.1844 - 0.6140 
p4             59 site 59         :  0.3749   0.1166     0.1844 - 0.6140 
p4             60 site 60         :  0.3749   0.1166     0.1844 - 0.6140 
p4             61 site 61         :  0.3749   0.1166     0.1844 - 0.6140 
p4             62 site 62         :  0.3749   0.1166     0.1844 - 0.6140 
p4             63 site 63             .          .            .         -   .
p4             64 site 64             .          .            .         -   .
p4             65 site 65             .          .            .         -   .
p4             66 site 66             .          .            .         -   .
p4             67 site 67             .          .            .         -   .
p4             68 site 68             .          .            .         -   .
p4             69 site 69             .          .            .         -   .
p4             70 site 70             .          .            .         -   .
p4             71 site 71             .          .            .         -   .
p4             72 site 72             .          .            .         -   .
p5              1 site 1              .          .            .         -   .
p5              2 site 2              .          .            .         -   .
p5              3 site 3              .          .            .         -   .
p5              4 site 4              .          .            .         -   .
p5              5 site 5              .          .            .         -   .
p5              6 site 6              .          .            .         -   .
p5              7 site 7              .          .            .         -   .
p5              8 site 8              .          .            .         -   .
p5              9 site 9              .          .            .         -   .
p5             10 site 10             .          .            .         -   .
p5             11 site 11         :  0.4713   0.1349     0.2358 - 0.7203 
p5             12 site 12         :  0.4713   0.1349     0.2358 - 0.7203 
p5             13 site 13         :  0.4713   0.1349     0.2358 - 0.7203 
p5             14 site 14         :  0.3579   0.1307     0.1545 - 0.6296 
p5             15 site 15         :  0.3579   0.1307     0.1545 - 0.6296 
p5             16 site 16         :  0.4713   0.1349     0.2358 - 0.7203 
p5             17 site 17         :  0.4713   0.1349     0.2358 - 0.7203 
p5             18 site 18         :  0.3579   0.1307     0.1545 - 0.6296 
p5             19 site 19         :  0.3579   0.1307     0.1545 - 0.6296 
p5             20 site 20         :  0.4713   0.1349     0.2358 - 0.7203 
p5             21 site 21         :  0.4713   0.1349     0.2358 - 0.7203 
p5             22 site 22         :  0.3579   0.1307     0.1545 - 0.6296 
p5             23 site 23         :  0.4713   0.1349     0.2358 - 0.7203 
p5             24 site 24         :  0.3579   0.1307     0.1545 - 0.6296 
p5             25 site 25         :  0.3579   0.1307     0.1545 - 0.6296 
p5             26 site 26             .          .            .         -   .
p5             27 site 27             .          .            .         -   .
p5             28 site 28             .          .            .         -   .
p5             29 site 29             .          .            .         -   .
p5             30 site 30             .          .            .         -   .
p5             31 site 31             .          .            .         -   .
p5             32 site 32             .          .            .         -   .
p5             33 site 33             .          .            .         -   .
p5             34 site 34         :  0.5373   0.1368     0.2831 - 0.7735 
p5             35 site 35         :  0.5373   0.1368     0.2831 - 0.7735 
p5             36 site 36         :  0.5373   0.1368     0.2831 - 0.7735 
p5             37 site 37         :  0.5373   0.1368     0.2831 - 0.7735 
p5             38 site 38         :  0.6501   0.1172     0.4037 - 0.8360 
p5             39 site 39         :  0.5373   0.1368     0.2831 - 0.7735 
p5             40 site 40         :  0.5373   0.1368     0.2831 - 0.7735 
p5             41 site 41         :  0.5373   0.1368     0.2831 - 0.7735 
p5             42 site 42         :  0.6501   0.1172     0.4037 - 0.8360 
p5             43 site 43         :  0.5373   0.1368     0.2831 - 0.7735 
p5             44 site 44         :  0.5373   0.1368     0.2831 - 0.7735 
p5             45 site 45         :  0.5373   0.1368     0.2831 - 0.7735 
p5             46 site 46         :  0.6501   0.1172     0.4037 - 0.8360 
p5             47 site 47         :  0.5373   0.1368     0.2831 - 0.7735 
p5             48 site 48             .          .            .         -   .
p5             49 site 49             .          .            .         -   .
p5             50 site 50             .          .            .         -   .
p5             51 site 51             .          .            .         -   .
p5             52 site 52             .          .            .         -   .
p5             53 site 53             .          .            .         -   .
p5             54 site 54             .          .            .         -   .
p5             55 site 55             .          .            .         -   .
p5             56 site 56             .          .            .         -   .
p5             57 site 57             .          .            .         -   .
p5             58 site 58         :  0.7181   0.1077     0.4731 - 0.8785 
p5             59 site 59         :  0.7181   0.1077     0.4731 - 0.8785 
p5             60 site 60         :  0.7181   0.1077     0.4731 - 0.8785 
p5             61 site 61         :  0.7181   0.1077     0.4731 - 0.8785 
p5             62 site 62         :  0.7181   0.1077     0.4731 - 0.8785 
p5             63 site 63         :  0.6143   0.1396     0.3341 - 0.8348 
p5             64 site 64         :  0.6143   0.1396     0.3341 - 0.8348 
p5             65 site 65         :  0.7181   0.1077     0.4731 - 0.8785 
p5             66 site 66         :  0.7181   0.1077     0.4731 - 0.8785 
p5             67 site 67         :  0.7181   0.1077     0.4731 - 0.8785 
p5             68 site 68         :  0.7181   0.1077     0.4731 - 0.8785 
p5             69 site 69         :  0.6143   0.1396     0.3341 - 0.8348 
p5             70 site 70         :  0.7181   0.1077     0.4731 - 0.8785 
p5             71 site 71         :  0.6143   0.1396     0.3341 - 0.8348 
p5             72 site 72         :  0.6143   0.1396     0.3341 - 0.8348 

============================================================


 DERIVED parameter - Psi-conditional : [Pr(occ | detection history)]

        Site                     psi-cond  Std.err     95% conf. interval
     1   site 1                    0.2886  0.1530    -0.0112 - 0.5885 
     2   site 2                    0.2886  0.1530    -0.0112 - 0.5885 
     3   site 3                    1.0000  0.0000     1.0000 - 1.0000 
     4   site 4                    0.4075  0.1905     0.0342 - 0.7809 
     5   site 5                    0.2886  0.1530    -0.0112 - 0.5885 
     6   site 6                    0.4075  0.1905     0.0342 - 0.7809 
     7   site 7                    0.4075  0.1905     0.0342 - 0.7809 
     8   site 8                    0.4075  0.1905     0.0342 - 0.7809 
     9   site 9                    0.4075  0.1905     0.0342 - 0.7809 
    10  site 10                    1.0000  0.0000     1.0000 - 1.0000 
    11  site 11                    1.0000  0.0000     1.0000 - 1.0000 
    12  site 12                    1.0000  0.0000     1.0000 - 1.0000 
    13  site 13                    1.0000  0.0000     1.0000 - 1.0000 
    14  site 14                    0.3386  0.1956    -0.0447 - 0.7220 
    15  site 15                    1.0000  0.0000     1.0000 - 1.0000 
    16  site 16                    1.0000  0.0000     1.0000 - 1.0000 
    17  site 17                    0.3373  0.1579     0.0278 - 0.6468 
    18  site 18                    1.0000  0.0000     1.0000 - 1.0000 
    19  site 19                    0.4429  0.1806     0.0888 - 0.7969 
    20  site 20                    0.2811  0.1532    -0.0191 - 0.5813 
    21  site 21                    0.4036  0.1622     0.0856 - 0.7216 
    22  site 22                    0.4935  0.1690     0.1623 - 0.8247 
    23  site 23                    1.0000  0.0000     1.0000 - 1.0000 
    24  site 24                    0.4935  0.1690     0.1623 - 0.8247 
    25  site 25                    0.4935  0.1690     0.1623 - 0.8247 
    26  site 26                    0.5151  0.1627     0.1961 - 0.8340 
    27  site 27                    0.5151  0.1627     0.1961 - 0.8340 
    28  site 28                    1.0000  0.0000     1.0000 - 1.0000 
    29  site 29                    0.5151  0.1627     0.1961 - 0.8340 
    30  site 30                    0.4737  0.1735     0.1337 - 0.8138 
    31  site 31                    0.4737  0.1735     0.1337 - 0.8138 
    32  site 32                    0.3704  0.1564     0.0640 - 0.6768 
    33  site 33                    0.4737  0.1735     0.1337 - 0.8138 
    34  site 34                    1.0000  0.0000     1.0000 - 1.0000 
    35  site 35                    0.2940  0.1824    -0.0635 - 0.6516 
    36  site 36                    0.2940  0.1824    -0.0635 - 0.6516 
    37  site 37                    1.0000  0.0000     1.0000 - 1.0000 
    38  site 38                    0.3115  0.1504     0.0166 - 0.6063 
    39  site 39                    1.0000  0.0000     1.0000 - 1.0000 
    40  site 40                    0.3672  0.1820     0.0104 - 0.7239 
    41  site 41                    1.0000  0.0000     1.0000 - 1.0000 
    42  site 42                    1.0000  0.0000     1.0000 - 1.0000 
    43  site 43                    1.0000  0.0000     1.0000 - 1.0000 
    44  site 44                    1.0000  0.0000     1.0000 - 1.0000 
    45  site 45                    1.0000  0.0000     1.0000 - 1.0000 
    46  site 46                    1.0000  0.0000     1.0000 - 1.0000 
    47  site 47                    1.0000  0.0000     1.0000 - 1.0000 
    48  site 48                    0.2897  0.1494    -0.0032 - 0.5826 
    49  site 49                    1.0000  0.0000     1.0000 - 1.0000 
    50  site 50                    1.0000  0.0000     1.0000 - 1.0000 
    51  site 51                    1.0000  0.0000     1.0000 - 1.0000 
    52  site 52                    1.0000  0.0000     1.0000 - 1.0000 
    53  site 53                    1.0000  0.0000     1.0000 - 1.0000 
    54  site 54                    0.2897  0.1494    -0.0032 - 0.5826 
    55  site 55                    0.2897  0.1494    -0.0032 - 0.5826 
    56  site 56                    0.4078  0.1865     0.0423 - 0.7733 
    57  site 57                    1.0000  0.0000     1.0000 - 1.0000 
    58  site 58                    0.1143  0.0927    -0.0674 - 0.2960 
    59  site 59                    1.0000  0.0000     1.0000 - 1.0000 
    60  site 60                    1.0000  0.0000     1.0000 - 1.0000 
    61  site 61                    1.0000  0.0000     1.0000 - 1.0000 
    62  site 62                    1.0000  0.0000     1.0000 - 1.0000 
    63  site 63                    0.3598  0.1843    -0.0015 - 0.7210 
    64  site 64                    0.3598  0.1843    -0.0015 - 0.7210 
    65  site 65                    1.0000  0.0000     1.0000 - 1.0000 
    66  site 66                    0.2551  0.1426    -0.0244 - 0.5347 
    67  site 67                    1.0000  0.0000     1.0000 - 1.0000 
    68  site 68                    1.0000  0.0000     1.0000 - 1.0000 
    69  site 69                    1.0000  0.0000     1.0000 - 1.0000 
    70  site 70                    0.2200  0.1405    -0.0554 - 0.4953 
    71  site 71                    0.3274  0.1898    -0.0446 - 0.6994 
    72  site 72                    1.0000  0.0000     1.0000 - 1.0000 

CPU time: 0.0 seconds

