

PRESENCE - Presence/Absence-Site Occupancy data analysis
Sat Oct 22 20:12:43 2011,       Version 4.0111018
- - - - - - - - - - - - - - - - - - - - - - - - - - - - -
==>i=weta.pao
==>l=pres_psi(browse)__p(t_P_obs_P_browse).out
==>name=psi(browse) ,p(t + obs + browse)
==>model=100
==>j=c:\documents and settings\cschwarz\desktop\occupancysampledata\weta_project\weta_project\weta_project\weta.dm
==>lmt=200
model=100 N,T-->72,5
modtype-->1 

********* Input Data summary *******
Number of sites                = 72
Number of sampling occasions   = 5
Number of missing observations = 98
Data checksum = 53860

Naive occupancy estimate       = 0.4861

NSiteCovs-->2
site_covname[0]=Browsed
site_covname[1]=Unbrowsed
NSampCovs-->3
samp_covname[0]=Obs1
samp_covname[1]=Obs2
samp_covname[2]=Obs3
Primary periods=1 Secondary periods: 5
- - - - - - - - - - - - - - - - - - - - - - - - - - - - -
 weta
- - - - - - - - - - - - - - - - - - - - - - - - - - - - -
modtype=1 N=72 T=5 Groups=1 bootstraps=0

-->1-5
Matrix 1: rows=2, cols=3
            -,a1,a2,
psi           1 Browsed
========================

Matrix 2: rows=6, cols=9
            -,b1,b2,b3,b4,b5,b6,b7,b8,
p1            1 0 0 0 0 Obs1 Obs2 Browsed
p2            1 1 0 0 0 Obs1 Obs2 Browsed
p3            1 0 1 0 0 Obs1 Obs2 Browsed
p4            1 0 0 1 0 Obs1 Obs2 Browsed
p5            1 0 0 0 1 Obs1 Obs2 Browsed
========================

Matrix 3: rows=0, cols=0
========================

Matrix 4: rows=0, cols=0
========================

Matrix 5: rows=0, cols=0
========================

Matrix 6: rows=0, cols=0
========================

Custom Model:

Number of parameters           = 10
Number of significant digits   =   6.8

Model has been fit using the logistic link.


Number of parameters           = 10
Number of function calls           = 305
-2log(likelihood)              = 239.5993
AIC                            = 259.5993

varcov: nsig=6 eps=1.000000e-002

Untransformed Estimates of coefficients for covariates (Beta's)
======================================================================
                                          estimate    std.error
A1   psi                              :   0.021676    0.515564
A2   psi.Browsed                      :   1.174083    0.886146
B1   p1                               :  -0.226007    0.603986
B2   p2                               :  -0.154738    0.550667
B3   p3                               :  -0.943780    0.602737
B4   p4                               :  -0.070817    0.563167
B5   p5                               :   1.034855    0.567218
B6   p1.Obs1                          :  -1.070341    0.461276
B7   p1.Obs2                          :  -0.343755    0.436236
B8   p1.Browsed                       :  -0.005209    0.529323

Variance-Covariance Matrix of Untransformed estimates (Beta's):
              A1         A2         B1         B2         B3         B4         B5         B6         B7         B8  
     A1    0.265806  -0.265142  -0.138057  -0.001429   0.016387   0.015178   0.016428   0.007080   0.011183   0.124327
     A2   -0.265142   0.785254   0.131534  -0.001088  -0.013727  -0.011285  -0.037134   0.006774   0.006601  -0.256207
     B1   -0.138057   0.131534   0.364800  -0.134447  -0.174074  -0.145548  -0.160589  -0.092528  -0.072652  -0.198631
     B2   -0.001429  -0.001088  -0.134447   0.303234   0.154112   0.162079   0.159942  -0.008205  -0.044595  -0.008271
     B3    0.016387  -0.013727  -0.174074   0.154112   0.363292   0.154220   0.158331   0.002086  -0.016856   0.031675
     B4    0.015178  -0.011285  -0.145548   0.162079   0.154220   0.317157   0.158685  -0.026351  -0.045102   0.008730
     B5    0.016428  -0.037134  -0.160589   0.159942   0.158331   0.158685   0.321736  -0.025278  -0.040778   0.032229
     B6    0.007080   0.006774  -0.092528  -0.008205   0.002086  -0.026351  -0.025278   0.212775   0.091986   0.017426
     B7    0.011183   0.006601  -0.072652  -0.044595  -0.016856  -0.045102  -0.040778   0.091986   0.190302   0.010678
     B8    0.124327  -0.256207  -0.198631  -0.008271   0.031675   0.008730   0.032229   0.017426   0.010678   0.280183
------------------------------

============================================================

   Individual Site estimates of <psi> 
                Site               estimate  Std.err   95% conf. interval
psi             1 site 1          :  0.7678   0.1287     0.4455 - 0.9315 
psi             2 site 2          :  0.7678   0.1287     0.4455 - 0.9315 
psi             3 site 3          :  0.7678   0.1287     0.4455 - 0.9315 
psi             4 site 4          :  0.5054   0.1289     0.2711 - 0.7373 
psi             5 site 5          :  0.7678   0.1287     0.4455 - 0.9315 
psi             6 site 6          :  0.5054   0.1289     0.2711 - 0.7373 
psi             7 site 7          :  0.5054   0.1289     0.2711 - 0.7373 
psi             8 site 8          :  0.5054   0.1289     0.2711 - 0.7373 
psi             9 site 9          :  0.5054   0.1289     0.2711 - 0.7373 
psi            10 site 10         :  0.7678   0.1287     0.4455 - 0.9315 
psi            11 site 11         :  0.7678   0.1287     0.4455 - 0.9315 
psi            12 site 12         :  0.7678   0.1287     0.4455 - 0.9315 
psi            13 site 13         :  0.7678   0.1287     0.4455 - 0.9315 
psi            14 site 14         :  0.5054   0.1289     0.2711 - 0.7373 
psi            15 site 15         :  0.5054   0.1289     0.2711 - 0.7373 
psi            16 site 16         :  0.7678   0.1287     0.4455 - 0.9315 
psi            17 site 17         :  0.7678   0.1287     0.4455 - 0.9315 
psi            18 site 18         :  0.5054   0.1289     0.2711 - 0.7373 
psi            19 site 19         :  0.5054   0.1289     0.2711 - 0.7373 
psi            20 site 20         :  0.7678   0.1287     0.4455 - 0.9315 
psi            21 site 21         :  0.7678   0.1287     0.4455 - 0.9315 
psi            22 site 22         :  0.5054   0.1289     0.2711 - 0.7373 
psi            23 site 23         :  0.7678   0.1287     0.4455 - 0.9315 
psi            24 site 24         :  0.5054   0.1289     0.2711 - 0.7373 
psi            25 site 25         :  0.5054   0.1289     0.2711 - 0.7373 
psi            26 site 26         :  0.5054   0.1289     0.2711 - 0.7373 
psi            27 site 27         :  0.5054   0.1289     0.2711 - 0.7373 
psi            28 site 28         :  0.7678   0.1287     0.4455 - 0.9315 
psi            29 site 29         :  0.5054   0.1289     0.2711 - 0.7373 
psi            30 site 30         :  0.5054   0.1289     0.2711 - 0.7373 
psi            31 site 31         :  0.5054   0.1289     0.2711 - 0.7373 
psi            32 site 32         :  0.7678   0.1287     0.4455 - 0.9315 
psi            33 site 33         :  0.5054   0.1289     0.2711 - 0.7373 
psi            34 site 34         :  0.5054   0.1289     0.2711 - 0.7373 
psi            35 site 35         :  0.5054   0.1289     0.2711 - 0.7373 
psi            36 site 36         :  0.5054   0.1289     0.2711 - 0.7373 
psi            37 site 37         :  0.5054   0.1289     0.2711 - 0.7373 
psi            38 site 38         :  0.7678   0.1287     0.4455 - 0.9315 
psi            39 site 39         :  0.5054   0.1289     0.2711 - 0.7373 
psi            40 site 40         :  0.5054   0.1289     0.2711 - 0.7373 
psi            41 site 41         :  0.5054   0.1289     0.2711 - 0.7373 
psi            42 site 42         :  0.7678   0.1287     0.4455 - 0.9315 
psi            43 site 43         :  0.5054   0.1289     0.2711 - 0.7373 
psi            44 site 44         :  0.5054   0.1289     0.2711 - 0.7373 
psi            45 site 45         :  0.5054   0.1289     0.2711 - 0.7373 
psi            46 site 46         :  0.7678   0.1287     0.4455 - 0.9315 
psi            47 site 47         :  0.5054   0.1289     0.2711 - 0.7373 
psi            48 site 48         :  0.7678   0.1287     0.4455 - 0.9315 
psi            49 site 49         :  0.7678   0.1287     0.4455 - 0.9315 
psi            50 site 50         :  0.5054   0.1289     0.2711 - 0.7373 
psi            51 site 51         :  0.7678   0.1287     0.4455 - 0.9315 
psi            52 site 52         :  0.7678   0.1287     0.4455 - 0.9315 
psi            53 site 53         :  0.5054   0.1289     0.2711 - 0.7373 
psi            54 site 54         :  0.7678   0.1287     0.4455 - 0.9315 
psi            55 site 55         :  0.7678   0.1287     0.4455 - 0.9315 
psi            56 site 56         :  0.5054   0.1289     0.2711 - 0.7373 
psi            57 site 57         :  0.7678   0.1287     0.4455 - 0.9315 
psi            58 site 58         :  0.7678   0.1287     0.4455 - 0.9315 
psi            59 site 59         :  0.7678   0.1287     0.4455 - 0.9315 
psi            60 site 60         :  0.7678   0.1287     0.4455 - 0.9315 
psi            61 site 61         :  0.7678   0.1287     0.4455 - 0.9315 
psi            62 site 62         :  0.7678   0.1287     0.4455 - 0.9315 
psi            63 site 63         :  0.5054   0.1289     0.2711 - 0.7373 
psi            64 site 64         :  0.5054   0.1289     0.2711 - 0.7373 
psi            65 site 65         :  0.7678   0.1287     0.4455 - 0.9315 
psi            66 site 66         :  0.7678   0.1287     0.4455 - 0.9315 
psi            67 site 67         :  0.7678   0.1287     0.4455 - 0.9315 
psi            68 site 68         :  0.7678   0.1287     0.4455 - 0.9315 
psi            69 site 69         :  0.5054   0.1289     0.2711 - 0.7373 
psi            70 site 70         :  0.7678   0.1287     0.4455 - 0.9315 
psi            71 site 71         :  0.5054   0.1289     0.2711 - 0.7373 
psi            72 site 72         :  0.5054   0.1289     0.2711 - 0.7373 

============================================================

   Individual Site estimates of <p1> 
                Site               estimate  Std.err   95% conf. interval
p1              1 site 1          :  0.2139   0.0937     0.0837 - 0.4478 
p1              2 site 2          :  0.2139   0.0937     0.0837 - 0.4478 
p1              3 site 3          :  0.2139   0.0937     0.0837 - 0.4478 
p1              4 site 4          :  0.2148   0.1057     0.0742 - 0.4829 
p1              5 site 5          :  0.2139   0.0937     0.0837 - 0.4478 
p1              6 site 6          :  0.2148   0.1057     0.0742 - 0.4829 
p1              7 site 7          :  0.2148   0.1057     0.0742 - 0.4829 
p1              8 site 8          :  0.2148   0.1057     0.0742 - 0.4829 
p1              9 site 9          :  0.2148   0.1057     0.0742 - 0.4829 
p1             10 site 10         :  0.2139   0.0937     0.0837 - 0.4478 
p1             11 site 11         :  0.2139   0.0937     0.0837 - 0.4478 
p1             12 site 12         :  0.2139   0.0937     0.0837 - 0.4478 
p1             13 site 13         :  0.2139   0.0937     0.0837 - 0.4478 
p1             14 site 14         :  0.2148   0.1057     0.0742 - 0.4829 
p1             15 site 15         :  0.2148   0.1057     0.0742 - 0.4829 
p1             16 site 16             .          .            .         -   .
p1             17 site 17             .          .            .         -   .
p1             18 site 18             .          .            .         -   .
p1             19 site 19             .          .            .         -   .
p1             20 site 20         :  0.2139   0.0937     0.0837 - 0.4478 
p1             21 site 21         :  0.2139   0.0937     0.0837 - 0.4478 
p1             22 site 22         :  0.2148   0.1057     0.0742 - 0.4829 
p1             23 site 23         :  0.2139   0.0937     0.0837 - 0.4478 
p1             24 site 24         :  0.2148   0.1057     0.0742 - 0.4829 
p1             25 site 25         :  0.2148   0.1057     0.0742 - 0.4829 
p1             26 site 26         :  0.3613   0.1477     0.1389 - 0.6648 
p1             27 site 27         :  0.3613   0.1477     0.1389 - 0.6648 
p1             28 site 28         :  0.3601   0.1291     0.1580 - 0.6280 
p1             29 site 29         :  0.3613   0.1477     0.1389 - 0.6648 
p1             30 site 30         :  0.3613   0.1477     0.1389 - 0.6648 
p1             31 site 31         :  0.3613   0.1477     0.1389 - 0.6648 
p1             32 site 32         :  0.3601   0.1291     0.1580 - 0.6280 
p1             33 site 33         :  0.3613   0.1477     0.1389 - 0.6648 
p1             34 site 34         :  0.3613   0.1477     0.1389 - 0.6648 
p1             35 site 35         :  0.3613   0.1477     0.1389 - 0.6648 
p1             36 site 36         :  0.3613   0.1477     0.1389 - 0.6648 
p1             37 site 37         :  0.3613   0.1477     0.1389 - 0.6648 
p1             38 site 38             .          .            .         -   .
p1             39 site 39             .          .            .         -   .
p1             40 site 40             .          .            .         -   .
p1             41 site 41             .          .            .         -   .
p1             42 site 42             .          .            .         -   .
p1             43 site 43             .          .            .         -   .
p1             44 site 44             .          .            .         -   .
p1             45 site 45             .          .            .         -   .
p1             46 site 46             .          .            .         -   .
p1             47 site 47             .          .            .         -   .
p1             48 site 48         :  0.4425   0.1228     0.2303 - 0.6779 
p1             49 site 49         :  0.4425   0.1228     0.2303 - 0.6779 
p1             50 site 50         :  0.4437   0.1491     0.1963 - 0.7227 
p1             51 site 51         :  0.4425   0.1228     0.2303 - 0.6779 
p1             52 site 52         :  0.4425   0.1228     0.2303 - 0.6779 
p1             53 site 53         :  0.4437   0.1491     0.1963 - 0.7227 
p1             54 site 54         :  0.4425   0.1228     0.2303 - 0.6779 
p1             55 site 55         :  0.4425   0.1228     0.2303 - 0.6779 
p1             56 site 56         :  0.4437   0.1491     0.1963 - 0.7227 
p1             57 site 57         :  0.4425   0.1228     0.2303 - 0.6779 
p1             58 site 58         :  0.4425   0.1228     0.2303 - 0.6779 
p1             59 site 59         :  0.4425   0.1228     0.2303 - 0.6779 
p1             60 site 60         :  0.4425   0.1228     0.2303 - 0.6779 
p1             61 site 61         :  0.4425   0.1228     0.2303 - 0.6779 
p1             62 site 62         :  0.4425   0.1228     0.2303 - 0.6779 
p1             63 site 63             .          .            .         -   .
p1             64 site 64             .          .            .         -   .
p1             65 site 65             .          .            .         -   .
p1             66 site 66             .          .            .         -   .
p1             67 site 67             .          .            .         -   .
p1             68 site 68         :  0.4425   0.1228     0.2303 - 0.6779 
p1             69 site 69         :  0.4437   0.1491     0.1963 - 0.7227 
p1             70 site 70         :  0.4425   0.1228     0.2303 - 0.6779 
p1             71 site 71         :  0.4437   0.1491     0.1963 - 0.7227 
p1             72 site 72         :  0.4437   0.1491     0.1963 - 0.7227 
p2              1 site 1          :  0.4047   0.1241     0.1985 - 0.6511 
p2              2 site 2          :  0.4047   0.1241     0.1985 - 0.6511 
p2              3 site 3          :  0.4047   0.1241     0.1985 - 0.6511 
p2              4 site 4          :  0.4059   0.1524     0.1653 - 0.7021 
p2              5 site 5          :  0.4047   0.1241     0.1985 - 0.6511 
p2              6 site 6          :  0.4059   0.1524     0.1653 - 0.7021 
p2              7 site 7          :  0.4059   0.1524     0.1653 - 0.7021 
p2              8 site 8          :  0.4059   0.1524     0.1653 - 0.7021 
p2              9 site 9          :  0.4059   0.1524     0.1653 - 0.7021 
p2             10 site 10         :  0.4047   0.1241     0.1985 - 0.6511 
p2             11 site 11         :  0.4047   0.1241     0.1985 - 0.6511 
p2             12 site 12         :  0.4047   0.1241     0.1985 - 0.6511 
p2             13 site 13         :  0.4047   0.1241     0.1985 - 0.6511 
p2             14 site 14         :  0.4059   0.1524     0.1653 - 0.7021 
p2             15 site 15         :  0.4059   0.1524     0.1653 - 0.7021 
p2             16 site 16         :  0.4047   0.1241     0.1985 - 0.6511 
p2             17 site 17         :  0.4047   0.1241     0.1985 - 0.6511 
p2             18 site 18         :  0.4059   0.1524     0.1653 - 0.7021 
p2             19 site 19         :  0.4059   0.1524     0.1653 - 0.7021 
p2             20 site 20         :  0.4047   0.1241     0.1985 - 0.6511 
p2             21 site 21             .          .            .         -   .
p2             22 site 22             .          .            .         -   .
p2             23 site 23             .          .            .         -   .
p2             24 site 24             .          .            .         -   .
p2             25 site 25             .          .            .         -   .
p2             26 site 26         :  0.1898   0.0985     0.0626 - 0.4513 
p2             27 site 27         :  0.1898   0.0985     0.0626 - 0.4513 
p2             28 site 28         :  0.1890   0.0856     0.0724 - 0.4105 
p2             29 site 29         :  0.1898   0.0985     0.0626 - 0.4513 
p2             30 site 30         :  0.1898   0.0985     0.0626 - 0.4513 
p2             31 site 31         :  0.1898   0.0985     0.0626 - 0.4513 
p2             32 site 32         :  0.1890   0.0856     0.0724 - 0.4105 
p2             33 site 33         :  0.1898   0.0985     0.0626 - 0.4513 
p2             34 site 34         :  0.1898   0.0985     0.0626 - 0.4513 
p2             35 site 35         :  0.1898   0.0985     0.0626 - 0.4513 
p2             36 site 36         :  0.1898   0.0985     0.0626 - 0.4513 
p2             37 site 37         :  0.1898   0.0985     0.0626 - 0.4513 
p2             38 site 38         :  0.1890   0.0856     0.0724 - 0.4105 
p2             39 site 39         :  0.1898   0.0985     0.0626 - 0.4513 
p2             40 site 40         :  0.1898   0.0985     0.0626 - 0.4513 
p2             41 site 41         :  0.1898   0.0985     0.0626 - 0.4513 
p2             42 site 42         :  0.1890   0.0856     0.0724 - 0.4105 
p2             43 site 43             .          .            .         -   .
p2             44 site 44             .          .            .         -   .
p2             45 site 45             .          .            .         -   .
p2             46 site 46             .          .            .         -   .
p2             47 site 47             .          .            .         -   .
p2             48 site 48         :  0.3253   0.1081     0.1551 - 0.5587 
p2             49 site 49         :  0.3253   0.1081     0.1551 - 0.5587 
p2             50 site 50         :  0.3264   0.1310     0.1310 - 0.6090 
p2             51 site 51         :  0.3253   0.1081     0.1551 - 0.5587 
p2             52 site 52         :  0.3253   0.1081     0.1551 - 0.5587 
p2             53 site 53         :  0.3264   0.1310     0.1310 - 0.6090 
p2             54 site 54         :  0.3253   0.1081     0.1551 - 0.5587 
p2             55 site 55         :  0.3253   0.1081     0.1551 - 0.5587 
p2             56 site 56         :  0.3264   0.1310     0.1310 - 0.6090 
p2             57 site 57         :  0.3253   0.1081     0.1551 - 0.5587 
p2             58 site 58         :  0.3253   0.1081     0.1551 - 0.5587 
p2             59 site 59         :  0.3253   0.1081     0.1551 - 0.5587 
p2             60 site 60         :  0.3253   0.1081     0.1551 - 0.5587 
p2             61 site 61         :  0.3253   0.1081     0.1551 - 0.5587 
p2             62 site 62         :  0.3253   0.1081     0.1551 - 0.5587 
p2             63 site 63         :  0.3264   0.1310     0.1310 - 0.6090 
p2             64 site 64         :  0.3264   0.1310     0.1310 - 0.6090 
p2             65 site 65         :  0.3253   0.1081     0.1551 - 0.5587 
p2             66 site 66         :  0.3253   0.1081     0.1551 - 0.5587 
p2             67 site 67         :  0.3253   0.1081     0.1551 - 0.5587 
p2             68 site 68             .          .            .         -   .
p2             69 site 69             .          .            .         -   .
p2             70 site 70             .          .            .         -   .
p2             71 site 71             .          .            .         -   .
p2             72 site 72             .          .            .         -   .
p3              1 site 1          :  0.1796   0.0883     0.0634 - 0.4147 
p3              2 site 2          :  0.1796   0.0883     0.0634 - 0.4147 
p3              3 site 3          :  0.1796   0.0883     0.0634 - 0.4147 
p3              4 site 4          :  0.1804   0.0925     0.0607 - 0.4286 
p3              5 site 5          :  0.1796   0.0883     0.0634 - 0.4147 
p3              6 site 6          :  0.1804   0.0925     0.0607 - 0.4286 
p3              7 site 7          :  0.1804   0.0925     0.0607 - 0.4286 
p3              8 site 8          :  0.1804   0.0925     0.0607 - 0.4286 
p3              9 site 9          :  0.1804   0.0925     0.0607 - 0.4286 
p3             10 site 10         :  0.1796   0.0883     0.0634 - 0.4147 
p3             11 site 11             .          .            .         -   .
p3             12 site 12             .          .            .         -   .
p3             13 site 13             .          .            .         -   .
p3             14 site 14             .          .            .         -   .
p3             15 site 15             .          .            .         -   .
p3             16 site 16         :  0.1796   0.0883     0.0634 - 0.4147 
p3             17 site 17         :  0.1796   0.0883     0.0634 - 0.4147 
p3             18 site 18         :  0.1804   0.0925     0.0607 - 0.4286 
p3             19 site 19         :  0.1804   0.0925     0.0607 - 0.4286 
p3             20 site 20         :  0.1796   0.0883     0.0634 - 0.4147 
p3             21 site 21         :  0.1796   0.0883     0.0634 - 0.4147 
p3             22 site 22         :  0.1804   0.0925     0.0607 - 0.4286 
p3             23 site 23         :  0.1796   0.0883     0.0634 - 0.4147 
p3             24 site 24         :  0.1804   0.0925     0.0607 - 0.4286 
p3             25 site 25         :  0.1804   0.0925     0.0607 - 0.4286 
p3             26 site 26         :  0.2369   0.1114     0.0849 - 0.5096 
p3             27 site 27         :  0.2369   0.1114     0.0849 - 0.5096 
p3             28 site 28         :  0.2360   0.1030     0.0916 - 0.4861 
p3             29 site 29         :  0.2369   0.1114     0.0849 - 0.5096 
p3             30 site 30         :  0.2369   0.1114     0.0849 - 0.5096 
p3             31 site 31         :  0.2369   0.1114     0.0849 - 0.5096 
p3             32 site 32         :  0.2360   0.1030     0.0916 - 0.4861 
p3             33 site 33         :  0.2369   0.1114     0.0849 - 0.5096 
p3             34 site 34         :  0.2369   0.1114     0.0849 - 0.5096 
p3             35 site 35         :  0.2369   0.1114     0.0849 - 0.5096 
p3             36 site 36         :  0.2369   0.1114     0.0849 - 0.5096 
p3             37 site 37         :  0.2369   0.1114     0.0849 - 0.5096 
p3             38 site 38             .          .            .         -   .
p3             39 site 39             .          .            .         -   .
p3             40 site 40         :  0.2369   0.1114     0.0849 - 0.5096 
p3             41 site 41         :  0.2369   0.1114     0.0849 - 0.5096 
p3             42 site 42         :  0.2360   0.1030     0.0916 - 0.4861 
p3             43 site 43         :  0.2369   0.1114     0.0849 - 0.5096 
p3             44 site 44         :  0.2369   0.1114     0.0849 - 0.5096 
p3             45 site 45         :  0.2369   0.1114     0.0849 - 0.5096 
p3             46 site 46         :  0.2360   0.1030     0.0916 - 0.4861 
p3             47 site 47         :  0.2369   0.1114     0.0849 - 0.5096 
p3             48 site 48         :  0.0958   0.0543     0.0301 - 0.2657 
p3             49 site 49         :  0.0958   0.0543     0.0301 - 0.2657 
p3             50 site 50         :  0.0962   0.0558     0.0294 - 0.2724 
p3             51 site 51         :  0.0958   0.0543     0.0301 - 0.2657 
p3             52 site 52         :  0.0958   0.0543     0.0301 - 0.2657 
p3             53 site 53         :  0.0962   0.0558     0.0294 - 0.2724 
p3             54 site 54         :  0.0958   0.0543     0.0301 - 0.2657 
p3             55 site 55         :  0.0958   0.0543     0.0301 - 0.2657 
p3             56 site 56         :  0.0962   0.0558     0.0294 - 0.2724 
p3             57 site 57         :  0.0958   0.0543     0.0301 - 0.2657 
p3             58 site 58             .          .            .         -   .
p3             59 site 59             .          .            .         -   .
p3             60 site 60             .          .            .         -   .
p3             61 site 61             .          .            .         -   .
p3             62 site 62             .          .            .         -   .
p3             63 site 63         :  0.0962   0.0558     0.0294 - 0.2724 
p3             64 site 64         :  0.0962   0.0558     0.0294 - 0.2724 
p3             65 site 65         :  0.0958   0.0543     0.0301 - 0.2657 
p3             66 site 66         :  0.0958   0.0543     0.0301 - 0.2657 
p3             67 site 67         :  0.0958   0.0543     0.0301 - 0.2657 
p3             68 site 68         :  0.0958   0.0543     0.0301 - 0.2657 
p3             69 site 69         :  0.0962   0.0558     0.0294 - 0.2724 
p3             70 site 70         :  0.0958   0.0543     0.0301 - 0.2657 
p3             71 site 71         :  0.0962   0.0558     0.0294 - 0.2724 
p3             72 site 72         :  0.0962   0.0558     0.0294 - 0.2724 
p4              1 site 1          :  0.4251   0.1319     0.2043 - 0.6804 
p4              2 site 2          :  0.4251   0.1319     0.2043 - 0.6804 
p4              3 site 3          :  0.4251   0.1319     0.2043 - 0.6804 
p4              4 site 4          :  0.4263   0.1529     0.1791 - 0.7168 
p4              5 site 5          :  0.4251   0.1319     0.2043 - 0.6804 
p4              6 site 6          :  0.4263   0.1529     0.1791 - 0.7168 
p4              7 site 7          :  0.4263   0.1529     0.1791 - 0.7168 
p4              8 site 8          :  0.4263   0.1529     0.1791 - 0.7168 
p4              9 site 9          :  0.4263   0.1529     0.1791 - 0.7168 
p4             10 site 10         :  0.4251   0.1319     0.2043 - 0.6804 
p4             11 site 11         :  0.4251   0.1319     0.2043 - 0.6804 
p4             12 site 12         :  0.4251   0.1319     0.2043 - 0.6804 
p4             13 site 13         :  0.4251   0.1319     0.2043 - 0.6804 
p4             14 site 14         :  0.4263   0.1529     0.1791 - 0.7168 
p4             15 site 15         :  0.4263   0.1529     0.1791 - 0.7168 
p4             16 site 16             .          .            .         -   .
p4             17 site 17             .          .            .         -   .
p4             18 site 18             .          .            .         -   .
p4             19 site 19             .          .            .         -   .
p4             20 site 20             .          .            .         -   .
p4             21 site 21             .          .            .         -   .
p4             22 site 22             .          .            .         -   .
p4             23 site 23             .          .            .         -   .
p4             24 site 24             .          .            .         -   .
p4             25 site 25             .          .            .         -   .
p4             26 site 26             .          .            .         -   .
p4             27 site 27             .          .            .         -   .
p4             28 site 28             .          .            .         -   .
p4             29 site 29             .          .            .         -   .
p4             30 site 30         :  0.2031   0.0979     0.0722 - 0.4547 
p4             31 site 31         :  0.2031   0.0979     0.0722 - 0.4547 
p4             32 site 32         :  0.2022   0.0885     0.0796 - 0.4263 
p4             33 site 33         :  0.2031   0.0979     0.0722 - 0.4547 
p4             34 site 34         :  0.2031   0.0979     0.0722 - 0.4547 
p4             35 site 35         :  0.2031   0.0979     0.0722 - 0.4547 
p4             36 site 36         :  0.2031   0.0979     0.0722 - 0.4547 
p4             37 site 37         :  0.2031   0.0979     0.0722 - 0.4547 
p4             38 site 38         :  0.2022   0.0885     0.0796 - 0.4263 
p4             39 site 39         :  0.2031   0.0979     0.0722 - 0.4547 
p4             40 site 40         :  0.2031   0.0979     0.0722 - 0.4547 
p4             41 site 41         :  0.2031   0.0979     0.0722 - 0.4547 
p4             42 site 42         :  0.2022   0.0885     0.0796 - 0.4263 
p4             43 site 43         :  0.2031   0.0979     0.0722 - 0.4547 
p4             44 site 44         :  0.2031   0.0979     0.0722 - 0.4547 
p4             45 site 45         :  0.2031   0.0979     0.0722 - 0.4547 
p4             46 site 46         :  0.2022   0.0885     0.0796 - 0.4263 
p4             47 site 47         :  0.2031   0.0979     0.0722 - 0.4547 
p4             48 site 48         :  0.3439   0.1167     0.1599 - 0.5909 
p4             49 site 49         :  0.3439   0.1167     0.1599 - 0.5909 
p4             50 site 50         :  0.3451   0.1329     0.1427 - 0.6252 
p4             51 site 51         :  0.3439   0.1167     0.1599 - 0.5909 
p4             52 site 52         :  0.3439   0.1167     0.1599 - 0.5909 
p4             53 site 53         :  0.3451   0.1329     0.1427 - 0.6252 
p4             54 site 54         :  0.3439   0.1167     0.1599 - 0.5909 
p4             55 site 55         :  0.3439   0.1167     0.1599 - 0.5909 
p4             56 site 56         :  0.3451   0.1329     0.1427 - 0.6252 
p4             57 site 57         :  0.3439   0.1167     0.1599 - 0.5909 
p4             58 site 58         :  0.3439   0.1167     0.1599 - 0.5909 
p4             59 site 59         :  0.3439   0.1167     0.1599 - 0.5909 
p4             60 site 60         :  0.3439   0.1167     0.1599 - 0.5909 
p4             61 site 61         :  0.3439   0.1167     0.1599 - 0.5909 
p4             62 site 62         :  0.3439   0.1167     0.1599 - 0.5909 
p4             63 site 63             .          .            .         -   .
p4             64 site 64             .          .            .         -   .
p4             65 site 65             .          .            .         -   .
p4             66 site 66             .          .            .         -   .
p4             67 site 67             .          .            .         -   .
p4             68 site 68             .          .            .         -   .
p4             69 site 69             .          .            .         -   .
p4             70 site 70             .          .            .         -   .
p4             71 site 71             .          .            .         -   .
p4             72 site 72             .          .            .         -   .
p5              1 site 1              .          .            .         -   .
p5              2 site 2              .          .            .         -   .
p5              3 site 3              .          .            .         -   .
p5              4 site 4              .          .            .         -   .
p5              5 site 5              .          .            .         -   .
p5              6 site 6              .          .            .         -   .
p5              7 site 7              .          .            .         -   .
p5              8 site 8              .          .            .         -   .
p5              9 site 9              .          .            .         -   .
p5             10 site 10             .          .            .         -   .
p5             11 site 11         :  0.4337   0.1400     0.2004 - 0.7006 
p5             12 site 12         :  0.4337   0.1400     0.2004 - 0.7006 
p5             13 site 13         :  0.4337   0.1400     0.2004 - 0.7006 
p5             14 site 14         :  0.4350   0.1438     0.1965 - 0.7080 
p5             15 site 15         :  0.4350   0.1438     0.1965 - 0.7080 
p5             16 site 16         :  0.4337   0.1400     0.2004 - 0.7006 
p5             17 site 17         :  0.4337   0.1400     0.2004 - 0.7006 
p5             18 site 18         :  0.4350   0.1438     0.1965 - 0.7080 
p5             19 site 19         :  0.4350   0.1438     0.1965 - 0.7080 
p5             20 site 20         :  0.4337   0.1400     0.2004 - 0.7006 
p5             21 site 21         :  0.4337   0.1400     0.2004 - 0.7006 
p5             22 site 22         :  0.4350   0.1438     0.1965 - 0.7080 
p5             23 site 23         :  0.4337   0.1400     0.2004 - 0.7006 
p5             24 site 24         :  0.4350   0.1438     0.1965 - 0.7080 
p5             25 site 25         :  0.4350   0.1438     0.1965 - 0.7080 
p5             26 site 26             .          .            .         -   .
p5             27 site 27             .          .            .         -   .
p5             28 site 28             .          .            .         -   .
p5             29 site 29             .          .            .         -   .
p5             30 site 30             .          .            .         -   .
p5             31 site 31             .          .            .         -   .
p5             32 site 32             .          .            .         -   .
p5             33 site 33             .          .            .         -   .
p5             34 site 34         :  0.6142   0.1359     0.3410 - 0.8305 
p5             35 site 35         :  0.6142   0.1359     0.3410 - 0.8305 
p5             36 site 36         :  0.6142   0.1359     0.3410 - 0.8305 
p5             37 site 37         :  0.6142   0.1359     0.3410 - 0.8305 
p5             38 site 38         :  0.6130   0.1294     0.3522 - 0.8219 
p5             39 site 39         :  0.6142   0.1359     0.3410 - 0.8305 
p5             40 site 40         :  0.6142   0.1359     0.3410 - 0.8305 
p5             41 site 41         :  0.6142   0.1359     0.3410 - 0.8305 
p5             42 site 42         :  0.6130   0.1294     0.3522 - 0.8219 
p5             43 site 43         :  0.6142   0.1359     0.3410 - 0.8305 
p5             44 site 44         :  0.6142   0.1359     0.3410 - 0.8305 
p5             45 site 45         :  0.6142   0.1359     0.3410 - 0.8305 
p5             46 site 46         :  0.6130   0.1294     0.3522 - 0.8219 
p5             47 site 47         :  0.6142   0.1359     0.3410 - 0.8305 
p5             48 site 48             .          .            .         -   .
p5             49 site 49             .          .            .         -   .
p5             50 site 50             .          .            .         -   .
p5             51 site 51             .          .            .         -   .
p5             52 site 52             .          .            .         -   .
p5             53 site 53             .          .            .         -   .
p5             54 site 54             .          .            .         -   .
p5             55 site 55             .          .            .         -   .
p5             56 site 56             .          .            .         -   .
p5             57 site 57             .          .            .         -   .
p5             58 site 58         :  0.6908   0.1195     0.4274 - 0.8699 
p5             59 site 59         :  0.6908   0.1195     0.4274 - 0.8699 
p5             60 site 60         :  0.6908   0.1195     0.4274 - 0.8699 
p5             61 site 61         :  0.6908   0.1195     0.4274 - 0.8699 
p5             62 site 62         :  0.6908   0.1195     0.4274 - 0.8699 
p5             63 site 63         :  0.6919   0.1289     0.4071 - 0.8801 
p5             64 site 64         :  0.6919   0.1289     0.4071 - 0.8801 
p5             65 site 65         :  0.6908   0.1195     0.4274 - 0.8699 
p5             66 site 66         :  0.6908   0.1195     0.4274 - 0.8699 
p5             67 site 67         :  0.6908   0.1195     0.4274 - 0.8699 
p5             68 site 68         :  0.6908   0.1195     0.4274 - 0.8699 
p5             69 site 69         :  0.6919   0.1289     0.4071 - 0.8801 
p5             70 site 70         :  0.6908   0.1195     0.4274 - 0.8699 
p5             71 site 71         :  0.6919   0.1289     0.4071 - 0.8801 
p5             72 site 72         :  0.6919   0.1289     0.4071 - 0.8801 

============================================================


 DERIVED parameter - Psi-conditional : [Pr(occ | detection history)]

        Site                     psi-cond  Std.err     95% conf. interval
     1   site 1                    0.4219  0.2470    -0.0623 - 0.9060 
     2   site 2                    0.4219  0.2470    -0.0623 - 0.9060 
     3   site 3                    1.0000  0.0000     1.0000 - 1.0000 
     4   site 4                    0.1831  0.1426    -0.0965 - 0.4627 
     5   site 5                    0.4219  0.2470    -0.0623 - 0.9060 
     6   site 6                    0.1831  0.1426    -0.0965 - 0.4627 
     7   site 7                    0.1831  0.1426    -0.0965 - 0.4627 
     8   site 8                    0.1831  0.1426    -0.0965 - 0.4627 
     9   site 9                    0.1831  0.1426    -0.0965 - 0.4627 
    10  site 10                    1.0000  0.0000     1.0000 - 1.0000 
    11  site 11                    1.0000  0.0000     1.0000 - 1.0000 
    12  site 12                    1.0000  0.0000     1.0000 - 1.0000 
    13  site 13                    1.0000  0.0000     1.0000 - 1.0000 
    14  site 14                    0.1338  0.1219    -0.1052 - 0.3728 
    15  site 15                    1.0000  0.0000     1.0000 - 1.0000 
    16  site 16                    1.0000  0.0000     1.0000 - 1.0000 
    17  site 17                    0.4776  0.2429     0.0016 - 0.9536 
    18  site 18                    1.0000  0.0000     1.0000 - 1.0000 
    19  site 19                    0.2194  0.1467    -0.0680 - 0.5069 
    20  site 20                    0.4182  0.2496    -0.0711 - 0.9075 
    21  site 21                    0.5470  0.2313     0.0936 - 1.0003 
    22  site 22                    0.2709  0.1552    -0.0332 - 0.5751 
    23  site 23                    1.0000  0.0000     1.0000 - 1.0000 
    24  site 24                    0.2709  0.1552    -0.0332 - 0.5751 
    25  site 25                    0.2709  0.1552    -0.0332 - 0.5751 
    26  site 26                    0.2875  0.1585    -0.0231 - 0.5981 
    27  site 27                    0.2875  0.1585    -0.0231 - 0.5981 
    28  site 28                    1.0000  0.0000     1.0000 - 1.0000 
    29  site 29                    0.2875  0.1585    -0.0231 - 0.5981 
    30  site 30                    0.2433  0.1545    -0.0596 - 0.5462 
    31  site 31                    0.2433  0.1545    -0.0596 - 0.5462 
    32  site 32                    0.5112  0.2346     0.0514 - 0.9709 
    33  site 33                    0.2433  0.1545    -0.0596 - 0.5462 
    34  site 34                    1.0000  0.0000     1.0000 - 1.0000 
    35  site 35                    0.1104  0.1041    -0.0937 - 0.3144 
    36  site 36                    0.1104  0.1041    -0.0937 - 0.3144 
    37  site 37                    1.0000  0.0000     1.0000 - 1.0000 
    38  site 38                    0.4529  0.2415    -0.0204 - 0.9262 
    39  site 39                    1.0000  0.0000     1.0000 - 1.0000 
    40  site 40                    0.1626  0.1247    -0.0818 - 0.4071 
    41  site 41                    1.0000  0.0000     1.0000 - 1.0000 
    42  site 42                    1.0000  0.0000     1.0000 - 1.0000 
    43  site 43                    1.0000  0.0000     1.0000 - 1.0000 
    44  site 44                    1.0000  0.0000     1.0000 - 1.0000 
    45  site 45                    1.0000  0.0000     1.0000 - 1.0000 
    46  site 46                    1.0000  0.0000     1.0000 - 1.0000 
    47  site 47                    1.0000  0.0000     1.0000 - 1.0000 
    48  site 48                    0.4246  0.2437    -0.0532 - 0.9023 
    49  site 49                    1.0000  0.0000     1.0000 - 1.0000 
    50  site 50                    1.0000  0.0000     1.0000 - 1.0000 
    51  site 51                    1.0000  0.0000     1.0000 - 1.0000 
    52  site 52                    1.0000  0.0000     1.0000 - 1.0000 
    53  site 53                    1.0000  0.0000     1.0000 - 1.0000 
    54  site 54                    0.4246  0.2437    -0.0532 - 0.9023 
    55  site 55                    0.4246  0.2437    -0.0532 - 0.9023 
    56  site 56                    0.1848  0.1415    -0.0926 - 0.4622 
    57  site 57                    1.0000  0.0000     1.0000 - 1.0000 
    58  site 58                    0.2015  0.1928    -0.1764 - 0.5794 
    59  site 59                    1.0000  0.0000     1.0000 - 1.0000 
    60  site 60                    1.0000  0.0000     1.0000 - 1.0000 
    61  site 61                    1.0000  0.0000     1.0000 - 1.0000 
    62  site 62                    1.0000  0.0000     1.0000 - 1.0000 
    63  site 63                    0.1609  0.1226    -0.0795 - 0.4012 
    64  site 64                    0.1609  0.1226    -0.0795 - 0.4012 
    65  site 65                    1.0000  0.0000     1.0000 - 1.0000 
    66  site 66                    0.3842  0.2419    -0.0899 - 0.8582 
    67  site 67                    1.0000  0.0000     1.0000 - 1.0000 
    68  site 68                    1.0000  0.0000     1.0000 - 1.0000 
    69  site 69                    1.0000  0.0000     1.0000 - 1.0000 
    70  site 70                    0.3401  0.2426    -0.1353 - 0.8155 
    71  site 71                    0.1367  0.1164    -0.0914 - 0.3647 
    72  site 72                    1.0000  0.0000     1.0000 - 1.0000 

CPU time: 0.0 seconds

