

PRESENCE - Presence/Absence-Site Occupancy data analysis
Fri Oct 28 20:56:49 2011,       Version 4.0111018
- - - - - - - - - - - - - - - - - - - - - - - - - - - - -
==>i=coosabass.pao
==>l=pres_psi_R_____p1(X)=_p2(X)____delta(X).out
==>name=psi,R,    p1(*)=,p2(*),   delta(*)
==>model=5
==>j=c:\documents and settings\cschwarz\desktop\coosabass\coosabass_project\coosabass.dm
==>lmt=200
model=5 N,T-->54,4
modtype-->5 

********* Input Data summary *******
Number of sites                = 54
Number of sampling occasions   = 4
Number of missing observations = 0
Data checksum = 27443

Naive occupancy estimate       = 0.7778

NSiteCovs-->2
site_covname[0]=Link
site_covname[1]=CV
NSampCovs-->0
Primary periods=1 Secondary periods: 4
- - - - - - - - - - - - - - - - - - - - - - - - - - - - -
 Coose Bass
- - - - - - - - - - - - - - - - - - - - - - - - - - - - -
modtype=5 N=54 T=4 Groups=1 bootstraps=0

-->1-4
Matrix 1: rows=3, cols=3
            -,a1,a2,
psi           1 0
R             0 1
========================

Matrix 2: rows=9, cols=2
            -,b1,
p1(1)         1
p1(2)         1
p1(3)         1
p1(4)         1
p2(1)         1
p2(2)         1
p2(3)         1
p2(4)         1
========================

Matrix 3: rows=5, cols=2
            -,c1,
dlta(1)       1
dlta(2)       1
dlta(3)       1
dlta(4)       1
========================

Matrix 4: rows=0, cols=0
========================

Matrix 5: rows=0, cols=0
========================

Matrix 6: rows=0, cols=0
========================

Multi-state model
-----------------

Number of parameters           = 4
Number of function calls           = 131
-2log(likelihood)              = 381.1956
AIC                            = 389.1956

varcov: nsig=6 eps=1.000000e-002

Untransformed Estimates of coefficients for covariates (Beta's)
======================================================================
                                          estimate    std.error
A1   psi                              :   1.259655    0.329116
A2   R                                :   1.124868    0.665330
B1   p1(1)                            :   1.401015    0.196036
C1   dlta(1)                          :  -0.522775    0.294061

Variance-Covariance Matrix of Untransformed estimates (Beta's):
              A1         A2         B1         C1  
     A1    0.108318  -0.000000  -0.000854  -0.000000
     A2   -0.000000   0.442663   0.000000  -0.117300
     B1   -0.000854   0.000000   0.038430  -0.000000
     C1   -0.000000  -0.117300  -0.000000   0.086472
------------------------------

============================================================

   Individual Site estimates of <psi> 
                Site               estimate  Std.err   95% conf. interval
psi             1 site 1          :  0.7790   0.0567     0.6490 - 0.8704 

   Individual Site estimates of <R> 
                Site               estimate  Std.err   95% conf. interval
R               1 site 1          :  0.7549   0.1231     0.4553 - 0.9190 

   Individual Site estimates of <p1(1)> 
                Site               estimate  Std.err   95% conf. interval
p1(1)           1 site 1          :  0.8023   0.0311     0.7343 - 0.8563 
p1(2)           1 site 1          :  0.8023   0.0311     0.7343 - 0.8563 
p1(3)           1 site 1          :  0.8023   0.0311     0.7343 - 0.8563 
p1(4)           1 site 1          :  0.8023   0.0311     0.7343 - 0.8563 

   Individual Site estimates of <p2(1)> 
                Site               estimate  Std.err   95% conf. interval
p2(1)           1 site 1          :  0.8023   0.0311     0.7343 - 0.8563 
p2(2)           1 site 1          :  0.8023   0.0311     0.7343 - 0.8563 
p2(3)           1 site 1          :  0.8023   0.0311     0.7343 - 0.8563 
p2(4)           1 site 1          :  0.8023   0.0311     0.7343 - 0.8563 

   Individual Site estimates of <dlta(1)> 
                Site               estimate  Std.err   95% conf. interval
dlta(1)         1 site 1          :  0.3722   0.0687     0.2499 - 0.5134 
dlta(2)         1 site 1          :  0.3722   0.0687     0.2499 - 0.5134 
dlta(3)         1 site 1          :  0.3722   0.0687     0.2499 - 0.5134 
dlta(4)         1 site 1          :  0.3722   0.0687     0.2499 - 0.5134 

Real parameters: (computed using covariates from 1st site and 1st survey)

Real parameter :              estimate   SE(estimate)
     1 psi                      0.7790      0.0567
     2 R                        0.7549      0.1231
     3 p1(1)                    0.8023      0.0311
     4 p1(2)                    0.8023      0.0311
     5 p1(3)                    0.8023      0.0311
     6 p1(4)                    0.8023      0.0311
     7 p2(1)                    0.8023      0.0311
     8 p2(2)                    0.8023      0.0311
     9 p2(3)                    0.8023      0.0311
    10 p2(4)                    0.8023      0.0311
    11 dlta(1)                  0.3722      0.0687
    12 dlta(2)                  0.3722      0.0687
    13 dlta(3)                  0.3722      0.0687
    14 dlta(4)                  0.3722      0.0687
Variance-covariance matrix of real parameters:
   0.003211   0.000000  -0.000023  -0.000023  -0.000023  -0.000023  -0.000023  -0.000023
  -0.000023  -0.000023  -0.000000  -0.000000  -0.000000  -0.000000
   0.000000   0.015155  -0.000000  -0.000000  -0.000000  -0.000000  -0.000000  -0.000000
  -0.000000  -0.000000  -0.005072  -0.005072  -0.005072  -0.005072
  -0.000023  -0.000000   0.000967   0.000967   0.000967   0.000967   0.000967   0.000967
   0.000967   0.000967  -0.000000  -0.000000  -0.000000  -0.000000
  -0.000023  -0.000000   0.000967   0.000967   0.000967   0.000967   0.000967   0.000967
   0.000967   0.000967  -0.000000  -0.000000  -0.000000  -0.000000
  -0.000023  -0.000000   0.000967   0.000967   0.000967   0.000967   0.000967   0.000967
   0.000967   0.000967  -0.000000  -0.000000  -0.000000  -0.000000
  -0.000023  -0.000000   0.000967   0.000967   0.000967   0.000967   0.000967   0.000967
   0.000967   0.000967  -0.000000  -0.000000  -0.000000  -0.000000
  -0.000023  -0.000000   0.000967   0.000967   0.000967   0.000967   0.000967   0.000967
   0.000967   0.000967  -0.000000  -0.000000  -0.000000  -0.000000
  -0.000023  -0.000000   0.000967   0.000967   0.000967   0.000967   0.000967   0.000967
   0.000967   0.000967  -0.000000  -0.000000  -0.000000  -0.000000
  -0.000023  -0.000000   0.000967   0.000967   0.000967   0.000967   0.000967   0.000967
   0.000967   0.000967  -0.000000  -0.000000  -0.000000  -0.000000
  -0.000023  -0.000000   0.000967   0.000967   0.000967   0.000967   0.000967   0.000967
   0.000967   0.000967  -0.000000  -0.000000  -0.000000  -0.000000
  -0.000000  -0.005072  -0.000000  -0.000000  -0.000000  -0.000000  -0.000000  -0.000000
  -0.000000  -0.000000   0.004721   0.004721   0.004721   0.004721
  -0.000000  -0.005072  -0.000000  -0.000000  -0.000000  -0.000000  -0.000000  -0.000000
  -0.000000  -0.000000   0.004721   0.004721   0.004721   0.004721
  -0.000000  -0.005072  -0.000000  -0.000000  -0.000000  -0.000000  -0.000000  -0.000000
  -0.000000  -0.000000   0.004721   0.004721   0.004721   0.004721
  -0.000000  -0.005072  -0.000000  -0.000000  -0.000000  -0.000000  -0.000000  -0.000000
  -0.000000  -0.000000   0.004721   0.004721   0.004721   0.004721

CPU time: 0.0 seconds

