

PRESENCE - Presence/Absence-Site Occupancy data analysis
Fri Oct 28 21:00:24 2011,       Version 4.0111018
- - - - - - - - - - - - - - - - - - - - - - - - - - - - -
==>i=coosabass.pao
==>l=pres_psi_R____p1(X)=p2(X)(L)______deta(X)(L).out
==>name=psi,R,   p1(*)=p2(*)(L)     ,deta(*)(L)
==>model=5
==>j=c:\documents and settings\cschwarz\desktop\coosabass\coosabass_project\coosabass.dm
==>lmt=200
model=5 N,T-->54,4
modtype-->5 

********* Input Data summary *******
Number of sites                = 54
Number of sampling occasions   = 4
Number of missing observations = 0
Data checksum = 27443

Naive occupancy estimate       = 0.7778

NSiteCovs-->2
site_covname[0]=Link
site_covname[1]=CV
NSampCovs-->0
Primary periods=1 Secondary periods: 4
- - - - - - - - - - - - - - - - - - - - - - - - - - - - -
 Coose Bass
- - - - - - - - - - - - - - - - - - - - - - - - - - - - -
modtype=5 N=54 T=4 Groups=1 bootstraps=0

-->1-4
Matrix 1: rows=3, cols=5
            -,a1,a2,a3,a4,
psi           1 Link 0 0
R             0 0 1 Link
========================

Matrix 2: rows=9, cols=3
            -,b1,b2,
p1(1)         1 Link
p1(2)         1 Link
p1(3)         1 Link
p1(4)         1 Link
p2(1)         1 Link
p2(2)         1 Link
p2(3)         1 Link
p2(4)         1 Link
========================

Matrix 3: rows=5, cols=3
            -,c1,c2,
dlta(1)       1 Link
dlta(2)       1 Link
dlta(3)       1 Link
dlta(4)       1 Link
========================

Matrix 4: rows=0, cols=0
========================

Matrix 5: rows=0, cols=0
========================

Matrix 6: rows=0, cols=0
========================

Multi-state model
-----------------

Number of parameters           = 8
Number of function calls           = 283
-2log(likelihood)              = 344.7405
AIC                            = 360.7405

varcov: nsig=6 eps=1.000000e-002

Untransformed Estimates of coefficients for covariates (Beta's)
======================================================================
                                          estimate    std.error
A1   psi                              :   3.726794    1.413394
A2   psi.Link                         :   3.533992    1.240650
A3   R                                :   1.419724    0.970664
A4   R.Link                           :  -0.537299    0.743594
B1   p1(1)                            :   1.558288    0.243446
B2   p1(1).Link                       :  -0.251300    0.212980
C1   dlta(1)                          :  -0.572278    0.318528
C2   dlta(1).Link                     :   0.145785    0.287386

Variance-Covariance Matrix of Untransformed estimates (Beta's):
              A1         A2         A3         A4         B1         B2         C1         C2  
     A1    1.997682   1.626498  -0.000000   0.000000  -0.007111   0.004194   0.000000  -0.000000
     A2    1.626498   1.539213  -0.000000   0.000000  -0.005542   0.003234   0.000000  -0.000000
     A3   -0.000000  -0.000000   0.942189  -0.548876   0.000000   0.000000  -0.185316   0.080980
     A4    0.000000   0.000000  -0.548876   0.552933  -0.000000  -0.000000   0.095085  -0.105721
     B1   -0.007111  -0.005542   0.000000  -0.000000   0.059266  -0.030842  -0.000000   0.000000
     B2    0.004194   0.003234   0.000000  -0.000000  -0.030842   0.045360  -0.000000  -0.000000
     C1    0.000000   0.000000  -0.185316   0.095085  -0.000000  -0.000000   0.101460  -0.035866
     C2   -0.000000  -0.000000   0.080980  -0.105721   0.000000  -0.000000  -0.035866   0.082590
------------------------------

============================================================

   Individual Site estimates of <psi> 
                Site               estimate  Std.err   95% conf. interval
psi             1 site 1          :  0.9802   0.0285     0.7350 - 0.9989 
psi             2 site 2          :  1.0000   0.0001     0.9629 - 1.0000 
psi             3 site 3          :  0.5655   0.1319     0.3125 - 0.7884 
psi             4 site 4          :  0.9995   0.0013     0.9082 - 1.0000 
psi             5 site 5          :  0.9944   0.0106     0.8118 - 0.9999 
psi             6 site 6          :  1.0000   0.0001     0.9578 - 1.0000 
psi             7 site 7          :  0.9999   0.0003     0.9453 - 1.0000 
psi             8 site 8          :  0.9911   0.0153     0.7867 - 0.9997 
psi             9 site 9          :  0.0419   0.0489     0.0040 - 0.3219 
psi            10 site 10         :  0.4599   0.1319     0.2313 - 0.7068 
psi            11 site 11         :  0.9977   0.0050     0.8545 - 1.0000 
psi            12 site 12         :  0.9350   0.0654     0.6354 - 0.9917 
psi            13 site 13         :  0.2341   0.1203     0.0758 - 0.5323 
psi            14 site 14         :  0.9960   0.0079     0.8294 - 0.9999 
psi            15 site 15         :  0.7181   0.1262     0.4288 - 0.8963 
psi            16 site 16         :  0.3498   0.1297     0.1496 - 0.6219 
psi            17 site 17         :  0.9992   0.0021     0.8905 - 1.0000 
psi            18 site 18         :  0.4251   0.1315     0.2048 - 0.6798 
psi            19 site 19         :  1.0000   0.0002     0.9539 - 1.0000 
psi            20 site 20         :  0.9795   0.0293     0.7325 - 0.9988 
psi            21 site 21         :  0.9999   0.0002     0.9514 - 1.0000 
psi            22 site 22         :  0.9999   0.0005     0.9351 - 1.0000 
psi            23 site 23         :  0.1618   0.1059     0.0401 - 0.4713 
psi            24 site 24         :  0.9998   0.0005     0.9316 - 1.0000 
psi            25 site 25         :  0.9822   0.0264     0.7423 - 0.9991 
psi            26 site 26         :  0.0392   0.0466     0.0036 - 0.3161 
psi            27 site 27         :  0.3183   0.1282     0.1279 - 0.5978 
psi            28 site 28         :  0.9412   0.0614     0.6451 - 0.9930 
psi            29 site 29         :  0.9998   0.0005     0.9337 - 1.0000 
psi            30 site 30         :  0.9997   0.0009     0.9190 - 1.0000 
psi            31 site 31         :  0.6495   0.1302     0.3766 - 0.8504 
psi            32 site 32         :  0.8069   0.1138     0.4995 - 0.9459 
psi            33 site 33         :  0.9998   0.0005     0.9323 - 1.0000 
psi            34 site 34         :  0.3339   0.1290     0.1385 - 0.6097 
psi            35 site 35         :  0.9920   0.0141     0.7927 - 0.9998 
psi            36 site 36         :  0.9283   0.0696     0.6254 - 0.9901 
psi            37 site 37         :  0.9992   0.0020     0.8927 - 1.0000 
psi            38 site 38         :  0.9328   0.0668     0.6321 - 0.9912 
psi            39 site 39         :  0.1716   0.1084     0.0444 - 0.4801 
psi            40 site 40         :  0.9999   0.0005     0.9351 - 1.0000 
psi            41 site 41         :  0.9966   0.0071     0.8360 - 0.9999 
psi            42 site 42         :  0.9850   0.0231     0.7541 - 0.9993 
psi            43 site 43         :  0.9607   0.0469     0.6816 - 0.9964 
psi            44 site 44         :  0.5828   0.1317     0.3258 - 0.8015 
psi            45 site 45         :  0.9976   0.0053     0.8515 - 1.0000 
psi            46 site 46         :  0.9938   0.0115     0.8063 - 0.9998 
psi            47 site 47         :  0.3339   0.1290     0.1385 - 0.6097 
psi            48 site 48         :  1.0000   0.0002     0.9544 - 1.0000 
psi            49 site 49         :  0.0496   0.0547     0.0053 - 0.3369 
psi            50 site 50         :  0.2039   0.1154     0.0598 - 0.5077 
psi            51 site 51         :  0.9990   0.0026     0.8835 - 1.0000 
psi            52 site 52         :  0.9996   0.0012     0.9091 - 1.0000 
psi            53 site 53         :  1.0000   0.0001     0.9641 - 1.0000 
psi            54 site 54         :  0.9958   0.0084     0.8260 - 0.9999 

   Individual Site estimates of <R> 
                Site               estimate  Std.err   95% conf. interval
R               1 site 1          :  0.8010   0.1502     0.3882 - 0.9623 
R               2 site 2          :  0.5893   0.2328     0.1788 - 0.9044 
R               3 site 3          :  0.8750   0.1746     0.2345 - 0.9938 
R               4 site 4          :  0.6938   0.1354     0.3938 - 0.8877 
R               5 site 5          :  0.7684   0.1361     0.4256 - 0.9369 
R               6 site 6          :  0.6049   0.2143     0.2089 - 0.8987 
R               7 site 7          :  0.6352   0.1807     0.2741 - 0.8892 
R               8 site 8          :  0.7806   0.1410     0.4146 - 0.9470 
R               9 site 9          :  0.9214   0.1643     0.1206 - 0.9990 
R              10 site 10         :  0.8819   0.1748     0.2176 - 0.9950 
R              11 site 11         :  0.7426   0.1289     0.4348 - 0.9154 
R              12 site 12         :  0.8293   0.1627     0.3380 - 0.9788 
R              13 site 13         :  0.8972   0.1734     0.1796 - 0.9971 
R              14 site 14         :  0.7587   0.1328     0.4314 - 0.9287 
R              15 site 15         :  0.8634   0.1731     0.2626 - 0.9912 
R              16 site 16         :  0.8890   0.1745     0.2000 - 0.9961 
R              17 site 17         :  0.7129   0.1292     0.4188 - 0.8953 
R              18 site 18         :  0.8841   0.1748     0.2121 - 0.9954 
R              19 site 19         :  0.6151   0.2025     0.2301 - 0.8952 
R              20 site 20         :  0.8019   0.1506     0.3869 - 0.9629 
R              21 site 21         :  0.6214   0.1954     0.2437 - 0.8932 
R              22 site 22         :  0.6549   0.1619     0.3180 - 0.8854 
R              23 site 23         :  0.9035   0.1720     0.1640 - 0.9978 
R              24 site 24         :  0.6609   0.1567     0.3311 - 0.8848 
R              25 site 25         :  0.7985   0.1490     0.3921 - 0.9605 
R              26 site 26         :  0.9222   0.1639     0.1187 - 0.9990 
R              27 site 27         :  0.8911   0.1743     0.1947 - 0.9964 
R              28 site 28         :  0.8270   0.1618     0.3426 - 0.9777 
R              29 site 29         :  0.6573   0.1598     0.3233 - 0.8851 
R              30 site 30         :  0.6799   0.1429     0.3697 - 0.8850 
R              31 site 31         :  0.8690   0.1740     0.2491 - 0.9925 
R              32 site 32         :  0.8543   0.1711     0.2839 - 0.9886 
R              33 site 33         :  0.6597   0.1577     0.3285 - 0.8849 
R              34 site 34         :  0.8901   0.1745     0.1974 - 0.9963 
R              35 site 35         :  0.7778   0.1399     0.4175 - 0.9448 
R              36 site 36         :  0.8316   0.1636     0.3335 - 0.9799 
R              37 site 37         :  0.7107   0.1297     0.4164 - 0.8942 
R              38 site 38         :  0.8301   0.1630     0.3365 - 0.9792 
R              39 site 39         :  0.9025   0.1722     0.1664 - 0.9977 
R              40 site 40         :  0.6549   0.1619     0.3180 - 0.8854 
R              41 site 41         :  0.7548   0.1316     0.4330 - 0.9254 
R              42 site 42         :  0.7941   0.1470     0.3982 - 0.9574 
R              43 site 43         :  0.8176   0.1578     0.3605 - 0.9727 
R              44 site 44         :  0.8739   0.1745     0.2374 - 0.9936 
R              45 site 45         :  0.7447   0.1293     0.4348 - 0.9171 
R              46 site 46         :  0.7713   0.1372     0.4234 - 0.9393 
R              47 site 47         :  0.8901   0.1745     0.1974 - 0.9963 
R              48 site 48         :  0.6138   0.2039     0.2274 - 0.8956 
R              49 site 49         :  0.9195   0.1654     0.1252 - 0.9989 
R              50 site 50         :  0.8997   0.1729     0.1735 - 0.9974 
R              51 site 51         :  0.7194   0.1282     0.4248 - 0.8990 
R              52 site 52         :  0.6927   0.1359     0.3920 - 0.8874 
R              53 site 53         :  0.5854   0.2376     0.1717 - 0.9058 
R              54 site 54         :  0.7607   0.1334     0.4305 - 0.9304 

   Individual Site estimates of <p1(1)> 
                Site               estimate  Std.err   95% conf. interval
p1(1)           1 site 1          :  0.8243   0.0344     0.7466 - 0.8819 
p1(1)           2 site 2          :  0.7433   0.0644     0.5992 - 0.8487 
p1(1)           3 site 3          :  0.8587   0.0490     0.7335 - 0.9306 
p1(1)           4 site 4          :  0.7819   0.0370     0.7009 - 0.8458 
p1(1)           5 site 5          :  0.8108   0.0313     0.7418 - 0.8647 
p1(1)           6 site 6          :  0.7490   0.0596     0.6159 - 0.8474 
p1(1)           7 site 7          :  0.7602   0.0508     0.6475 - 0.8455 
p1(1)           8 site 8          :  0.8158   0.0321     0.7445 - 0.8706 
p1(1)           9 site 9          :  0.8855   0.0599     0.7082 - 0.9610 
p1(1)          10 site 10         :  0.8623   0.0506     0.7308 - 0.9353 
p1(1)          11 site 11         :  0.8006   0.0312     0.7323 - 0.8549 
p1(1)          12 site 12         :  0.8367   0.0391     0.7452 - 0.8997 
p1(1)          13 site 13         :  0.8707   0.0543     0.7236 - 0.9455 
p1(1)          14 site 14         :  0.8069   0.0310     0.7389 - 0.8606 
p1(1)          15 site 15         :  0.8528   0.0463     0.7375 - 0.9228 
p1(1)          16 site 16         :  0.8662   0.0523     0.7276 - 0.9400 
p1(1)          17 site 17         :  0.7891   0.0339     0.7150 - 0.8480 
p1(1)          18 site 18         :  0.8635   0.0512     0.7298 - 0.9368 
p1(1)          19 site 19         :  0.7528   0.0565     0.6268 - 0.8467 
p1(1)          20 site 20         :  0.8247   0.0345     0.7466 - 0.8824 
p1(1)          21 site 21         :  0.7551   0.0547     0.6334 - 0.8462 
p1(1)          22 site 22         :  0.7674   0.0456     0.6667 - 0.8448 
p1(1)          23 site 23         :  0.8744   0.0558     0.7201 - 0.9496 
p1(1)          24 site 24         :  0.7697   0.0441     0.6724 - 0.8447 
p1(1)          25 site 25         :  0.8232   0.0340     0.7465 - 0.8804 
p1(1)          26 site 26         :  0.8860   0.0601     0.7076 - 0.9615 
p1(1)          27 site 27         :  0.8673   0.0528     0.7266 - 0.9414 
p1(1)          28 site 28         :  0.8356   0.0387     0.7454 - 0.8982 
p1(1)          29 site 29         :  0.7683   0.0450     0.6690 - 0.8448 
p1(1)          30 site 30         :  0.7767   0.0397     0.6894 - 0.8450 
p1(1)          31 site 31         :  0.8556   0.0476     0.7357 - 0.9266 
p1(1)          32 site 32         :  0.8483   0.0443     0.7402 - 0.9166 
p1(1)          33 site 33         :  0.7692   0.0444     0.6713 - 0.8447 
p1(1)          34 site 34         :  0.8667   0.0526     0.7271 - 0.9407 
p1(1)          35 site 35         :  0.8146   0.0319     0.7440 - 0.8692 
p1(1)          36 site 36         :  0.8377   0.0395     0.7448 - 0.9012 
p1(1)          37 site 37         :  0.7883   0.0342     0.7135 - 0.8477 
p1(1)          38 site 38         :  0.8370   0.0392     0.7450 - 0.9002 
p1(1)          39 site 39         :  0.8738   0.0555     0.7207 - 0.9490 
p1(1)          40 site 40         :  0.7674   0.0456     0.6667 - 0.8448 
p1(1)          41 site 41         :  0.8053   0.0310     0.7374 - 0.8591 
p1(1)          42 site 42         :  0.8214   0.0335     0.7462 - 0.8779 
p1(1)          43 site 43         :  0.8315   0.0370     0.7463 - 0.8921 
p1(1)          44 site 44         :  0.8581   0.0488     0.7340 - 0.9298 
p1(1)          45 site 45         :  0.8014   0.0312     0.7333 - 0.8555 
p1(1)          46 site 46         :  0.8120   0.0314     0.7426 - 0.8660 
p1(1)          47 site 47         :  0.8667   0.0526     0.7271 - 0.9407 
p1(1)          48 site 48         :  0.7523   0.0569     0.6254 - 0.8467 
p1(1)          49 site 49         :  0.8842   0.0595     0.7097 - 0.9598 
p1(1)          50 site 50         :  0.8722   0.0549     0.7223 - 0.9471 
p1(1)          51 site 51         :  0.7916   0.0331     0.7193 - 0.8492 
p1(1)          52 site 52         :  0.7815   0.0372     0.7000 - 0.8457 
p1(1)          53 site 53         :  0.7419   0.0656     0.5949 - 0.8490 
p1(1)          54 site 54         :  0.8077   0.0310     0.7395 - 0.8614 
p1(2)           1 site 1          :  0.8243   0.0344     0.7466 - 0.8819 
p1(2)           2 site 2          :  0.7433   0.0644     0.5992 - 0.8487 
p1(2)           3 site 3          :  0.8587   0.0490     0.7335 - 0.9306 
p1(2)           4 site 4          :  0.7819   0.0370     0.7009 - 0.8458 
p1(2)           5 site 5          :  0.8108   0.0313     0.7418 - 0.8647 
p1(2)           6 site 6          :  0.7490   0.0596     0.6159 - 0.8474 
p1(2)           7 site 7          :  0.7602   0.0508     0.6475 - 0.8455 
p1(2)           8 site 8          :  0.8158   0.0321     0.7445 - 0.8706 
p1(2)           9 site 9          :  0.8855   0.0599     0.7082 - 0.9610 
p1(2)          10 site 10         :  0.8623   0.0506     0.7308 - 0.9353 
p1(2)          11 site 11         :  0.8006   0.0312     0.7323 - 0.8549 
p1(2)          12 site 12         :  0.8367   0.0391     0.7452 - 0.8997 
p1(2)          13 site 13         :  0.8707   0.0543     0.7236 - 0.9455 
p1(2)          14 site 14         :  0.8069   0.0310     0.7389 - 0.8606 
p1(2)          15 site 15         :  0.8528   0.0463     0.7375 - 0.9228 
p1(2)          16 site 16         :  0.8662   0.0523     0.7276 - 0.9400 
p1(2)          17 site 17         :  0.7891   0.0339     0.7150 - 0.8480 
p1(2)          18 site 18         :  0.8635   0.0512     0.7298 - 0.9368 
p1(2)          19 site 19         :  0.7528   0.0565     0.6268 - 0.8467 
p1(2)          20 site 20         :  0.8247   0.0345     0.7466 - 0.8824 
p1(2)          21 site 21         :  0.7551   0.0547     0.6334 - 0.8462 
p1(2)          22 site 22         :  0.7674   0.0456     0.6667 - 0.8448 
p1(2)          23 site 23         :  0.8744   0.0558     0.7201 - 0.9496 
p1(2)          24 site 24         :  0.7697   0.0441     0.6724 - 0.8447 
p1(2)          25 site 25         :  0.8232   0.0340     0.7465 - 0.8804 
p1(2)          26 site 26         :  0.8860   0.0601     0.7076 - 0.9615 
p1(2)          27 site 27         :  0.8673   0.0528     0.7266 - 0.9414 
p1(2)          28 site 28         :  0.8356   0.0387     0.7454 - 0.8982 
p1(2)          29 site 29         :  0.7683   0.0450     0.6690 - 0.8448 
p1(2)          30 site 30         :  0.7767   0.0397     0.6894 - 0.8450 
p1(2)          31 site 31         :  0.8556   0.0476     0.7357 - 0.9266 
p1(2)          32 site 32         :  0.8483   0.0443     0.7402 - 0.9166 
p1(2)          33 site 33         :  0.7692   0.0444     0.6713 - 0.8447 
p1(2)          34 site 34         :  0.8667   0.0526     0.7271 - 0.9407 
p1(2)          35 site 35         :  0.8146   0.0319     0.7440 - 0.8692 
p1(2)          36 site 36         :  0.8377   0.0395     0.7448 - 0.9012 
p1(2)          37 site 37         :  0.7883   0.0342     0.7135 - 0.8477 
p1(2)          38 site 38         :  0.8370   0.0392     0.7450 - 0.9002 
p1(2)          39 site 39         :  0.8738   0.0555     0.7207 - 0.9490 
p1(2)          40 site 40         :  0.7674   0.0456     0.6667 - 0.8448 
p1(2)          41 site 41         :  0.8053   0.0310     0.7374 - 0.8591 
p1(2)          42 site 42         :  0.8214   0.0335     0.7462 - 0.8779 
p1(2)          43 site 43         :  0.8315   0.0370     0.7463 - 0.8921 
p1(2)          44 site 44         :  0.8581   0.0488     0.7340 - 0.9298 
p1(2)          45 site 45         :  0.8014   0.0312     0.7333 - 0.8555 
p1(2)          46 site 46         :  0.8120   0.0314     0.7426 - 0.8660 
p1(2)          47 site 47         :  0.8667   0.0526     0.7271 - 0.9407 
p1(2)          48 site 48         :  0.7523   0.0569     0.6254 - 0.8467 
p1(2)          49 site 49         :  0.8842   0.0595     0.7097 - 0.9598 
p1(2)          50 site 50         :  0.8722   0.0549     0.7223 - 0.9471 
p1(2)          51 site 51         :  0.7916   0.0331     0.7193 - 0.8492 
p1(2)          52 site 52         :  0.7815   0.0372     0.7000 - 0.8457 
p1(2)          53 site 53         :  0.7419   0.0656     0.5949 - 0.8490 
p1(2)          54 site 54         :  0.8077   0.0310     0.7395 - 0.8614 
p1(3)           1 site 1          :  0.8243   0.0344     0.7466 - 0.8819 
p1(3)           2 site 2          :  0.7433   0.0644     0.5992 - 0.8487 
p1(3)           3 site 3          :  0.8587   0.0490     0.7335 - 0.9306 
p1(3)           4 site 4          :  0.7819   0.0370     0.7009 - 0.8458 
p1(3)           5 site 5          :  0.8108   0.0313     0.7418 - 0.8647 
p1(3)           6 site 6          :  0.7490   0.0596     0.6159 - 0.8474 
p1(3)           7 site 7          :  0.7602   0.0508     0.6475 - 0.8455 
p1(3)           8 site 8          :  0.8158   0.0321     0.7445 - 0.8706 
p1(3)           9 site 9          :  0.8855   0.0599     0.7082 - 0.9610 
p1(3)          10 site 10         :  0.8623   0.0506     0.7308 - 0.9353 
p1(3)          11 site 11         :  0.8006   0.0312     0.7323 - 0.8549 
p1(3)          12 site 12         :  0.8367   0.0391     0.7452 - 0.8997 
p1(3)          13 site 13         :  0.8707   0.0543     0.7236 - 0.9455 
p1(3)          14 site 14         :  0.8069   0.0310     0.7389 - 0.8606 
p1(3)          15 site 15         :  0.8528   0.0463     0.7375 - 0.9228 
p1(3)          16 site 16         :  0.8662   0.0523     0.7276 - 0.9400 
p1(3)          17 site 17         :  0.7891   0.0339     0.7150 - 0.8480 
p1(3)          18 site 18         :  0.8635   0.0512     0.7298 - 0.9368 
p1(3)          19 site 19         :  0.7528   0.0565     0.6268 - 0.8467 
p1(3)          20 site 20         :  0.8247   0.0345     0.7466 - 0.8824 
p1(3)          21 site 21         :  0.7551   0.0547     0.6334 - 0.8462 
p1(3)          22 site 22         :  0.7674   0.0456     0.6667 - 0.8448 
p1(3)          23 site 23         :  0.8744   0.0558     0.7201 - 0.9496 
p1(3)          24 site 24         :  0.7697   0.0441     0.6724 - 0.8447 
p1(3)          25 site 25         :  0.8232   0.0340     0.7465 - 0.8804 
p1(3)          26 site 26         :  0.8860   0.0601     0.7076 - 0.9615 
p1(3)          27 site 27         :  0.8673   0.0528     0.7266 - 0.9414 
p1(3)          28 site 28         :  0.8356   0.0387     0.7454 - 0.8982 
p1(3)          29 site 29         :  0.7683   0.0450     0.6690 - 0.8448 
p1(3)          30 site 30         :  0.7767   0.0397     0.6894 - 0.8450 
p1(3)          31 site 31         :  0.8556   0.0476     0.7357 - 0.9266 
p1(3)          32 site 32         :  0.8483   0.0443     0.7402 - 0.9166 
p1(3)          33 site 33         :  0.7692   0.0444     0.6713 - 0.8447 
p1(3)          34 site 34         :  0.8667   0.0526     0.7271 - 0.9407 
p1(3)          35 site 35         :  0.8146   0.0319     0.7440 - 0.8692 
p1(3)          36 site 36         :  0.8377   0.0395     0.7448 - 0.9012 
p1(3)          37 site 37         :  0.7883   0.0342     0.7135 - 0.8477 
p1(3)          38 site 38         :  0.8370   0.0392     0.7450 - 0.9002 
p1(3)          39 site 39         :  0.8738   0.0555     0.7207 - 0.9490 
p1(3)          40 site 40         :  0.7674   0.0456     0.6667 - 0.8448 
p1(3)          41 site 41         :  0.8053   0.0310     0.7374 - 0.8591 
p1(3)          42 site 42         :  0.8214   0.0335     0.7462 - 0.8779 
p1(3)          43 site 43         :  0.8315   0.0370     0.7463 - 0.8921 
p1(3)          44 site 44         :  0.8581   0.0488     0.7340 - 0.9298 
p1(3)          45 site 45         :  0.8014   0.0312     0.7333 - 0.8555 
p1(3)          46 site 46         :  0.8120   0.0314     0.7426 - 0.8660 
p1(3)          47 site 47         :  0.8667   0.0526     0.7271 - 0.9407 
p1(3)          48 site 48         :  0.7523   0.0569     0.6254 - 0.8467 
p1(3)          49 site 49         :  0.8842   0.0595     0.7097 - 0.9598 
p1(3)          50 site 50         :  0.8722   0.0549     0.7223 - 0.9471 
p1(3)          51 site 51         :  0.7916   0.0331     0.7193 - 0.8492 
p1(3)          52 site 52         :  0.7815   0.0372     0.7000 - 0.8457 
p1(3)          53 site 53         :  0.7419   0.0656     0.5949 - 0.8490 
p1(3)          54 site 54         :  0.8077   0.0310     0.7395 - 0.8614 
p1(4)           1 site 1          :  0.8243   0.0344     0.7466 - 0.8819 
p1(4)           2 site 2          :  0.7433   0.0644     0.5992 - 0.8487 
p1(4)           3 site 3          :  0.8587   0.0490     0.7335 - 0.9306 
p1(4)           4 site 4          :  0.7819   0.0370     0.7009 - 0.8458 
p1(4)           5 site 5          :  0.8108   0.0313     0.7418 - 0.8647 
p1(4)           6 site 6          :  0.7490   0.0596     0.6159 - 0.8474 
p1(4)           7 site 7          :  0.7602   0.0508     0.6475 - 0.8455 
p1(4)           8 site 8          :  0.8158   0.0321     0.7445 - 0.8706 
p1(4)           9 site 9          :  0.8855   0.0599     0.7082 - 0.9610 
p1(4)          10 site 10         :  0.8623   0.0506     0.7308 - 0.9353 
p1(4)          11 site 11         :  0.8006   0.0312     0.7323 - 0.8549 
p1(4)          12 site 12         :  0.8367   0.0391     0.7452 - 0.8997 
p1(4)          13 site 13         :  0.8707   0.0543     0.7236 - 0.9455 
p1(4)          14 site 14         :  0.8069   0.0310     0.7389 - 0.8606 
p1(4)          15 site 15         :  0.8528   0.0463     0.7375 - 0.9228 
p1(4)          16 site 16         :  0.8662   0.0523     0.7276 - 0.9400 
p1(4)          17 site 17         :  0.7891   0.0339     0.7150 - 0.8480 
p1(4)          18 site 18         :  0.8635   0.0512     0.7298 - 0.9368 
p1(4)          19 site 19         :  0.7528   0.0565     0.6268 - 0.8467 
p1(4)          20 site 20         :  0.8247   0.0345     0.7466 - 0.8824 
p1(4)          21 site 21         :  0.7551   0.0547     0.6334 - 0.8462 
p1(4)          22 site 22         :  0.7674   0.0456     0.6667 - 0.8448 
p1(4)          23 site 23         :  0.8744   0.0558     0.7201 - 0.9496 
p1(4)          24 site 24         :  0.7697   0.0441     0.6724 - 0.8447 
p1(4)          25 site 25         :  0.8232   0.0340     0.7465 - 0.8804 
p1(4)          26 site 26         :  0.8860   0.0601     0.7076 - 0.9615 
p1(4)          27 site 27         :  0.8673   0.0528     0.7266 - 0.9414 
p1(4)          28 site 28         :  0.8356   0.0387     0.7454 - 0.8982 
p1(4)          29 site 29         :  0.7683   0.0450     0.6690 - 0.8448 
p1(4)          30 site 30         :  0.7767   0.0397     0.6894 - 0.8450 
p1(4)          31 site 31         :  0.8556   0.0476     0.7357 - 0.9266 
p1(4)          32 site 32         :  0.8483   0.0443     0.7402 - 0.9166 
p1(4)          33 site 33         :  0.7692   0.0444     0.6713 - 0.8447 
p1(4)          34 site 34         :  0.8667   0.0526     0.7271 - 0.9407 
p1(4)          35 site 35         :  0.8146   0.0319     0.7440 - 0.8692 
p1(4)          36 site 36         :  0.8377   0.0395     0.7448 - 0.9012 
p1(4)          37 site 37         :  0.7883   0.0342     0.7135 - 0.8477 
p1(4)          38 site 38         :  0.8370   0.0392     0.7450 - 0.9002 
p1(4)          39 site 39         :  0.8738   0.0555     0.7207 - 0.9490 
p1(4)          40 site 40         :  0.7674   0.0456     0.6667 - 0.8448 
p1(4)          41 site 41         :  0.8053   0.0310     0.7374 - 0.8591 
p1(4)          42 site 42         :  0.8214   0.0335     0.7462 - 0.8779 
p1(4)          43 site 43         :  0.8315   0.0370     0.7463 - 0.8921 
p1(4)          44 site 44         :  0.8581   0.0488     0.7340 - 0.9298 
p1(4)          45 site 45         :  0.8014   0.0312     0.7333 - 0.8555 
p1(4)          46 site 46         :  0.8120   0.0314     0.7426 - 0.8660 
p1(4)          47 site 47         :  0.8667   0.0526     0.7271 - 0.9407 
p1(4)          48 site 48         :  0.7523   0.0569     0.6254 - 0.8467 
p1(4)          49 site 49         :  0.8842   0.0595     0.7097 - 0.9598 
p1(4)          50 site 50         :  0.8722   0.0549     0.7223 - 0.9471 
p1(4)          51 site 51         :  0.7916   0.0331     0.7193 - 0.8492 
p1(4)          52 site 52         :  0.7815   0.0372     0.7000 - 0.8457 
p1(4)          53 site 53         :  0.7419   0.0656     0.5949 - 0.8490 
p1(4)          54 site 54         :  0.8077   0.0310     0.7395 - 0.8614 

   Individual Site estimates of <p2(1)> 
                Site               estimate  Std.err   95% conf. interval
p2(1)           1 site 1          :  0.8243   0.0344     0.7466 - 0.8819 
p2(1)           2 site 2          :  0.7433   0.0644     0.5992 - 0.8487 
p2(1)           3 site 3          :  0.8587   0.0490     0.7335 - 0.9306 
p2(1)           4 site 4          :  0.7819   0.0370     0.7009 - 0.8458 
p2(1)           5 site 5          :  0.8108   0.0313     0.7418 - 0.8647 
p2(1)           6 site 6          :  0.7490   0.0596     0.6159 - 0.8474 
p2(1)           7 site 7          :  0.7602   0.0508     0.6475 - 0.8455 
p2(1)           8 site 8          :  0.8158   0.0321     0.7445 - 0.8706 
p2(1)           9 site 9          :  0.8855   0.0599     0.7082 - 0.9610 
p2(1)          10 site 10         :  0.8623   0.0506     0.7308 - 0.9353 
p2(1)          11 site 11         :  0.8006   0.0312     0.7323 - 0.8549 
p2(1)          12 site 12         :  0.8367   0.0391     0.7452 - 0.8997 
p2(1)          13 site 13         :  0.8707   0.0543     0.7236 - 0.9455 
p2(1)          14 site 14         :  0.8069   0.0310     0.7389 - 0.8606 
p2(1)          15 site 15         :  0.8528   0.0463     0.7375 - 0.9228 
p2(1)          16 site 16         :  0.8662   0.0523     0.7276 - 0.9400 
p2(1)          17 site 17         :  0.7891   0.0339     0.7150 - 0.8480 
p2(1)          18 site 18         :  0.8635   0.0512     0.7298 - 0.9368 
p2(1)          19 site 19         :  0.7528   0.0565     0.6268 - 0.8467 
p2(1)          20 site 20         :  0.8247   0.0345     0.7466 - 0.8824 
p2(1)          21 site 21         :  0.7551   0.0547     0.6334 - 0.8462 
p2(1)          22 site 22         :  0.7674   0.0456     0.6667 - 0.8448 
p2(1)          23 site 23         :  0.8744   0.0558     0.7201 - 0.9496 
p2(1)          24 site 24         :  0.7697   0.0441     0.6724 - 0.8447 
p2(1)          25 site 25         :  0.8232   0.0340     0.7465 - 0.8804 
p2(1)          26 site 26         :  0.8860   0.0601     0.7076 - 0.9615 
p2(1)          27 site 27         :  0.8673   0.0528     0.7266 - 0.9414 
p2(1)          28 site 28         :  0.8356   0.0387     0.7454 - 0.8982 
p2(1)          29 site 29         :  0.7683   0.0450     0.6690 - 0.8448 
p2(1)          30 site 30         :  0.7767   0.0397     0.6894 - 0.8450 
p2(1)          31 site 31         :  0.8556   0.0476     0.7357 - 0.9266 
p2(1)          32 site 32         :  0.8483   0.0443     0.7402 - 0.9166 
p2(1)          33 site 33         :  0.7692   0.0444     0.6713 - 0.8447 
p2(1)          34 site 34         :  0.8667   0.0526     0.7271 - 0.9407 
p2(1)          35 site 35         :  0.8146   0.0319     0.7440 - 0.8692 
p2(1)          36 site 36         :  0.8377   0.0395     0.7448 - 0.9012 
p2(1)          37 site 37         :  0.7883   0.0342     0.7135 - 0.8477 
p2(1)          38 site 38         :  0.8370   0.0392     0.7450 - 0.9002 
p2(1)          39 site 39         :  0.8738   0.0555     0.7207 - 0.9490 
p2(1)          40 site 40         :  0.7674   0.0456     0.6667 - 0.8448 
p2(1)          41 site 41         :  0.8053   0.0310     0.7374 - 0.8591 
p2(1)          42 site 42         :  0.8214   0.0335     0.7462 - 0.8779 
p2(1)          43 site 43         :  0.8315   0.0370     0.7463 - 0.8921 
p2(1)          44 site 44         :  0.8581   0.0488     0.7340 - 0.9298 
p2(1)          45 site 45         :  0.8014   0.0312     0.7333 - 0.8555 
p2(1)          46 site 46         :  0.8120   0.0314     0.7426 - 0.8660 
p2(1)          47 site 47         :  0.8667   0.0526     0.7271 - 0.9407 
p2(1)          48 site 48         :  0.7523   0.0569     0.6254 - 0.8467 
p2(1)          49 site 49         :  0.8842   0.0595     0.7097 - 0.9598 
p2(1)          50 site 50         :  0.8722   0.0549     0.7223 - 0.9471 
p2(1)          51 site 51         :  0.7916   0.0331     0.7193 - 0.8492 
p2(1)          52 site 52         :  0.7815   0.0372     0.7000 - 0.8457 
p2(1)          53 site 53         :  0.7419   0.0656     0.5949 - 0.8490 
p2(1)          54 site 54         :  0.8077   0.0310     0.7395 - 0.8614 
p2(2)           1 site 1          :  0.8243   0.0344     0.7466 - 0.8819 
p2(2)           2 site 2          :  0.7433   0.0644     0.5992 - 0.8487 
p2(2)           3 site 3          :  0.8587   0.0490     0.7335 - 0.9306 
p2(2)           4 site 4          :  0.7819   0.0370     0.7009 - 0.8458 
p2(2)           5 site 5          :  0.8108   0.0313     0.7418 - 0.8647 
p2(2)           6 site 6          :  0.7490   0.0596     0.6159 - 0.8474 
p2(2)           7 site 7          :  0.7602   0.0508     0.6475 - 0.8455 
p2(2)           8 site 8          :  0.8158   0.0321     0.7445 - 0.8706 
p2(2)           9 site 9          :  0.8855   0.0599     0.7082 - 0.9610 
p2(2)          10 site 10         :  0.8623   0.0506     0.7308 - 0.9353 
p2(2)          11 site 11         :  0.8006   0.0312     0.7323 - 0.8549 
p2(2)          12 site 12         :  0.8367   0.0391     0.7452 - 0.8997 
p2(2)          13 site 13         :  0.8707   0.0543     0.7236 - 0.9455 
p2(2)          14 site 14         :  0.8069   0.0310     0.7389 - 0.8606 
p2(2)          15 site 15         :  0.8528   0.0463     0.7375 - 0.9228 
p2(2)          16 site 16         :  0.8662   0.0523     0.7276 - 0.9400 
p2(2)          17 site 17         :  0.7891   0.0339     0.7150 - 0.8480 
p2(2)          18 site 18         :  0.8635   0.0512     0.7298 - 0.9368 
p2(2)          19 site 19         :  0.7528   0.0565     0.6268 - 0.8467 
p2(2)          20 site 20         :  0.8247   0.0345     0.7466 - 0.8824 
p2(2)          21 site 21         :  0.7551   0.0547     0.6334 - 0.8462 
p2(2)          22 site 22         :  0.7674   0.0456     0.6667 - 0.8448 
p2(2)          23 site 23         :  0.8744   0.0558     0.7201 - 0.9496 
p2(2)          24 site 24         :  0.7697   0.0441     0.6724 - 0.8447 
p2(2)          25 site 25         :  0.8232   0.0340     0.7465 - 0.8804 
p2(2)          26 site 26         :  0.8860   0.0601     0.7076 - 0.9615 
p2(2)          27 site 27         :  0.8673   0.0528     0.7266 - 0.9414 
p2(2)          28 site 28         :  0.8356   0.0387     0.7454 - 0.8982 
p2(2)          29 site 29         :  0.7683   0.0450     0.6690 - 0.8448 
p2(2)          30 site 30         :  0.7767   0.0397     0.6894 - 0.8450 
p2(2)          31 site 31         :  0.8556   0.0476     0.7357 - 0.9266 
p2(2)          32 site 32         :  0.8483   0.0443     0.7402 - 0.9166 
p2(2)          33 site 33         :  0.7692   0.0444     0.6713 - 0.8447 
p2(2)          34 site 34         :  0.8667   0.0526     0.7271 - 0.9407 
p2(2)          35 site 35         :  0.8146   0.0319     0.7440 - 0.8692 
p2(2)          36 site 36         :  0.8377   0.0395     0.7448 - 0.9012 
p2(2)          37 site 37         :  0.7883   0.0342     0.7135 - 0.8477 
p2(2)          38 site 38         :  0.8370   0.0392     0.7450 - 0.9002 
p2(2)          39 site 39         :  0.8738   0.0555     0.7207 - 0.9490 
p2(2)          40 site 40         :  0.7674   0.0456     0.6667 - 0.8448 
p2(2)          41 site 41         :  0.8053   0.0310     0.7374 - 0.8591 
p2(2)          42 site 42         :  0.8214   0.0335     0.7462 - 0.8779 
p2(2)          43 site 43         :  0.8315   0.0370     0.7463 - 0.8921 
p2(2)          44 site 44         :  0.8581   0.0488     0.7340 - 0.9298 
p2(2)          45 site 45         :  0.8014   0.0312     0.7333 - 0.8555 
p2(2)          46 site 46         :  0.8120   0.0314     0.7426 - 0.8660 
p2(2)          47 site 47         :  0.8667   0.0526     0.7271 - 0.9407 
p2(2)          48 site 48         :  0.7523   0.0569     0.6254 - 0.8467 
p2(2)          49 site 49         :  0.8842   0.0595     0.7097 - 0.9598 
p2(2)          50 site 50         :  0.8722   0.0549     0.7223 - 0.9471 
p2(2)          51 site 51         :  0.7916   0.0331     0.7193 - 0.8492 
p2(2)          52 site 52         :  0.7815   0.0372     0.7000 - 0.8457 
p2(2)          53 site 53         :  0.7419   0.0656     0.5949 - 0.8490 
p2(2)          54 site 54         :  0.8077   0.0310     0.7395 - 0.8614 
p2(3)           1 site 1          :  0.8243   0.0344     0.7466 - 0.8819 
p2(3)           2 site 2          :  0.7433   0.0644     0.5992 - 0.8487 
p2(3)           3 site 3          :  0.8587   0.0490     0.7335 - 0.9306 
p2(3)           4 site 4          :  0.7819   0.0370     0.7009 - 0.8458 
p2(3)           5 site 5          :  0.8108   0.0313     0.7418 - 0.8647 
p2(3)           6 site 6          :  0.7490   0.0596     0.6159 - 0.8474 
p2(3)           7 site 7          :  0.7602   0.0508     0.6475 - 0.8455 
p2(3)           8 site 8          :  0.8158   0.0321     0.7445 - 0.8706 
p2(3)           9 site 9          :  0.8855   0.0599     0.7082 - 0.9610 
p2(3)          10 site 10         :  0.8623   0.0506     0.7308 - 0.9353 
p2(3)          11 site 11         :  0.8006   0.0312     0.7323 - 0.8549 
p2(3)          12 site 12         :  0.8367   0.0391     0.7452 - 0.8997 
p2(3)          13 site 13         :  0.8707   0.0543     0.7236 - 0.9455 
p2(3)          14 site 14         :  0.8069   0.0310     0.7389 - 0.8606 
p2(3)          15 site 15         :  0.8528   0.0463     0.7375 - 0.9228 
p2(3)          16 site 16         :  0.8662   0.0523     0.7276 - 0.9400 
p2(3)          17 site 17         :  0.7891   0.0339     0.7150 - 0.8480 
p2(3)          18 site 18         :  0.8635   0.0512     0.7298 - 0.9368 
p2(3)          19 site 19         :  0.7528   0.0565     0.6268 - 0.8467 
p2(3)          20 site 20         :  0.8247   0.0345     0.7466 - 0.8824 
p2(3)          21 site 21         :  0.7551   0.0547     0.6334 - 0.8462 
p2(3)          22 site 22         :  0.7674   0.0456     0.6667 - 0.8448 
p2(3)          23 site 23         :  0.8744   0.0558     0.7201 - 0.9496 
p2(3)          24 site 24         :  0.7697   0.0441     0.6724 - 0.8447 
p2(3)          25 site 25         :  0.8232   0.0340     0.7465 - 0.8804 
p2(3)          26 site 26         :  0.8860   0.0601     0.7076 - 0.9615 
p2(3)          27 site 27         :  0.8673   0.0528     0.7266 - 0.9414 
p2(3)          28 site 28         :  0.8356   0.0387     0.7454 - 0.8982 
p2(3)          29 site 29         :  0.7683   0.0450     0.6690 - 0.8448 
p2(3)          30 site 30         :  0.7767   0.0397     0.6894 - 0.8450 
p2(3)          31 site 31         :  0.8556   0.0476     0.7357 - 0.9266 
p2(3)          32 site 32         :  0.8483   0.0443     0.7402 - 0.9166 
p2(3)          33 site 33         :  0.7692   0.0444     0.6713 - 0.8447 
p2(3)          34 site 34         :  0.8667   0.0526     0.7271 - 0.9407 
p2(3)          35 site 35         :  0.8146   0.0319     0.7440 - 0.8692 
p2(3)          36 site 36         :  0.8377   0.0395     0.7448 - 0.9012 
p2(3)          37 site 37         :  0.7883   0.0342     0.7135 - 0.8477 
p2(3)          38 site 38         :  0.8370   0.0392     0.7450 - 0.9002 
p2(3)          39 site 39         :  0.8738   0.0555     0.7207 - 0.9490 
p2(3)          40 site 40         :  0.7674   0.0456     0.6667 - 0.8448 
p2(3)          41 site 41         :  0.8053   0.0310     0.7374 - 0.8591 
p2(3)          42 site 42         :  0.8214   0.0335     0.7462 - 0.8779 
p2(3)          43 site 43         :  0.8315   0.0370     0.7463 - 0.8921 
p2(3)          44 site 44         :  0.8581   0.0488     0.7340 - 0.9298 
p2(3)          45 site 45         :  0.8014   0.0312     0.7333 - 0.8555 
p2(3)          46 site 46         :  0.8120   0.0314     0.7426 - 0.8660 
p2(3)          47 site 47         :  0.8667   0.0526     0.7271 - 0.9407 
p2(3)          48 site 48         :  0.7523   0.0569     0.6254 - 0.8467 
p2(3)          49 site 49         :  0.8842   0.0595     0.7097 - 0.9598 
p2(3)          50 site 50         :  0.8722   0.0549     0.7223 - 0.9471 
p2(3)          51 site 51         :  0.7916   0.0331     0.7193 - 0.8492 
p2(3)          52 site 52         :  0.7815   0.0372     0.7000 - 0.8457 
p2(3)          53 site 53         :  0.7419   0.0656     0.5949 - 0.8490 
p2(3)          54 site 54         :  0.8077   0.0310     0.7395 - 0.8614 
p2(4)           1 site 1          :  0.8243   0.0344     0.7466 - 0.8819 
p2(4)           2 site 2          :  0.7433   0.0644     0.5992 - 0.8487 
p2(4)           3 site 3          :  0.8587   0.0490     0.7335 - 0.9306 
p2(4)           4 site 4          :  0.7819   0.0370     0.7009 - 0.8458 
p2(4)           5 site 5          :  0.8108   0.0313     0.7418 - 0.8647 
p2(4)           6 site 6          :  0.7490   0.0596     0.6159 - 0.8474 
p2(4)           7 site 7          :  0.7602   0.0508     0.6475 - 0.8455 
p2(4)           8 site 8          :  0.8158   0.0321     0.7445 - 0.8706 
p2(4)           9 site 9          :  0.8855   0.0599     0.7082 - 0.9610 
p2(4)          10 site 10         :  0.8623   0.0506     0.7308 - 0.9353 
p2(4)          11 site 11         :  0.8006   0.0312     0.7323 - 0.8549 
p2(4)          12 site 12         :  0.8367   0.0391     0.7452 - 0.8997 
p2(4)          13 site 13         :  0.8707   0.0543     0.7236 - 0.9455 
p2(4)          14 site 14         :  0.8069   0.0310     0.7389 - 0.8606 
p2(4)          15 site 15         :  0.8528   0.0463     0.7375 - 0.9228 
p2(4)          16 site 16         :  0.8662   0.0523     0.7276 - 0.9400 
p2(4)          17 site 17         :  0.7891   0.0339     0.7150 - 0.8480 
p2(4)          18 site 18         :  0.8635   0.0512     0.7298 - 0.9368 
p2(4)          19 site 19         :  0.7528   0.0565     0.6268 - 0.8467 
p2(4)          20 site 20         :  0.8247   0.0345     0.7466 - 0.8824 
p2(4)          21 site 21         :  0.7551   0.0547     0.6334 - 0.8462 
p2(4)          22 site 22         :  0.7674   0.0456     0.6667 - 0.8448 
p2(4)          23 site 23         :  0.8744   0.0558     0.7201 - 0.9496 
p2(4)          24 site 24         :  0.7697   0.0441     0.6724 - 0.8447 
p2(4)          25 site 25         :  0.8232   0.0340     0.7465 - 0.8804 
p2(4)          26 site 26         :  0.8860   0.0601     0.7076 - 0.9615 
p2(4)          27 site 27         :  0.8673   0.0528     0.7266 - 0.9414 
p2(4)          28 site 28         :  0.8356   0.0387     0.7454 - 0.8982 
p2(4)          29 site 29         :  0.7683   0.0450     0.6690 - 0.8448 
p2(4)          30 site 30         :  0.7767   0.0397     0.6894 - 0.8450 
p2(4)          31 site 31         :  0.8556   0.0476     0.7357 - 0.9266 
p2(4)          32 site 32         :  0.8483   0.0443     0.7402 - 0.9166 
p2(4)          33 site 33         :  0.7692   0.0444     0.6713 - 0.8447 
p2(4)          34 site 34         :  0.8667   0.0526     0.7271 - 0.9407 
p2(4)          35 site 35         :  0.8146   0.0319     0.7440 - 0.8692 
p2(4)          36 site 36         :  0.8377   0.0395     0.7448 - 0.9012 
p2(4)          37 site 37         :  0.7883   0.0342     0.7135 - 0.8477 
p2(4)          38 site 38         :  0.8370   0.0392     0.7450 - 0.9002 
p2(4)          39 site 39         :  0.8738   0.0555     0.7207 - 0.9490 
p2(4)          40 site 40         :  0.7674   0.0456     0.6667 - 0.8448 
p2(4)          41 site 41         :  0.8053   0.0310     0.7374 - 0.8591 
p2(4)          42 site 42         :  0.8214   0.0335     0.7462 - 0.8779 
p2(4)          43 site 43         :  0.8315   0.0370     0.7463 - 0.8921 
p2(4)          44 site 44         :  0.8581   0.0488     0.7340 - 0.9298 
p2(4)          45 site 45         :  0.8014   0.0312     0.7333 - 0.8555 
p2(4)          46 site 46         :  0.8120   0.0314     0.7426 - 0.8660 
p2(4)          47 site 47         :  0.8667   0.0526     0.7271 - 0.9407 
p2(4)          48 site 48         :  0.7523   0.0569     0.6254 - 0.8467 
p2(4)          49 site 49         :  0.8842   0.0595     0.7097 - 0.9598 
p2(4)          50 site 50         :  0.8722   0.0549     0.7223 - 0.9471 
p2(4)          51 site 51         :  0.7916   0.0331     0.7193 - 0.8492 
p2(4)          52 site 52         :  0.7815   0.0372     0.7000 - 0.8457 
p2(4)          53 site 53         :  0.7419   0.0656     0.5949 - 0.8490 
p2(4)          54 site 54         :  0.8077   0.0310     0.7395 - 0.8614 

   Individual Site estimates of <dlta(1)> 
                Site               estimate  Std.err   95% conf. interval
dlta(1)         1 site 1          :  0.3624   0.0724     0.2353 - 0.5122 
dlta(1)         2 site 2          :  0.4292   0.1298     0.2102 - 0.6799 
dlta(1)         3 site 3          :  0.3285   0.1105     0.1548 - 0.5663 
dlta(1)         4 site 4          :  0.3992   0.0847     0.2495 - 0.5703 
dlta(1)         5 site 5          :  0.3746   0.0687     0.2522 - 0.5155 
dlta(1)         6 site 6          :  0.4249   0.1225     0.2166 - 0.6638 
dlta(1)         7 site 7          :  0.4164   0.1087     0.2290 - 0.6316 
dlta(1)         8 site 8          :  0.3702   0.0691     0.2474 - 0.5124 
dlta(1)         9 site 9          :  0.2984   0.1555     0.0902 - 0.6457 
dlta(1)        10 site 10         :  0.3246   0.1161     0.1455 - 0.5757 
dlta(1)        11 site 11         :  0.3835   0.0711     0.2565 - 0.5287 
dlta(1)        12 site 12         :  0.3507   0.0822     0.2102 - 0.5229 
dlta(1)        13 site 13         :  0.3154   0.1297     0.1243 - 0.5992 
dlta(1)        14 site 14         :  0.3780   0.0691     0.2547 - 0.5195 
dlta(1)        15 site 15         :  0.3346   0.1019     0.1701 - 0.5523 
dlta(1)        16 site 16         :  0.3205   0.1222     0.1358 - 0.5861 
dlta(1)        17 site 17         :  0.3932   0.0784     0.2540 - 0.5523 
dlta(1)        18 site 18         :  0.3233   0.1179     0.1425 - 0.5788 
dlta(1)        19 site 19         :  0.4221   0.1178     0.2208 - 0.6530 
dlta(1)        20 site 20         :  0.3621   0.0726     0.2346 - 0.5123 
dlta(1)        21 site 21         :  0.4203   0.1149     0.2234 - 0.6463 
dlta(1)        22 site 22         :  0.4107   0.1001     0.2366 - 0.6106 
dlta(1)        23 site 23         :  0.3113   0.1358     0.1155 - 0.6101 
dlta(1)        24 site 24         :  0.4090   0.0976     0.2388 - 0.6042 
dlta(1)        25 site 25         :  0.3634   0.0718     0.2371 - 0.5119 
dlta(1)        26 site 26         :  0.2978   0.1564     0.0892 - 0.6474 
dlta(1)        27 site 27         :  0.3192   0.1240     0.1328 - 0.5893 
dlta(1)        28 site 28         :  0.3517   0.0812     0.2125 - 0.5216 
dlta(1)        29 site 29         :  0.4100   0.0991     0.2375 - 0.6080 
dlta(1)        30 site 30         :  0.4034   0.0899     0.2453 - 0.5843 
dlta(1)        31 site 31         :  0.3317   0.1060     0.1628 - 0.5588 
dlta(1)        32 site 32         :  0.3392   0.0959     0.1816 - 0.5427 
dlta(1)        33 site 33         :  0.4093   0.0981     0.2384 - 0.6055 
dlta(1)        34 site 34         :  0.3198   0.1231     0.1343 - 0.5877 
dlta(1)        35 site 35         :  0.3712   0.0689     0.2487 - 0.5129 
dlta(1)        36 site 36         :  0.3497   0.0833     0.2078 - 0.5243 
dlta(1)        37 site 37         :  0.3939   0.0790     0.2536 - 0.5543 
dlta(1)        38 site 38         :  0.3504   0.0826     0.2094 - 0.5234 
dlta(1)        39 site 39         :  0.3120   0.1349     0.1168 - 0.6084 
dlta(1)        40 site 40         :  0.4107   0.1001     0.2366 - 0.6106 
dlta(1)        41 site 41         :  0.3794   0.0694     0.2554 - 0.5215 
dlta(1)        42 site 42         :  0.3651   0.0709     0.2400 - 0.5115 
dlta(1)        43 site 43         :  0.3557   0.0774     0.2216 - 0.5170 
dlta(1)        44 site 44         :  0.3291   0.1096     0.1564 - 0.5648 
dlta(1)        45 site 45         :  0.3828   0.0708     0.2564 - 0.5274 
dlta(1)        46 site 46         :  0.3736   0.0687     0.2512 - 0.5146 
dlta(1)        47 site 47         :  0.3198   0.1231     0.1343 - 0.5877 
dlta(1)        48 site 48         :  0.4224   0.1184     0.2203 - 0.6544 
dlta(1)        49 site 49         :  0.2999   0.1531     0.0930 - 0.6415 
dlta(1)        50 site 50         :  0.3138   0.1320     0.1209 - 0.6034 
dlta(1)        51 site 51         :  0.3911   0.0764     0.2551 - 0.5465 
dlta(1)        52 site 52         :  0.3995   0.0851     0.2492 - 0.5715 
dlta(1)        53 site 53         :  0.4303   0.1316     0.2086 - 0.6839 
dlta(1)        54 site 54         :  0.3773   0.0690     0.2542 - 0.5186 
dlta(2)         1 site 1          :  0.3624   0.0724     0.2353 - 0.5122 
dlta(2)         2 site 2          :  0.4292   0.1298     0.2102 - 0.6799 
dlta(2)         3 site 3          :  0.3285   0.1105     0.1548 - 0.5663 
dlta(2)         4 site 4          :  0.3992   0.0847     0.2495 - 0.5703 
dlta(2)         5 site 5          :  0.3746   0.0687     0.2522 - 0.5155 
dlta(2)         6 site 6          :  0.4249   0.1225     0.2166 - 0.6638 
dlta(2)         7 site 7          :  0.4164   0.1087     0.2290 - 0.6316 
dlta(2)         8 site 8          :  0.3702   0.0691     0.2474 - 0.5124 
dlta(2)         9 site 9          :  0.2984   0.1555     0.0902 - 0.6457 
dlta(2)        10 site 10         :  0.3246   0.1161     0.1455 - 0.5757 
dlta(2)        11 site 11         :  0.3835   0.0711     0.2565 - 0.5287 
dlta(2)        12 site 12         :  0.3507   0.0822     0.2102 - 0.5229 
dlta(2)        13 site 13         :  0.3154   0.1297     0.1243 - 0.5992 
dlta(2)        14 site 14         :  0.3780   0.0691     0.2547 - 0.5195 
dlta(2)        15 site 15         :  0.3346   0.1019     0.1701 - 0.5523 
dlta(2)        16 site 16         :  0.3205   0.1222     0.1358 - 0.5861 
dlta(2)        17 site 17         :  0.3932   0.0784     0.2540 - 0.5523 
dlta(2)        18 site 18         :  0.3233   0.1179     0.1425 - 0.5788 
dlta(2)        19 site 19         :  0.4221   0.1178     0.2208 - 0.6530 
dlta(2)        20 site 20         :  0.3621   0.0726     0.2346 - 0.5123 
dlta(2)        21 site 21         :  0.4203   0.1149     0.2234 - 0.6463 
dlta(2)        22 site 22         :  0.4107   0.1001     0.2366 - 0.6106 
dlta(2)        23 site 23         :  0.3113   0.1358     0.1155 - 0.6101 
dlta(2)        24 site 24         :  0.4090   0.0976     0.2388 - 0.6042 
dlta(2)        25 site 25         :  0.3634   0.0718     0.2371 - 0.5119 
dlta(2)        26 site 26         :  0.2978   0.1564     0.0892 - 0.6474 
dlta(2)        27 site 27         :  0.3192   0.1240     0.1328 - 0.5893 
dlta(2)        28 site 28         :  0.3517   0.0812     0.2125 - 0.5216 
dlta(2)        29 site 29         :  0.4100   0.0991     0.2375 - 0.6080 
dlta(2)        30 site 30         :  0.4034   0.0899     0.2453 - 0.5843 
dlta(2)        31 site 31         :  0.3317   0.1060     0.1628 - 0.5588 
dlta(2)        32 site 32         :  0.3392   0.0959     0.1816 - 0.5427 
dlta(2)        33 site 33         :  0.4093   0.0981     0.2384 - 0.6055 
dlta(2)        34 site 34         :  0.3198   0.1231     0.1343 - 0.5877 
dlta(2)        35 site 35         :  0.3712   0.0689     0.2487 - 0.5129 
dlta(2)        36 site 36         :  0.3497   0.0833     0.2078 - 0.5243 
dlta(2)        37 site 37         :  0.3939   0.0790     0.2536 - 0.5543 
dlta(2)        38 site 38         :  0.3504   0.0826     0.2094 - 0.5234 
dlta(2)        39 site 39         :  0.3120   0.1349     0.1168 - 0.6084 
dlta(2)        40 site 40         :  0.4107   0.1001     0.2366 - 0.6106 
dlta(2)        41 site 41         :  0.3794   0.0694     0.2554 - 0.5215 
dlta(2)        42 site 42         :  0.3651   0.0709     0.2400 - 0.5115 
dlta(2)        43 site 43         :  0.3557   0.0774     0.2216 - 0.5170 
dlta(2)        44 site 44         :  0.3291   0.1096     0.1564 - 0.5648 
dlta(2)        45 site 45         :  0.3828   0.0708     0.2564 - 0.5274 
dlta(2)        46 site 46         :  0.3736   0.0687     0.2512 - 0.5146 
dlta(2)        47 site 47         :  0.3198   0.1231     0.1343 - 0.5877 
dlta(2)        48 site 48         :  0.4224   0.1184     0.2203 - 0.6544 
dlta(2)        49 site 49         :  0.2999   0.1531     0.0930 - 0.6415 
dlta(2)        50 site 50         :  0.3138   0.1320     0.1209 - 0.6034 
dlta(2)        51 site 51         :  0.3911   0.0764     0.2551 - 0.5465 
dlta(2)        52 site 52         :  0.3995   0.0851     0.2492 - 0.5715 
dlta(2)        53 site 53         :  0.4303   0.1316     0.2086 - 0.6839 
dlta(2)        54 site 54         :  0.3773   0.0690     0.2542 - 0.5186 
dlta(3)         1 site 1          :  0.3624   0.0724     0.2353 - 0.5122 
dlta(3)         2 site 2          :  0.4292   0.1298     0.2102 - 0.6799 
dlta(3)         3 site 3          :  0.3285   0.1105     0.1548 - 0.5663 
dlta(3)         4 site 4          :  0.3992   0.0847     0.2495 - 0.5703 
dlta(3)         5 site 5          :  0.3746   0.0687     0.2522 - 0.5155 
dlta(3)         6 site 6          :  0.4249   0.1225     0.2166 - 0.6638 
dlta(3)         7 site 7          :  0.4164   0.1087     0.2290 - 0.6316 
dlta(3)         8 site 8          :  0.3702   0.0691     0.2474 - 0.5124 
dlta(3)         9 site 9          :  0.2984   0.1555     0.0902 - 0.6457 
dlta(3)        10 site 10         :  0.3246   0.1161     0.1455 - 0.5757 
dlta(3)        11 site 11         :  0.3835   0.0711     0.2565 - 0.5287 
dlta(3)        12 site 12         :  0.3507   0.0822     0.2102 - 0.5229 
dlta(3)        13 site 13         :  0.3154   0.1297     0.1243 - 0.5992 
dlta(3)        14 site 14         :  0.3780   0.0691     0.2547 - 0.5195 
dlta(3)        15 site 15         :  0.3346   0.1019     0.1701 - 0.5523 
dlta(3)        16 site 16         :  0.3205   0.1222     0.1358 - 0.5861 
dlta(3)        17 site 17         :  0.3932   0.0784     0.2540 - 0.5523 
dlta(3)        18 site 18         :  0.3233   0.1179     0.1425 - 0.5788 
dlta(3)        19 site 19         :  0.4221   0.1178     0.2208 - 0.6530 
dlta(3)        20 site 20         :  0.3621   0.0726     0.2346 - 0.5123 
dlta(3)        21 site 21         :  0.4203   0.1149     0.2234 - 0.6463 
dlta(3)        22 site 22         :  0.4107   0.1001     0.2366 - 0.6106 
dlta(3)        23 site 23         :  0.3113   0.1358     0.1155 - 0.6101 
dlta(3)        24 site 24         :  0.4090   0.0976     0.2388 - 0.6042 
dlta(3)        25 site 25         :  0.3634   0.0718     0.2371 - 0.5119 
dlta(3)        26 site 26         :  0.2978   0.1564     0.0892 - 0.6474 
dlta(3)        27 site 27         :  0.3192   0.1240     0.1328 - 0.5893 
dlta(3)        28 site 28         :  0.3517   0.0812     0.2125 - 0.5216 
dlta(3)        29 site 29         :  0.4100   0.0991     0.2375 - 0.6080 
dlta(3)        30 site 30         :  0.4034   0.0899     0.2453 - 0.5843 
dlta(3)        31 site 31         :  0.3317   0.1060     0.1628 - 0.5588 
dlta(3)        32 site 32         :  0.3392   0.0959     0.1816 - 0.5427 
dlta(3)        33 site 33         :  0.4093   0.0981     0.2384 - 0.6055 
dlta(3)        34 site 34         :  0.3198   0.1231     0.1343 - 0.5877 
dlta(3)        35 site 35         :  0.3712   0.0689     0.2487 - 0.5129 
dlta(3)        36 site 36         :  0.3497   0.0833     0.2078 - 0.5243 
dlta(3)        37 site 37         :  0.3939   0.0790     0.2536 - 0.5543 
dlta(3)        38 site 38         :  0.3504   0.0826     0.2094 - 0.5234 
dlta(3)        39 site 39         :  0.3120   0.1349     0.1168 - 0.6084 
dlta(3)        40 site 40         :  0.4107   0.1001     0.2366 - 0.6106 
dlta(3)        41 site 41         :  0.3794   0.0694     0.2554 - 0.5215 
dlta(3)        42 site 42         :  0.3651   0.0709     0.2400 - 0.5115 
dlta(3)        43 site 43         :  0.3557   0.0774     0.2216 - 0.5170 
dlta(3)        44 site 44         :  0.3291   0.1096     0.1564 - 0.5648 
dlta(3)        45 site 45         :  0.3828   0.0708     0.2564 - 0.5274 
dlta(3)        46 site 46         :  0.3736   0.0687     0.2512 - 0.5146 
dlta(3)        47 site 47         :  0.3198   0.1231     0.1343 - 0.5877 
dlta(3)        48 site 48         :  0.4224   0.1184     0.2203 - 0.6544 
dlta(3)        49 site 49         :  0.2999   0.1531     0.0930 - 0.6415 
dlta(3)        50 site 50         :  0.3138   0.1320     0.1209 - 0.6034 
dlta(3)        51 site 51         :  0.3911   0.0764     0.2551 - 0.5465 
dlta(3)        52 site 52         :  0.3995   0.0851     0.2492 - 0.5715 
dlta(3)        53 site 53         :  0.4303   0.1316     0.2086 - 0.6839 
dlta(3)        54 site 54         :  0.3773   0.0690     0.2542 - 0.5186 
dlta(4)         1 site 1          :  0.3624   0.0724     0.2353 - 0.5122 
dlta(4)         2 site 2          :  0.4292   0.1298     0.2102 - 0.6799 
dlta(4)         3 site 3          :  0.3285   0.1105     0.1548 - 0.5663 
dlta(4)         4 site 4          :  0.3992   0.0847     0.2495 - 0.5703 
dlta(4)         5 site 5          :  0.3746   0.0687     0.2522 - 0.5155 
dlta(4)         6 site 6          :  0.4249   0.1225     0.2166 - 0.6638 
dlta(4)         7 site 7          :  0.4164   0.1087     0.2290 - 0.6316 
dlta(4)         8 site 8          :  0.3702   0.0691     0.2474 - 0.5124 
dlta(4)         9 site 9          :  0.2984   0.1555     0.0902 - 0.6457 
dlta(4)        10 site 10         :  0.3246   0.1161     0.1455 - 0.5757 
dlta(4)        11 site 11         :  0.3835   0.0711     0.2565 - 0.5287 
dlta(4)        12 site 12         :  0.3507   0.0822     0.2102 - 0.5229 
dlta(4)        13 site 13         :  0.3154   0.1297     0.1243 - 0.5992 
dlta(4)        14 site 14         :  0.3780   0.0691     0.2547 - 0.5195 
dlta(4)        15 site 15         :  0.3346   0.1019     0.1701 - 0.5523 
dlta(4)        16 site 16         :  0.3205   0.1222     0.1358 - 0.5861 
dlta(4)        17 site 17         :  0.3932   0.0784     0.2540 - 0.5523 
dlta(4)        18 site 18         :  0.3233   0.1179     0.1425 - 0.5788 
dlta(4)        19 site 19         :  0.4221   0.1178     0.2208 - 0.6530 
dlta(4)        20 site 20         :  0.3621   0.0726     0.2346 - 0.5123 
dlta(4)        21 site 21         :  0.4203   0.1149     0.2234 - 0.6463 
dlta(4)        22 site 22         :  0.4107   0.1001     0.2366 - 0.6106 
dlta(4)        23 site 23         :  0.3113   0.1358     0.1155 - 0.6101 
dlta(4)        24 site 24         :  0.4090   0.0976     0.2388 - 0.6042 
dlta(4)        25 site 25         :  0.3634   0.0718     0.2371 - 0.5119 
dlta(4)        26 site 26         :  0.2978   0.1564     0.0892 - 0.6474 
dlta(4)        27 site 27         :  0.3192   0.1240     0.1328 - 0.5893 
dlta(4)        28 site 28         :  0.3517   0.0812     0.2125 - 0.5216 
dlta(4)        29 site 29         :  0.4100   0.0991     0.2375 - 0.6080 
dlta(4)        30 site 30         :  0.4034   0.0899     0.2453 - 0.5843 
dlta(4)        31 site 31         :  0.3317   0.1060     0.1628 - 0.5588 
dlta(4)        32 site 32         :  0.3392   0.0959     0.1816 - 0.5427 
dlta(4)        33 site 33         :  0.4093   0.0981     0.2384 - 0.6055 
dlta(4)        34 site 34         :  0.3198   0.1231     0.1343 - 0.5877 
dlta(4)        35 site 35         :  0.3712   0.0689     0.2487 - 0.5129 
dlta(4)        36 site 36         :  0.3497   0.0833     0.2078 - 0.5243 
dlta(4)        37 site 37         :  0.3939   0.0790     0.2536 - 0.5543 
dlta(4)        38 site 38         :  0.3504   0.0826     0.2094 - 0.5234 
dlta(4)        39 site 39         :  0.3120   0.1349     0.1168 - 0.6084 
dlta(4)        40 site 40         :  0.4107   0.1001     0.2366 - 0.6106 
dlta(4)        41 site 41         :  0.3794   0.0694     0.2554 - 0.5215 
dlta(4)        42 site 42         :  0.3651   0.0709     0.2400 - 0.5115 
dlta(4)        43 site 43         :  0.3557   0.0774     0.2216 - 0.5170 
dlta(4)        44 site 44         :  0.3291   0.1096     0.1564 - 0.5648 
dlta(4)        45 site 45         :  0.3828   0.0708     0.2564 - 0.5274 
dlta(4)        46 site 46         :  0.3736   0.0687     0.2512 - 0.5146 
dlta(4)        47 site 47         :  0.3198   0.1231     0.1343 - 0.5877 
dlta(4)        48 site 48         :  0.4224   0.1184     0.2203 - 0.6544 
dlta(4)        49 site 49         :  0.2999   0.1531     0.0930 - 0.6415 
dlta(4)        50 site 50         :  0.3138   0.1320     0.1209 - 0.6034 
dlta(4)        51 site 51         :  0.3911   0.0764     0.2551 - 0.5465 
dlta(4)        52 site 52         :  0.3995   0.0851     0.2492 - 0.5715 
dlta(4)        53 site 53         :  0.4303   0.1316     0.2086 - 0.6839 
dlta(4)        54 site 54         :  0.3773   0.0690     0.2542 - 0.5186 

Real parameters: (computed using covariates from 1st site and 1st survey)

Real parameter :              estimate   SE(estimate)
     1 psi                      0.9802      0.0285
     2 R                        0.8010      0.1502
     3 p1(1)                    0.8243      0.0344
     4 p1(2)                    0.8243      0.0344
     5 p1(3)                    0.8243      0.0344
     6 p1(4)                    0.8243      0.0344
     7 p2(1)                    0.8243      0.0344
     8 p2(2)                    0.8243      0.0344
     9 p2(3)                    0.8243      0.0344
    10 p2(4)                    0.8243      0.0344
    11 dlta(1)                  0.3624      0.0724
    12 dlta(2)                  0.3624      0.0724
    13 dlta(3)                  0.3624      0.0724
    14 dlta(4)                  0.3624      0.0724
Variance-covariance matrix of real parameters:
   0.000813  -0.000000  -0.000020  -0.000020  -0.000020  -0.000020  -0.000020  -0.000020
  -0.000020  -0.000020   0.000000   0.000000   0.000000   0.000000
  -0.000000   0.022571  -0.000000  -0.000000  -0.000000  -0.000000  -0.000000  -0.000000
  -0.000000  -0.000000  -0.006510  -0.006510  -0.006510  -0.006510
  -0.000020  -0.000000   0.001181   0.001181   0.001181   0.001181   0.001181   0.001181
   0.001181   0.001181   0.000000   0.000000   0.000000   0.000000
  -0.000020  -0.000000   0.001181   0.001181   0.001181   0.001181   0.001181   0.001181
   0.001181   0.001181   0.000000   0.000000   0.000000   0.000000
  -0.000020  -0.000000   0.001181   0.001181   0.001181   0.001181   0.001181   0.001181
   0.001181   0.001181   0.000000   0.000000   0.000000   0.000000
  -0.000020  -0.000000   0.001181   0.001181   0.001181   0.001181   0.001181   0.001181
   0.001181   0.001181   0.000000   0.000000   0.000000   0.000000
  -0.000020  -0.000000   0.001181   0.001181   0.001181   0.001181   0.001181   0.001181
   0.001181   0.001181   0.000000   0.000000   0.000000   0.000000
  -0.000020  -0.000000   0.001181   0.001181   0.001181   0.001181   0.001181   0.001181
   0.001181   0.001181   0.000000   0.000000   0.000000   0.000000
  -0.000020  -0.000000   0.001181   0.001181   0.001181   0.001181   0.001181   0.001181
   0.001181   0.001181   0.000000   0.000000   0.000000   0.000000
  -0.000020  -0.000000   0.001181   0.001181   0.001181   0.001181   0.001181   0.001181
   0.001181   0.001181   0.000000   0.000000   0.000000   0.000000
   0.000000  -0.006510   0.000000   0.000000   0.000000   0.000000   0.000000   0.000000
   0.000000   0.000000   0.005237   0.005237   0.005237   0.005237
   0.000000  -0.006510   0.000000   0.000000   0.000000   0.000000   0.000000   0.000000
   0.000000   0.000000   0.005237   0.005237   0.005237   0.005237
   0.000000  -0.006510   0.000000   0.000000   0.000000   0.000000   0.000000   0.000000
   0.000000   0.000000   0.005237   0.005237   0.005237   0.005237
   0.000000  -0.006510   0.000000   0.000000   0.000000   0.000000   0.000000   0.000000
   0.000000   0.000000   0.005237   0.005237   0.005237   0.005237

CPU time: 0.0 seconds

