

PRESENCE - Presence/Absence-Site Occupancy data analysis
Fri Oct 28 20:59:20 2011,       Version 4.0111018
- - - - - - - - - - - - - - - - - - - - - - - - - - - - -
==>i=coosabass.pao
==>l=pres_psi_R____p1(X)=p2(X)(CV)______deta(X)(CV).out
==>name=psi,R,   p1(*)=p2(*)(CV)     ,deta(*)(CV)
==>model=5
==>j=c:\documents and settings\cschwarz\desktop\coosabass\coosabass_project\coosabass.dm
==>lmt=200
model=5 N,T-->54,4
modtype-->5 

********* Input Data summary *******
Number of sites                = 54
Number of sampling occasions   = 4
Number of missing observations = 0
Data checksum = 27443

Naive occupancy estimate       = 0.7778

NSiteCovs-->2
site_covname[0]=Link
site_covname[1]=CV
NSampCovs-->0
Primary periods=1 Secondary periods: 4
- - - - - - - - - - - - - - - - - - - - - - - - - - - - -
 Coose Bass
- - - - - - - - - - - - - - - - - - - - - - - - - - - - -
modtype=5 N=54 T=4 Groups=1 bootstraps=0

-->1-4
Matrix 1: rows=3, cols=5
            -,a1,a2,a3,a4,
psi           1 CV 0 0
R             0 0 1 CV
========================

Matrix 2: rows=9, cols=3
            -,b1,b2,
p1(1)         1 CV
p1(2)         1 CV
p1(3)         1 CV
p1(4)         1 CV
p2(1)         1 CV
p2(2)         1 CV
p2(3)         1 CV
p2(4)         1 CV
========================

Matrix 3: rows=5, cols=3
            -,c1,c2,
dlta(1)       1 CV
dlta(2)       1 CV
dlta(3)       1 CV
dlta(4)       1 CV
========================

Matrix 4: rows=0, cols=0
========================

Matrix 5: rows=0, cols=0
========================

Matrix 6: rows=0, cols=0
========================

Multi-state model
-----------------

Number of parameters           = 8
Number of function calls           = 339
-2log(likelihood)              = 364.0208
AIC                            = 380.0208

varcov: nsig=6 eps=1.000000e-002

Untransformed Estimates of coefficients for covariates (Beta's)
======================================================================
                                          estimate    std.error
A1   psi                              :   1.335579    0.718476
A2   psi.CV                           :  -0.050715    0.427282
A3   R                                :  16.961316   13.297629
A4   R.CV                             :  -8.158921    6.147580
B1   p1(1)                            :   1.147051    0.428587
B2   p1(1).CV                         :   0.175981    0.268622
C1   dlta(1)                          :  -0.713886    0.504006
C2   dlta(1).CV                       :   0.181661    0.441741

Variance-Covariance Matrix of Untransformed estimates (Beta's):
              A1         A2         A3         A4         B1         B2         C1         C2  
     A1    0.516208  -0.272836  -0.000000   0.000000  -0.007606   0.004021   0.000000  -0.000000
     A2   -0.272836   0.182570   0.000000  -0.000000   0.003907  -0.002297  -0.000000   0.000000
     A3   -0.000000   0.000000 176.826949 -81.519192  -0.000000   0.000000   1.575315  -2.433112
     A4    0.000000  -0.000000 -81.519192  37.792736   0.000000  -0.000000  -0.682228   1.061981
     B1   -0.007606   0.003907  -0.000000   0.000000   0.183687  -0.102324  -0.000000   0.000000
     B2    0.004021  -0.002297   0.000000  -0.000000  -0.102324   0.072158   0.000000  -0.000000
     C1    0.000000  -0.000000   1.575315  -0.682228  -0.000000   0.000000   0.254022  -0.197740
     C2   -0.000000   0.000000  -2.433112   1.061981   0.000000  -0.000000  -0.197740   0.195135
------------------------------

============================================================

   Individual Site estimates of <psi> 
                Site               estimate  Std.err   95% conf. interval
psi             1 site 1          :  0.7680   0.1109     0.4944 - 0.9181 
psi             2 site 2          :  0.7850   0.0748     0.6050 - 0.8970 
psi             3 site 3          :  0.7798   0.0570     0.6489 - 0.8716 
psi             4 site 4          :  0.7751   0.0663     0.6205 - 0.8790 
psi             5 site 5          :  0.7759   0.0631     0.6297 - 0.8757 
psi             6 site 6          :  0.7875   0.0894     0.5653 - 0.9135 
psi             7 site 7          :  0.7740   0.0715     0.6060 - 0.8841 
psi             8 site 8          :  0.7891   0.0999     0.5357 - 0.9238 
psi             9 site 9          :  0.7701   0.0959     0.5369 - 0.9064 
psi            10 site 10         :  0.7817   0.0607     0.6407 - 0.8779 
psi            11 site 11         :  0.7814   0.0597     0.6430 - 0.8764 
psi            12 site 12         :  0.7737   0.0733     0.6006 - 0.8859 
psi            13 site 13         :  0.7861   0.0811     0.5882 - 0.9044 
psi            14 site 14         :  0.7834   0.0672     0.6248 - 0.8872 
psi            15 site 15         :  0.7841   0.0704     0.6165 - 0.8914 
psi            16 site 16         :  0.7913   0.1155     0.4905 - 0.9373 
psi            17 site 17         :  0.7753   0.0652     0.6237 - 0.8778 
psi            18 site 18         :  0.7836   0.0680     0.6228 - 0.8882 
psi            19 site 19         :  0.7735   0.0743     0.5979 - 0.8869 
psi            20 site 20         :  0.7684   0.1082     0.5020 - 0.9161 
psi            21 site 21         :  0.7695   0.1003     0.5242 - 0.9100 
psi            22 site 22         :  0.7767   0.0604     0.6373 - 0.8732 
psi            23 site 23         :  0.7784   0.0570     0.6476 - 0.8704 
psi            24 site 24         :  0.7902   0.1073     0.5143 - 0.9305 
psi            25 site 25         :  0.7718   0.0845     0.5692 - 0.8964 
psi            26 site 26         :  0.7687   0.1055     0.5095 - 0.9141 
psi            27 site 27         :  0.7897   0.1045     0.5226 - 0.9280 
psi            28 site 28         :  0.7784   0.0570     0.6476 - 0.8704 
psi            29 site 29         :  0.7690   0.1035     0.5150 - 0.9126 
psi            30 site 30         :  0.7833   0.0664     0.6267 - 0.8861 
psi            31 site 31         :  0.7685   0.1075     0.5038 - 0.9156 
psi            32 site 32         :  0.7883   0.0949     0.5500 - 0.9190 
psi            33 site 33         :  0.7858   0.0791     0.5935 - 0.9021 
psi            34 site 34         :  0.7841   0.0704     0.6165 - 0.8914 
psi            35 site 35         :  0.7755   0.0644     0.6258 - 0.8771 
psi            36 site 36         :  0.7841   0.0700     0.6176 - 0.8909 
psi            37 site 37         :  0.7721   0.0822     0.5756 - 0.8944 
psi            38 site 38         :  0.7844   0.0717     0.6132 - 0.8930 
psi            39 site 39         :  0.7902   0.1073     0.5143 - 0.9305 
psi            40 site 40         :  0.7811   0.0591     0.6445 - 0.8754 
psi            41 site 41         :  0.7750   0.0667     0.6194 - 0.8794 
psi            42 site 42         :  0.7774   0.0586     0.6425 - 0.8715 
psi            43 site 43         :  0.7841   0.0700     0.6176 - 0.8909 
psi            44 site 44         :  0.7775   0.0584     0.6431 - 0.8714 
psi            45 site 45         :  0.7835   0.0676     0.6238 - 0.8877 
psi            46 site 46         :  0.7812   0.0593     0.6440 - 0.8757 
psi            47 site 47         :  0.7797   0.0569     0.6490 - 0.8714 
psi            48 site 48         :  0.7840   0.0696     0.6187 - 0.8903 
psi            49 site 49         :  0.7692   0.1022     0.5187 - 0.9115 
psi            50 site 50         :  0.7689   0.1042     0.5132 - 0.9131 
psi            51 site 51         :  0.7763   0.0615     0.6341 - 0.8742 
psi            52 site 52         :  0.7842   0.0708     0.6154 - 0.8919 
psi            53 site 53         :  0.7713   0.0873     0.5610 - 0.8990 
psi            54 site 54         :  0.7821   0.0618     0.6381 - 0.8796 

   Individual Site estimates of <R> 
                Site               estimate  Std.err   95% conf. interval
R               1 site 1          :  0.0049   0.0179     0.0000 - 0.8655 
R               2 site 2          :  1.0000   0.0002     0.0024 - 1.0000 
R               3 site 3          :  0.9961   0.0186     0.0221 - 1.0000 
R               4 site 4          :  0.7564   0.3066     0.1063 - 0.9878 
R               5 site 5          :  0.8661   0.2473     0.0900 - 0.9976 
R               6 site 6          :  1.0000   0.0000     0.0008 - 1.0000 
R               7 site 7          :  0.5384   0.2882     0.1072 - 0.9189 
R               8 site 8          :  1.0000   0.0000     0.0004 - 1.0000 
R               9 site 9          :  0.0312   0.0704     0.0003 - 0.7565 
R              10 site 10         :  0.9993   0.0040     0.0100 - 1.0000 
R              11 site 11         :  0.9991   0.0053     0.0115 - 1.0000 
R              12 site 12         :  0.4570   0.2617     0.0963 - 0.8693 
R              13 site 13         :  1.0000   0.0001     0.0015 - 1.0000 
R              14 site 14         :  0.9999   0.0009     0.0047 - 1.0000 
R              15 site 15         :  0.9999   0.0005     0.0035 - 1.0000 
R              16 site 16         :  1.0000   0.0000     0.0001 - 1.0000 
R              17 site 17         :  0.7986   0.2919     0.1015 - 0.9929 
R              18 site 18         :  0.9999   0.0008     0.0044 - 1.0000 
R              19 site 19         :  0.4169   0.2481     0.0882 - 0.8408 
R              20 site 20         :  0.0068   0.0231     0.0000 - 0.8488 
R              21 site 21         :  0.0179   0.0478     0.0001 - 0.7921 
R              22 site 22         :  0.9310   0.1694     0.0715 - 0.9996 
R              23 site 23         :  0.9857   0.0536     0.0384 - 1.0000 
R              24 site 24         :  1.0000   0.0000     0.0002 - 1.0000 
R              25 site 25         :  0.1317   0.1566     0.0103 - 0.6894 
R              26 site 26         :  0.0094   0.0296     0.0000 - 0.8309 
R              27 site 27         :  1.0000   0.0000     0.0003 - 1.0000 
R              28 site 28         :  0.9857   0.0536     0.0384 - 1.0000 
R              29 site 29         :  0.0119   0.0356     0.0000 - 0.8168 
R              30 site 30         :  0.9998   0.0011     0.0051 - 1.0000 
R              31 site 31         :  0.0074   0.0246     0.0000 - 0.8445 
R              32 site 32         :  1.0000   0.0000     0.0005 - 1.0000 
R              33 site 33         :  1.0000   0.0001     0.0017 - 1.0000 
R              34 site 34         :  0.9999   0.0005     0.0035 - 1.0000 
R              35 site 35         :  0.8236   0.2788     0.0979 - 0.9950 
R              36 site 36         :  0.9999   0.0006     0.0036 - 1.0000 
R              37 site 37         :  0.1737   0.1742     0.0191 - 0.6939 
R              38 site 38         :  0.9999   0.0004     0.0031 - 1.0000 
R              39 site 39         :  1.0000   0.0000     0.0002 - 1.0000 
R              40 site 40         :  0.9988   0.0065     0.0129 - 1.0000 
R              41 site 41         :  0.7410   0.3100     0.1077 - 0.9855 
R              42 site 42         :  0.9628   0.1108     0.0565 - 0.9999 
R              43 site 43         :  0.9999   0.0006     0.0036 - 1.0000 
R              44 site 44         :  0.9656   0.1047     0.0548 - 0.9999 
R              45 site 45         :  0.9999   0.0009     0.0046 - 1.0000 
R              46 site 46         :  0.9989   0.0061     0.0124 - 1.0000 
R              47 site 47         :  0.9958   0.0199     0.0229 - 1.0000 
R              48 site 48         :  0.9999   0.0006     0.0038 - 1.0000 
R              49 site 49         :  0.0140   0.0401     0.0000 - 0.8070 
R              50 site 50         :  0.0110   0.0335     0.0000 - 0.8215 
R              51 site 51         :  0.9068   0.2036     0.0796 - 0.9991 
R              52 site 52         :  0.9999   0.0005     0.0034 - 1.0000 
R              53 site 53         :  0.0916   0.1328     0.0044 - 0.6972 
R              54 site 54         :  0.9995   0.0030     0.0086 - 1.0000 

   Individual Site estimates of <p1(1)> 
                Site               estimate  Std.err   95% conf. interval
p1(1)           1 site 1          :  0.8358   0.0554     0.6978 - 0.9182 
p1(1)           2 site 2          :  0.7838   0.0436     0.6865 - 0.8572 
p1(1)           3 site 3          :  0.8011   0.0313     0.7327 - 0.8555 
p1(1)           4 site 4          :  0.8158   0.0363     0.7341 - 0.8767 
p1(1)           5 site 5          :  0.8135   0.0346     0.7360 - 0.8721 
p1(1)           6 site 6          :  0.7750   0.0546     0.6509 - 0.8642 
p1(1)           7 site 7          :  0.8190   0.0387     0.7305 - 0.8831 
p1(1)           8 site 8          :  0.7691   0.0629     0.6245 - 0.8697 
p1(1)           9 site 9          :  0.8302   0.0495     0.7108 - 0.9067 
p1(1)          10 site 10         :  0.7949   0.0337     0.7211 - 0.8532 
p1(1)          11 site 11         :  0.7960   0.0330     0.7237 - 0.8533 
p1(1)          12 site 12         :  0.8200   0.0396     0.7291 - 0.8852 
p1(1)          13 site 13         :  0.7799   0.0482     0.6713 - 0.8601 
p1(1)          14 site 14         :  0.7891   0.0381     0.7049 - 0.8542 
p1(1)          15 site 15         :  0.7867   0.0404     0.6971 - 0.8554 
p1(1)          16 site 16         :  0.7606   0.0759     0.5840 - 0.8779 
p1(1)          17 site 17         :  0.8151   0.0357     0.7348 - 0.8751 
p1(1)          18 site 18         :  0.7885   0.0387     0.7030 - 0.8545 
p1(1)          19 site 19         :  0.8206   0.0401     0.7284 - 0.8863 
p1(1)          20 site 20         :  0.8349   0.0543     0.7001 - 0.9163 
p1(1)          21 site 21         :  0.8319   0.0512     0.7070 - 0.9103 
p1(1)          22 site 22         :  0.8110   0.0332     0.7373 - 0.8678 
p1(1)          23 site 23         :  0.8056   0.0313     0.7368 - 0.8598 
p1(1)          24 site 24         :  0.7650   0.0690     0.6054 - 0.8736 
p1(1)          25 site 25         :  0.8254   0.0446     0.7204 - 0.8967 
p1(1)          26 site 26         :  0.8339   0.0533     0.7025 - 0.9143 
p1(1)          27 site 27         :  0.7666   0.0666     0.6128 - 0.8721 
p1(1)          28 site 28         :  0.8056   0.0313     0.7368 - 0.8598 
p1(1)          29 site 29         :  0.8332   0.0525     0.7042 - 0.9128 
p1(1)          30 site 30         :  0.7897   0.0376     0.7067 - 0.8540 
p1(1)          31 site 31         :  0.8346   0.0541     0.7007 - 0.9158 
p1(1)          32 site 32         :  0.7719   0.0589     0.6373 - 0.8670 
p1(1)          33 site 33         :  0.7811   0.0468     0.6761 - 0.8591 
p1(1)          34 site 34         :  0.7867   0.0404     0.6971 - 0.8554 
p1(1)          35 site 35         :  0.8145   0.0353     0.7353 - 0.8741 
p1(1)          36 site 36         :  0.7870   0.0401     0.6981 - 0.8552 
p1(1)          37 site 37         :  0.8244   0.0437     0.7222 - 0.8945 
p1(1)          38 site 38         :  0.7859   0.0413     0.6940 - 0.8559 
p1(1)          39 site 39         :  0.7650   0.0690     0.6054 - 0.8736 
p1(1)          40 site 40         :  0.7969   0.0326     0.7255 - 0.8535 
p1(1)          41 site 41         :  0.8161   0.0365     0.7338 - 0.8772 
p1(1)          42 site 42         :  0.8089   0.0323     0.7376 - 0.8643 
p1(1)          43 site 43         :  0.7870   0.0401     0.6981 - 0.8552 
p1(1)          44 site 44         :  0.8086   0.0322     0.7376 - 0.8639 
p1(1)          45 site 45         :  0.7888   0.0384     0.7040 - 0.8544 
p1(1)          46 site 46         :  0.7966   0.0328     0.7249 - 0.8534 
p1(1)          47 site 47         :  0.8014   0.0313     0.7331 - 0.8557 
p1(1)          48 site 48         :  0.7873   0.0398     0.6991 - 0.8551 
p1(1)          49 site 49         :  0.8327   0.0520     0.7053 - 0.9118 
p1(1)          50 site 50         :  0.8334   0.0528     0.7036 - 0.9133 
p1(1)          51 site 51         :  0.8121   0.0338     0.7368 - 0.8697 
p1(1)          52 site 52         :  0.7865   0.0407     0.6961 - 0.8555 
p1(1)          53 site 53         :  0.8267   0.0459     0.7180 - 0.8994 
p1(1)          54 site 54         :  0.7937   0.0344     0.7182 - 0.8532 
p1(2)           1 site 1          :  0.8358   0.0554     0.6978 - 0.9182 
p1(2)           2 site 2          :  0.7838   0.0436     0.6865 - 0.8572 
p1(2)           3 site 3          :  0.8011   0.0313     0.7327 - 0.8555 
p1(2)           4 site 4          :  0.8158   0.0363     0.7341 - 0.8767 
p1(2)           5 site 5          :  0.8135   0.0346     0.7360 - 0.8721 
p1(2)           6 site 6          :  0.7750   0.0546     0.6509 - 0.8642 
p1(2)           7 site 7          :  0.8190   0.0387     0.7305 - 0.8831 
p1(2)           8 site 8          :  0.7691   0.0629     0.6245 - 0.8697 
p1(2)           9 site 9          :  0.8302   0.0495     0.7108 - 0.9067 
p1(2)          10 site 10         :  0.7949   0.0337     0.7211 - 0.8532 
p1(2)          11 site 11         :  0.7960   0.0330     0.7237 - 0.8533 
p1(2)          12 site 12         :  0.8200   0.0396     0.7291 - 0.8852 
p1(2)          13 site 13         :  0.7799   0.0482     0.6713 - 0.8601 
p1(2)          14 site 14         :  0.7891   0.0381     0.7049 - 0.8542 
p1(2)          15 site 15         :  0.7867   0.0404     0.6971 - 0.8554 
p1(2)          16 site 16         :  0.7606   0.0759     0.5840 - 0.8779 
p1(2)          17 site 17         :  0.8151   0.0357     0.7348 - 0.8751 
p1(2)          18 site 18         :  0.7885   0.0387     0.7030 - 0.8545 
p1(2)          19 site 19         :  0.8206   0.0401     0.7284 - 0.8863 
p1(2)          20 site 20         :  0.8349   0.0543     0.7001 - 0.9163 
p1(2)          21 site 21         :  0.8319   0.0512     0.7070 - 0.9103 
p1(2)          22 site 22         :  0.8110   0.0332     0.7373 - 0.8678 
p1(2)          23 site 23         :  0.8056   0.0313     0.7368 - 0.8598 
p1(2)          24 site 24         :  0.7650   0.0690     0.6054 - 0.8736 
p1(2)          25 site 25         :  0.8254   0.0446     0.7204 - 0.8967 
p1(2)          26 site 26         :  0.8339   0.0533     0.7025 - 0.9143 
p1(2)          27 site 27         :  0.7666   0.0666     0.6128 - 0.8721 
p1(2)          28 site 28         :  0.8056   0.0313     0.7368 - 0.8598 
p1(2)          29 site 29         :  0.8332   0.0525     0.7042 - 0.9128 
p1(2)          30 site 30         :  0.7897   0.0376     0.7067 - 0.8540 
p1(2)          31 site 31         :  0.8346   0.0541     0.7007 - 0.9158 
p1(2)          32 site 32         :  0.7719   0.0589     0.6373 - 0.8670 
p1(2)          33 site 33         :  0.7811   0.0468     0.6761 - 0.8591 
p1(2)          34 site 34         :  0.7867   0.0404     0.6971 - 0.8554 
p1(2)          35 site 35         :  0.8145   0.0353     0.7353 - 0.8741 
p1(2)          36 site 36         :  0.7870   0.0401     0.6981 - 0.8552 
p1(2)          37 site 37         :  0.8244   0.0437     0.7222 - 0.8945 
p1(2)          38 site 38         :  0.7859   0.0413     0.6940 - 0.8559 
p1(2)          39 site 39         :  0.7650   0.0690     0.6054 - 0.8736 
p1(2)          40 site 40         :  0.7969   0.0326     0.7255 - 0.8535 
p1(2)          41 site 41         :  0.8161   0.0365     0.7338 - 0.8772 
p1(2)          42 site 42         :  0.8089   0.0323     0.7376 - 0.8643 
p1(2)          43 site 43         :  0.7870   0.0401     0.6981 - 0.8552 
p1(2)          44 site 44         :  0.8086   0.0322     0.7376 - 0.8639 
p1(2)          45 site 45         :  0.7888   0.0384     0.7040 - 0.8544 
p1(2)          46 site 46         :  0.7966   0.0328     0.7249 - 0.8534 
p1(2)          47 site 47         :  0.8014   0.0313     0.7331 - 0.8557 
p1(2)          48 site 48         :  0.7873   0.0398     0.6991 - 0.8551 
p1(2)          49 site 49         :  0.8327   0.0520     0.7053 - 0.9118 
p1(2)          50 site 50         :  0.8334   0.0528     0.7036 - 0.9133 
p1(2)          51 site 51         :  0.8121   0.0338     0.7368 - 0.8697 
p1(2)          52 site 52         :  0.7865   0.0407     0.6961 - 0.8555 
p1(2)          53 site 53         :  0.8267   0.0459     0.7180 - 0.8994 
p1(2)          54 site 54         :  0.7937   0.0344     0.7182 - 0.8532 
p1(3)           1 site 1          :  0.8358   0.0554     0.6978 - 0.9182 
p1(3)           2 site 2          :  0.7838   0.0436     0.6865 - 0.8572 
p1(3)           3 site 3          :  0.8011   0.0313     0.7327 - 0.8555 
p1(3)           4 site 4          :  0.8158   0.0363     0.7341 - 0.8767 
p1(3)           5 site 5          :  0.8135   0.0346     0.7360 - 0.8721 
p1(3)           6 site 6          :  0.7750   0.0546     0.6509 - 0.8642 
p1(3)           7 site 7          :  0.8190   0.0387     0.7305 - 0.8831 
p1(3)           8 site 8          :  0.7691   0.0629     0.6245 - 0.8697 
p1(3)           9 site 9          :  0.8302   0.0495     0.7108 - 0.9067 
p1(3)          10 site 10         :  0.7949   0.0337     0.7211 - 0.8532 
p1(3)          11 site 11         :  0.7960   0.0330     0.7237 - 0.8533 
p1(3)          12 site 12         :  0.8200   0.0396     0.7291 - 0.8852 
p1(3)          13 site 13         :  0.7799   0.0482     0.6713 - 0.8601 
p1(3)          14 site 14         :  0.7891   0.0381     0.7049 - 0.8542 
p1(3)          15 site 15         :  0.7867   0.0404     0.6971 - 0.8554 
p1(3)          16 site 16         :  0.7606   0.0759     0.5840 - 0.8779 
p1(3)          17 site 17         :  0.8151   0.0357     0.7348 - 0.8751 
p1(3)          18 site 18         :  0.7885   0.0387     0.7030 - 0.8545 
p1(3)          19 site 19         :  0.8206   0.0401     0.7284 - 0.8863 
p1(3)          20 site 20         :  0.8349   0.0543     0.7001 - 0.9163 
p1(3)          21 site 21         :  0.8319   0.0512     0.7070 - 0.9103 
p1(3)          22 site 22         :  0.8110   0.0332     0.7373 - 0.8678 
p1(3)          23 site 23         :  0.8056   0.0313     0.7368 - 0.8598 
p1(3)          24 site 24         :  0.7650   0.0690     0.6054 - 0.8736 
p1(3)          25 site 25         :  0.8254   0.0446     0.7204 - 0.8967 
p1(3)          26 site 26         :  0.8339   0.0533     0.7025 - 0.9143 
p1(3)          27 site 27         :  0.7666   0.0666     0.6128 - 0.8721 
p1(3)          28 site 28         :  0.8056   0.0313     0.7368 - 0.8598 
p1(3)          29 site 29         :  0.8332   0.0525     0.7042 - 0.9128 
p1(3)          30 site 30         :  0.7897   0.0376     0.7067 - 0.8540 
p1(3)          31 site 31         :  0.8346   0.0541     0.7007 - 0.9158 
p1(3)          32 site 32         :  0.7719   0.0589     0.6373 - 0.8670 
p1(3)          33 site 33         :  0.7811   0.0468     0.6761 - 0.8591 
p1(3)          34 site 34         :  0.7867   0.0404     0.6971 - 0.8554 
p1(3)          35 site 35         :  0.8145   0.0353     0.7353 - 0.8741 
p1(3)          36 site 36         :  0.7870   0.0401     0.6981 - 0.8552 
p1(3)          37 site 37         :  0.8244   0.0437     0.7222 - 0.8945 
p1(3)          38 site 38         :  0.7859   0.0413     0.6940 - 0.8559 
p1(3)          39 site 39         :  0.7650   0.0690     0.6054 - 0.8736 
p1(3)          40 site 40         :  0.7969   0.0326     0.7255 - 0.8535 
p1(3)          41 site 41         :  0.8161   0.0365     0.7338 - 0.8772 
p1(3)          42 site 42         :  0.8089   0.0323     0.7376 - 0.8643 
p1(3)          43 site 43         :  0.7870   0.0401     0.6981 - 0.8552 
p1(3)          44 site 44         :  0.8086   0.0322     0.7376 - 0.8639 
p1(3)          45 site 45         :  0.7888   0.0384     0.7040 - 0.8544 
p1(3)          46 site 46         :  0.7966   0.0328     0.7249 - 0.8534 
p1(3)          47 site 47         :  0.8014   0.0313     0.7331 - 0.8557 
p1(3)          48 site 48         :  0.7873   0.0398     0.6991 - 0.8551 
p1(3)          49 site 49         :  0.8327   0.0520     0.7053 - 0.9118 
p1(3)          50 site 50         :  0.8334   0.0528     0.7036 - 0.9133 
p1(3)          51 site 51         :  0.8121   0.0338     0.7368 - 0.8697 
p1(3)          52 site 52         :  0.7865   0.0407     0.6961 - 0.8555 
p1(3)          53 site 53         :  0.8267   0.0459     0.7180 - 0.8994 
p1(3)          54 site 54         :  0.7937   0.0344     0.7182 - 0.8532 
p1(4)           1 site 1          :  0.8358   0.0554     0.6978 - 0.9182 
p1(4)           2 site 2          :  0.7838   0.0436     0.6865 - 0.8572 
p1(4)           3 site 3          :  0.8011   0.0313     0.7327 - 0.8555 
p1(4)           4 site 4          :  0.8158   0.0363     0.7341 - 0.8767 
p1(4)           5 site 5          :  0.8135   0.0346     0.7360 - 0.8721 
p1(4)           6 site 6          :  0.7750   0.0546     0.6509 - 0.8642 
p1(4)           7 site 7          :  0.8190   0.0387     0.7305 - 0.8831 
p1(4)           8 site 8          :  0.7691   0.0629     0.6245 - 0.8697 
p1(4)           9 site 9          :  0.8302   0.0495     0.7108 - 0.9067 
p1(4)          10 site 10         :  0.7949   0.0337     0.7211 - 0.8532 
p1(4)          11 site 11         :  0.7960   0.0330     0.7237 - 0.8533 
p1(4)          12 site 12         :  0.8200   0.0396     0.7291 - 0.8852 
p1(4)          13 site 13         :  0.7799   0.0482     0.6713 - 0.8601 
p1(4)          14 site 14         :  0.7891   0.0381     0.7049 - 0.8542 
p1(4)          15 site 15         :  0.7867   0.0404     0.6971 - 0.8554 
p1(4)          16 site 16         :  0.7606   0.0759     0.5840 - 0.8779 
p1(4)          17 site 17         :  0.8151   0.0357     0.7348 - 0.8751 
p1(4)          18 site 18         :  0.7885   0.0387     0.7030 - 0.8545 
p1(4)          19 site 19         :  0.8206   0.0401     0.7284 - 0.8863 
p1(4)          20 site 20         :  0.8349   0.0543     0.7001 - 0.9163 
p1(4)          21 site 21         :  0.8319   0.0512     0.7070 - 0.9103 
p1(4)          22 site 22         :  0.8110   0.0332     0.7373 - 0.8678 
p1(4)          23 site 23         :  0.8056   0.0313     0.7368 - 0.8598 
p1(4)          24 site 24         :  0.7650   0.0690     0.6054 - 0.8736 
p1(4)          25 site 25         :  0.8254   0.0446     0.7204 - 0.8967 
p1(4)          26 site 26         :  0.8339   0.0533     0.7025 - 0.9143 
p1(4)          27 site 27         :  0.7666   0.0666     0.6128 - 0.8721 
p1(4)          28 site 28         :  0.8056   0.0313     0.7368 - 0.8598 
p1(4)          29 site 29         :  0.8332   0.0525     0.7042 - 0.9128 
p1(4)          30 site 30         :  0.7897   0.0376     0.7067 - 0.8540 
p1(4)          31 site 31         :  0.8346   0.0541     0.7007 - 0.9158 
p1(4)          32 site 32         :  0.7719   0.0589     0.6373 - 0.8670 
p1(4)          33 site 33         :  0.7811   0.0468     0.6761 - 0.8591 
p1(4)          34 site 34         :  0.7867   0.0404     0.6971 - 0.8554 
p1(4)          35 site 35         :  0.8145   0.0353     0.7353 - 0.8741 
p1(4)          36 site 36         :  0.7870   0.0401     0.6981 - 0.8552 
p1(4)          37 site 37         :  0.8244   0.0437     0.7222 - 0.8945 
p1(4)          38 site 38         :  0.7859   0.0413     0.6940 - 0.8559 
p1(4)          39 site 39         :  0.7650   0.0690     0.6054 - 0.8736 
p1(4)          40 site 40         :  0.7969   0.0326     0.7255 - 0.8535 
p1(4)          41 site 41         :  0.8161   0.0365     0.7338 - 0.8772 
p1(4)          42 site 42         :  0.8089   0.0323     0.7376 - 0.8643 
p1(4)          43 site 43         :  0.7870   0.0401     0.6981 - 0.8552 
p1(4)          44 site 44         :  0.8086   0.0322     0.7376 - 0.8639 
p1(4)          45 site 45         :  0.7888   0.0384     0.7040 - 0.8544 
p1(4)          46 site 46         :  0.7966   0.0328     0.7249 - 0.8534 
p1(4)          47 site 47         :  0.8014   0.0313     0.7331 - 0.8557 
p1(4)          48 site 48         :  0.7873   0.0398     0.6991 - 0.8551 
p1(4)          49 site 49         :  0.8327   0.0520     0.7053 - 0.9118 
p1(4)          50 site 50         :  0.8334   0.0528     0.7036 - 0.9133 
p1(4)          51 site 51         :  0.8121   0.0338     0.7368 - 0.8697 
p1(4)          52 site 52         :  0.7865   0.0407     0.6961 - 0.8555 
p1(4)          53 site 53         :  0.8267   0.0459     0.7180 - 0.8994 
p1(4)          54 site 54         :  0.7937   0.0344     0.7182 - 0.8532 

   Individual Site estimates of <p2(1)> 
                Site               estimate  Std.err   95% conf. interval
p2(1)           1 site 1          :  0.8358   0.0554     0.6978 - 0.9182 
p2(1)           2 site 2          :  0.7838   0.0436     0.6865 - 0.8572 
p2(1)           3 site 3          :  0.8011   0.0313     0.7327 - 0.8555 
p2(1)           4 site 4          :  0.8158   0.0363     0.7341 - 0.8767 
p2(1)           5 site 5          :  0.8135   0.0346     0.7360 - 0.8721 
p2(1)           6 site 6          :  0.7750   0.0546     0.6509 - 0.8642 
p2(1)           7 site 7          :  0.8190   0.0387     0.7305 - 0.8831 
p2(1)           8 site 8          :  0.7691   0.0629     0.6245 - 0.8697 
p2(1)           9 site 9          :  0.8302   0.0495     0.7108 - 0.9067 
p2(1)          10 site 10         :  0.7949   0.0337     0.7211 - 0.8532 
p2(1)          11 site 11         :  0.7960   0.0330     0.7237 - 0.8533 
p2(1)          12 site 12         :  0.8200   0.0396     0.7291 - 0.8852 
p2(1)          13 site 13         :  0.7799   0.0482     0.6713 - 0.8601 
p2(1)          14 site 14         :  0.7891   0.0381     0.7049 - 0.8542 
p2(1)          15 site 15         :  0.7867   0.0404     0.6971 - 0.8554 
p2(1)          16 site 16         :  0.7606   0.0759     0.5840 - 0.8779 
p2(1)          17 site 17         :  0.8151   0.0357     0.7348 - 0.8751 
p2(1)          18 site 18         :  0.7885   0.0387     0.7030 - 0.8545 
p2(1)          19 site 19         :  0.8206   0.0401     0.7284 - 0.8863 
p2(1)          20 site 20         :  0.8349   0.0543     0.7001 - 0.9163 
p2(1)          21 site 21         :  0.8319   0.0512     0.7070 - 0.9103 
p2(1)          22 site 22         :  0.8110   0.0332     0.7373 - 0.8678 
p2(1)          23 site 23         :  0.8056   0.0313     0.7368 - 0.8598 
p2(1)          24 site 24         :  0.7650   0.0690     0.6054 - 0.8736 
p2(1)          25 site 25         :  0.8254   0.0446     0.7204 - 0.8967 
p2(1)          26 site 26         :  0.8339   0.0533     0.7025 - 0.9143 
p2(1)          27 site 27         :  0.7666   0.0666     0.6128 - 0.8721 
p2(1)          28 site 28         :  0.8056   0.0313     0.7368 - 0.8598 
p2(1)          29 site 29         :  0.8332   0.0525     0.7042 - 0.9128 
p2(1)          30 site 30         :  0.7897   0.0376     0.7067 - 0.8540 
p2(1)          31 site 31         :  0.8346   0.0541     0.7007 - 0.9158 
p2(1)          32 site 32         :  0.7719   0.0589     0.6373 - 0.8670 
p2(1)          33 site 33         :  0.7811   0.0468     0.6761 - 0.8591 
p2(1)          34 site 34         :  0.7867   0.0404     0.6971 - 0.8554 
p2(1)          35 site 35         :  0.8145   0.0353     0.7353 - 0.8741 
p2(1)          36 site 36         :  0.7870   0.0401     0.6981 - 0.8552 
p2(1)          37 site 37         :  0.8244   0.0437     0.7222 - 0.8945 
p2(1)          38 site 38         :  0.7859   0.0413     0.6940 - 0.8559 
p2(1)          39 site 39         :  0.7650   0.0690     0.6054 - 0.8736 
p2(1)          40 site 40         :  0.7969   0.0326     0.7255 - 0.8535 
p2(1)          41 site 41         :  0.8161   0.0365     0.7338 - 0.8772 
p2(1)          42 site 42         :  0.8089   0.0323     0.7376 - 0.8643 
p2(1)          43 site 43         :  0.7870   0.0401     0.6981 - 0.8552 
p2(1)          44 site 44         :  0.8086   0.0322     0.7376 - 0.8639 
p2(1)          45 site 45         :  0.7888   0.0384     0.7040 - 0.8544 
p2(1)          46 site 46         :  0.7966   0.0328     0.7249 - 0.8534 
p2(1)          47 site 47         :  0.8014   0.0313     0.7331 - 0.8557 
p2(1)          48 site 48         :  0.7873   0.0398     0.6991 - 0.8551 
p2(1)          49 site 49         :  0.8327   0.0520     0.7053 - 0.9118 
p2(1)          50 site 50         :  0.8334   0.0528     0.7036 - 0.9133 
p2(1)          51 site 51         :  0.8121   0.0338     0.7368 - 0.8697 
p2(1)          52 site 52         :  0.7865   0.0407     0.6961 - 0.8555 
p2(1)          53 site 53         :  0.8267   0.0459     0.7180 - 0.8994 
p2(1)          54 site 54         :  0.7937   0.0344     0.7182 - 0.8532 
p2(2)           1 site 1          :  0.8358   0.0554     0.6978 - 0.9182 
p2(2)           2 site 2          :  0.7838   0.0436     0.6865 - 0.8572 
p2(2)           3 site 3          :  0.8011   0.0313     0.7327 - 0.8555 
p2(2)           4 site 4          :  0.8158   0.0363     0.7341 - 0.8767 
p2(2)           5 site 5          :  0.8135   0.0346     0.7360 - 0.8721 
p2(2)           6 site 6          :  0.7750   0.0546     0.6509 - 0.8642 
p2(2)           7 site 7          :  0.8190   0.0387     0.7305 - 0.8831 
p2(2)           8 site 8          :  0.7691   0.0629     0.6245 - 0.8697 
p2(2)           9 site 9          :  0.8302   0.0495     0.7108 - 0.9067 
p2(2)          10 site 10         :  0.7949   0.0337     0.7211 - 0.8532 
p2(2)          11 site 11         :  0.7960   0.0330     0.7237 - 0.8533 
p2(2)          12 site 12         :  0.8200   0.0396     0.7291 - 0.8852 
p2(2)          13 site 13         :  0.7799   0.0482     0.6713 - 0.8601 
p2(2)          14 site 14         :  0.7891   0.0381     0.7049 - 0.8542 
p2(2)          15 site 15         :  0.7867   0.0404     0.6971 - 0.8554 
p2(2)          16 site 16         :  0.7606   0.0759     0.5840 - 0.8779 
p2(2)          17 site 17         :  0.8151   0.0357     0.7348 - 0.8751 
p2(2)          18 site 18         :  0.7885   0.0387     0.7030 - 0.8545 
p2(2)          19 site 19         :  0.8206   0.0401     0.7284 - 0.8863 
p2(2)          20 site 20         :  0.8349   0.0543     0.7001 - 0.9163 
p2(2)          21 site 21         :  0.8319   0.0512     0.7070 - 0.9103 
p2(2)          22 site 22         :  0.8110   0.0332     0.7373 - 0.8678 
p2(2)          23 site 23         :  0.8056   0.0313     0.7368 - 0.8598 
p2(2)          24 site 24         :  0.7650   0.0690     0.6054 - 0.8736 
p2(2)          25 site 25         :  0.8254   0.0446     0.7204 - 0.8967 
p2(2)          26 site 26         :  0.8339   0.0533     0.7025 - 0.9143 
p2(2)          27 site 27         :  0.7666   0.0666     0.6128 - 0.8721 
p2(2)          28 site 28         :  0.8056   0.0313     0.7368 - 0.8598 
p2(2)          29 site 29         :  0.8332   0.0525     0.7042 - 0.9128 
p2(2)          30 site 30         :  0.7897   0.0376     0.7067 - 0.8540 
p2(2)          31 site 31         :  0.8346   0.0541     0.7007 - 0.9158 
p2(2)          32 site 32         :  0.7719   0.0589     0.6373 - 0.8670 
p2(2)          33 site 33         :  0.7811   0.0468     0.6761 - 0.8591 
p2(2)          34 site 34         :  0.7867   0.0404     0.6971 - 0.8554 
p2(2)          35 site 35         :  0.8145   0.0353     0.7353 - 0.8741 
p2(2)          36 site 36         :  0.7870   0.0401     0.6981 - 0.8552 
p2(2)          37 site 37         :  0.8244   0.0437     0.7222 - 0.8945 
p2(2)          38 site 38         :  0.7859   0.0413     0.6940 - 0.8559 
p2(2)          39 site 39         :  0.7650   0.0690     0.6054 - 0.8736 
p2(2)          40 site 40         :  0.7969   0.0326     0.7255 - 0.8535 
p2(2)          41 site 41         :  0.8161   0.0365     0.7338 - 0.8772 
p2(2)          42 site 42         :  0.8089   0.0323     0.7376 - 0.8643 
p2(2)          43 site 43         :  0.7870   0.0401     0.6981 - 0.8552 
p2(2)          44 site 44         :  0.8086   0.0322     0.7376 - 0.8639 
p2(2)          45 site 45         :  0.7888   0.0384     0.7040 - 0.8544 
p2(2)          46 site 46         :  0.7966   0.0328     0.7249 - 0.8534 
p2(2)          47 site 47         :  0.8014   0.0313     0.7331 - 0.8557 
p2(2)          48 site 48         :  0.7873   0.0398     0.6991 - 0.8551 
p2(2)          49 site 49         :  0.8327   0.0520     0.7053 - 0.9118 
p2(2)          50 site 50         :  0.8334   0.0528     0.7036 - 0.9133 
p2(2)          51 site 51         :  0.8121   0.0338     0.7368 - 0.8697 
p2(2)          52 site 52         :  0.7865   0.0407     0.6961 - 0.8555 
p2(2)          53 site 53         :  0.8267   0.0459     0.7180 - 0.8994 
p2(2)          54 site 54         :  0.7937   0.0344     0.7182 - 0.8532 
p2(3)           1 site 1          :  0.8358   0.0554     0.6978 - 0.9182 
p2(3)           2 site 2          :  0.7838   0.0436     0.6865 - 0.8572 
p2(3)           3 site 3          :  0.8011   0.0313     0.7327 - 0.8555 
p2(3)           4 site 4          :  0.8158   0.0363     0.7341 - 0.8767 
p2(3)           5 site 5          :  0.8135   0.0346     0.7360 - 0.8721 
p2(3)           6 site 6          :  0.7750   0.0546     0.6509 - 0.8642 
p2(3)           7 site 7          :  0.8190   0.0387     0.7305 - 0.8831 
p2(3)           8 site 8          :  0.7691   0.0629     0.6245 - 0.8697 
p2(3)           9 site 9          :  0.8302   0.0495     0.7108 - 0.9067 
p2(3)          10 site 10         :  0.7949   0.0337     0.7211 - 0.8532 
p2(3)          11 site 11         :  0.7960   0.0330     0.7237 - 0.8533 
p2(3)          12 site 12         :  0.8200   0.0396     0.7291 - 0.8852 
p2(3)          13 site 13         :  0.7799   0.0482     0.6713 - 0.8601 
p2(3)          14 site 14         :  0.7891   0.0381     0.7049 - 0.8542 
p2(3)          15 site 15         :  0.7867   0.0404     0.6971 - 0.8554 
p2(3)          16 site 16         :  0.7606   0.0759     0.5840 - 0.8779 
p2(3)          17 site 17         :  0.8151   0.0357     0.7348 - 0.8751 
p2(3)          18 site 18         :  0.7885   0.0387     0.7030 - 0.8545 
p2(3)          19 site 19         :  0.8206   0.0401     0.7284 - 0.8863 
p2(3)          20 site 20         :  0.8349   0.0543     0.7001 - 0.9163 
p2(3)          21 site 21         :  0.8319   0.0512     0.7070 - 0.9103 
p2(3)          22 site 22         :  0.8110   0.0332     0.7373 - 0.8678 
p2(3)          23 site 23         :  0.8056   0.0313     0.7368 - 0.8598 
p2(3)          24 site 24         :  0.7650   0.0690     0.6054 - 0.8736 
p2(3)          25 site 25         :  0.8254   0.0446     0.7204 - 0.8967 
p2(3)          26 site 26         :  0.8339   0.0533     0.7025 - 0.9143 
p2(3)          27 site 27         :  0.7666   0.0666     0.6128 - 0.8721 
p2(3)          28 site 28         :  0.8056   0.0313     0.7368 - 0.8598 
p2(3)          29 site 29         :  0.8332   0.0525     0.7042 - 0.9128 
p2(3)          30 site 30         :  0.7897   0.0376     0.7067 - 0.8540 
p2(3)          31 site 31         :  0.8346   0.0541     0.7007 - 0.9158 
p2(3)          32 site 32         :  0.7719   0.0589     0.6373 - 0.8670 
p2(3)          33 site 33         :  0.7811   0.0468     0.6761 - 0.8591 
p2(3)          34 site 34         :  0.7867   0.0404     0.6971 - 0.8554 
p2(3)          35 site 35         :  0.8145   0.0353     0.7353 - 0.8741 
p2(3)          36 site 36         :  0.7870   0.0401     0.6981 - 0.8552 
p2(3)          37 site 37         :  0.8244   0.0437     0.7222 - 0.8945 
p2(3)          38 site 38         :  0.7859   0.0413     0.6940 - 0.8559 
p2(3)          39 site 39         :  0.7650   0.0690     0.6054 - 0.8736 
p2(3)          40 site 40         :  0.7969   0.0326     0.7255 - 0.8535 
p2(3)          41 site 41         :  0.8161   0.0365     0.7338 - 0.8772 
p2(3)          42 site 42         :  0.8089   0.0323     0.7376 - 0.8643 
p2(3)          43 site 43         :  0.7870   0.0401     0.6981 - 0.8552 
p2(3)          44 site 44         :  0.8086   0.0322     0.7376 - 0.8639 
p2(3)          45 site 45         :  0.7888   0.0384     0.7040 - 0.8544 
p2(3)          46 site 46         :  0.7966   0.0328     0.7249 - 0.8534 
p2(3)          47 site 47         :  0.8014   0.0313     0.7331 - 0.8557 
p2(3)          48 site 48         :  0.7873   0.0398     0.6991 - 0.8551 
p2(3)          49 site 49         :  0.8327   0.0520     0.7053 - 0.9118 
p2(3)          50 site 50         :  0.8334   0.0528     0.7036 - 0.9133 
p2(3)          51 site 51         :  0.8121   0.0338     0.7368 - 0.8697 
p2(3)          52 site 52         :  0.7865   0.0407     0.6961 - 0.8555 
p2(3)          53 site 53         :  0.8267   0.0459     0.7180 - 0.8994 
p2(3)          54 site 54         :  0.7937   0.0344     0.7182 - 0.8532 
p2(4)           1 site 1          :  0.8358   0.0554     0.6978 - 0.9182 
p2(4)           2 site 2          :  0.7838   0.0436     0.6865 - 0.8572 
p2(4)           3 site 3          :  0.8011   0.0313     0.7327 - 0.8555 
p2(4)           4 site 4          :  0.8158   0.0363     0.7341 - 0.8767 
p2(4)           5 site 5          :  0.8135   0.0346     0.7360 - 0.8721 
p2(4)           6 site 6          :  0.7750   0.0546     0.6509 - 0.8642 
p2(4)           7 site 7          :  0.8190   0.0387     0.7305 - 0.8831 
p2(4)           8 site 8          :  0.7691   0.0629     0.6245 - 0.8697 
p2(4)           9 site 9          :  0.8302   0.0495     0.7108 - 0.9067 
p2(4)          10 site 10         :  0.7949   0.0337     0.7211 - 0.8532 
p2(4)          11 site 11         :  0.7960   0.0330     0.7237 - 0.8533 
p2(4)          12 site 12         :  0.8200   0.0396     0.7291 - 0.8852 
p2(4)          13 site 13         :  0.7799   0.0482     0.6713 - 0.8601 
p2(4)          14 site 14         :  0.7891   0.0381     0.7049 - 0.8542 
p2(4)          15 site 15         :  0.7867   0.0404     0.6971 - 0.8554 
p2(4)          16 site 16         :  0.7606   0.0759     0.5840 - 0.8779 
p2(4)          17 site 17         :  0.8151   0.0357     0.7348 - 0.8751 
p2(4)          18 site 18         :  0.7885   0.0387     0.7030 - 0.8545 
p2(4)          19 site 19         :  0.8206   0.0401     0.7284 - 0.8863 
p2(4)          20 site 20         :  0.8349   0.0543     0.7001 - 0.9163 
p2(4)          21 site 21         :  0.8319   0.0512     0.7070 - 0.9103 
p2(4)          22 site 22         :  0.8110   0.0332     0.7373 - 0.8678 
p2(4)          23 site 23         :  0.8056   0.0313     0.7368 - 0.8598 
p2(4)          24 site 24         :  0.7650   0.0690     0.6054 - 0.8736 
p2(4)          25 site 25         :  0.8254   0.0446     0.7204 - 0.8967 
p2(4)          26 site 26         :  0.8339   0.0533     0.7025 - 0.9143 
p2(4)          27 site 27         :  0.7666   0.0666     0.6128 - 0.8721 
p2(4)          28 site 28         :  0.8056   0.0313     0.7368 - 0.8598 
p2(4)          29 site 29         :  0.8332   0.0525     0.7042 - 0.9128 
p2(4)          30 site 30         :  0.7897   0.0376     0.7067 - 0.8540 
p2(4)          31 site 31         :  0.8346   0.0541     0.7007 - 0.9158 
p2(4)          32 site 32         :  0.7719   0.0589     0.6373 - 0.8670 
p2(4)          33 site 33         :  0.7811   0.0468     0.6761 - 0.8591 
p2(4)          34 site 34         :  0.7867   0.0404     0.6971 - 0.8554 
p2(4)          35 site 35         :  0.8145   0.0353     0.7353 - 0.8741 
p2(4)          36 site 36         :  0.7870   0.0401     0.6981 - 0.8552 
p2(4)          37 site 37         :  0.8244   0.0437     0.7222 - 0.8945 
p2(4)          38 site 38         :  0.7859   0.0413     0.6940 - 0.8559 
p2(4)          39 site 39         :  0.7650   0.0690     0.6054 - 0.8736 
p2(4)          40 site 40         :  0.7969   0.0326     0.7255 - 0.8535 
p2(4)          41 site 41         :  0.8161   0.0365     0.7338 - 0.8772 
p2(4)          42 site 42         :  0.8089   0.0323     0.7376 - 0.8643 
p2(4)          43 site 43         :  0.7870   0.0401     0.6981 - 0.8552 
p2(4)          44 site 44         :  0.8086   0.0322     0.7376 - 0.8639 
p2(4)          45 site 45         :  0.7888   0.0384     0.7040 - 0.8544 
p2(4)          46 site 46         :  0.7966   0.0328     0.7249 - 0.8534 
p2(4)          47 site 47         :  0.8014   0.0313     0.7331 - 0.8557 
p2(4)          48 site 48         :  0.7873   0.0398     0.6991 - 0.8551 
p2(4)          49 site 49         :  0.8327   0.0520     0.7053 - 0.9118 
p2(4)          50 site 50         :  0.8334   0.0528     0.7036 - 0.9133 
p2(4)          51 site 51         :  0.8121   0.0338     0.7368 - 0.8697 
p2(4)          52 site 52         :  0.7865   0.0407     0.6961 - 0.8555 
p2(4)          53 site 53         :  0.8267   0.0459     0.7180 - 0.8994 
p2(4)          54 site 54         :  0.7937   0.0344     0.7182 - 0.8532 

   Individual Site estimates of <dlta(1)> 
                Site               estimate  Std.err   95% conf. interval
dlta(1)         1 site 1          :  0.4457   0.1959     0.1453 - 0.7919 
dlta(1)         2 site 2          :  0.3616   0.0577     0.2576 - 0.4804 
dlta(1)         3 site 3          :  0.3871   0.0683     0.2643 - 0.5261 
dlta(1)         4 site 4          :  0.4106   0.1138     0.2170 - 0.6365 
dlta(1)         5 site 5          :  0.4067   0.1052     0.2257 - 0.6171 
dlta(1)         6 site 6          :  0.3495   0.0730     0.2226 - 0.5020 
dlta(1)         7 site 7          :  0.4159   0.1256     0.2053 - 0.6624 
dlta(1)         8 site 8          :  0.3417   0.0864     0.1965 - 0.5242 
dlta(1)         9 site 9          :  0.4354   0.1712     0.1646 - 0.7512 
dlta(1)        10 site 10         :  0.3777   0.0571     0.2737 - 0.4942 
dlta(1)        11 site 11         :  0.3794   0.0586     0.2729 - 0.4989 
dlta(1)        12 site 12         :  0.4177   0.1296     0.2015 - 0.6709 
dlta(1)        13 site 13         :  0.3561   0.0635     0.2433 - 0.4876 
dlta(1)        14 site 14         :  0.3692   0.0540     0.2708 - 0.4798 
dlta(1)        15 site 15         :  0.3658   0.0550     0.2660 - 0.4785 
dlta(1)        16 site 16         :  0.3307   0.1072     0.1605 - 0.5609 
dlta(1)        17 site 17         :  0.4093   0.1109     0.2199 - 0.6300 
dlta(1)        18 site 18         :  0.3683   0.0542     0.2698 - 0.4792 
dlta(1)        19 site 19         :  0.4185   0.1316     0.1996 - 0.6751 
dlta(1)        20 site 20         :  0.4439   0.1916     0.1485 - 0.7851 
dlta(1)        21 site 21         :  0.4386   0.1787     0.1585 - 0.7641 
dlta(1)        22 site 22         :  0.4027   0.0969     0.2343 - 0.5977 
dlta(1)        23 site 23         :  0.3940   0.0799     0.2523 - 0.5561 
dlta(1)        24 site 24         :  0.3364   0.0963     0.1788 - 0.5413 
dlta(1)        25 site 25         :  0.4270   0.1512     0.1816 - 0.7144 
dlta(1)        26 site 26         :  0.4421   0.1873     0.1518 - 0.7782 
dlta(1)        27 site 27         :  0.3384   0.0924     0.1855 - 0.5346 
dlta(1)        28 site 28         :  0.3940   0.0799     0.2523 - 0.5561 
dlta(1)        29 site 29         :  0.4408   0.1840     0.1543 - 0.7730 
dlta(1)        30 site 30         :  0.3700   0.0540     0.2716 - 0.4805 
dlta(1)        31 site 31         :  0.4435   0.1905     0.1493 - 0.7834 
dlta(1)        32 site 32         :  0.3454   0.0798     0.2089 - 0.5132 
dlta(1)        33 site 33         :  0.3578   0.0615     0.2480 - 0.4849 
dlta(1)        34 site 34         :  0.3658   0.0550     0.2660 - 0.4785 
dlta(1)        35 site 35         :  0.4084   0.1090     0.2218 - 0.6257 
dlta(1)        36 site 36         :  0.3662   0.0548     0.2667 - 0.4785 
dlta(1)        37 site 37         :  0.4252   0.1470     0.1854 - 0.7063 
dlta(1)        38 site 38         :  0.3645   0.0556     0.2638 - 0.4787 
dlta(1)        39 site 39         :  0.3364   0.0963     0.1788 - 0.5413 
dlta(1)        40 site 40         :  0.3806   0.0599     0.2719 - 0.5028 
dlta(1)        41 site 41         :  0.4110   0.1148     0.2160 - 0.6387 
dlta(1)        42 site 42         :  0.3992   0.0899     0.2418 - 0.5807 
dlta(1)        43 site 43         :  0.3662   0.0548     0.2667 - 0.4785 
dlta(1)        44 site 44         :  0.3988   0.0890     0.2427 - 0.5786 
dlta(1)        45 site 45         :  0.3687   0.0541     0.2703 - 0.4795 
dlta(1)        46 site 46         :  0.3802   0.0595     0.2723 - 0.5015 
dlta(1)        47 site 47         :  0.3875   0.0689     0.2637 - 0.5278 
dlta(1)        48 site 48         :  0.3666   0.0546     0.2674 - 0.4786 
dlta(1)        49 site 49         :  0.4399   0.1819     0.1560 - 0.7695 
dlta(1)        50 site 50         :  0.4412   0.1851     0.1535 - 0.7748 
dlta(1)        51 site 51         :  0.4045   0.1006     0.2305 - 0.6063 
dlta(1)        52 site 52         :  0.3654   0.0552     0.2653 - 0.4785 
dlta(1)        53 site 53         :  0.4292   0.1564     0.1771 - 0.7243 
dlta(1)        54 site 54         :  0.3759   0.0559     0.2741 - 0.4901 
dlta(2)         1 site 1          :  0.4457   0.1959     0.1453 - 0.7919 
dlta(2)         2 site 2          :  0.3616   0.0577     0.2576 - 0.4804 
dlta(2)         3 site 3          :  0.3871   0.0683     0.2643 - 0.5261 
dlta(2)         4 site 4          :  0.4106   0.1138     0.2170 - 0.6365 
dlta(2)         5 site 5          :  0.4067   0.1052     0.2257 - 0.6171 
dlta(2)         6 site 6          :  0.3495   0.0730     0.2226 - 0.5020 
dlta(2)         7 site 7          :  0.4159   0.1256     0.2053 - 0.6624 
dlta(2)         8 site 8          :  0.3417   0.0864     0.1965 - 0.5242 
dlta(2)         9 site 9          :  0.4354   0.1712     0.1646 - 0.7512 
dlta(2)        10 site 10         :  0.3777   0.0571     0.2737 - 0.4942 
dlta(2)        11 site 11         :  0.3794   0.0586     0.2729 - 0.4989 
dlta(2)        12 site 12         :  0.4177   0.1296     0.2015 - 0.6709 
dlta(2)        13 site 13         :  0.3561   0.0635     0.2433 - 0.4876 
dlta(2)        14 site 14         :  0.3692   0.0540     0.2708 - 0.4798 
dlta(2)        15 site 15         :  0.3658   0.0550     0.2660 - 0.4785 
dlta(2)        16 site 16         :  0.3307   0.1072     0.1605 - 0.5609 
dlta(2)        17 site 17         :  0.4093   0.1109     0.2199 - 0.6300 
dlta(2)        18 site 18         :  0.3683   0.0542     0.2698 - 0.4792 
dlta(2)        19 site 19         :  0.4185   0.1316     0.1996 - 0.6751 
dlta(2)        20 site 20         :  0.4439   0.1916     0.1485 - 0.7851 
dlta(2)        21 site 21         :  0.4386   0.1787     0.1585 - 0.7641 
dlta(2)        22 site 22         :  0.4027   0.0969     0.2343 - 0.5977 
dlta(2)        23 site 23         :  0.3940   0.0799     0.2523 - 0.5561 
dlta(2)        24 site 24         :  0.3364   0.0963     0.1788 - 0.5413 
dlta(2)        25 site 25         :  0.4270   0.1512     0.1816 - 0.7144 
dlta(2)        26 site 26         :  0.4421   0.1873     0.1518 - 0.7782 
dlta(2)        27 site 27         :  0.3384   0.0924     0.1855 - 0.5346 
dlta(2)        28 site 28         :  0.3940   0.0799     0.2523 - 0.5561 
dlta(2)        29 site 29         :  0.4408   0.1840     0.1543 - 0.7730 
dlta(2)        30 site 30         :  0.3700   0.0540     0.2716 - 0.4805 
dlta(2)        31 site 31         :  0.4435   0.1905     0.1493 - 0.7834 
dlta(2)        32 site 32         :  0.3454   0.0798     0.2089 - 0.5132 
dlta(2)        33 site 33         :  0.3578   0.0615     0.2480 - 0.4849 
dlta(2)        34 site 34         :  0.3658   0.0550     0.2660 - 0.4785 
dlta(2)        35 site 35         :  0.4084   0.1090     0.2218 - 0.6257 
dlta(2)        36 site 36         :  0.3662   0.0548     0.2667 - 0.4785 
dlta(2)        37 site 37         :  0.4252   0.1470     0.1854 - 0.7063 
dlta(2)        38 site 38         :  0.3645   0.0556     0.2638 - 0.4787 
dlta(2)        39 site 39         :  0.3364   0.0963     0.1788 - 0.5413 
dlta(2)        40 site 40         :  0.3806   0.0599     0.2719 - 0.5028 
dlta(2)        41 site 41         :  0.4110   0.1148     0.2160 - 0.6387 
dlta(2)        42 site 42         :  0.3992   0.0899     0.2418 - 0.5807 
dlta(2)        43 site 43         :  0.3662   0.0548     0.2667 - 0.4785 
dlta(2)        44 site 44         :  0.3988   0.0890     0.2427 - 0.5786 
dlta(2)        45 site 45         :  0.3687   0.0541     0.2703 - 0.4795 
dlta(2)        46 site 46         :  0.3802   0.0595     0.2723 - 0.5015 
dlta(2)        47 site 47         :  0.3875   0.0689     0.2637 - 0.5278 
dlta(2)        48 site 48         :  0.3666   0.0546     0.2674 - 0.4786 
dlta(2)        49 site 49         :  0.4399   0.1819     0.1560 - 0.7695 
dlta(2)        50 site 50         :  0.4412   0.1851     0.1535 - 0.7748 
dlta(2)        51 site 51         :  0.4045   0.1006     0.2305 - 0.6063 
dlta(2)        52 site 52         :  0.3654   0.0552     0.2653 - 0.4785 
dlta(2)        53 site 53         :  0.4292   0.1564     0.1771 - 0.7243 
dlta(2)        54 site 54         :  0.3759   0.0559     0.2741 - 0.4901 
dlta(3)         1 site 1          :  0.4457   0.1959     0.1453 - 0.7919 
dlta(3)         2 site 2          :  0.3616   0.0577     0.2576 - 0.4804 
dlta(3)         3 site 3          :  0.3871   0.0683     0.2643 - 0.5261 
dlta(3)         4 site 4          :  0.4106   0.1138     0.2170 - 0.6365 
dlta(3)         5 site 5          :  0.4067   0.1052     0.2257 - 0.6171 
dlta(3)         6 site 6          :  0.3495   0.0730     0.2226 - 0.5020 
dlta(3)         7 site 7          :  0.4159   0.1256     0.2053 - 0.6624 
dlta(3)         8 site 8          :  0.3417   0.0864     0.1965 - 0.5242 
dlta(3)         9 site 9          :  0.4354   0.1712     0.1646 - 0.7512 
dlta(3)        10 site 10         :  0.3777   0.0571     0.2737 - 0.4942 
dlta(3)        11 site 11         :  0.3794   0.0586     0.2729 - 0.4989 
dlta(3)        12 site 12         :  0.4177   0.1296     0.2015 - 0.6709 
dlta(3)        13 site 13         :  0.3561   0.0635     0.2433 - 0.4876 
dlta(3)        14 site 14         :  0.3692   0.0540     0.2708 - 0.4798 
dlta(3)        15 site 15         :  0.3658   0.0550     0.2660 - 0.4785 
dlta(3)        16 site 16         :  0.3307   0.1072     0.1605 - 0.5609 
dlta(3)        17 site 17         :  0.4093   0.1109     0.2199 - 0.6300 
dlta(3)        18 site 18         :  0.3683   0.0542     0.2698 - 0.4792 
dlta(3)        19 site 19         :  0.4185   0.1316     0.1996 - 0.6751 
dlta(3)        20 site 20         :  0.4439   0.1916     0.1485 - 0.7851 
dlta(3)        21 site 21         :  0.4386   0.1787     0.1585 - 0.7641 
dlta(3)        22 site 22         :  0.4027   0.0969     0.2343 - 0.5977 
dlta(3)        23 site 23         :  0.3940   0.0799     0.2523 - 0.5561 
dlta(3)        24 site 24         :  0.3364   0.0963     0.1788 - 0.5413 
dlta(3)        25 site 25         :  0.4270   0.1512     0.1816 - 0.7144 
dlta(3)        26 site 26         :  0.4421   0.1873     0.1518 - 0.7782 
dlta(3)        27 site 27         :  0.3384   0.0924     0.1855 - 0.5346 
dlta(3)        28 site 28         :  0.3940   0.0799     0.2523 - 0.5561 
dlta(3)        29 site 29         :  0.4408   0.1840     0.1543 - 0.7730 
dlta(3)        30 site 30         :  0.3700   0.0540     0.2716 - 0.4805 
dlta(3)        31 site 31         :  0.4435   0.1905     0.1493 - 0.7834 
dlta(3)        32 site 32         :  0.3454   0.0798     0.2089 - 0.5132 
dlta(3)        33 site 33         :  0.3578   0.0615     0.2480 - 0.4849 
dlta(3)        34 site 34         :  0.3658   0.0550     0.2660 - 0.4785 
dlta(3)        35 site 35         :  0.4084   0.1090     0.2218 - 0.6257 
dlta(3)        36 site 36         :  0.3662   0.0548     0.2667 - 0.4785 
dlta(3)        37 site 37         :  0.4252   0.1470     0.1854 - 0.7063 
dlta(3)        38 site 38         :  0.3645   0.0556     0.2638 - 0.4787 
dlta(3)        39 site 39         :  0.3364   0.0963     0.1788 - 0.5413 
dlta(3)        40 site 40         :  0.3806   0.0599     0.2719 - 0.5028 
dlta(3)        41 site 41         :  0.4110   0.1148     0.2160 - 0.6387 
dlta(3)        42 site 42         :  0.3992   0.0899     0.2418 - 0.5807 
dlta(3)        43 site 43         :  0.3662   0.0548     0.2667 - 0.4785 
dlta(3)        44 site 44         :  0.3988   0.0890     0.2427 - 0.5786 
dlta(3)        45 site 45         :  0.3687   0.0541     0.2703 - 0.4795 
dlta(3)        46 site 46         :  0.3802   0.0595     0.2723 - 0.5015 
dlta(3)        47 site 47         :  0.3875   0.0689     0.2637 - 0.5278 
dlta(3)        48 site 48         :  0.3666   0.0546     0.2674 - 0.4786 
dlta(3)        49 site 49         :  0.4399   0.1819     0.1560 - 0.7695 
dlta(3)        50 site 50         :  0.4412   0.1851     0.1535 - 0.7748 
dlta(3)        51 site 51         :  0.4045   0.1006     0.2305 - 0.6063 
dlta(3)        52 site 52         :  0.3654   0.0552     0.2653 - 0.4785 
dlta(3)        53 site 53         :  0.4292   0.1564     0.1771 - 0.7243 
dlta(3)        54 site 54         :  0.3759   0.0559     0.2741 - 0.4901 
dlta(4)         1 site 1          :  0.4457   0.1959     0.1453 - 0.7919 
dlta(4)         2 site 2          :  0.3616   0.0577     0.2576 - 0.4804 
dlta(4)         3 site 3          :  0.3871   0.0683     0.2643 - 0.5261 
dlta(4)         4 site 4          :  0.4106   0.1138     0.2170 - 0.6365 
dlta(4)         5 site 5          :  0.4067   0.1052     0.2257 - 0.6171 
dlta(4)         6 site 6          :  0.3495   0.0730     0.2226 - 0.5020 
dlta(4)         7 site 7          :  0.4159   0.1256     0.2053 - 0.6624 
dlta(4)         8 site 8          :  0.3417   0.0864     0.1965 - 0.5242 
dlta(4)         9 site 9          :  0.4354   0.1712     0.1646 - 0.7512 
dlta(4)        10 site 10         :  0.3777   0.0571     0.2737 - 0.4942 
dlta(4)        11 site 11         :  0.3794   0.0586     0.2729 - 0.4989 
dlta(4)        12 site 12         :  0.4177   0.1296     0.2015 - 0.6709 
dlta(4)        13 site 13         :  0.3561   0.0635     0.2433 - 0.4876 
dlta(4)        14 site 14         :  0.3692   0.0540     0.2708 - 0.4798 
dlta(4)        15 site 15         :  0.3658   0.0550     0.2660 - 0.4785 
dlta(4)        16 site 16         :  0.3307   0.1072     0.1605 - 0.5609 
dlta(4)        17 site 17         :  0.4093   0.1109     0.2199 - 0.6300 
dlta(4)        18 site 18         :  0.3683   0.0542     0.2698 - 0.4792 
dlta(4)        19 site 19         :  0.4185   0.1316     0.1996 - 0.6751 
dlta(4)        20 site 20         :  0.4439   0.1916     0.1485 - 0.7851 
dlta(4)        21 site 21         :  0.4386   0.1787     0.1585 - 0.7641 
dlta(4)        22 site 22         :  0.4027   0.0969     0.2343 - 0.5977 
dlta(4)        23 site 23         :  0.3940   0.0799     0.2523 - 0.5561 
dlta(4)        24 site 24         :  0.3364   0.0963     0.1788 - 0.5413 
dlta(4)        25 site 25         :  0.4270   0.1512     0.1816 - 0.7144 
dlta(4)        26 site 26         :  0.4421   0.1873     0.1518 - 0.7782 
dlta(4)        27 site 27         :  0.3384   0.0924     0.1855 - 0.5346 
dlta(4)        28 site 28         :  0.3940   0.0799     0.2523 - 0.5561 
dlta(4)        29 site 29         :  0.4408   0.1840     0.1543 - 0.7730 
dlta(4)        30 site 30         :  0.3700   0.0540     0.2716 - 0.4805 
dlta(4)        31 site 31         :  0.4435   0.1905     0.1493 - 0.7834 
dlta(4)        32 site 32         :  0.3454   0.0798     0.2089 - 0.5132 
dlta(4)        33 site 33         :  0.3578   0.0615     0.2480 - 0.4849 
dlta(4)        34 site 34         :  0.3658   0.0550     0.2660 - 0.4785 
dlta(4)        35 site 35         :  0.4084   0.1090     0.2218 - 0.6257 
dlta(4)        36 site 36         :  0.3662   0.0548     0.2667 - 0.4785 
dlta(4)        37 site 37         :  0.4252   0.1470     0.1854 - 0.7063 
dlta(4)        38 site 38         :  0.3645   0.0556     0.2638 - 0.4787 
dlta(4)        39 site 39         :  0.3364   0.0963     0.1788 - 0.5413 
dlta(4)        40 site 40         :  0.3806   0.0599     0.2719 - 0.5028 
dlta(4)        41 site 41         :  0.4110   0.1148     0.2160 - 0.6387 
dlta(4)        42 site 42         :  0.3992   0.0899     0.2418 - 0.5807 
dlta(4)        43 site 43         :  0.3662   0.0548     0.2667 - 0.4785 
dlta(4)        44 site 44         :  0.3988   0.0890     0.2427 - 0.5786 
dlta(4)        45 site 45         :  0.3687   0.0541     0.2703 - 0.4795 
dlta(4)        46 site 46         :  0.3802   0.0595     0.2723 - 0.5015 
dlta(4)        47 site 47         :  0.3875   0.0689     0.2637 - 0.5278 
dlta(4)        48 site 48         :  0.3666   0.0546     0.2674 - 0.4786 
dlta(4)        49 site 49         :  0.4399   0.1819     0.1560 - 0.7695 
dlta(4)        50 site 50         :  0.4412   0.1851     0.1535 - 0.7748 
dlta(4)        51 site 51         :  0.4045   0.1006     0.2305 - 0.6063 
dlta(4)        52 site 52         :  0.3654   0.0552     0.2653 - 0.4785 
dlta(4)        53 site 53         :  0.4292   0.1564     0.1771 - 0.7243 
dlta(4)        54 site 54         :  0.3759   0.0559     0.2741 - 0.4901 

Real parameters: (computed using covariates from 1st site and 1st survey)

Real parameter :              estimate   SE(estimate)
     1 psi                      0.7680      0.1109
     2 R                        0.0049      0.0179
     3 p1(1)                    0.8358      0.0554
     4 p1(2)                    0.8358      0.0554
     5 p1(3)                    0.8358      0.0554
     6 p1(4)                    0.8358      0.0554
     7 p2(1)                    0.8358      0.0554
     8 p2(2)                    0.8358      0.0554
     9 p2(3)                    0.8358      0.0554
    10 p2(4)                    0.8358      0.0554
    11 dlta(1)                  0.4457      0.1959
    12 dlta(2)                  0.4457      0.1959
    13 dlta(3)                  0.4457      0.1959
    14 dlta(4)                  0.4457      0.1959
Variance-covariance matrix of real parameters:
   0.012291  -0.000000  -0.000075  -0.000075  -0.000075  -0.000075  -0.000075  -0.000075
  -0.000075  -0.000075  -0.000000  -0.000000  -0.000000  -0.000000
  -0.000000   0.000319  -0.000000  -0.000000  -0.000000  -0.000000  -0.000000  -0.000000
  -0.000000  -0.000000   0.001188   0.001188   0.001188   0.001188
  -0.000075  -0.000000   0.003065   0.003065   0.003065   0.003065   0.003065   0.003065
   0.003065   0.003065  -0.000000  -0.000000  -0.000000  -0.000000
  -0.000075  -0.000000   0.003065   0.003065   0.003065   0.003065   0.003065   0.003065
   0.003065   0.003065  -0.000000  -0.000000  -0.000000  -0.000000
  -0.000075  -0.000000   0.003065   0.003065   0.003065   0.003065   0.003065   0.003065
   0.003065   0.003065  -0.000000  -0.000000  -0.000000  -0.000000
  -0.000075  -0.000000   0.003065   0.003065   0.003065   0.003065   0.003065   0.003065
   0.003065   0.003065  -0.000000  -0.000000  -0.000000  -0.000000
  -0.000075  -0.000000   0.003065   0.003065   0.003065   0.003065   0.003065   0.003065
   0.003065   0.003065  -0.000000  -0.000000  -0.000000  -0.000000
  -0.000075  -0.000000   0.003065   0.003065   0.003065   0.003065   0.003065   0.003065
   0.003065   0.003065  -0.000000  -0.000000  -0.000000  -0.000000
  -0.000075  -0.000000   0.003065   0.003065   0.003065   0.003065   0.003065   0.003065
   0.003065   0.003065  -0.000000  -0.000000  -0.000000  -0.000000
  -0.000075  -0.000000   0.003065   0.003065   0.003065   0.003065   0.003065   0.003065
   0.003065   0.003065  -0.000000  -0.000000  -0.000000  -0.000000
  -0.000000   0.001188  -0.000000  -0.000000  -0.000000  -0.000000  -0.000000  -0.000000
  -0.000000  -0.000000   0.038373   0.038373   0.038373   0.038373
  -0.000000   0.001188  -0.000000  -0.000000  -0.000000  -0.000000  -0.000000  -0.000000
  -0.000000  -0.000000   0.038373   0.038373   0.038373   0.038373
  -0.000000   0.001188  -0.000000  -0.000000  -0.000000  -0.000000  -0.000000  -0.000000
  -0.000000  -0.000000   0.038373   0.038373   0.038373   0.038373
  -0.000000   0.001188  -0.000000  -0.000000  -0.000000  -0.000000  -0.000000  -0.000000
  -0.000000  -0.000000   0.038373   0.038373   0.038373   0.038373

CPU time: 0.0 seconds

