

PRESENCE - Presence/Absence-Site Occupancy data analysis
Fri Oct 28 20:08:40 2011,       Version 4.0111018
- - - - - - - - - - - - - - - - - - - - - - - - - - - - -
==>i=calspottedowl.pao
==>l=pres_psi_R____p(X_t)___delta(X).out
==>name=psi,R,   p(*,t)   delta(*)
==>model=5
==>j=c:\documents and settings\cschwarz\desktop\calspottedowlmultistate\calspottedowl_project\calspottedowl.dm
==>lmt=200
model=5 N,T-->54,5
modtype-->5 

********* Input Data summary *******
Number of sites                = 54
Number of sampling occasions   = 5
Number of missing observations = 98
Data checksum = 40626

Naive occupancy estimate       = 0.8704

NSiteCovs-->0
NSampCovs-->0
Primary periods=1 Secondary periods: 5
- - - - - - - - - - - - - - - - - - - - - - - - - - - - -
 California Spotted Owl - Multistate
- - - - - - - - - - - - - - - - - - - - - - - - - - - - -
modtype=5 N=54 T=5 Groups=1 bootstraps=0

-->1-5
Matrix 1: rows=3, cols=3
            -,a1,a2,
psi           1 0
R             0 1
========================

Matrix 2: rows=11, cols=6
            -,b1,b2,b3,b4,b5,
p1(1)         1 0 0 0 0
p1(2)         0 1 0 0 0
p1(3)         0 0 1 0 0
p1(4)         0 0 0 1 0
p1(5)         0 0 0 0 1
p2(1)         1 0 0 0 0
p2(2)         0 1 0 0 0
p2(3)         0 0 1 0 0
p2(4)         0 0 0 1 0
p2(5)         0 0 0 0 1
========================

Matrix 3: rows=6, cols=2
            -,c1,
dlta(1)       1
dlta(2)       1
dlta(3)       1
dlta(4)       1
dlta(5)       1
========================

Matrix 4: rows=0, cols=0
========================

Matrix 5: rows=0, cols=0
========================

Matrix 6: rows=0, cols=0
========================

Multi-state model
-----------------

Number of parameters           = 8
Number of function calls           = 312
-2log(likelihood)              = 310.3843
AIC                            = 326.3843

varcov: nsig=6 eps=1.000000e-002

Untransformed Estimates of coefficients for covariates (Beta's)
======================================================================
                                          estimate    std.error
A1   psi                              :   3.839525    1.570346
A2   R                                :   0.218015    0.455130
B1   p1(1)                            :   0.318718    0.336926
B2   p1(2)                            :   1.542253    0.466950
B3   p1(3)                            :   2.475064    0.599289
B4   p1(4)                            :   0.833103    0.365238
B5   p1(5)                            :   0.487991    0.476269
C1   dlta(1)                          :  -0.310560    0.345561

Variance-Covariance Matrix of Untransformed estimates (Beta's):
              A1         A2         B1         B2         B3         B4         B5         C1  
     A1    2.465986   0.000000  -0.089812  -0.077898  -0.189325  -0.028315  -0.086525  -0.000000
     A2    0.000000   0.207143   0.000000  -0.000000   0.000000  -0.000000   0.000000  -0.082485
     B1   -0.089812   0.000000   0.113519   0.004812   0.011696   0.001031   0.005345  -0.000000
     B2   -0.077898  -0.000000   0.004812   0.218042   0.006067   0.000894   0.002773   0.000000
     B3   -0.189325   0.000000   0.011696   0.006067   0.359147   0.002174   0.016947  -0.000000
     B4   -0.028315  -0.000000   0.001031   0.000894   0.002174   0.133399   0.000993   0.000000
     B5   -0.086525   0.000000   0.005345   0.002773   0.016947   0.000993   0.226832  -0.000000
     C1   -0.000000  -0.082485  -0.000000   0.000000  -0.000000   0.000000  -0.000000   0.119413
------------------------------

============================================================

   Individual Site estimates of <psi> 
                Site               estimate  Std.err   95% conf. interval
psi             1 site 1          :  0.9789   0.0324     0.6817 - 0.9990 

   Individual Site estimates of <R> 
                Site               estimate  Std.err   95% conf. interval
R               1 site 1          :  0.5543   0.1124     0.3376 - 0.7521 

   Individual Site estimates of <p1(1)> 
                Site               estimate  Std.err   95% conf. interval
p1(1)           1 site 1          :  0.5790   0.0821     0.4154 - 0.7269 
p1(2)           1 site 1          :  0.8238   0.0678     0.6518 - 0.9211 
p1(3)           1 site 1          :  0.9224   0.0429     0.7859 - 0.9747 
p1(4)           1 site 1          :  0.6970   0.0771     0.5293 - 0.8248 
p1(5)           1 site 1          :  0.6196   0.1123     0.3904 - 0.8056 

   Individual Site estimates of <p2(1)> 
                Site               estimate  Std.err   95% conf. interval
p2(1)           1 site 1          :  0.5790   0.0821     0.4154 - 0.7269 
p2(2)           1 site 1          :  0.8238   0.0678     0.6518 - 0.9211 
p2(3)           1 site 1          :  0.9224   0.0429     0.7859 - 0.9747 
p2(4)           1 site 1          :  0.6970   0.0771     0.5293 - 0.8248 
p2(5)           1 site 1          :  0.6196   0.1123     0.3904 - 0.8056 

   Individual Site estimates of <dlta(1)> 
                Site               estimate  Std.err   95% conf. interval
dlta(1)         1 site 1          :  0.4230   0.0843     0.2713 - 0.5907 
dlta(2)         1 site 1          :  0.4230   0.0843     0.2713 - 0.5907 
dlta(3)         1 site 1          :  0.4230   0.0843     0.2713 - 0.5907 
dlta(4)         1 site 1          :  0.4230   0.0843     0.2713 - 0.5907 
dlta(5)         1 site 1          :  0.4230   0.0843     0.2713 - 0.5907 

Real parameters: (computed using covariates from 1st site and 1st survey)

Real parameter :              estimate   SE(estimate)
     1 psi                      0.9789      0.0324
     2 R                        0.5543      0.1124
     3 p1(1)                    0.5790      0.0821
     4 p1(2)                    0.8238      0.0678
     5 p1(3)                    0.9224      0.0429
     6 p1(4)                    0.6970      0.0771
     7 p1(5)                    0.6196      0.1123
     8 p2(1)                    0.5790      0.0821
     9 p2(2)                    0.8238      0.0678
    10 p2(3)                    0.9224      0.0429
    11 p2(4)                    0.6970      0.0771
    12 p2(5)                    0.6196      0.1123
    13 dlta(1)                  0.4230      0.0843
    14 dlta(2)                  0.4230      0.0843
    15 dlta(3)                  0.4230      0.0843
    16 dlta(4)                  0.4230      0.0843
    17 dlta(5)                  0.4230      0.0843
Variance-covariance matrix of real parameters:
   0.001047  -0.000000  -0.000451  -0.000233  -0.000279  -0.000123  -0.000420  -0.000451
  -0.000233  -0.000279  -0.000123  -0.000420  -0.000000  -0.000000  -0.000000  -0.000000
  -0.000000
  -0.000000   0.012643  -0.000000  -0.000000   0.000000  -0.000000  -0.000000  -0.000000
  -0.000000   0.000000  -0.000000  -0.000000  -0.004974  -0.004974  -0.004974  -0.004974
  -0.004974
  -0.000451  -0.000000   0.006745   0.000170   0.000204   0.000053   0.000307   0.006745
   0.000170   0.000204   0.000053   0.000307  -0.000000  -0.000000  -0.000000  -0.000000
  -0.000000
  -0.000233  -0.000000   0.000170   0.004594   0.000063   0.000027   0.000095   0.000170
   0.004594   0.000063   0.000027   0.000095  -0.000000  -0.000000  -0.000000  -0.000000
  -0.000000
  -0.000279   0.000000   0.000204   0.000063   0.001841   0.000033   0.000286   0.000204
   0.000063   0.001841   0.000033   0.000286  -0.000000  -0.000000  -0.000000  -0.000000
  -0.000000
  -0.000123  -0.000000   0.000053   0.000027   0.000033   0.005950   0.000049   0.000053
   0.000027   0.000033   0.005950   0.000049  -0.000000  -0.000000  -0.000000  -0.000000
  -0.000000
  -0.000420  -0.000000   0.000307   0.000095   0.000286   0.000049   0.012600   0.000307
   0.000095   0.000286   0.000049   0.012600  -0.000000  -0.000000  -0.000000  -0.000000
  -0.000000
  -0.000451  -0.000000   0.006745   0.000170   0.000204   0.000053   0.000307   0.006745
   0.000170   0.000204   0.000053   0.000307  -0.000000  -0.000000  -0.000000  -0.000000
  -0.000000
  -0.000233  -0.000000   0.000170   0.004594   0.000063   0.000027   0.000095   0.000170
   0.004594   0.000063   0.000027   0.000095  -0.000000  -0.000000  -0.000000  -0.000000
  -0.000000
  -0.000279   0.000000   0.000204   0.000063   0.001841   0.000033   0.000286   0.000204
   0.000063   0.001841   0.000033   0.000286  -0.000000  -0.000000  -0.000000  -0.000000
  -0.000000
  -0.000123  -0.000000   0.000053   0.000027   0.000033   0.005950   0.000049   0.000053
   0.000027   0.000033   0.005950   0.000049  -0.000000  -0.000000  -0.000000  -0.000000
  -0.000000
  -0.000420  -0.000000   0.000307   0.000095   0.000286   0.000049   0.012600   0.000307
   0.000095   0.000286   0.000049   0.012600  -0.000000  -0.000000  -0.000000  -0.000000
  -0.000000
  -0.000000  -0.004974  -0.000000  -0.000000  -0.000000  -0.000000  -0.000000  -0.000000
  -0.000000  -0.000000  -0.000000  -0.000000   0.007113   0.007113   0.007113   0.007113
   0.007113
  -0.000000  -0.004974  -0.000000  -0.000000  -0.000000  -0.000000  -0.000000  -0.000000
  -0.000000  -0.000000  -0.000000  -0.000000   0.007113   0.007113   0.007113   0.007113
   0.007113
  -0.000000  -0.004974  -0.000000  -0.000000  -0.000000  -0.000000  -0.000000  -0.000000
  -0.000000  -0.000000  -0.000000  -0.000000   0.007113   0.007113   0.007113   0.007113
   0.007113
  -0.000000  -0.004974  -0.000000  -0.000000  -0.000000  -0.000000  -0.000000  -0.000000
  -0.000000  -0.000000  -0.000000  -0.000000   0.007113   0.007113   0.007113   0.007113
   0.007113
  -0.000000  -0.004974  -0.000000  -0.000000  -0.000000  -0.000000  -0.000000  -0.000000
  -0.000000  -0.000000  -0.000000  -0.000000   0.007113   0.007113   0.007113   0.007113
   0.007113

CPU time: 0.0 seconds

