

PRESENCE - Presence/Absence-Site Occupancy data analysis
Fri Oct 28 20:10:33 2011,       Version 4.0111018
- - - - - - - - - - - - - - - - - - - - - - - - - - - - -
==>i=calspottedowl.pao
==>l=pres_psi_R____p(X_t)___delta(12_345).out
==>name=psi,R,   p(*,t)   delta(12,345)
==>model=5
==>j=c:\documents and settings\cschwarz\desktop\calspottedowlmultistate\calspottedowl_project\calspottedowl.dm
==>lmt=200
model=5 N,T-->54,5
modtype-->5 

********* Input Data summary *******
Number of sites                = 54
Number of sampling occasions   = 5
Number of missing observations = 98
Data checksum = 40626

Naive occupancy estimate       = 0.8704

NSiteCovs-->0
NSampCovs-->0
Primary periods=1 Secondary periods: 5
- - - - - - - - - - - - - - - - - - - - - - - - - - - - -
 California Spotted Owl - Multistate
- - - - - - - - - - - - - - - - - - - - - - - - - - - - -
modtype=5 N=54 T=5 Groups=1 bootstraps=0

-->1-5
Matrix 1: rows=3, cols=3
            -,a1,a2,
psi           1 0
R             0 1
========================

Matrix 2: rows=11, cols=6
            -,b1,b2,b3,b4,b5,
p1(1)         1 0 0 0 0
p1(2)         0 1 0 0 0
p1(3)         0 0 1 0 0
p1(4)         0 0 0 1 0
p1(5)         0 0 0 0 1
p2(1)         1 0 0 0 0
p2(2)         0 1 0 0 0
p2(3)         0 0 1 0 0
p2(4)         0 0 0 1 0
p2(5)         0 0 0 0 1
========================

Matrix 3: rows=6, cols=3
            -,c1,c2,
dlta(1)       1 0
dlta(2)       1 0
dlta(3)       0 1
dlta(4)       0 1
dlta(5)       0 1
========================

Matrix 4: rows=0, cols=0
========================

Matrix 5: rows=0, cols=0
========================

Matrix 6: rows=0, cols=0
========================

Multi-state model
-----------------

Number of parameters           = 9
Number of function calls           = 502

**** Numerical convergence may not have been reached.
     Parameter estimates converged to approximately 
     5.64 significant digits.

-2log(likelihood)              = 261.3550
AIC                            = 279.3550

varcov: nsig=6 eps=1.000000e-002

Untransformed Estimates of coefficients for covariates (Beta's)
======================================================================
                                          estimate    std.error
A1   psi                              :   3.839525    1.570346
A2   R                                :  -0.202560    0.323981
B1   p1(1)                            :   0.318718    0.336926
B2   p1(2)                            :   1.542253    0.466950
B3   p1(3)                            :   2.475064    0.599289
B4   p1(4)                            :   0.833103    0.365238
B5   p1(5)                            :   0.487991    0.476269
C1   dlta(1)                          : -26.970226  145933.705105
C2   dlta(3)                          :   1.886281    0.637702

Variance-Covariance Matrix of Untransformed estimates (Beta's):
              A1         A2         B1         B2         B3         B4         B5         C1         C2  
     A1    2.465986   0.000000  -0.089812  -0.077898  -0.189325  -0.028315  -0.086525  -0.075701  -0.000000
     A2    0.000000   0.104964   0.000000  -0.000000   0.000000  -0.000000  -0.000000  -0.014166  -0.045479
     B1   -0.089812   0.000000   0.113519   0.004812   0.011696   0.001031   0.005345  -0.006280   0.000000
     B2   -0.077898  -0.000000   0.004812   0.218042   0.006067   0.000894   0.002773   0.011403   0.000000
     B3   -0.189325   0.000000   0.011696   0.006067   0.359147   0.002174   0.016947   0.000057   0.000000
     B4   -0.028315  -0.000000   0.001031   0.000894   0.002174   0.133399   0.000993   0.000869   0.000000
     B5   -0.086525  -0.000000   0.005345   0.002773   0.016947   0.000993   0.226832   0.002317  -0.000000
     C1   -0.075701  -0.014166  -0.006280   0.011403   0.000057   0.000869   0.002317 21296646285.614368   0.006138
     C2   -0.000000  -0.045479   0.000000   0.000000   0.000000   0.000000  -0.000000   0.006138   0.406664
------------------------------

============================================================

   Individual Site estimates of <psi> 
                Site               estimate  Std.err   95% conf. interval
psi             1 site 1          :  0.9789   0.0324     0.6817 - 0.9990 

   Individual Site estimates of <R> 
                Site               estimate  Std.err   95% conf. interval
R               1 site 1          :  0.4495   0.0802     0.3020 - 0.6065 

   Individual Site estimates of <p1(1)> 
                Site               estimate  Std.err   95% conf. interval
p1(1)           1 site 1          :  0.5790   0.0821     0.4154 - 0.7269 
p1(2)           1 site 1          :  0.8238   0.0678     0.6518 - 0.9211 
p1(3)           1 site 1          :  0.9224   0.0429     0.7859 - 0.9747 
p1(4)           1 site 1          :  0.6970   0.0771     0.5293 - 0.8248 
p1(5)           1 site 1          :  0.6196   0.1123     0.3904 - 0.8056 

   Individual Site estimates of <p2(1)> 
                Site               estimate  Std.err   95% conf. interval
p2(1)           1 site 1          :  0.5790   0.0821     0.4154 - 0.7269 
p2(2)           1 site 1          :  0.8238   0.0678     0.6518 - 0.9211 
p2(3)           1 site 1          :  0.9224   0.0429     0.7859 - 0.9747 
p2(4)           1 site 1          :  0.6970   0.0771     0.5293 - 0.8248 
p2(5)           1 site 1          :  0.6196   0.1123     0.3904 - 0.8056 

   Individual Site estimates of <dlta(1)> 
                Site               estimate  Std.err   95% conf. interval
dlta(1)         1 site 1          :  0.0000   0.0000     0.0000 - 1.0000 
dlta(2)         1 site 1          :  0.0000   0.0000     0.0000 - 1.0000 
dlta(3)         1 site 1          :  0.8683   0.0729     0.6539 - 0.9584 
dlta(4)         1 site 1          :  0.8683   0.0729     0.6539 - 0.9584 
dlta(5)         1 site 1          :  0.8683   0.0729     0.6539 - 0.9584 

Real parameters: (computed using covariates from 1st site and 1st survey)

Real parameter :              estimate   SE(estimate)
     1 psi                      0.9789      0.0332
     2 R                        0.4495      0.0819
     3 p1(1)                    0.5790      0.0868
     4 p1(2)                    0.8238      0.0999
     5 p1(3)                    0.9224      0.0840
     6 p1(4)                    0.6970      0.1037
     7 p1(5)                    0.6196      0.1198
     8 p2(1)                    0.5790      0.0868
     9 p2(2)                    0.8238      0.0999
    10 p2(3)                    0.9224      0.0840
    11 p2(4)                    0.6970      0.1037
    12 p2(5)                    0.6196      0.1198
    13 dlta(1)                  0.0000      0.0000
    14 dlta(2)                  0.0000      0.0000
    15 dlta(3)                  0.8683      0.0762
    16 dlta(4)                  0.8683      0.0762
    17 dlta(5)                  0.8683      0.0762
Variance-covariance matrix of real parameters:
   0.001099   0.000120  -0.000248   0.000296   0.000241   0.000376  -0.000118  -0.000248
   0.000296   0.000241   0.000376  -0.000118   0.000000   0.000000  -0.000159  -0.000159
  -0.000159
   0.000120   0.006706   0.000470   0.001225   0.001206   0.001157   0.000700   0.000470
   0.001225   0.001206   0.001157   0.000700   0.000000   0.000000  -0.001656  -0.001656
  -0.001656
  -0.000248   0.000470   0.007538   0.002238   0.002238   0.002005   0.001488   0.007538
   0.002238   0.002238   0.002005   0.001488   0.000000   0.000000  -0.000624  -0.000624
  -0.000624
   0.000296   0.001225   0.002238   0.009984   0.005366   0.005115   0.003173   0.002238
   0.009984   0.005366   0.005115   0.003173   0.000000   0.000000  -0.001626  -0.001626
  -0.001626
   0.000241   0.001206   0.002238   0.005366   0.007058   0.005038   0.003314   0.002238
   0.005366   0.007058   0.005038   0.003314   0.000000   0.000000  -0.001600  -0.001600
  -0.001600
   0.000376   0.001157   0.002005   0.005115   0.005038   0.010752   0.002955   0.002005
   0.005115   0.005038   0.010752   0.002955   0.000000   0.000000  -0.001535  -0.001535
  -0.001535
  -0.000118   0.000700   0.001488   0.003173   0.003314   0.002955   0.014358   0.001488
   0.003173   0.003314   0.002955   0.014358   0.000000   0.000000  -0.000929  -0.000929
  -0.000929
  -0.000248   0.000470   0.007538   0.002238   0.002238   0.002005   0.001488   0.007538
   0.002238   0.002238   0.002005   0.001488   0.000000   0.000000  -0.000624  -0.000624
  -0.000624
   0.000296   0.001225   0.002238   0.009984   0.005366   0.005115   0.003173   0.002238
   0.009984   0.005366   0.005115   0.003173   0.000000   0.000000  -0.001626  -0.001626
  -0.001626
   0.000241   0.001206   0.002238   0.005366   0.007058   0.005038   0.003314   0.002238
   0.005366   0.007058   0.005038   0.003314   0.000000   0.000000  -0.001600  -0.001600
  -0.001600
   0.000376   0.001157   0.002005   0.005115   0.005038   0.010752   0.002955   0.002005
   0.005115   0.005038   0.010752   0.002955   0.000000   0.000000  -0.001535  -0.001535
  -0.001535
  -0.000118   0.000700   0.001488   0.003173   0.003314   0.002955   0.014358   0.001488
   0.003173   0.003314   0.002955   0.014358   0.000000   0.000000  -0.000929  -0.000929
  -0.000929
   0.000000   0.000000   0.000000   0.000000   0.000000   0.000000   0.000000   0.000000
   0.000000   0.000000   0.000000   0.000000   0.000000   0.000000  -0.000000  -0.000000
  -0.000000
   0.000000   0.000000   0.000000   0.000000   0.000000   0.000000   0.000000   0.000000
   0.000000   0.000000   0.000000   0.000000   0.000000   0.000000  -0.000000  -0.000000
  -0.000000
  -0.000159  -0.001656  -0.000624  -0.001626  -0.001600  -0.001535  -0.000929  -0.000624
  -0.001626  -0.001600  -0.001535  -0.000929  -0.000000  -0.000000   0.005807   0.005807
   0.005807
  -0.000159  -0.001656  -0.000624  -0.001626  -0.001600  -0.001535  -0.000929  -0.000624
  -0.001626  -0.001600  -0.001535  -0.000929  -0.000000  -0.000000   0.005807   0.005807
   0.005807
  -0.000159  -0.001656  -0.000624  -0.001626  -0.001600  -0.001535  -0.000929  -0.000624
  -0.001626  -0.001600  -0.001535  -0.000929  -0.000000  -0.000000   0.005807   0.005807
   0.005807

CPU time: 0.0 seconds

