

PRESENCE - Presence/Absence-Site Occupancy data analysis
Fri Oct 28 20:04:16 2011,       Version 4.0111018
- - - - - - - - - - - - - - - - - - - - - - - - - - - - -
==>i=calspottedowl.pao
==>l=pres_psi_R____p(X_X)___delta(X).out
==>name=psi,R,   p(*,*)   delta(*)
==>model=5
==>j=c:\documents and settings\cschwarz\desktop\calspottedowlmultistate\calspottedowl_project\calspottedowl.dm
==>lmt=200
model=5 N,T-->54,5
modtype-->5 

********* Input Data summary *******
Number of sites                = 54
Number of sampling occasions   = 5
Number of missing observations = 98
Data checksum = 40626

Naive occupancy estimate       = 0.8704

NSiteCovs-->0
NSampCovs-->0
Primary periods=1 Secondary periods: 5
- - - - - - - - - - - - - - - - - - - - - - - - - - - - -
 California Spotted Owl - Multistate
- - - - - - - - - - - - - - - - - - - - - - - - - - - - -
modtype=5 N=54 T=5 Groups=1 bootstraps=0

-->1-5
Matrix 1: rows=3, cols=3
            -,a1,a2,
psi           1 0
R             0 1
========================

Matrix 2: rows=11, cols=2
            -,b1,
p1(1)         1
p1(2)         1
p1(3)         1
p1(4)         1
p1(5)         1
p2(1)         1
p2(2)         1
p2(3)         1
p2(4)         1
p2(5)         1
========================

Matrix 3: rows=6, cols=2
            -,c1,
dlta(1)       1
dlta(2)       1
dlta(3)       1
dlta(4)       1
dlta(5)       1
========================

Matrix 4: rows=0, cols=0
========================

Matrix 5: rows=0, cols=0
========================

Matrix 6: rows=0, cols=0
========================

Multi-state model
-----------------

Number of parameters           = 4
Number of function calls           = 130
-2log(likelihood)              = 327.3784
AIC                            = 335.3784

varcov: nsig=6 eps=1.000000e-002

Untransformed Estimates of coefficients for covariates (Beta's)
======================================================================
                                          estimate    std.error
A1   psi                              :   3.672940    1.563724
A2   R                                :   0.218015    0.455130
B1   p1(1)                            :   1.071073    0.191030
C1   dlta(1)                          :  -0.310560    0.345561

Variance-Covariance Matrix of Untransformed estimates (Beta's):
              A1         A2         B1         C1  
     A1    2.445234  -0.000000  -0.092154   0.000000
     A2   -0.000000   0.207143   0.000000  -0.082485
     B1   -0.092154   0.000000   0.036492  -0.000000
     C1    0.000000  -0.082485  -0.000000   0.119413
------------------------------

============================================================

   Individual Site estimates of <psi> 
                Site               estimate  Std.err   95% conf. interval
psi             1 site 1          :  0.9752   0.0378     0.6475 - 0.9988 

   Individual Site estimates of <R> 
                Site               estimate  Std.err   95% conf. interval
R               1 site 1          :  0.5543   0.1124     0.3376 - 0.7521 

   Individual Site estimates of <p1(1)> 
                Site               estimate  Std.err   95% conf. interval
p1(1)           1 site 1          :  0.7448   0.0363     0.6674 - 0.8093 
p1(2)           1 site 1          :  0.7448   0.0363     0.6674 - 0.8093 
p1(3)           1 site 1          :  0.7448   0.0363     0.6674 - 0.8093 
p1(4)           1 site 1          :  0.7448   0.0363     0.6674 - 0.8093 
p1(5)           1 site 1          :  0.7448   0.0363     0.6674 - 0.8093 

   Individual Site estimates of <p2(1)> 
                Site               estimate  Std.err   95% conf. interval
p2(1)           1 site 1          :  0.7448   0.0363     0.6674 - 0.8093 
p2(2)           1 site 1          :  0.7448   0.0363     0.6674 - 0.8093 
p2(3)           1 site 1          :  0.7448   0.0363     0.6674 - 0.8093 
p2(4)           1 site 1          :  0.7448   0.0363     0.6674 - 0.8093 
p2(5)           1 site 1          :  0.7448   0.0363     0.6674 - 0.8093 

   Individual Site estimates of <dlta(1)> 
                Site               estimate  Std.err   95% conf. interval
dlta(1)         1 site 1          :  0.4230   0.0843     0.2713 - 0.5907 
dlta(2)         1 site 1          :  0.4230   0.0843     0.2713 - 0.5907 
dlta(3)         1 site 1          :  0.4230   0.0843     0.2713 - 0.5907 
dlta(4)         1 site 1          :  0.4230   0.0843     0.2713 - 0.5907 
dlta(5)         1 site 1          :  0.4230   0.0843     0.2713 - 0.5907 

Real parameters: (computed using covariates from 1st site and 1st survey)

Real parameter :              estimate   SE(estimate)
     1 psi                      0.9752      0.0378
     2 R                        0.5543      0.1124
     3 p1(1)                    0.7448      0.0363
     4 p1(2)                    0.7448      0.0363
     5 p1(3)                    0.7448      0.0363
     6 p1(4)                    0.7448      0.0363
     7 p1(5)                    0.7448      0.0363
     8 p2(1)                    0.7448      0.0363
     9 p2(2)                    0.7448      0.0363
    10 p2(3)                    0.7448      0.0363
    11 p2(4)                    0.7448      0.0363
    12 p2(5)                    0.7448      0.0363
    13 dlta(1)                  0.4230      0.0843
    14 dlta(2)                  0.4230      0.0843
    15 dlta(3)                  0.4230      0.0843
    16 dlta(4)                  0.4230      0.0843
    17 dlta(5)                  0.4230      0.0843
Variance-covariance matrix of real parameters:
   0.001427   0.000000  -0.000423  -0.000423  -0.000423  -0.000423  -0.000423  -0.000423
  -0.000423  -0.000423  -0.000423  -0.000423   0.000000   0.000000   0.000000   0.000000
   0.000000
   0.000000   0.012643  -0.000000  -0.000000  -0.000000  -0.000000  -0.000000  -0.000000
  -0.000000  -0.000000  -0.000000  -0.000000  -0.004974  -0.004974  -0.004974  -0.004974
  -0.004974
  -0.000423  -0.000000   0.001318   0.001318   0.001318   0.001318   0.001318   0.001318
   0.001318   0.001318   0.001318   0.001318  -0.000000  -0.000000  -0.000000  -0.000000
  -0.000000
  -0.000423  -0.000000   0.001318   0.001318   0.001318   0.001318   0.001318   0.001318
   0.001318   0.001318   0.001318   0.001318  -0.000000  -0.000000  -0.000000  -0.000000
  -0.000000
  -0.000423  -0.000000   0.001318   0.001318   0.001318   0.001318   0.001318   0.001318
   0.001318   0.001318   0.001318   0.001318  -0.000000  -0.000000  -0.000000  -0.000000
  -0.000000
  -0.000423  -0.000000   0.001318   0.001318   0.001318   0.001318   0.001318   0.001318
   0.001318   0.001318   0.001318   0.001318  -0.000000  -0.000000  -0.000000  -0.000000
  -0.000000
  -0.000423  -0.000000   0.001318   0.001318   0.001318   0.001318   0.001318   0.001318
   0.001318   0.001318   0.001318   0.001318  -0.000000  -0.000000  -0.000000  -0.000000
  -0.000000
  -0.000423  -0.000000   0.001318   0.001318   0.001318   0.001318   0.001318   0.001318
   0.001318   0.001318   0.001318   0.001318  -0.000000  -0.000000  -0.000000  -0.000000
  -0.000000
  -0.000423  -0.000000   0.001318   0.001318   0.001318   0.001318   0.001318   0.001318
   0.001318   0.001318   0.001318   0.001318  -0.000000  -0.000000  -0.000000  -0.000000
  -0.000000
  -0.000423  -0.000000   0.001318   0.001318   0.001318   0.001318   0.001318   0.001318
   0.001318   0.001318   0.001318   0.001318  -0.000000  -0.000000  -0.000000  -0.000000
  -0.000000
  -0.000423  -0.000000   0.001318   0.001318   0.001318   0.001318   0.001318   0.001318
   0.001318   0.001318   0.001318   0.001318  -0.000000  -0.000000  -0.000000  -0.000000
  -0.000000
  -0.000423  -0.000000   0.001318   0.001318   0.001318   0.001318   0.001318   0.001318
   0.001318   0.001318   0.001318   0.001318  -0.000000  -0.000000  -0.000000  -0.000000
  -0.000000
   0.000000  -0.004974  -0.000000  -0.000000  -0.000000  -0.000000  -0.000000  -0.000000
  -0.000000  -0.000000  -0.000000  -0.000000   0.007113   0.007113   0.007113   0.007113
   0.007113
   0.000000  -0.004974  -0.000000  -0.000000  -0.000000  -0.000000  -0.000000  -0.000000
  -0.000000  -0.000000  -0.000000  -0.000000   0.007113   0.007113   0.007113   0.007113
   0.007113
   0.000000  -0.004974  -0.000000  -0.000000  -0.000000  -0.000000  -0.000000  -0.000000
  -0.000000  -0.000000  -0.000000  -0.000000   0.007113   0.007113   0.007113   0.007113
   0.007113
   0.000000  -0.004974  -0.000000  -0.000000  -0.000000  -0.000000  -0.000000  -0.000000
  -0.000000  -0.000000  -0.000000  -0.000000   0.007113   0.007113   0.007113   0.007113
   0.007113
   0.000000  -0.004974  -0.000000  -0.000000  -0.000000  -0.000000  -0.000000  -0.000000
  -0.000000  -0.000000  -0.000000  -0.000000   0.007113   0.007113   0.007113   0.007113
   0.007113

CPU time: 0.0 seconds

