

PRESENCE - Presence/Absence-Site Occupancy data analysis
Fri Oct 28 20:07:35 2011,       Version 4.0111018
- - - - - - - - - - - - - - - - - - - - - - - - - - - - -
==>i=calspottedowl.pao
==>l=pres_psi_R____p(s_X)___delta(X).out
==>name=psi,R,   p(s,*)   delta(*)
==>model=5
==>j=c:\documents and settings\cschwarz\desktop\calspottedowlmultistate\calspottedowl_project\calspottedowl.dm
==>lmt=200
model=5 N,T-->54,5
modtype-->5 

********* Input Data summary *******
Number of sites                = 54
Number of sampling occasions   = 5
Number of missing observations = 98
Data checksum = 40626

Naive occupancy estimate       = 0.8704

NSiteCovs-->0
NSampCovs-->0
Primary periods=1 Secondary periods: 5
- - - - - - - - - - - - - - - - - - - - - - - - - - - - -
 California Spotted Owl - Multistate
- - - - - - - - - - - - - - - - - - - - - - - - - - - - -
modtype=5 N=54 T=5 Groups=1 bootstraps=0

-->1-5
Matrix 1: rows=3, cols=3
            -,a1,a2,
psi           1 0
R             0 1
========================

Matrix 2: rows=11, cols=3
            -,b1,b2,
p1(1)         1 0
p1(2)         1 0
p1(3)         1 0
p1(4)         1 0
p1(5)         1 0
p2(1)         0 1
p2(2)         0 1
p2(3)         0 1
p2(4)         0 1
p2(5)         0 1
========================

Matrix 3: rows=6, cols=2
            -,c1,
dlta(1)       1
dlta(2)       1
dlta(3)       1
dlta(4)       1
dlta(5)       1
========================

Matrix 4: rows=0, cols=0
========================

Matrix 5: rows=0, cols=0
========================

Matrix 6: rows=0, cols=0
========================

Multi-state model
-----------------

Number of parameters           = 5
Number of function calls           = 151
-2log(likelihood)              = 327.3627
AIC                            = 337.3627

varcov: nsig=6 eps=1.000000e-002

Untransformed Estimates of coefficients for covariates (Beta's)
======================================================================
                                          estimate    std.error
A1   psi                              :   3.677337    1.571291
A2   R                                :   0.250378    0.536689
B1   p1(1)                            :   1.115453    0.412614
B2   p2(1)                            :   1.035369    0.340778
C1   dlta(1)                          :  -0.321561    0.358883

Variance-Covariance Matrix of Untransformed estimates (Beta's):
              A1         A2         B1         B2         C1  
     A1    2.468956   0.020213  -0.072823  -0.108139  -0.005446
     A2    0.020213   0.288036   0.102637  -0.075464  -0.111208
     B1   -0.072823   0.102637   0.170250  -0.066591  -0.037277
     B2   -0.108139  -0.075464  -0.066591   0.116130   0.025923
     C1   -0.005446  -0.111208  -0.037277   0.025923   0.128797
------------------------------

============================================================

   Individual Site estimates of <psi> 
                Site               estimate  Std.err   95% conf. interval
psi             1 site 1          :  0.9753   0.0378     0.6451 - 0.9988 

   Individual Site estimates of <R> 
                Site               estimate  Std.err   95% conf. interval
R               1 site 1          :  0.5623   0.1321     0.3097 - 0.7862 

   Individual Site estimates of <p1(1)> 
                Site               estimate  Std.err   95% conf. interval
p1(1)           1 site 1          :  0.7531   0.0767     0.5761 - 0.8726 
p1(2)           1 site 1          :  0.7531   0.0767     0.5761 - 0.8726 
p1(3)           1 site 1          :  0.7531   0.0767     0.5761 - 0.8726 
p1(4)           1 site 1          :  0.7531   0.0767     0.5761 - 0.8726 
p1(5)           1 site 1          :  0.7531   0.0767     0.5761 - 0.8726 

   Individual Site estimates of <p2(1)> 
                Site               estimate  Std.err   95% conf. interval
p2(1)           1 site 1          :  0.7380   0.0659     0.5908 - 0.8460 
p2(2)           1 site 1          :  0.7380   0.0659     0.5908 - 0.8460 
p2(3)           1 site 1          :  0.7380   0.0659     0.5908 - 0.8460 
p2(4)           1 site 1          :  0.7380   0.0659     0.5908 - 0.8460 
p2(5)           1 site 1          :  0.7380   0.0659     0.5908 - 0.8460 

   Individual Site estimates of <dlta(1)> 
                Site               estimate  Std.err   95% conf. interval
dlta(1)         1 site 1          :  0.4203   0.0874     0.2641 - 0.5943 
dlta(2)         1 site 1          :  0.4203   0.0874     0.2641 - 0.5943 
dlta(3)         1 site 1          :  0.4203   0.0874     0.2641 - 0.5943 
dlta(4)         1 site 1          :  0.4203   0.0874     0.2641 - 0.5943 
dlta(5)         1 site 1          :  0.4203   0.0874     0.2641 - 0.5943 

Real parameters: (computed using covariates from 1st site and 1st survey)

Real parameter :              estimate   SE(estimate)
     1 psi                      0.9753      0.0378
     2 R                        0.5623      0.1321
     3 p1(1)                    0.7531      0.0767
     4 p1(2)                    0.7531      0.0767
     5 p1(3)                    0.7531      0.0767
     6 p1(4)                    0.7531      0.0767
     7 p1(5)                    0.7531      0.0767
     8 p2(1)                    0.7380      0.0659
     9 p2(2)                    0.7380      0.0659
    10 p2(3)                    0.7380      0.0659
    11 p2(4)                    0.7380      0.0659
    12 p2(5)                    0.7380      0.0659
    13 dlta(1)                  0.4203      0.0874
    14 dlta(2)                  0.4203      0.0874
    15 dlta(3)                  0.4203      0.0874
    16 dlta(4)                  0.4203      0.0874
    17 dlta(5)                  0.4203      0.0874
Variance-covariance matrix of real parameters:
   0.001429   0.000120  -0.000326  -0.000326  -0.000326  -0.000326  -0.000326  -0.000503
  -0.000503  -0.000503  -0.000503  -0.000503  -0.000032  -0.000032  -0.000032  -0.000032
  -0.000032
   0.000120   0.017448   0.004697   0.004697   0.004697   0.004697   0.004697  -0.003592
  -0.003592  -0.003592  -0.003592  -0.003592  -0.006669  -0.006669  -0.006669  -0.006669
  -0.006669
  -0.000326   0.004697   0.005885   0.005885   0.005885   0.005885   0.005885  -0.002394
  -0.002394  -0.002394  -0.002394  -0.002394  -0.001689  -0.001689  -0.001689  -0.001689
  -0.001689
  -0.000326   0.004697   0.005885   0.005885   0.005885   0.005885   0.005885  -0.002394
  -0.002394  -0.002394  -0.002394  -0.002394  -0.001689  -0.001689  -0.001689  -0.001689
  -0.001689
  -0.000326   0.004697   0.005885   0.005885   0.005885   0.005885   0.005885  -0.002394
  -0.002394  -0.002394  -0.002394  -0.002394  -0.001689  -0.001689  -0.001689  -0.001689
  -0.001689
  -0.000326   0.004697   0.005885   0.005885   0.005885   0.005885   0.005885  -0.002394
  -0.002394  -0.002394  -0.002394  -0.002394  -0.001689  -0.001689  -0.001689  -0.001689
  -0.001689
  -0.000326   0.004697   0.005885   0.005885   0.005885   0.005885   0.005885  -0.002394
  -0.002394  -0.002394  -0.002394  -0.002394  -0.001689  -0.001689  -0.001689  -0.001689
  -0.001689
  -0.000503  -0.003592  -0.002394  -0.002394  -0.002394  -0.002394  -0.002394   0.004343
   0.004343   0.004343   0.004343   0.004343   0.001221   0.001221   0.001221   0.001221
   0.001221
  -0.000503  -0.003592  -0.002394  -0.002394  -0.002394  -0.002394  -0.002394   0.004343
   0.004343   0.004343   0.004343   0.004343   0.001221   0.001221   0.001221   0.001221
   0.001221
  -0.000503  -0.003592  -0.002394  -0.002394  -0.002394  -0.002394  -0.002394   0.004343
   0.004343   0.004343   0.004343   0.004343   0.001221   0.001221   0.001221   0.001221
   0.001221
  -0.000503  -0.003592  -0.002394  -0.002394  -0.002394  -0.002394  -0.002394   0.004343
   0.004343   0.004343   0.004343   0.004343   0.001221   0.001221   0.001221   0.001221
   0.001221
  -0.000503  -0.003592  -0.002394  -0.002394  -0.002394  -0.002394  -0.002394   0.004343
   0.004343   0.004343   0.004343   0.004343   0.001221   0.001221   0.001221   0.001221
   0.001221
  -0.000032  -0.006669  -0.001689  -0.001689  -0.001689  -0.001689  -0.001689   0.001221
   0.001221   0.001221   0.001221   0.001221   0.007646   0.007646   0.007646   0.007646
   0.007646
  -0.000032  -0.006669  -0.001689  -0.001689  -0.001689  -0.001689  -0.001689   0.001221
   0.001221   0.001221   0.001221   0.001221   0.007646   0.007646   0.007646   0.007646
   0.007646
  -0.000032  -0.006669  -0.001689  -0.001689  -0.001689  -0.001689  -0.001689   0.001221
   0.001221   0.001221   0.001221   0.001221   0.007646   0.007646   0.007646   0.007646
   0.007646
  -0.000032  -0.006669  -0.001689  -0.001689  -0.001689  -0.001689  -0.001689   0.001221
   0.001221   0.001221   0.001221   0.001221   0.007646   0.007646   0.007646   0.007646
   0.007646
  -0.000032  -0.006669  -0.001689  -0.001689  -0.001689  -0.001689  -0.001689   0.001221
   0.001221   0.001221   0.001221   0.001221   0.007646   0.007646   0.007646   0.007646
   0.007646

CPU time: 0.0 seconds

