

PRESENCE - Presence/Absence-Site Occupancy data analysis
Wed Oct 26 19:53:13 2011,       Version 4.0111018
- - - - - - - - - - - - - - - - - - - - - - - - - - - - -
==>i=\\vboxsvr\cschwarz-desktop\occupancycourse\occupancysampledata\salamandermultiseason\salamander-multiseason.pao
==>l=pres_psi(StreamProximity)_gamma()_eps()_p().out
==>name=psi(StreamProximity),gamma(),eps(),p()
==>model=200
==>j=\\vboxsvr\cschwarz-desktop\occupancycourse\occupancysampledata\salamandermultiseason\salamander-multiseason_project\salamander-multiseason.dm
==>lmt=200
model=200 N,T-->39,10
modtype-->2 

********* Input Data summary *******
Number of sites                = 39
Number of sampling occasions   = 10
Number of missing observations = 0
Data checksum = 42044

Naive occupancy estimate       = 0.5897

NSiteCovs-->2
site_covname[0]=Elev(m)
site_covname[1]=StreamProximity
NSampCovs-->0
Primary periods=2 Secondary periods: 5 5
- - - - - - - - - - - - - - - - - - - - - - - - - - - - -
 Salamander Multi-Season
- - - - - - - - - - - - - - - - - - - - - - - - - - - - -
modtype=2 N=39 T=10 Groups=1 bootstraps=0

-->2-5
Matrix 1: rows=2, cols=3
            -,a1,a2,
psi1          1 StreamProximity
========================

Matrix 2: rows=2, cols=2
            -,b1,
gam1          1
========================

Matrix 3: rows=2, cols=2
            -,c1,
eps1          1
========================

Matrix 4: rows=11, cols=2
            -,d1,
P[1-1]        1
P[1-2]        1
P[1-3]        1
P[1-4]        1
P[1-5]        1
P[2-1]        1
P[2-2]        1
P[2-3]        1
P[2-4]        1
P[2-5]        1
========================

Matrix 5: rows=0, cols=0
========================

Matrix 6: rows=0, cols=0
========================

Multi-season model
------------------

2 Primary periods
  Secondary periods: 5 5

Model(1):psi(StreamProximity),gamma(),eps(),p()



Open Population Model:

Number of primary sampling periods = 2
Number of parameters               = 5
Optimization completion code:0

Model has been fit using the logistic link.


Number of parameters           = 5
Number of function calls           = 187
-2log(likelihood)              = 296.7440
AIC                            = 306.7440

varcov: nsig=6 eps=1.000000e-002

Untransformed Estimates of coefficients for covariates (Beta's)
======================================================================
                                          estimate    std.error
A1   psi1                             :  -1.384249    0.575096
A2   psi1.StreamProximity             :   6.028897    9.151717
B1   gam1                             :  -0.958021    0.611511
C1   eps1                             :  -1.565588    0.972119
D1   P[1-1]                           :  -0.845873    0.187932

Variance-Covariance Matrix of Untransformed estimates (Beta's):
              A1         A2         B1         C1         D1  
     A1    0.330736  -0.170435  -0.032480  -0.017849  -0.013166
     A2   -0.170435  83.753929   0.548177   1.777182  -0.500335
     B1   -0.032480   0.548177   0.373945   0.026715  -0.010156
     C1   -0.017849   1.777182   0.026715   0.945015   0.044078
     D1   -0.013166  -0.500335  -0.010156   0.044078   0.035318
------------------------------

   Individual Site estimates of <psi1> 
                Site               estimate  Std.err   95% conf. interval
psi1            1 site 1          :  0.9905   0.0863     0.0000 - 1.0000 
psi1            2 site 2          :  0.2003   0.0921     0.0751 - 0.4361 
psi1            3 site 3          :  0.9905   0.0863     0.0000 - 1.0000 
psi1            4 site 4          :  0.9905   0.0863     0.0000 - 1.0000 
psi1            5 site 5          :  0.2003   0.0921     0.0751 - 0.4361 
psi1            6 site 6          :  0.9905   0.0863     0.0000 - 1.0000 
psi1            7 site 7          :  0.9905   0.0863     0.0000 - 1.0000 
psi1            8 site 8          :  0.9905   0.0863     0.0000 - 1.0000 
psi1            9 site 9          :  0.2003   0.0921     0.0751 - 0.4361 
psi1           10 site 10         :  0.2003   0.0921     0.0751 - 0.4361 
psi1           11 site 11         :  0.9905   0.0863     0.0000 - 1.0000 
psi1           12 site 12         :  0.2003   0.0921     0.0751 - 0.4361 
psi1           13 site 13         :  0.2003   0.0921     0.0751 - 0.4361 
psi1           14 site 14         :  0.2003   0.0921     0.0751 - 0.4361 
psi1           15 site 15         :  0.2003   0.0921     0.0751 - 0.4361 
psi1           16 site 16         :  0.2003   0.0921     0.0751 - 0.4361 
psi1           17 site 17         :  0.2003   0.0921     0.0751 - 0.4361 
psi1           18 site 18         :  0.2003   0.0921     0.0751 - 0.4361 
psi1           19 site 19         :  0.9905   0.0863     0.0000 - 1.0000 
psi1           20 site 20         :  0.2003   0.0921     0.0751 - 0.4361 
psi1           21 site 21         :  0.2003   0.0921     0.0751 - 0.4361 
psi1           22 site 22         :  0.2003   0.0921     0.0751 - 0.4361 
psi1           23 site 23         :  0.2003   0.0921     0.0751 - 0.4361 
psi1           24 site 24         :  0.2003   0.0921     0.0751 - 0.4361 
psi1           25 site 25         :  0.9905   0.0863     0.0000 - 1.0000 
psi1           26 site 26         :  0.2003   0.0921     0.0751 - 0.4361 
psi1           27 site 27         :  0.2003   0.0921     0.0751 - 0.4361 
psi1           28 site 28         :  0.2003   0.0921     0.0751 - 0.4361 
psi1           29 site 29         :  0.9905   0.0863     0.0000 - 1.0000 
psi1           30 site 30         :  0.9905   0.0863     0.0000 - 1.0000 
psi1           31 site 31         :  0.2003   0.0921     0.0751 - 0.4361 
psi1           32 site 32         :  0.9905   0.0863     0.0000 - 1.0000 
psi1           33 site 33         :  0.2003   0.0921     0.0751 - 0.4361 
psi1           34 site 34         :  0.9905   0.0863     0.0000 - 1.0000 
psi1           35 site 35         :  0.9905   0.0863     0.0000 - 1.0000 
psi1           36 site 36         :  0.9905   0.0863     0.0000 - 1.0000 
psi1           37 site 37         :  0.2003   0.0921     0.0751 - 0.4361 
psi1           38 site 38         :  0.2003   0.0921     0.0751 - 0.4361 
psi1           39 site 39         :  0.2003   0.0921     0.0751 - 0.4361 

   Individual Site estimates of <gam1> 
                Site               estimate  Std.err   95% conf. interval
gam1            1 site 1          :  0.2773   0.1225     0.1037 - 0.5598 

   Individual Site estimates of <eps1> 
                Site               estimate  Std.err   95% conf. interval
eps1            1 site 1          :  0.1728   0.1390     0.0302 - 0.5841 

   Individual Site estimates of <P[1-1]> 
                Site               estimate  Std.err   95% conf. interval
P[1-1]          1 site 1          :  0.3003   0.0395     0.2290 - 0.3828 
P[1-2]          1 site 1          :  0.3003   0.0395     0.2290 - 0.3828 
P[1-3]          1 site 1          :  0.3003   0.0395     0.2290 - 0.3828 
P[1-4]          1 site 1          :  0.3003   0.0395     0.2290 - 0.3828 
P[1-5]          1 site 1          :  0.3003   0.0395     0.2290 - 0.3828 
P[2-1]          1 site 1          :  0.3003   0.0395     0.2290 - 0.3828 
P[2-2]          1 site 1          :  0.3003   0.0395     0.2290 - 0.3828 
P[2-3]          1 site 1          :  0.3003   0.0395     0.2290 - 0.3828 
P[2-4]          1 site 1          :  0.3003   0.0395     0.2290 - 0.3828 
P[2-5]          1 site 1          :  0.3003   0.0395     0.2290 - 0.3828 

Real parameters: (computed using covariates from 1st site and 1st survey)

Real parameter :              estimate   SE(estimate)
     1 psi1                     0.9905      0.0863
     2 gam1                     0.2773      0.1225
     3 eps1                     0.1728      0.1390
     4 P[1-1]                   0.3003      0.0395
     5 P[1-2]                   0.3003      0.0395
     6 P[1-3]                   0.3003      0.0395
     7 P[1-4]                   0.3003      0.0395
     8 P[1-5]                   0.3003      0.0395
     9 P[2-1]                   0.3003      0.0395
    10 P[2-2]                   0.3003      0.0395
    11 P[2-3]                   0.3003      0.0395
    12 P[2-4]                   0.3003      0.0395
    13 P[2-5]                   0.3003      0.0395
Variance-covariance matrix of real parameters:
   0.007449   0.000975   0.002372  -0.001018  -0.001018  -0.001018  -0.001018  -0.001018
  -0.001018  -0.001018  -0.001018  -0.001018  -0.001018
   0.000975   0.015017   0.000765  -0.000428  -0.000428  -0.000428  -0.000428  -0.000428
  -0.000428  -0.000428  -0.000428  -0.000428  -0.000428
   0.002372   0.000765   0.019317   0.001324   0.001324   0.001324   0.001324   0.001324
   0.001324   0.001324   0.001324   0.001324   0.001324
  -0.001018  -0.000428   0.001324   0.001559   0.001559   0.001559   0.001559   0.001559
   0.001559   0.001559   0.001559   0.001559   0.001559
  -0.001018  -0.000428   0.001324   0.001559   0.001559   0.001559   0.001559   0.001559
   0.001559   0.001559   0.001559   0.001559   0.001559
  -0.001018  -0.000428   0.001324   0.001559   0.001559   0.001559   0.001559   0.001559
   0.001559   0.001559   0.001559   0.001559   0.001559
  -0.001018  -0.000428   0.001324   0.001559   0.001559   0.001559   0.001559   0.001559
   0.001559   0.001559   0.001559   0.001559   0.001559
  -0.001018  -0.000428   0.001324   0.001559   0.001559   0.001559   0.001559   0.001559
   0.001559   0.001559   0.001559   0.001559   0.001559
  -0.001018  -0.000428   0.001324   0.001559   0.001559   0.001559   0.001559   0.001559
   0.001559   0.001559   0.001559   0.001559   0.001559
  -0.001018  -0.000428   0.001324   0.001559   0.001559   0.001559   0.001559   0.001559
   0.001559   0.001559   0.001559   0.001559   0.001559
  -0.001018  -0.000428   0.001324   0.001559   0.001559   0.001559   0.001559   0.001559
   0.001559   0.001559   0.001559   0.001559   0.001559
  -0.001018  -0.000428   0.001324   0.001559   0.001559   0.001559   0.001559   0.001559
   0.001559   0.001559   0.001559   0.001559   0.001559
  -0.001018  -0.000428   0.001324   0.001559   0.001559   0.001559   0.001559   0.001559
   0.001559   0.001559   0.001559   0.001559   0.001559

================================================================================

 DERIVED parameters - psi2,psi3,psi4,...

        Site                        psi(t)  Std.err     95% conf. interval
     1   site 1      psi( 2):       0.8219  0.1364     0.5546 - 1.0892 
     2   site 2      psi( 2):       0.3874  0.1090     0.1739 - 0.6010 
     3   site 3      psi( 2):       0.8219  0.1364     0.5546 - 1.0892 
     5   site 5      psi( 2):       0.3874  0.1090     0.1739 - 0.6010 
     6   site 6      psi( 2):       0.8219  0.1364     0.5546 - 1.0892 
     9   site 9      psi( 2):       0.3874  0.1090     0.1739 - 0.6010 
    11  site 11      psi( 2):       0.8219  0.1364     0.5546 - 1.0892 
    12  site 12      psi( 2):       0.3874  0.1090     0.1739 - 0.6010 
    19  site 19      psi( 2):       0.8219  0.1364     0.5546 - 1.0892 
    20  site 20      psi( 2):       0.3874  0.1090     0.1739 - 0.6010 
    25  site 25      psi( 2):       0.8219  0.1364     0.5546 - 1.0892 
    26  site 26      psi( 2):       0.3874  0.1090     0.1739 - 0.6010 
    29  site 29      psi( 2):       0.8219  0.1364     0.5546 - 1.0892 
    31  site 31      psi( 2):       0.3874  0.1090     0.1739 - 0.6010 
    32  site 32      psi( 2):       0.8219  0.1364     0.5546 - 1.0892 
    33  site 33      psi( 2):       0.3874  0.1090     0.1739 - 0.6010 
    34  site 34      psi( 2):       0.8219  0.1364     0.5546 - 1.0892 
    37  site 37      psi( 2):       0.3874  0.1090     0.1739 - 0.6010 


 DERIVED parameters - lam2,lam3,lam4,...

        Site                        lam(t)  Std.err     95% conf. interval
     1   site 1      lam( 2):       0.8298  0.1456     0.5444 - 1.1153
     2   site 2      lam( 2):       1.9340  0.8423     0.2830 - 3.5849
     3   site 3      lam( 2):       0.8298  0.1456     0.5444 - 1.1153
     5   site 5      lam( 2):       1.9340  0.8423     0.2830 - 3.5849
     6   site 6      lam( 2):       0.8298  0.1456     0.5444 - 1.1153
     9   site 9      lam( 2):       1.9340  0.8423     0.2830 - 3.5849
    11  site 11      lam( 2):       0.8298  0.1456     0.5444 - 1.1153
    12  site 12      lam( 2):       1.9340  0.8423     0.2830 - 3.5849
    19  site 19      lam( 2):       0.8298  0.1456     0.5444 - 1.1153
    20  site 20      lam( 2):       1.9340  0.8423     0.2830 - 3.5849
    25  site 25      lam( 2):       0.8298  0.1456     0.5444 - 1.1153
    26  site 26      lam( 2):       1.9340  0.8423     0.2830 - 3.5849
    29  site 29      lam( 2):       0.8298  0.1456     0.5444 - 1.1153
    31  site 31      lam( 2):       1.9340  0.8423     0.2830 - 3.5849
    32  site 32      lam( 2):       0.8298  0.1456     0.5444 - 1.1153
    33  site 33      lam( 2):       1.9340  0.8423     0.2830 - 3.5849
    34  site 34      lam( 2):       0.8298  0.1456     0.5444 - 1.1153
    37  site 37      lam( 2):       1.9340  0.8423     0.2830 - 3.5849

CPU time: 0.0 seconds

