

PRESENCE - Presence/Absence-Site Occupancy data analysis
Wed Oct 26 19:51:00 2011,       Version 4.0111018
- - - - - - - - - - - - - - - - - - - - - - - - - - - - -
==>i=\\vboxsvr\cschwarz-desktop\occupancycourse\occupancysampledata\salamandermultiseason\salamander-multiseason.pao
==>l=pres_psi(Elevation)_gamma()_eps()_p().out
==>name=psi(Elevation),gamma(),eps(),p()
==>model=200
==>j=\\vboxsvr\cschwarz-desktop\occupancycourse\occupancysampledata\salamandermultiseason\salamander-multiseason_project\salamander-multiseason.dm
==>lmt=200
model=200 N,T-->39,10
modtype-->2 

********* Input Data summary *******
Number of sites                = 39
Number of sampling occasions   = 10
Number of missing observations = 0
Data checksum = 42044

Naive occupancy estimate       = 0.5897

NSiteCovs-->2
site_covname[0]=Elev(m)
site_covname[1]=StreamProximity
NSampCovs-->0
Primary periods=2 Secondary periods: 5 5
- - - - - - - - - - - - - - - - - - - - - - - - - - - - -
 Salamander Multi-Season
- - - - - - - - - - - - - - - - - - - - - - - - - - - - -
modtype=2 N=39 T=10 Groups=1 bootstraps=0

-->2-5
Matrix 1: rows=2, cols=3
            -,a1,a2,
psi1          1 Elev(m)
========================

Matrix 2: rows=2, cols=2
            -,b1,
gam1          1
========================

Matrix 3: rows=2, cols=2
            -,c1,
eps1          1
========================

Matrix 4: rows=11, cols=2
            -,d1,
P[1-1]        1
P[1-2]        1
P[1-3]        1
P[1-4]        1
P[1-5]        1
P[2-1]        1
P[2-2]        1
P[2-3]        1
P[2-4]        1
P[2-5]        1
========================

Matrix 5: rows=0, cols=0
========================

Matrix 6: rows=0, cols=0
========================

Multi-season model
------------------

2 Primary periods
  Secondary periods: 5 5

Model(1):psi(Elevation),gamma(),eps(),p()



Open Population Model:

Number of primary sampling periods = 2
Number of parameters               = 5
Optimization completion code:0

Model has been fit using the logistic link.


Number of parameters           = 5
Number of function calls           = 144
-2log(likelihood)              = 315.6801
AIC                            = 325.6801

varcov: nsig=6 eps=1.000000e-002

Untransformed Estimates of coefficients for covariates (Beta's)
======================================================================
                                          estimate    std.error
A1   psi1                             :   0.146079    0.428886
A2   psi1.Elev(m)                     :  -0.370549    0.360506
B1   gam1                             :  -1.298739    0.925436
C1   eps1                             :  -1.875138    1.266693
D1   P[1-1]                           :  -0.898877    0.204674

Variance-Covariance Matrix of Untransformed estimates (Beta's):
              A1         A2         B1         C1         D1  
     A1    0.183944  -0.013340  -0.148102  -0.081849  -0.030946
     A2   -0.013340   0.129965   0.026205   0.018986   0.004160
     B1   -0.148102   0.026205   0.856431   0.315653   0.047113
     C1   -0.081849   0.018986   0.315653   1.604510   0.103783
     D1   -0.030946   0.004160   0.047113   0.103783   0.041891
------------------------------

   Individual Site estimates of <psi1> 
                Site               estimate  Std.err   95% conf. interval
psi1            1 site 1          :  0.5411   0.1070     0.3363 - 0.7328 
psi1            2 site 2          :  0.5300   0.1065     0.3279 - 0.7227 
psi1            3 site 3          :  0.5955   0.1219     0.3532 - 0.7988 
psi1            4 site 4          :  0.6579   0.1534     0.3358 - 0.8797 
psi1            5 site 5          :  0.6864   0.1687     0.3202 - 0.9105 
psi1            6 site 6          :  0.6864   0.1687     0.3202 - 0.9105 
psi1            7 site 7          :  0.6768   0.1636     0.3259 - 0.9007 
psi1            8 site 8          :  0.6670   0.1583     0.3312 - 0.8901 
psi1            9 site 9          :  0.6062   0.1267     0.3524 - 0.8133 
psi1           10 site 10         :  0.6062   0.1267     0.3524 - 0.8133 
psi1           11 site 11         :  0.6272   0.1370     0.3479 - 0.8414 
psi1           12 site 12         :  0.6009   0.1242     0.3529 - 0.8061 
psi1           13 site 13         :  0.5740   0.1138     0.3510 - 0.7704 
psi1           14 site 14         :  0.5576   0.1095     0.3456 - 0.7505 
psi1           15 site 15         :  0.5466   0.1076     0.3398 - 0.7384 
psi1           16 site 16         :  0.6062   0.1267     0.3524 - 0.8133 
psi1           17 site 17         :  0.6062   0.1267     0.3524 - 0.8133 
psi1           18 site 18         :  0.5740   0.1138     0.3510 - 0.7704 
psi1           19 site 19         :  0.6115   0.1292     0.3516 - 0.8204 
psi1           20 site 20         :  0.5355   0.1066     0.3323 - 0.7276 
psi1           21 site 21         :  0.5198   0.1069     0.3187 - 0.7148 
psi1           22 site 22         :  0.4865   0.1138     0.2795 - 0.6982 
psi1           23 site 23         :  0.4423   0.1333     0.2157 - 0.6958 
psi1           24 site 24         :  0.3479   0.1892     0.0942 - 0.7324 
psi1           25 site 25         :  0.4151   0.1487     0.1760 - 0.7021 
psi1           26 site 26         :  0.4097   0.1519     0.1685 - 0.7039 
psi1           27 site 27         :  0.3990   0.1584     0.1539 - 0.7078 
psi1           28 site 28         :  0.4313   0.1393     0.1995 - 0.6977 
psi1           29 site 29         :  0.4205   0.1455     0.1837 - 0.7005 
psi1           30 site 30         :  0.4259   0.1424     0.1916 - 0.6990 
psi1           31 site 31         :  0.4754   0.1178     0.2643 - 0.6957 
psi1           32 site 32         :  0.4313   0.1393     0.1995 - 0.6977 
psi1           33 site 33         :  0.4313   0.1393     0.1995 - 0.6977 
psi1           34 site 34         :  0.4754   0.1178     0.2643 - 0.6957 
psi1           35 site 35         :  0.5848   0.1176     0.3528 - 0.7844 
psi1           36 site 36         :  0.5411   0.1070     0.3363 - 0.7328 
psi1           37 site 37         :  0.5411   0.1070     0.3363 - 0.7328 
psi1           38 site 38         :  0.5198   0.1069     0.3187 - 0.7148 
psi1           39 site 39         :  0.4865   0.1138     0.2795 - 0.6982 

   Individual Site estimates of <gam1> 
                Site               estimate  Std.err   95% conf. interval
gam1            1 site 1          :  0.2144   0.1559     0.0426 - 0.6260 

   Individual Site estimates of <eps1> 
                Site               estimate  Std.err   95% conf. interval
eps1            1 site 1          :  0.1329   0.1460     0.0126 - 0.6474 

   Individual Site estimates of <P[1-1]> 
                Site               estimate  Std.err   95% conf. interval
P[1-1]          1 site 1          :  0.2893   0.0421     0.2142 - 0.3781 
P[1-2]          1 site 1          :  0.2893   0.0421     0.2142 - 0.3781 
P[1-3]          1 site 1          :  0.2893   0.0421     0.2142 - 0.3781 
P[1-4]          1 site 1          :  0.2893   0.0421     0.2142 - 0.3781 
P[1-5]          1 site 1          :  0.2893   0.0421     0.2142 - 0.3781 
P[2-1]          1 site 1          :  0.2893   0.0421     0.2142 - 0.3781 
P[2-2]          1 site 1          :  0.2893   0.0421     0.2142 - 0.3781 
P[2-3]          1 site 1          :  0.2893   0.0421     0.2142 - 0.3781 
P[2-4]          1 site 1          :  0.2893   0.0421     0.2142 - 0.3781 
P[2-5]          1 site 1          :  0.2893   0.0421     0.2142 - 0.3781 

Real parameters: (computed using covariates from 1st site and 1st survey)

Real parameter :              estimate   SE(estimate)
     1 psi1                     0.5411      0.1070
     2 gam1                     0.2144      0.1559
     3 eps1                     0.1329      0.1460
     4 P[1-1]                   0.2893      0.0421
     5 P[1-2]                   0.2893      0.0421
     6 P[1-3]                   0.2893      0.0421
     7 P[1-4]                   0.2893      0.0421
     8 P[1-5]                   0.2893      0.0421
     9 P[2-1]                   0.2893      0.0421
    10 P[2-2]                   0.2893      0.0421
    11 P[2-3]                   0.2893      0.0421
    12 P[2-4]                   0.2893      0.0421
    13 P[2-5]                   0.2893      0.0421
Variance-covariance matrix of real parameters:
   0.011444  -0.006249  -0.002370  -0.001590  -0.001590  -0.001590  -0.001590  -0.001590
  -0.001590  -0.001590  -0.001590  -0.001590  -0.001590
  -0.006249   0.024293   0.006128   0.001631   0.001631   0.001631   0.001631   0.001631
   0.001631   0.001631   0.001631   0.001631   0.001631
  -0.002370   0.006128   0.021320   0.002460   0.002460   0.002460   0.002460   0.002460
   0.002460   0.002460   0.002460   0.002460   0.002460
  -0.001590   0.001631   0.002460   0.001771   0.001771   0.001771   0.001771   0.001771
   0.001771   0.001771   0.001771   0.001771   0.001771
  -0.001590   0.001631   0.002460   0.001771   0.001771   0.001771   0.001771   0.001771
   0.001771   0.001771   0.001771   0.001771   0.001771
  -0.001590   0.001631   0.002460   0.001771   0.001771   0.001771   0.001771   0.001771
   0.001771   0.001771   0.001771   0.001771   0.001771
  -0.001590   0.001631   0.002460   0.001771   0.001771   0.001771   0.001771   0.001771
   0.001771   0.001771   0.001771   0.001771   0.001771
  -0.001590   0.001631   0.002460   0.001771   0.001771   0.001771   0.001771   0.001771
   0.001771   0.001771   0.001771   0.001771   0.001771
  -0.001590   0.001631   0.002460   0.001771   0.001771   0.001771   0.001771   0.001771
   0.001771   0.001771   0.001771   0.001771   0.001771
  -0.001590   0.001631   0.002460   0.001771   0.001771   0.001771   0.001771   0.001771
   0.001771   0.001771   0.001771   0.001771   0.001771
  -0.001590   0.001631   0.002460   0.001771   0.001771   0.001771   0.001771   0.001771
   0.001771   0.001771   0.001771   0.001771   0.001771
  -0.001590   0.001631   0.002460   0.001771   0.001771   0.001771   0.001771   0.001771
   0.001771   0.001771   0.001771   0.001771   0.001771
  -0.001590   0.001631   0.002460   0.001771   0.001771   0.001771   0.001771   0.001771
   0.001771   0.001771   0.001771   0.001771   0.001771

================================================================================

 DERIVED parameters - psi2,psi3,psi4,...

        Site                        psi(t)  Std.err     95% conf. interval
     1   site 1      psi( 2):       0.5675  0.1055     0.3608 - 0.7742 
     2   site 2      psi( 2):       0.5603  0.1047     0.3551 - 0.7655 
     3   site 3      psi( 2):       0.6031  0.1159     0.3760 - 0.8301 
     4   site 4      psi( 2):       0.6437  0.1365     0.3763 - 0.9112 
     5   site 5      psi( 2):       0.6624  0.1469     0.3745 - 0.9503 
     7   site 7      psi( 2):       0.6561  0.1435     0.3749 - 0.9373 
     8   site 8      psi( 2):       0.6497  0.1399     0.3756 - 0.9238 
     9   site 9      psi( 2):       0.6100  0.1188     0.3771 - 0.8430 
    11  site 11      psi( 2):       0.6238  0.1256     0.3775 - 0.8700 
    12  site 12      psi( 2):       0.6066  0.1173     0.3766 - 0.8365 
    13  site 13      psi( 2):       0.5890  0.1105     0.3724 - 0.8056 
    14  site 14      psi( 2):       0.5783  0.1075     0.3676 - 0.7890 
    15  site 15      psi( 2):       0.5711  0.1060     0.3634 - 0.7788 
    16  site 16      psi( 2):       0.6100  0.1188     0.3771 - 0.8430 
    18  site 18      psi( 2):       0.5890  0.1105     0.3724 - 0.8056 
    19  site 19      psi( 2):       0.6135  0.1205     0.3773 - 0.8497 
    20  site 20      psi( 2):       0.5639  0.1050     0.3580 - 0.7698 
    21  site 21      psi( 2):       0.5537  0.1045     0.3488 - 0.7585 
    22  site 22      psi( 2):       0.5319  0.1069     0.3223 - 0.7415 
    23  site 23      psi( 2):       0.5030  0.1168     0.2742 - 0.7319 
    24  site 24      psi( 2):       0.4414  0.1512     0.1451 - 0.7377 
    25  site 25      psi( 2):       0.4853  0.1255     0.2394 - 0.7312 
    26  site 26      psi( 2):       0.4818  0.1274     0.2321 - 0.7315 
    27  site 27      psi( 2):       0.4748  0.1313     0.2174 - 0.7321 
    28  site 28      psi( 2):       0.4959  0.1200     0.2606 - 0.7312 
    29  site 29      psi( 2):       0.4888  0.1236     0.2465 - 0.7311 
    30  site 30      psi( 2):       0.4924  0.1218     0.2536 - 0.7311 
    31  site 31      psi( 2):       0.5247  0.1088     0.3114 - 0.7379 
    32  site 32      psi( 2):       0.4959  0.1200     0.2606 - 0.7312 
    34  site 34      psi( 2):       0.5247  0.1088     0.3114 - 0.7379 
    35  site 35      psi( 2):       0.5961  0.1130     0.3746 - 0.8175 
    36  site 36      psi( 2):       0.5675  0.1055     0.3608 - 0.7742 
    38  site 38      psi( 2):       0.5537  0.1045     0.3488 - 0.7585 
    39  site 39      psi( 2):       0.5319  0.1069     0.3223 - 0.7415 


 DERIVED parameters - lam2,lam3,lam4,...

        Site                        lam(t)  Std.err     95% conf. interval
     1   site 1      lam( 2):       1.0489  0.1971     0.6625 - 1.4353
     2   site 2      lam( 2):       1.0572  0.2023     0.6606 - 1.4538
     3   site 3      lam( 2):       1.0126  0.1789     0.6621 - 1.3632
     4   site 4      lam( 2):       0.9785  0.1677     0.6498 - 1.3073
     5   site 5      lam( 2):       0.9650  0.1643     0.6429 - 1.2870
     7   site 7      lam( 2):       0.9694  0.1654     0.6453 - 1.2936
     8   site 8      lam( 2):       0.9741  0.1666     0.6476 - 1.3006
     9   site 9      lam( 2):       1.0063  0.1762     0.6609 - 1.3518
    11  site 11      lam( 2):       0.9945  0.1723     0.6568 - 1.3321
    12  site 12      lam( 2):       1.0094  0.1775     0.6615 - 1.3574
    13  site 13      lam( 2):       1.0262  0.1847     0.6641 - 1.3883
    14  site 14      lam( 2):       1.0372  0.1904     0.6640 - 1.4103
    15  site 15      lam( 2):       1.0449  0.1946     0.6634 - 1.4263
    16  site 16      lam( 2):       1.0063  0.1762     0.6609 - 1.3518
    18  site 18      lam( 2):       1.0262  0.1847     0.6641 - 1.3883
    19  site 19      lam( 2):       1.0032  0.1752     0.6598 - 1.3467
    20  site 20      lam( 2):       1.0530  0.1996     0.6617 - 1.4443
    21  site 21      lam( 2):       1.0651  0.2078     0.6578 - 1.4724
    22  site 22      lam( 2):       1.0933  0.2305     0.6416 - 1.5451
    23  site 23      lam( 2):       1.1374  0.2755     0.5974 - 1.6773
    24  site 24      lam( 2):       1.2689  0.4647     0.3582 - 2.1796
    25  site 25      lam( 2):       1.1692  0.3144     0.5530 - 1.7853
    26  site 26      lam( 2):       1.1760  0.3233     0.5422 - 1.8097
    27  site 27      lam( 2):       1.1900  0.3427     0.5184 - 1.8616
    28  site 28      lam( 2):       1.1497  0.2899     0.5814 - 1.7179
    29  site 29      lam( 2):       1.1625  0.3059     0.5630 - 1.7621
    30  site 30      lam( 2):       1.1560  0.2977     0.5726 - 1.7395
    31  site 31      lam( 2):       1.1036  0.2401     0.6331 - 1.5742
    32  site 32      lam( 2):       1.1497  0.2899     0.5814 - 1.7179
    34  site 34      lam( 2):       1.1036  0.2401     0.6331 - 1.5742
    35  site 35      lam( 2):       1.0193  0.1816     0.6633 - 1.3752
    36  site 36      lam( 2):       1.0489  0.1971     0.6625 - 1.4353
    38  site 38      lam( 2):       1.0651  0.2078     0.6578 - 1.4724
    39  site 39      lam( 2):       1.0933  0.2305     0.6416 - 1.5451

CPU time: 0.0 seconds

