

PRESENCE - Presence/Absence-Site Occupancy data analysis
Wed Oct 26 19:53:53 2011,       Version 4.0111018
- - - - - - - - - - - - - - - - - - - - - - - - - - - - -
==>i=\\vboxsvr\cschwarz-desktop\occupancycourse\occupancysampledata\salamandermultiseason\salamander-multiseason.pao
==>l=pres_psi(StreamProximity)_gamma(StreamProximity)_eps()_p().out
==>name=psi(StreamProximity),gamma(StreamProximity),eps(),p()
==>model=200
==>j=\\vboxsvr\cschwarz-desktop\occupancycourse\occupancysampledata\salamandermultiseason\salamander-multiseason_project\salamander-multiseason.dm
==>lmt=200
model=200 N,T-->39,10
modtype-->2 

********* Input Data summary *******
Number of sites                = 39
Number of sampling occasions   = 10
Number of missing observations = 0
Data checksum = 42044

Naive occupancy estimate       = 0.5897

NSiteCovs-->2
site_covname[0]=Elev(m)
site_covname[1]=StreamProximity
NSampCovs-->0
Primary periods=2 Secondary periods: 5 5
- - - - - - - - - - - - - - - - - - - - - - - - - - - - -
 Salamander Multi-Season
- - - - - - - - - - - - - - - - - - - - - - - - - - - - -
modtype=2 N=39 T=10 Groups=1 bootstraps=0

-->2-5
Matrix 1: rows=2, cols=3
            -,a1,a2,
psi1          1 StreamProximity
========================

Matrix 2: rows=2, cols=3
            -,b1,b2,
gam1          1 StreamProximity
========================

Matrix 3: rows=2, cols=2
            -,c1,
eps1          1
========================

Matrix 4: rows=11, cols=2
            -,d1,
P[1-1]        1
P[1-2]        1
P[1-3]        1
P[1-4]        1
P[1-5]        1
P[2-1]        1
P[2-2]        1
P[2-3]        1
P[2-4]        1
P[2-5]        1
========================

Matrix 5: rows=0, cols=0
========================

Matrix 6: rows=0, cols=0
========================

Multi-season model
------------------

2 Primary periods
  Secondary periods: 5 5

Model(1):psi(StreamProximity),gamma(StreamProximity),eps(),p()



Open Population Model:

Number of primary sampling periods = 2
Number of parameters               = 6
Optimization completion code:130

Model has been fit using the logistic link.


Number of parameters           = 6
Number of function calls           = 344

**** Numerical convergence may not have been reached.
     Parameter estimates converged to approximately 
     5.68 significant digits.

-2log(likelihood)              = 296.6992
AIC                            = 308.6992

varcov: nsig=6 eps=1.000000e-002

Untransformed Estimates of coefficients for covariates (Beta's)
======================================================================
                                          estimate    std.error
A1   psi1                             :  -1.386639    0.574741
A2   psi1.StreamProximity             :   5.477777    4.498750
B1   gam1                             :  -0.955395    0.608336
B2   gam1.StreamProximity             : -18.716535  64072.951568
C1   eps1                             :  -1.597178    0.992046
D1   P[1-1]                           :  -0.840804    0.184558

Variance-Covariance Matrix of Untransformed estimates (Beta's):
              A1         A2         B1         B2         C1         D1  
     A1    0.330327  -0.261740  -0.033056   0.077507  -0.017577  -0.012800
     A2   -0.261740  20.238754   0.107520   9.224557   0.909271  -0.172859
     B1   -0.033056   0.107520   0.370072  -0.304765   0.016423  -0.007535
     B2    0.077507   9.224557  -0.304765 4105343122.698407   1.146469  -0.111475
     C1   -0.017577   0.909271   0.016423   1.146469   0.984154   0.046591
     D1   -0.012800  -0.172859  -0.007535  -0.111475   0.046591   0.034062
------------------------------

   Individual Site estimates of <psi1> 
                Site               estimate  Std.err   95% conf. interval
psi1            1 site 1          :  0.9836   0.0724     0.0092 - 1.0000 
psi1            2 site 2          :  0.1999   0.0919     0.0749 - 0.4353 
psi1            3 site 3          :  0.9836   0.0724     0.0092 - 1.0000 
psi1            4 site 4          :  0.9836   0.0724     0.0092 - 1.0000 
psi1            5 site 5          :  0.1999   0.0919     0.0749 - 0.4353 
psi1            6 site 6          :  0.9836   0.0724     0.0092 - 1.0000 
psi1            7 site 7          :  0.9836   0.0724     0.0092 - 1.0000 
psi1            8 site 8          :  0.9836   0.0724     0.0092 - 1.0000 
psi1            9 site 9          :  0.1999   0.0919     0.0749 - 0.4353 
psi1           10 site 10         :  0.1999   0.0919     0.0749 - 0.4353 
psi1           11 site 11         :  0.9836   0.0724     0.0092 - 1.0000 
psi1           12 site 12         :  0.1999   0.0919     0.0749 - 0.4353 
psi1           13 site 13         :  0.1999   0.0919     0.0749 - 0.4353 
psi1           14 site 14         :  0.1999   0.0919     0.0749 - 0.4353 
psi1           15 site 15         :  0.1999   0.0919     0.0749 - 0.4353 
psi1           16 site 16         :  0.1999   0.0919     0.0749 - 0.4353 
psi1           17 site 17         :  0.1999   0.0919     0.0749 - 0.4353 
psi1           18 site 18         :  0.1999   0.0919     0.0749 - 0.4353 
psi1           19 site 19         :  0.9836   0.0724     0.0092 - 1.0000 
psi1           20 site 20         :  0.1999   0.0919     0.0749 - 0.4353 
psi1           21 site 21         :  0.1999   0.0919     0.0749 - 0.4353 
psi1           22 site 22         :  0.1999   0.0919     0.0749 - 0.4353 
psi1           23 site 23         :  0.1999   0.0919     0.0749 - 0.4353 
psi1           24 site 24         :  0.1999   0.0919     0.0749 - 0.4353 
psi1           25 site 25         :  0.9836   0.0724     0.0092 - 1.0000 
psi1           26 site 26         :  0.1999   0.0919     0.0749 - 0.4353 
psi1           27 site 27         :  0.1999   0.0919     0.0749 - 0.4353 
psi1           28 site 28         :  0.1999   0.0919     0.0749 - 0.4353 
psi1           29 site 29         :  0.9836   0.0724     0.0092 - 1.0000 
psi1           30 site 30         :  0.9836   0.0724     0.0092 - 1.0000 
psi1           31 site 31         :  0.1999   0.0919     0.0749 - 0.4353 
psi1           32 site 32         :  0.9836   0.0724     0.0092 - 1.0000 
psi1           33 site 33         :  0.1999   0.0919     0.0749 - 0.4353 
psi1           34 site 34         :  0.9836   0.0724     0.0092 - 1.0000 
psi1           35 site 35         :  0.9836   0.0724     0.0092 - 1.0000 
psi1           36 site 36         :  0.9836   0.0724     0.0092 - 1.0000 
psi1           37 site 37         :  0.1999   0.0919     0.0749 - 0.4353 
psi1           38 site 38         :  0.1999   0.0919     0.0749 - 0.4353 
psi1           39 site 39         :  0.1999   0.0919     0.0749 - 0.4353 

   Individual Site estimates of <gam1> 
                Site               estimate  Std.err   95% conf. interval
gam1            1 site 1          :  0.0000   0.0002     0.0000 - 1.0000 
gam1            2 site 2          :  0.2778   0.1220     0.1045 - 0.5590 
gam1            3 site 3          :  0.0000   0.0002     0.0000 - 1.0000 
gam1            4 site 4          :  0.0000   0.0002     0.0000 - 1.0000 
gam1            5 site 5          :  0.2778   0.1220     0.1045 - 0.5590 
gam1            6 site 6          :  0.0000   0.0002     0.0000 - 1.0000 
gam1            7 site 7          :  0.0000   0.0002     0.0000 - 1.0000 
gam1            8 site 8          :  0.0000   0.0002     0.0000 - 1.0000 
gam1            9 site 9          :  0.2778   0.1220     0.1045 - 0.5590 
gam1           10 site 10         :  0.2778   0.1220     0.1045 - 0.5590 
gam1           11 site 11         :  0.0000   0.0002     0.0000 - 1.0000 
gam1           12 site 12         :  0.2778   0.1220     0.1045 - 0.5590 
gam1           13 site 13         :  0.2778   0.1220     0.1045 - 0.5590 
gam1           14 site 14         :  0.2778   0.1220     0.1045 - 0.5590 
gam1           15 site 15         :  0.2778   0.1220     0.1045 - 0.5590 
gam1           16 site 16         :  0.2778   0.1220     0.1045 - 0.5590 
gam1           17 site 17         :  0.2778   0.1220     0.1045 - 0.5590 
gam1           18 site 18         :  0.2778   0.1220     0.1045 - 0.5590 
gam1           19 site 19         :  0.0000   0.0002     0.0000 - 1.0000 
gam1           20 site 20         :  0.2778   0.1220     0.1045 - 0.5590 
gam1           21 site 21         :  0.2778   0.1220     0.1045 - 0.5590 
gam1           22 site 22         :  0.2778   0.1220     0.1045 - 0.5590 
gam1           23 site 23         :  0.2778   0.1220     0.1045 - 0.5590 
gam1           24 site 24         :  0.2778   0.1220     0.1045 - 0.5590 
gam1           25 site 25         :  0.0000   0.0002     0.0000 - 1.0000 
gam1           26 site 26         :  0.2778   0.1220     0.1045 - 0.5590 
gam1           27 site 27         :  0.2778   0.1220     0.1045 - 0.5590 
gam1           28 site 28         :  0.2778   0.1220     0.1045 - 0.5590 
gam1           29 site 29         :  0.0000   0.0002     0.0000 - 1.0000 
gam1           30 site 30         :  0.0000   0.0002     0.0000 - 1.0000 
gam1           31 site 31         :  0.2778   0.1220     0.1045 - 0.5590 
gam1           32 site 32         :  0.0000   0.0002     0.0000 - 1.0000 
gam1           33 site 33         :  0.2778   0.1220     0.1045 - 0.5590 
gam1           34 site 34         :  0.0000   0.0002     0.0000 - 1.0000 
gam1           35 site 35         :  0.0000   0.0002     0.0000 - 1.0000 
gam1           36 site 36         :  0.0000   0.0002     0.0000 - 1.0000 
gam1           37 site 37         :  0.2778   0.1220     0.1045 - 0.5590 
gam1           38 site 38         :  0.2778   0.1220     0.1045 - 0.5590 
gam1           39 site 39         :  0.2778   0.1220     0.1045 - 0.5590 

   Individual Site estimates of <eps1> 
                Site               estimate  Std.err   95% conf. interval
eps1            1 site 1          :  0.1684   0.1389     0.0282 - 0.5859 

   Individual Site estimates of <P[1-1]> 
                Site               estimate  Std.err   95% conf. interval
P[1-1]          1 site 1          :  0.3014   0.0389     0.2310 - 0.3825 
P[1-2]          1 site 1          :  0.3014   0.0389     0.2310 - 0.3825 
P[1-3]          1 site 1          :  0.3014   0.0389     0.2310 - 0.3825 
P[1-4]          1 site 1          :  0.3014   0.0389     0.2310 - 0.3825 
P[1-5]          1 site 1          :  0.3014   0.0389     0.2310 - 0.3825 
P[2-1]          1 site 1          :  0.3014   0.0389     0.2310 - 0.3825 
P[2-2]          1 site 1          :  0.3014   0.0389     0.2310 - 0.3825 
P[2-3]          1 site 1          :  0.3014   0.0389     0.2310 - 0.3825 
P[2-4]          1 site 1          :  0.3014   0.0389     0.2310 - 0.3825 
P[2-5]          1 site 1          :  0.3014   0.0389     0.2310 - 0.3825 

Real parameters: (computed using covariates from 1st site and 1st survey)

Real parameter :              estimate   SE(estimate)
     1 psi1                     0.9836      0.0756
     2 gam1                     0.0000      0.0002
     3 eps1                     0.1684      0.1389
     4 P[1-1]                   0.3014      0.0406
     5 P[1-2]                   0.3014      0.0406
     6 P[1-3]                   0.3014      0.0406
     7 P[1-4]                   0.3014      0.0406
     8 P[1-5]                   0.3014      0.0406
     9 P[2-1]                   0.3014      0.0406
    10 P[2-2]                   0.3014      0.0406
    11 P[2-3]                   0.3014      0.0406
    12 P[2-4]                   0.3014      0.0406
    13 P[2-5]                   0.3014      0.0406
Variance-covariance matrix of real parameters:
   0.005717  -0.000004   0.002008  -0.000376  -0.000376  -0.000376  -0.000376  -0.000376
  -0.000376  -0.000376  -0.000376  -0.000376  -0.000376
  -0.000004   0.000000   0.000000  -0.000002  -0.000002  -0.000002  -0.000002  -0.000002
  -0.000002  -0.000002  -0.000002  -0.000002  -0.000002
   0.002008   0.000000   0.019297   0.001368   0.001368   0.001368   0.001368   0.001368
   0.001368   0.001368   0.001368   0.001368   0.001368
  -0.000376  -0.000002   0.001368   0.001649   0.001649   0.001649   0.001649   0.001649
   0.001649   0.001649   0.001649   0.001649   0.001649
  -0.000376  -0.000002   0.001368   0.001649   0.001649   0.001649   0.001649   0.001649
   0.001649   0.001649   0.001649   0.001649   0.001649
  -0.000376  -0.000002   0.001368   0.001649   0.001649   0.001649   0.001649   0.001649
   0.001649   0.001649   0.001649   0.001649   0.001649
  -0.000376  -0.000002   0.001368   0.001649   0.001649   0.001649   0.001649   0.001649
   0.001649   0.001649   0.001649   0.001649   0.001649
  -0.000376  -0.000002   0.001368   0.001649   0.001649   0.001649   0.001649   0.001649
   0.001649   0.001649   0.001649   0.001649   0.001649
  -0.000376  -0.000002   0.001368   0.001649   0.001649   0.001649   0.001649   0.001649
   0.001649   0.001649   0.001649   0.001649   0.001649
  -0.000376  -0.000002   0.001368   0.001649   0.001649   0.001649   0.001649   0.001649
   0.001649   0.001649   0.001649   0.001649   0.001649
  -0.000376  -0.000002   0.001368   0.001649   0.001649   0.001649   0.001649   0.001649
   0.001649   0.001649   0.001649   0.001649   0.001649
  -0.000376  -0.000002   0.001368   0.001649   0.001649   0.001649   0.001649   0.001649
   0.001649   0.001649   0.001649   0.001649   0.001649
  -0.000376  -0.000002   0.001368   0.001649   0.001649   0.001649   0.001649   0.001649
   0.001649   0.001649   0.001649   0.001649   0.001649

================================================================================

 DERIVED parameters - psi2,psi3,psi4,...

        Site                        psi(t)  Std.err     95% conf. interval
     1   site 1      psi( 2):       0.8179  0.1378     0.5478 - 1.0881 
     2   site 2      psi( 2):       0.3885  0.1091     0.1748 - 0.6023 
     3   site 3      psi( 2):       0.8179  0.1378     0.5478 - 1.0881 
     5   site 5      psi( 2):       0.3885  0.1091     0.1748 - 0.6023 
     6   site 6      psi( 2):       0.8179  0.1378     0.5478 - 1.0881 
     9   site 9      psi( 2):       0.3885  0.1091     0.1748 - 0.6023 
    11  site 11      psi( 2):       0.8179  0.1378     0.5478 - 1.0881 
    12  site 12      psi( 2):       0.3885  0.1091     0.1748 - 0.6023 
    19  site 19      psi( 2):       0.8179  0.1378     0.5478 - 1.0881 
    20  site 20      psi( 2):       0.3885  0.1091     0.1748 - 0.6023 
    25  site 25      psi( 2):       0.8179  0.1378     0.5478 - 1.0881 
    26  site 26      psi( 2):       0.3885  0.1091     0.1748 - 0.6023 
    29  site 29      psi( 2):       0.8179  0.1378     0.5478 - 1.0881 
    31  site 31      psi( 2):       0.3885  0.1091     0.1748 - 0.6023 
    32  site 32      psi( 2):       0.8179  0.1378     0.5478 - 1.0881 
    33  site 33      psi( 2):       0.3885  0.1091     0.1748 - 0.6023 
    34  site 34      psi( 2):       0.8179  0.1378     0.5478 - 1.0881 
    37  site 37      psi( 2):       0.3885  0.1091     0.1748 - 0.6023 


 DERIVED parameters - lam2,lam3,lam4,...

        Site                        lam(t)  Std.err     95% conf. interval
     1   site 1      lam( 2):       0.8316  0.1389     0.5594 - 1.1038
     2   site 2      lam( 2):       1.9432  0.8461     0.2848 - 3.6016
     3   site 3      lam( 2):       0.8316  0.1389     0.5594 - 1.1038
     5   site 5      lam( 2):       1.9432  0.8461     0.2848 - 3.6016
     6   site 6      lam( 2):       0.8316  0.1389     0.5594 - 1.1038
     9   site 9      lam( 2):       1.9432  0.8461     0.2848 - 3.6016
    11  site 11      lam( 2):       0.8316  0.1389     0.5594 - 1.1038
    12  site 12      lam( 2):       1.9432  0.8461     0.2848 - 3.6016
    19  site 19      lam( 2):       0.8316  0.1389     0.5594 - 1.1038
    20  site 20      lam( 2):       1.9432  0.8461     0.2848 - 3.6016
    25  site 25      lam( 2):       0.8316  0.1389     0.5594 - 1.1038
    26  site 26      lam( 2):       1.9432  0.8461     0.2848 - 3.6016
    29  site 29      lam( 2):       0.8316  0.1389     0.5594 - 1.1038
    31  site 31      lam( 2):       1.9432  0.8461     0.2848 - 3.6016
    32  site 32      lam( 2):       0.8316  0.1389     0.5594 - 1.1038
    33  site 33      lam( 2):       1.9432  0.8461     0.2848 - 3.6016
    34  site 34      lam( 2):       0.8316  0.1389     0.5594 - 1.1038
    37  site 37      lam( 2):       1.9432  0.8461     0.2848 - 3.6016

CPU time: 1.0 seconds

