

PRESENCE - Presence/Absence-Site Occupancy data analysis
Wed Oct 26 19:51:52 2011,       Version 4.0111018
- - - - - - - - - - - - - - - - - - - - - - - - - - - - -
==>i=\\vboxsvr\cschwarz-desktop\occupancycourse\occupancysampledata\salamandermultiseason\salamander-multiseason.pao
==>l=pres_psi_gamma(Elevation)_eps()_p().out
==>name=psi,gamma(Elevation),eps(),p()
==>model=200
==>j=\\vboxsvr\cschwarz-desktop\occupancycourse\occupancysampledata\salamandermultiseason\salamander-multiseason_project\salamander-multiseason.dm
==>lmt=200
model=200 N,T-->39,10
modtype-->2 

********* Input Data summary *******
Number of sites                = 39
Number of sampling occasions   = 10
Number of missing observations = 0
Data checksum = 42044

Naive occupancy estimate       = 0.5897

NSiteCovs-->2
site_covname[0]=Elev(m)
site_covname[1]=StreamProximity
NSampCovs-->0
Primary periods=2 Secondary periods: 5 5
- - - - - - - - - - - - - - - - - - - - - - - - - - - - -
 Salamander Multi-Season
- - - - - - - - - - - - - - - - - - - - - - - - - - - - -
modtype=2 N=39 T=10 Groups=1 bootstraps=0

-->2-5
Matrix 1: rows=2, cols=2
            -,a1,
psi1          1
========================

Matrix 2: rows=2, cols=3
            -,b1,b2,
gam1          1 Elev(m)
========================

Matrix 3: rows=2, cols=2
            -,c1,
eps1          1
========================

Matrix 4: rows=11, cols=2
            -,d1,
P[1-1]        1
P[1-2]        1
P[1-3]        1
P[1-4]        1
P[1-5]        1
P[2-1]        1
P[2-2]        1
P[2-3]        1
P[2-4]        1
P[2-5]        1
========================

Matrix 5: rows=0, cols=0
========================

Matrix 6: rows=0, cols=0
========================

Multi-season model
------------------

2 Primary periods
  Secondary periods: 5 5

Model(1):psi,gamma(Elevation),eps(),p()



Open Population Model:

Number of primary sampling periods = 2
Number of parameters               = 5
Optimization completion code:0

Model has been fit using the logistic link.


Number of parameters           = 5
Number of function calls           = 162
-2log(likelihood)              = 316.0922
AIC                            = 326.0922

varcov: nsig=6 eps=1.000000e-002

Untransformed Estimates of coefficients for covariates (Beta's)
======================================================================
                                          estimate    std.error
A1   psi1                             :   0.105198    0.402158
B1   gam1                             :  -1.178435    0.870061
B2   gam1.Elev(m)                     :  -0.837458    1.176499
C1   eps1                             :  -1.778426    1.169754
D1   P[1-1]                           :  -0.884154    0.200071

Variance-Covariance Matrix of Untransformed estimates (Beta's):
              A1         B1         B2         C1         D1  
     A1    0.161731  -0.100961  -0.040524  -0.047690  -0.024747
     B1   -0.100961   0.757005   0.253711   0.223469   0.029681
     B2   -0.040524   0.253711   1.384149   0.068837   0.020657
     C1   -0.047690   0.223469   0.068837   1.368325   0.084635
     D1   -0.024747   0.029681   0.020657   0.084635   0.040029
------------------------------

   Individual Site estimates of <psi1> 
                Site               estimate  Std.err   95% conf. interval
psi1            1 site 1          :  0.5263   0.1003     0.3356 - 0.7096 

   Individual Site estimates of <gam1> 
                Site               estimate  Std.err   95% conf. interval
gam1            1 site 1          :  0.2430   0.1577     0.0564 - 0.6327 
gam1            2 site 2          :  0.2249   0.1559     0.0479 - 0.6260 
gam1            3 site 3          :  0.3466   0.2278     0.0688 - 0.7921 
gam1            4 site 4          :  0.4922   0.4076     0.0381 - 0.9595 
gam1            5 site 5          :  0.5651   0.4902     0.0254 - 0.9848 
gam1            6 site 6          :  0.5651   0.4902     0.0254 - 0.9848 
gam1            7 site 7          :  0.5403   0.4639     0.0293 - 0.9786 
gam1            8 site 8          :  0.5152   0.4353     0.0337 - 0.9700 
gam1            9 site 9          :  0.3697   0.2539     0.0648 - 0.8323 
gam1           10 site 10         :  0.3697   0.2539     0.0648 - 0.8323 
gam1           11 site 11         :  0.4176   0.3130     0.0544 - 0.8993 
gam1           12 site 12         :  0.3580   0.2405     0.0670 - 0.8126 
gam1           13 site 13         :  0.3026   0.1866     0.0712 - 0.7105 
gam1           14 site 14         :  0.2717   0.1672     0.0665 - 0.6615 
gam1           15 site 15         :  0.2523   0.1598     0.0603 - 0.6398 
gam1           16 site 16         :  0.3697   0.2539     0.0648 - 0.8323 
gam1           17 site 17         :  0.3697   0.2539     0.0648 - 0.8323 
gam1           18 site 18         :  0.3026   0.1866     0.0712 - 0.7105 
gam1           19 site 19         :  0.3815   0.2679     0.0624 - 0.8510 
gam1           20 site 20         :  0.2338   0.1564     0.0523 - 0.6282 
gam1           21 site 21         :  0.2093   0.1564     0.0399 - 0.6279 
gam1           22 site 22         :  0.1637   0.1640     0.0184 - 0.6719 
gam1           23 site 23         :  0.1158   0.1687     0.0052 - 0.7679 
gam1           24 site 24         :  0.0508   0.1351     0.0002 - 0.9287 
gam1           25 site 25         :  0.0925   0.1644     0.0022 - 0.8258 
gam1           26 site 26         :  0.0883   0.1629     0.0018 - 0.8363 
gam1           27 site 27         :  0.0806   0.1594     0.0013 - 0.8562 
gam1           28 site 28         :  0.1059   0.1677     0.0037 - 0.7920 
gam1           29 site 29         :  0.0968   0.1657     0.0026 - 0.8149 
gam1           30 site 30         :  0.1013   0.1668     0.0031 - 0.8036 
gam1           31 site 31         :  0.1504   0.1664     0.0136 - 0.6943 
gam1           32 site 32         :  0.1059   0.1677     0.0037 - 0.7920 
gam1           33 site 33         :  0.1059   0.1677     0.0037 - 0.7920 
gam1           34 site 34         :  0.1504   0.1664     0.0136 - 0.6943 
gam1           35 site 35         :  0.3242   0.2052     0.0711 - 0.7504 
gam1           36 site 36         :  0.2430   0.1577     0.0564 - 0.6327 
gam1           37 site 37         :  0.2430   0.1577     0.0564 - 0.6327 
gam1           38 site 38         :  0.2093   0.1564     0.0399 - 0.6279 
gam1           39 site 39         :  0.1637   0.1640     0.0184 - 0.6719 

   Individual Site estimates of <eps1> 
                Site               estimate  Std.err   95% conf. interval
eps1            1 site 1          :  0.1445   0.1446     0.0168 - 0.6258 

   Individual Site estimates of <P[1-1]> 
                Site               estimate  Std.err   95% conf. interval
P[1-1]          1 site 1          :  0.2923   0.0414     0.2182 - 0.3794 
P[1-2]          1 site 1          :  0.2923   0.0414     0.2182 - 0.3794 
P[1-3]          1 site 1          :  0.2923   0.0414     0.2182 - 0.3794 
P[1-4]          1 site 1          :  0.2923   0.0414     0.2182 - 0.3794 
P[1-5]          1 site 1          :  0.2923   0.0414     0.2182 - 0.3794 
P[2-1]          1 site 1          :  0.2923   0.0414     0.2182 - 0.3794 
P[2-2]          1 site 1          :  0.2923   0.0414     0.2182 - 0.3794 
P[2-3]          1 site 1          :  0.2923   0.0414     0.2182 - 0.3794 
P[2-4]          1 site 1          :  0.2923   0.0414     0.2182 - 0.3794 
P[2-5]          1 site 1          :  0.2923   0.0414     0.2182 - 0.3794 

Real parameters: (computed using covariates from 1st site and 1st survey)

Real parameter :              estimate   SE(estimate)
     1 psi1                     0.5263      0.1003
     2 gam1                     0.2430      0.1577
     3 eps1                     0.1445      0.1446
     4 P[1-1]                   0.2923      0.0414
     5 P[1-2]                   0.2923      0.0414
     6 P[1-3]                   0.2923      0.0414
     7 P[1-4]                   0.2923      0.0414
     8 P[1-5]                   0.2923      0.0414
     9 P[2-1]                   0.2923      0.0414
    10 P[2-2]                   0.2923      0.0414
    11 P[2-3]                   0.2923      0.0414
    12 P[2-4]                   0.2923      0.0414
    13 P[2-5]                   0.2923      0.0414
Variance-covariance matrix of real parameters:
   0.010052  -0.004537  -0.001470  -0.001276  -0.001276  -0.001276  -0.001276  -0.001276
  -0.001276  -0.001276  -0.001276  -0.001276  -0.001276
  -0.004537   0.024867   0.005003   0.001090   0.001090   0.001090   0.001090   0.001090
   0.001090   0.001090   0.001090   0.001090   0.001090
  -0.001470   0.005003   0.020910   0.002164   0.002164   0.002164   0.002164   0.002164
   0.002164   0.002164   0.002164   0.002164   0.002164
  -0.001276   0.001090   0.002164   0.001713   0.001713   0.001713   0.001713   0.001713
   0.001713   0.001713   0.001713   0.001713   0.001713
  -0.001276   0.001090   0.002164   0.001713   0.001713   0.001713   0.001713   0.001713
   0.001713   0.001713   0.001713   0.001713   0.001713
  -0.001276   0.001090   0.002164   0.001713   0.001713   0.001713   0.001713   0.001713
   0.001713   0.001713   0.001713   0.001713   0.001713
  -0.001276   0.001090   0.002164   0.001713   0.001713   0.001713   0.001713   0.001713
   0.001713   0.001713   0.001713   0.001713   0.001713
  -0.001276   0.001090   0.002164   0.001713   0.001713   0.001713   0.001713   0.001713
   0.001713   0.001713   0.001713   0.001713   0.001713
  -0.001276   0.001090   0.002164   0.001713   0.001713   0.001713   0.001713   0.001713
   0.001713   0.001713   0.001713   0.001713   0.001713
  -0.001276   0.001090   0.002164   0.001713   0.001713   0.001713   0.001713   0.001713
   0.001713   0.001713   0.001713   0.001713   0.001713
  -0.001276   0.001090   0.002164   0.001713   0.001713   0.001713   0.001713   0.001713
   0.001713   0.001713   0.001713   0.001713   0.001713
  -0.001276   0.001090   0.002164   0.001713   0.001713   0.001713   0.001713   0.001713
   0.001713   0.001713   0.001713   0.001713   0.001713
  -0.001276   0.001090   0.002164   0.001713   0.001713   0.001713   0.001713   0.001713
   0.001713   0.001713   0.001713   0.001713   0.001713

================================================================================

 DERIVED parameters - psi2,psi3,psi4,...

        Site                        psi(t)  Std.err     95% conf. interval
     1   site 1      psi( 2):       0.5653  0.1047     0.3601 - 0.7706 
     2   site 2      psi( 2):       0.5568  0.1052     0.3506 - 0.7630 
     3   site 3      psi( 2):       0.6144  0.1277     0.3641 - 0.8648 
     4   site 4      psi( 2):       0.6834  0.2051     0.2815 - 1.0854 
     5   site 5      psi( 2):       0.7179  0.2427     0.2422 - 1.1937 
     7   site 7      psi( 2):       0.7062  0.2305     0.2544 - 1.1580 
     8   site 8      psi( 2):       0.6943  0.2175     0.2680 - 1.1206 
     9   site 9      psi( 2):       0.6254  0.1381     0.3547 - 0.8960 
    11  site 11      psi( 2):       0.6481  0.1630     0.3286 - 0.9675 
    12  site 12      psi( 2):       0.6198  0.1327     0.3598 - 0.8798 
    13  site 13      psi( 2):       0.5936  0.1126     0.3729 - 0.8142 
    14  site 14      psi( 2):       0.5790  0.1066     0.3701 - 0.7878 
    15  site 15      psi( 2):       0.5698  0.1049     0.3641 - 0.7754 
    16  site 16      psi( 2):       0.6254  0.1381     0.3547 - 0.8960 
    18  site 18      psi( 2):       0.5936  0.1126     0.3729 - 0.8142 
    19  site 19      psi( 2):       0.6309  0.1439     0.3489 - 0.9130 
    20  site 20      psi( 2):       0.5610  0.1048     0.3555 - 0.7665 
    21  site 21      psi( 2):       0.5494  0.1065     0.3406 - 0.7582 
    22  site 22      psi( 2):       0.5278  0.1129     0.3065 - 0.7491 
    23  site 23      psi( 2):       0.5051  0.1201     0.2697 - 0.7405 
    24  site 24      psi( 2):       0.4743  0.1218     0.2355 - 0.7131 
    25  site 25      psi( 2):       0.4940  0.1222     0.2546 - 0.7335 
    26  site 26      psi( 2):       0.4921  0.1224     0.2522 - 0.7320 
    27  site 27      psi( 2):       0.4884  0.1226     0.2480 - 0.7288 
    28  site 28      psi( 2):       0.5004  0.1212     0.2629 - 0.7379 
    29  site 29      psi( 2):       0.4961  0.1219     0.2571 - 0.7350 
    30  site 30      psi( 2):       0.4982  0.1216     0.2599 - 0.7365 
    31  site 31      psi( 2):       0.5215  0.1151     0.2958 - 0.7472 
    32  site 32      psi( 2):       0.5004  0.1212     0.2629 - 0.7379 
    34  site 34      psi( 2):       0.5215  0.1151     0.2958 - 0.7472 
    35  site 35      psi( 2):       0.6038  0.1191     0.3704 - 0.8372 
    36  site 36      psi( 2):       0.5653  0.1047     0.3601 - 0.7706 
    38  site 38      psi( 2):       0.5494  0.1065     0.3406 - 0.7582 
    39  site 39      psi( 2):       0.5278  0.1129     0.3065 - 0.7491 


 DERIVED parameters - lam2,lam3,lam4,...

        Site                        lam(t)  Std.err     95% conf. interval
     1   site 1      lam( 2):       1.0742  0.2106     0.6614 - 1.4870
     2   site 2      lam( 2):       1.0580  0.2064     0.6534 - 1.4626
     3   site 3      lam( 2):       1.1675  0.2748     0.6288 - 1.7062
     4   site 4      lam( 2):       1.2986  0.4288     0.4580 - 2.1391
     5   site 5      lam( 2):       1.3642  0.5026     0.3791 - 2.3493
     7   site 7      lam( 2):       1.3418  0.4787     0.4036 - 2.2801
     8   site 8      lam( 2):       1.3193  0.4533     0.4309 - 2.2077
     9   site 9      lam( 2):       1.1883  0.2967     0.6068 - 1.7697
    11  site 11      lam( 2):       1.2314  0.3468     0.5517 - 1.9112
    12  site 12      lam( 2):       1.1778  0.2853     0.6187 - 1.7369
    13  site 13      lam( 2):       1.1279  0.2397     0.6580 - 1.5977
    14  site 14      lam( 2):       1.1001  0.2219     0.6652 - 1.5350
    15  site 15      lam( 2):       1.0826  0.2136     0.6640 - 1.5012
    16  site 16      lam( 2):       1.1883  0.2967     0.6068 - 1.7697
    18  site 18      lam( 2):       1.1279  0.2397     0.6580 - 1.5977
    19  site 19      lam( 2):       1.1989  0.3085     0.5943 - 1.8035
    20  site 20      lam( 2):       1.0660  0.2082     0.6579 - 1.4741
    21  site 21      lam( 2):       1.0439  0.2040     0.6441 - 1.4437
    22  site 22      lam( 2):       1.0029  0.2024     0.6061 - 1.3996
    23  site 23      lam( 2):       0.9598  0.2014     0.5651 - 1.3544
    24  site 24      lam( 2):       0.9012  0.1796     0.5491 - 1.2533
    25  site 25      lam( 2):       0.9387  0.1975     0.5516 - 1.3259
    26  site 26      lam( 2):       0.9350  0.1965     0.5498 - 1.3202
    27  site 27      lam( 2):       0.9280  0.1941     0.5475 - 1.3086
    28  site 28      lam( 2):       0.9508  0.2001     0.5587 - 1.3430
    29  site 29      lam( 2):       0.9426  0.1986     0.5534 - 1.3318
    30  site 30      lam( 2):       0.9466  0.1993     0.5560 - 1.3373
    31  site 31      lam( 2):       0.9909  0.2026     0.5938 - 1.3880
    32  site 32      lam( 2):       0.9508  0.2001     0.5587 - 1.3430
    34  site 34      lam( 2):       0.9909  0.2026     0.5938 - 1.3880
    35  site 35      lam( 2):       1.1473  0.2557     0.6461 - 1.6485
    36  site 36      lam( 2):       1.0742  0.2106     0.6614 - 1.4870
    38  site 38      lam( 2):       1.0439  0.2040     0.6441 - 1.4437
    39  site 39      lam( 2):       1.0029  0.2024     0.6061 - 1.3996

CPU time: 0.0 seconds

