

PRESENCE - Presence/Absence-Site Occupancy data analysis
Wed Oct 26 19:52:25 2011,       Version 4.0111018
- - - - - - - - - - - - - - - - - - - - - - - - - - - - -
==>i=\\vboxsvr\cschwarz-desktop\occupancycourse\occupancysampledata\salamandermultiseason\salamander-multiseason.pao
==>l=pres_psi_gamma()_eps(Elevation)_p().out
==>name=psi,gamma(),eps(Elevation),p()
==>model=200
==>j=\\vboxsvr\cschwarz-desktop\occupancycourse\occupancysampledata\salamandermultiseason\salamander-multiseason_project\salamander-multiseason.dm
==>lmt=200
model=200 N,T-->39,10
modtype-->2 

********* Input Data summary *******
Number of sites                = 39
Number of sampling occasions   = 10
Number of missing observations = 0
Data checksum = 42044

Naive occupancy estimate       = 0.5897

NSiteCovs-->2
site_covname[0]=Elev(m)
site_covname[1]=StreamProximity
NSampCovs-->0
Primary periods=2 Secondary periods: 5 5
- - - - - - - - - - - - - - - - - - - - - - - - - - - - -
 Salamander Multi-Season
- - - - - - - - - - - - - - - - - - - - - - - - - - - - -
modtype=2 N=39 T=10 Groups=1 bootstraps=0

-->2-5
Matrix 1: rows=2, cols=2
            -,a1,
psi1          1
========================

Matrix 2: rows=2, cols=2
            -,b1,
gam1          1
========================

Matrix 3: rows=2, cols=3
            -,c1,c2,
eps1          1 Elev(m)
========================

Matrix 4: rows=11, cols=2
            -,d1,
P[1-1]        1
P[1-2]        1
P[1-3]        1
P[1-4]        1
P[1-5]        1
P[2-1]        1
P[2-2]        1
P[2-3]        1
P[2-4]        1
P[2-5]        1
========================

Matrix 5: rows=0, cols=0
========================

Matrix 6: rows=0, cols=0
========================

Multi-season model
------------------

2 Primary periods
  Secondary periods: 5 5

Model(1):psi,gamma(),eps(Elevation),p()



Open Population Model:

Number of primary sampling periods = 2
Number of parameters               = 5
Optimization completion code:0

Model has been fit using the logistic link.


Number of parameters           = 5
Number of function calls           = 129
-2log(likelihood)              = 316.5628
AIC                            = 326.5628

varcov: nsig=6 eps=1.000000e-002

Untransformed Estimates of coefficients for covariates (Beta's)
======================================================================
                                          estimate    std.error
A1   psi1                             :   0.117282    0.410097
B1   gam1                             :  -1.246167    0.870852
C1   eps1                             :  -1.970445    1.490131
C2   eps1.Elev(m)                     :  -0.434711    1.048439
D1   P[1-1]                           :  -0.887574    0.202404

Variance-Covariance Matrix of Untransformed estimates (Beta's):
              A1         B1         C1         C2         D1  
     A1    0.168179  -0.119256  -0.071994  -0.010251  -0.027443
     B1   -0.119256   0.758383   0.327780   0.110557   0.038012
     C1   -0.071994   0.327780   2.220490   0.959544   0.108356
     C2   -0.010251   0.110557   0.959544   1.099225   0.025414
     D1   -0.027443   0.038012   0.108356   0.025414   0.040967
------------------------------

   Individual Site estimates of <psi1> 
                Site               estimate  Std.err   95% conf. interval
psi1            1 site 1          :  0.5293   0.1022     0.3348 - 0.7153 

   Individual Site estimates of <gam1> 
                Site               estimate  Std.err   95% conf. interval
gam1            1 site 1          :  0.2234   0.1511     0.0496 - 0.6132 

   Individual Site estimates of <eps1> 
                Site               estimate  Std.err   95% conf. interval
eps1            1 site 1          :  0.1247   0.1592     0.0081 - 0.7130 
eps1            2 site 2          :  0.1191   0.1612     0.0066 - 0.7331 
eps1            3 site 3          :  0.1561   0.1579     0.0173 - 0.6597 
eps1            4 site 4          :  0.2018   0.2072     0.0199 - 0.7588 
eps1            5 site 5          :  0.2275   0.2589     0.0161 - 0.8410 
eps1            6 site 6          :  0.2275   0.2589     0.0161 - 0.8410 
eps1            7 site 7          :  0.2184   0.2392     0.0176 - 0.8133 
eps1            8 site 8          :  0.2096   0.2216     0.0189 - 0.7848 
eps1            9 site 9          :  0.1630   0.1611     0.0189 - 0.6635 
eps1           10 site 10         :  0.1630   0.1611     0.0189 - 0.6635 
eps1           11 site 11         :  0.1778   0.1732     0.0208 - 0.6880 
eps1           12 site 12         :  0.1595   0.1593     0.0181 - 0.6609 
eps1           13 site 13         :  0.1428   0.1557     0.0136 - 0.6685 
eps1           14 site 14         :  0.1335   0.1568     0.0107 - 0.6870 
eps1           15 site 15         :  0.1276   0.1583     0.0089 - 0.7037 
eps1           16 site 16         :  0.1630   0.1611     0.0189 - 0.6635 
eps1           17 site 17         :  0.1630   0.1611     0.0189 - 0.6635 
eps1           18 site 18         :  0.1428   0.1557     0.0136 - 0.6685 
eps1           19 site 19         :  0.1666   0.1634     0.0195 - 0.6675 
eps1           20 site 20         :  0.1219   0.1602     0.0073 - 0.7228 
eps1           21 site 21         :  0.1142   0.1631     0.0054 - 0.7526 
eps1           22 site 22         :  0.0993   0.1691     0.0027 - 0.8179 
eps1           23 site 23         :  0.0821   0.1739     0.0010 - 0.8916 
eps1           24 site 24         :  0.0532   0.1673     0.0001 - 0.9742 
eps1           25 site 25         :  0.0728   0.1743     0.0005 - 0.9253 
eps1           26 site 26         :  0.0711   0.1742     0.0004 - 0.9309 
eps1           27 site 27         :  0.0677   0.1737     0.0003 - 0.9411 
eps1           28 site 28         :  0.0783   0.1743     0.0007 - 0.9063 
eps1           29 site 29         :  0.0746   0.1744     0.0006 - 0.9194 
eps1           30 site 30         :  0.0764   0.1744     0.0007 - 0.9130 
eps1           31 site 31         :  0.0947   0.1708     0.0021 - 0.8383 
eps1           32 site 32         :  0.0783   0.1743     0.0007 - 0.9063 
eps1           33 site 33         :  0.0783   0.1743     0.0007 - 0.9063 
eps1           34 site 34         :  0.0947   0.1708     0.0021 - 0.8383 
eps1           35 site 35         :  0.1493   0.1562     0.0155 - 0.6615 
eps1           36 site 36         :  0.1247   0.1592     0.0081 - 0.7130 
eps1           37 site 37         :  0.1247   0.1592     0.0081 - 0.7130 
eps1           38 site 38         :  0.1142   0.1631     0.0054 - 0.7526 
eps1           39 site 39         :  0.0993   0.1691     0.0027 - 0.8179 

   Individual Site estimates of <P[1-1]> 
                Site               estimate  Std.err   95% conf. interval
P[1-1]          1 site 1          :  0.2916   0.0418     0.2168 - 0.3797 
P[1-2]          1 site 1          :  0.2916   0.0418     0.2168 - 0.3797 
P[1-3]          1 site 1          :  0.2916   0.0418     0.2168 - 0.3797 
P[1-4]          1 site 1          :  0.2916   0.0418     0.2168 - 0.3797 
P[1-5]          1 site 1          :  0.2916   0.0418     0.2168 - 0.3797 
P[2-1]          1 site 1          :  0.2916   0.0418     0.2168 - 0.3797 
P[2-2]          1 site 1          :  0.2916   0.0418     0.2168 - 0.3797 
P[2-3]          1 site 1          :  0.2916   0.0418     0.2168 - 0.3797 
P[2-4]          1 site 1          :  0.2916   0.0418     0.2168 - 0.3797 
P[2-5]          1 site 1          :  0.2916   0.0418     0.2168 - 0.3797 

Real parameters: (computed using covariates from 1st site and 1st survey)

Real parameter :              estimate   SE(estimate)
     1 psi1                     0.5293      0.1022
     2 gam1                     0.2234      0.1511
     3 eps1                     0.1247      0.1592
     4 P[1-1]                   0.2916      0.0418
     5 P[1-2]                   0.2916      0.0418
     6 P[1-3]                   0.2916      0.0418
     7 P[1-4]                   0.2916      0.0418
     8 P[1-5]                   0.2916      0.0418
     9 P[2-1]                   0.2916      0.0418
    10 P[2-2]                   0.2916      0.0418
    11 P[2-3]                   0.2916      0.0418
    12 P[2-4]                   0.2916      0.0418
    13 P[2-5]                   0.2916      0.0418
Variance-covariance matrix of real parameters:
   0.010439  -0.005154  -0.001944  -0.001412  -0.001412  -0.001412  -0.001412  -0.001412
  -0.001412  -0.001412  -0.001412  -0.001412  -0.001412
  -0.005154   0.022822   0.006101   0.001362   0.001362   0.001362   0.001362   0.001362
   0.001362   0.001362   0.001362   0.001362   0.001362
  -0.001944   0.006101   0.025342   0.002414   0.002414   0.002414   0.002414   0.002414
   0.002414   0.002414   0.002414   0.002414   0.002414
  -0.001412   0.001362   0.002414   0.001748   0.001748   0.001748   0.001748   0.001748
   0.001748   0.001748   0.001748   0.001748   0.001748
  -0.001412   0.001362   0.002414   0.001748   0.001748   0.001748   0.001748   0.001748
   0.001748   0.001748   0.001748   0.001748   0.001748
  -0.001412   0.001362   0.002414   0.001748   0.001748   0.001748   0.001748   0.001748
   0.001748   0.001748   0.001748   0.001748   0.001748
  -0.001412   0.001362   0.002414   0.001748   0.001748   0.001748   0.001748   0.001748
   0.001748   0.001748   0.001748   0.001748   0.001748
  -0.001412   0.001362   0.002414   0.001748   0.001748   0.001748   0.001748   0.001748
   0.001748   0.001748   0.001748   0.001748   0.001748
  -0.001412   0.001362   0.002414   0.001748   0.001748   0.001748   0.001748   0.001748
   0.001748   0.001748   0.001748   0.001748   0.001748
  -0.001412   0.001362   0.002414   0.001748   0.001748   0.001748   0.001748   0.001748
   0.001748   0.001748   0.001748   0.001748   0.001748
  -0.001412   0.001362   0.002414   0.001748   0.001748   0.001748   0.001748   0.001748
   0.001748   0.001748   0.001748   0.001748   0.001748
  -0.001412   0.001362   0.002414   0.001748   0.001748   0.001748   0.001748   0.001748
   0.001748   0.001748   0.001748   0.001748   0.001748
  -0.001412   0.001362   0.002414   0.001748   0.001748   0.001748   0.001748   0.001748
   0.001748   0.001748   0.001748   0.001748   0.001748

================================================================================

 DERIVED parameters - psi2,psi3,psi4,...

        Site                        psi(t)  Std.err     95% conf. interval
     1   site 1      psi( 2):       0.5684  0.1084     0.3560 - 0.7808 
     2   site 2      psi( 2):       0.5714  0.1093     0.3572 - 0.7855 
     3   site 3      psi( 2):       0.5518  0.1075     0.3412 - 0.7625 
     4   site 4      psi( 2):       0.5276  0.1293     0.2742 - 0.7810 
     5   site 5      psi( 2):       0.5140  0.1537     0.2128 - 0.8153 
     7   site 7      psi( 2):       0.5188  0.1443     0.2360 - 0.8017 
     8   site 8      psi( 2):       0.5235  0.1359     0.2571 - 0.7898 
     9   site 9      psi( 2):       0.5481  0.1088     0.3348 - 0.7614 
    11  site 11      psi( 2):       0.5403  0.1139     0.3170 - 0.7637 
    12  site 12      psi( 2):       0.5500  0.1081     0.3381 - 0.7618 
    13  site 13      psi( 2):       0.5588  0.1066     0.3498 - 0.7679 
    14  site 14      psi( 2):       0.5638  0.1071     0.3538 - 0.7737 
    15  site 15      psi( 2):       0.5669  0.1079     0.3554 - 0.7784 
    16  site 16      psi( 2):       0.5481  0.1088     0.3348 - 0.7614 
    18  site 18      psi( 2):       0.5588  0.1066     0.3498 - 0.7679 
    19  site 19      psi( 2):       0.5462  0.1098     0.3311 - 0.7614 
    20  site 20      psi( 2):       0.5699  0.1087     0.3568 - 0.7831 
    21  site 21      psi( 2):       0.5740  0.1103     0.3578 - 0.7901 
    22  site 22      psi( 2):       0.5819  0.1132     0.3601 - 0.8037 
    23  site 23      psi( 2):       0.5910  0.1160     0.3637 - 0.8182 
    24  site 24      psi( 2):       0.6063  0.1154     0.3801 - 0.8325 
    25  site 25      psi( 2):       0.5959  0.1168     0.3670 - 0.8248 
    26  site 26      psi( 2):       0.5968  0.1168     0.3678 - 0.8258 
    27  site 27      psi( 2):       0.5986  0.1169     0.3695 - 0.8277 
    28  site 28      psi( 2):       0.5930  0.1164     0.3648 - 0.8212 
    29  site 29      psi( 2):       0.5949  0.1166     0.3663 - 0.8236 
    30  site 30      psi( 2):       0.5940  0.1166     0.3654 - 0.8226 
    31  site 31      psi( 2):       0.5843  0.1141     0.3607 - 0.8079 
    32  site 32      psi( 2):       0.5930  0.1164     0.3648 - 0.8212 
    34  site 34      psi( 2):       0.5843  0.1141     0.3607 - 0.8079 
    35  site 35      psi( 2):       0.5554  0.1068     0.3461 - 0.7647 
    36  site 36      psi( 2):       0.5684  0.1084     0.3560 - 0.7808 
    38  site 38      psi( 2):       0.5740  0.1103     0.3578 - 0.7901 
    39  site 39      psi( 2):       0.5819  0.1132     0.3601 - 0.8037 


 DERIVED parameters - lam2,lam3,lam4,...

        Site                        lam(t)  Std.err     95% conf. interval
     1   site 1      lam( 2):       1.0740  0.2085     0.6654 - 1.4825
     2   site 2      lam( 2):       1.0795  0.2101     0.6678 - 1.4913
     3   site 3      lam( 2):       1.0426  0.2076     0.6357 - 1.4495
     4   site 4      lam( 2):       0.9968  0.2499     0.5069 - 1.4867
     5   site 5      lam( 2):       0.9712  0.2963     0.3905 - 1.5519
     7   site 7      lam( 2):       0.9802  0.2784     0.4345 - 1.5259
     8   site 8      lam( 2):       0.9890  0.2626     0.4743 - 1.5038
     9   site 9      lam( 2):       1.0356  0.2105     0.6231 - 1.4481
    11  site 11      lam( 2):       1.0209  0.2206     0.5885 - 1.4532
    12  site 12      lam( 2):       1.0391  0.2089     0.6296 - 1.4486
    13  site 13      lam( 2):       1.0558  0.2056     0.6529 - 1.4588
    14  site 14      lam( 2):       1.0652  0.2064     0.6607 - 1.4696
    15  site 15      lam( 2):       1.0711  0.2074     0.6645 - 1.4777
    16  site 16      lam( 2):       1.0356  0.2105     0.6231 - 1.4481
    18  site 18      lam( 2):       1.0558  0.2056     0.6529 - 1.4588
    19  site 19      lam( 2):       1.0320  0.2123     0.6159 - 1.4481
    20  site 20      lam( 2):       1.0768  0.2092     0.6668 - 1.4867
    21  site 21      lam( 2):       1.0845  0.2114     0.6700 - 1.4989
    22  site 22      lam( 2):       1.0994  0.2173     0.6734 - 1.5253
    23  site 23      lam( 2):       1.1165  0.2224     0.6806 - 1.5524
    24  site 24      lam( 2):       1.1454  0.2224     0.7096 - 1.5813
    25  site 25      lam( 2):       1.1258  0.2242     0.6863 - 1.5654
    26  site 26      lam( 2):       1.1276  0.2242     0.6881 - 1.5670
    27  site 27      lam( 2):       1.1309  0.2243     0.6913 - 1.5706
    28  site 28      lam( 2):       1.1204  0.2231     0.6831 - 1.5577
    29  site 29      lam( 2):       1.1241  0.2237     0.6857 - 1.5624
    30  site 30      lam( 2):       1.1222  0.2234     0.6843 - 1.5602
    31  site 31      lam( 2):       1.1039  0.2190     0.6747 - 1.5332
    32  site 32      lam( 2):       1.1204  0.2231     0.6831 - 1.5577
    34  site 34      lam( 2):       1.1039  0.2190     0.6747 - 1.5332
    35  site 35      lam( 2):       1.0493  0.2062     0.6452 - 1.4535
    36  site 36      lam( 2):       1.0740  0.2085     0.6654 - 1.4825
    38  site 38      lam( 2):       1.0845  0.2114     0.6700 - 1.4989
    39  site 39      lam( 2):       1.0994  0.2173     0.6734 - 1.5253

CPU time: 0.0 seconds

