

PRESENCE - Presence/Absence-Site Occupancy data analysis
Wed Oct 26 19:54:33 2011,       Version 4.0111018
- - - - - - - - - - - - - - - - - - - - - - - - - - - - -
==>i=\\vboxsvr\cschwarz-desktop\occupancycourse\occupancysampledata\salamandermultiseason\salamander-multiseason.pao
==>l=pres_psi(StreamProximity)_gamma()_eps(StreamProximity)_p().out
==>name=psi(StreamProximity),gamma(),eps(StreamProximity),p()
==>model=200
==>j=\\vboxsvr\cschwarz-desktop\occupancycourse\occupancysampledata\salamandermultiseason\salamander-multiseason_project\salamander-multiseason.dm
==>lmt=200
model=200 N,T-->39,10
modtype-->2 

********* Input Data summary *******
Number of sites                = 39
Number of sampling occasions   = 10
Number of missing observations = 0
Data checksum = 42044

Naive occupancy estimate       = 0.5897

NSiteCovs-->2
site_covname[0]=Elev(m)
site_covname[1]=StreamProximity
NSampCovs-->0
Primary periods=2 Secondary periods: 5 5
- - - - - - - - - - - - - - - - - - - - - - - - - - - - -
 Salamander Multi-Season
- - - - - - - - - - - - - - - - - - - - - - - - - - - - -
modtype=2 N=39 T=10 Groups=1 bootstraps=0

-->2-5
Matrix 1: rows=2, cols=3
            -,a1,a2,
psi1          1 StreamProximity
========================

Matrix 2: rows=2, cols=2
            -,b1,
gam1          1
========================

Matrix 3: rows=2, cols=3
            -,c1,c2,
eps1          1 StreamProximity
========================

Matrix 4: rows=11, cols=2
            -,d1,
P[1-1]        1
P[1-2]        1
P[1-3]        1
P[1-4]        1
P[1-5]        1
P[2-1]        1
P[2-2]        1
P[2-3]        1
P[2-4]        1
P[2-5]        1
========================

Matrix 5: rows=0, cols=0
========================

Matrix 6: rows=0, cols=0
========================

Multi-season model
------------------

2 Primary periods
  Secondary periods: 5 5

Model(1):psi(StreamProximity),gamma(),eps(StreamProximity),p()



Open Population Model:

Number of primary sampling periods = 2
Number of parameters               = 6
Optimization completion code:130

Model has been fit using the logistic link.


Number of parameters           = 6
Number of function calls           = 201
-2log(likelihood)              = 295.9192
AIC                            = 307.9192

varcov: nsig=6 eps=1.000000e-002

Untransformed Estimates of coefficients for covariates (Beta's)
======================================================================
                                          estimate    std.error
A1   psi1                             :  -1.387574    0.574679
A2   psi1.StreamProximity             :   5.149190    3.812264
B1   gam1                             :  -0.921869    0.597812
C1   eps1                             :  -0.404194    1.255676
C2   eps1.StreamProximity             :  -1.744274    2.011577
D1   P[1-1]                           :  -0.836405    0.186590

Variance-Covariance Matrix of Untransformed estimates (Beta's):
              A1         A2         B1         C1         C2         D1  
     A1    0.330255  -0.269137  -0.015665  -0.010521  -0.016692  -0.012972
     A2   -0.269137  14.533353   0.171371  -0.104333   1.562216  -0.167898
     B1   -0.015665   0.171371   0.357379   0.066870  -0.064845  -0.012122
     C1   -0.010521  -0.104333   0.066870   1.576721  -1.520685   0.025866
     C2   -0.016692   1.562216  -0.064845  -1.520685   4.046440   0.042859
     D1   -0.012972  -0.167898  -0.012122   0.025866   0.042859   0.034816
------------------------------

   Individual Site estimates of <psi1> 
                Site               estimate  Std.err   95% conf. interval
psi1            1 site 1          :  0.9773   0.0840     0.0252 - 1.0000 
psi1            2 site 2          :  0.1998   0.0919     0.0749 - 0.4351 
psi1            3 site 3          :  0.9773   0.0840     0.0252 - 1.0000 
psi1            4 site 4          :  0.9773   0.0840     0.0252 - 1.0000 
psi1            5 site 5          :  0.1998   0.0919     0.0749 - 0.4351 
psi1            6 site 6          :  0.9773   0.0840     0.0252 - 1.0000 
psi1            7 site 7          :  0.9773   0.0840     0.0252 - 1.0000 
psi1            8 site 8          :  0.9773   0.0840     0.0252 - 1.0000 
psi1            9 site 9          :  0.1998   0.0919     0.0749 - 0.4351 
psi1           10 site 10         :  0.1998   0.0919     0.0749 - 0.4351 
psi1           11 site 11         :  0.9773   0.0840     0.0252 - 1.0000 
psi1           12 site 12         :  0.1998   0.0919     0.0749 - 0.4351 
psi1           13 site 13         :  0.1998   0.0919     0.0749 - 0.4351 
psi1           14 site 14         :  0.1998   0.0919     0.0749 - 0.4351 
psi1           15 site 15         :  0.1998   0.0919     0.0749 - 0.4351 
psi1           16 site 16         :  0.1998   0.0919     0.0749 - 0.4351 
psi1           17 site 17         :  0.1998   0.0919     0.0749 - 0.4351 
psi1           18 site 18         :  0.1998   0.0919     0.0749 - 0.4351 
psi1           19 site 19         :  0.9773   0.0840     0.0252 - 1.0000 
psi1           20 site 20         :  0.1998   0.0919     0.0749 - 0.4351 
psi1           21 site 21         :  0.1998   0.0919     0.0749 - 0.4351 
psi1           22 site 22         :  0.1998   0.0919     0.0749 - 0.4351 
psi1           23 site 23         :  0.1998   0.0919     0.0749 - 0.4351 
psi1           24 site 24         :  0.1998   0.0919     0.0749 - 0.4351 
psi1           25 site 25         :  0.9773   0.0840     0.0252 - 1.0000 
psi1           26 site 26         :  0.1998   0.0919     0.0749 - 0.4351 
psi1           27 site 27         :  0.1998   0.0919     0.0749 - 0.4351 
psi1           28 site 28         :  0.1998   0.0919     0.0749 - 0.4351 
psi1           29 site 29         :  0.9773   0.0840     0.0252 - 1.0000 
psi1           30 site 30         :  0.9773   0.0840     0.0252 - 1.0000 
psi1           31 site 31         :  0.1998   0.0919     0.0749 - 0.4351 
psi1           32 site 32         :  0.9773   0.0840     0.0252 - 1.0000 
psi1           33 site 33         :  0.1998   0.0919     0.0749 - 0.4351 
psi1           34 site 34         :  0.9773   0.0840     0.0252 - 1.0000 
psi1           35 site 35         :  0.9773   0.0840     0.0252 - 1.0000 
psi1           36 site 36         :  0.9773   0.0840     0.0252 - 1.0000 
psi1           37 site 37         :  0.1998   0.0919     0.0749 - 0.4351 
psi1           38 site 38         :  0.1998   0.0919     0.0749 - 0.4351 
psi1           39 site 39         :  0.1998   0.0919     0.0749 - 0.4351 

   Individual Site estimates of <gam1> 
                Site               estimate  Std.err   95% conf. interval
gam1            1 site 1          :  0.2846   0.1217     0.1097 - 0.5621 

   Individual Site estimates of <eps1> 
                Site               estimate  Std.err   95% conf. interval
eps1            1 site 1          :  0.1045   0.1503     0.0050 - 0.7312 
eps1            2 site 2          :  0.4003   0.3014     0.0539 - 0.8866 
eps1            3 site 3          :  0.1045   0.1503     0.0050 - 0.7312 
eps1            4 site 4          :  0.1045   0.1503     0.0050 - 0.7312 
eps1            5 site 5          :  0.4003   0.3014     0.0539 - 0.8866 
eps1            6 site 6          :  0.1045   0.1503     0.0050 - 0.7312 
eps1            7 site 7          :  0.1045   0.1503     0.0050 - 0.7312 
eps1            8 site 8          :  0.1045   0.1503     0.0050 - 0.7312 
eps1            9 site 9          :  0.4003   0.3014     0.0539 - 0.8866 
eps1           10 site 10         :  0.4003   0.3014     0.0539 - 0.8866 
eps1           11 site 11         :  0.1045   0.1503     0.0050 - 0.7312 
eps1           12 site 12         :  0.4003   0.3014     0.0539 - 0.8866 
eps1           13 site 13         :  0.4003   0.3014     0.0539 - 0.8866 
eps1           14 site 14         :  0.4003   0.3014     0.0539 - 0.8866 
eps1           15 site 15         :  0.4003   0.3014     0.0539 - 0.8866 
eps1           16 site 16         :  0.4003   0.3014     0.0539 - 0.8866 
eps1           17 site 17         :  0.4003   0.3014     0.0539 - 0.8866 
eps1           18 site 18         :  0.4003   0.3014     0.0539 - 0.8866 
eps1           19 site 19         :  0.1045   0.1503     0.0050 - 0.7312 
eps1           20 site 20         :  0.4003   0.3014     0.0539 - 0.8866 
eps1           21 site 21         :  0.4003   0.3014     0.0539 - 0.8866 
eps1           22 site 22         :  0.4003   0.3014     0.0539 - 0.8866 
eps1           23 site 23         :  0.4003   0.3014     0.0539 - 0.8866 
eps1           24 site 24         :  0.4003   0.3014     0.0539 - 0.8866 
eps1           25 site 25         :  0.1045   0.1503     0.0050 - 0.7312 
eps1           26 site 26         :  0.4003   0.3014     0.0539 - 0.8866 
eps1           27 site 27         :  0.4003   0.3014     0.0539 - 0.8866 
eps1           28 site 28         :  0.4003   0.3014     0.0539 - 0.8866 
eps1           29 site 29         :  0.1045   0.1503     0.0050 - 0.7312 
eps1           30 site 30         :  0.1045   0.1503     0.0050 - 0.7312 
eps1           31 site 31         :  0.4003   0.3014     0.0539 - 0.8866 
eps1           32 site 32         :  0.1045   0.1503     0.0050 - 0.7312 
eps1           33 site 33         :  0.4003   0.3014     0.0539 - 0.8866 
eps1           34 site 34         :  0.1045   0.1503     0.0050 - 0.7312 
eps1           35 site 35         :  0.1045   0.1503     0.0050 - 0.7312 
eps1           36 site 36         :  0.1045   0.1503     0.0050 - 0.7312 
eps1           37 site 37         :  0.4003   0.3014     0.0539 - 0.8866 
eps1           38 site 38         :  0.4003   0.3014     0.0539 - 0.8866 
eps1           39 site 39         :  0.4003   0.3014     0.0539 - 0.8866 

   Individual Site estimates of <P[1-1]> 
                Site               estimate  Std.err   95% conf. interval
P[1-1]          1 site 1          :  0.3023   0.0394     0.2311 - 0.3845 
P[1-2]          1 site 1          :  0.3023   0.0394     0.2311 - 0.3845 
P[1-3]          1 site 1          :  0.3023   0.0394     0.2311 - 0.3845 
P[1-4]          1 site 1          :  0.3023   0.0394     0.2311 - 0.3845 
P[1-5]          1 site 1          :  0.3023   0.0394     0.2311 - 0.3845 
P[2-1]          1 site 1          :  0.3023   0.0394     0.2311 - 0.3845 
P[2-2]          1 site 1          :  0.3023   0.0394     0.2311 - 0.3845 
P[2-3]          1 site 1          :  0.3023   0.0394     0.2311 - 0.3845 
P[2-4]          1 site 1          :  0.3023   0.0394     0.2311 - 0.3845 
P[2-5]          1 site 1          :  0.3023   0.0394     0.2311 - 0.3845 

Real parameters: (computed using covariates from 1st site and 1st survey)

Real parameter :              estimate   SE(estimate)
     1 psi1                     0.9773      0.0840
     2 gam1                     0.2846      0.1217
     3 eps1                     0.1045      0.1503
     4 P[1-1]                   0.3023      0.0394
     5 P[1-2]                   0.3023      0.0394
     6 P[1-3]                   0.3023      0.0394
     7 P[1-4]                   0.3023      0.0394
     8 P[1-5]                   0.3023      0.0394
     9 P[2-1]                   0.3023      0.0394
    10 P[2-2]                   0.3023      0.0394
    11 P[2-3]                   0.3023      0.0394
    12 P[2-4]                   0.3023      0.0394
    13 P[2-5]                   0.3023      0.0394
Variance-covariance matrix of real parameters:
   0.007061   0.000704   0.002972  -0.000847  -0.000847  -0.000847  -0.000847  -0.000847
  -0.000847  -0.000847  -0.000847  -0.000847  -0.000847
   0.000704   0.014813   0.000039  -0.000521  -0.000521  -0.000521  -0.000521  -0.000521
  -0.000521  -0.000521  -0.000521  -0.000521  -0.000521
   0.002972   0.000039   0.022599   0.001356   0.001356   0.001356   0.001356   0.001356
   0.001356   0.001356   0.001356   0.001356   0.001356
  -0.000847  -0.000521   0.001356   0.001549   0.001549   0.001549   0.001549   0.001549
   0.001549   0.001549   0.001549   0.001549   0.001549
  -0.000847  -0.000521   0.001356   0.001549   0.001549   0.001549   0.001549   0.001549
   0.001549   0.001549   0.001549   0.001549   0.001549
  -0.000847  -0.000521   0.001356   0.001549   0.001549   0.001549   0.001549   0.001549
   0.001549   0.001549   0.001549   0.001549   0.001549
  -0.000847  -0.000521   0.001356   0.001549   0.001549   0.001549   0.001549   0.001549
   0.001549   0.001549   0.001549   0.001549   0.001549
  -0.000847  -0.000521   0.001356   0.001549   0.001549   0.001549   0.001549   0.001549
   0.001549   0.001549   0.001549   0.001549   0.001549
  -0.000847  -0.000521   0.001356   0.001549   0.001549   0.001549   0.001549   0.001549
   0.001549   0.001549   0.001549   0.001549   0.001549
  -0.000847  -0.000521   0.001356   0.001549   0.001549   0.001549   0.001549   0.001549
   0.001549   0.001549   0.001549   0.001549   0.001549
  -0.000847  -0.000521   0.001356   0.001549   0.001549   0.001549   0.001549   0.001549
   0.001549   0.001549   0.001549   0.001549   0.001549
  -0.000847  -0.000521   0.001356   0.001549   0.001549   0.001549   0.001549   0.001549
   0.001549   0.001549   0.001549   0.001549   0.001549
  -0.000847  -0.000521   0.001356   0.001549   0.001549   0.001549   0.001549   0.001549
   0.001549   0.001549   0.001549   0.001549   0.001549

================================================================================

 DERIVED parameters - psi2,psi3,psi4,...

        Site                        psi(t)  Std.err     95% conf. interval
     1   site 1      psi( 2):       0.8816  0.1439     0.5996 - 1.1637 
     2   site 2      psi( 2):       0.3475  0.1127     0.1266 - 0.5684 
     3   site 3      psi( 2):       0.8816  0.1439     0.5996 - 1.1637 
     5   site 5      psi( 2):       0.3475  0.1127     0.1266 - 0.5684 
     6   site 6      psi( 2):       0.8816  0.1439     0.5996 - 1.1637 
     9   site 9      psi( 2):       0.3475  0.1127     0.1266 - 0.5684 
    11  site 11      psi( 2):       0.8816  0.1439     0.5996 - 1.1637 
    12  site 12      psi( 2):       0.3475  0.1127     0.1266 - 0.5684 
    19  site 19      psi( 2):       0.8816  0.1439     0.5996 - 1.1637 
    20  site 20      psi( 2):       0.3475  0.1127     0.1266 - 0.5684 
    25  site 25      psi( 2):       0.8816  0.1439     0.5996 - 1.1637 
    26  site 26      psi( 2):       0.3475  0.1127     0.1266 - 0.5684 
    29  site 29      psi( 2):       0.8816  0.1439     0.5996 - 1.1637 
    31  site 31      psi( 2):       0.3475  0.1127     0.1266 - 0.5684 
    32  site 32      psi( 2):       0.8816  0.1439     0.5996 - 1.1637 
    33  site 33      psi( 2):       0.3475  0.1127     0.1266 - 0.5684 
    34  site 34      psi( 2):       0.8816  0.1439     0.5996 - 1.1637 
    37  site 37      psi( 2):       0.3475  0.1127     0.1266 - 0.5684 


 DERIVED parameters - lam2,lam3,lam4,...

        Site                        lam(t)  Std.err     95% conf. interval
     1   site 1      lam( 2):       0.9021  0.1582     0.5920 - 1.2122
     2   site 2      lam( 2):       1.7395  0.8689     0.0365 - 3.4424
     3   site 3      lam( 2):       0.9021  0.1582     0.5920 - 1.2122
     5   site 5      lam( 2):       1.7395  0.8689     0.0365 - 3.4424
     6   site 6      lam( 2):       0.9021  0.1582     0.5920 - 1.2122
     9   site 9      lam( 2):       1.7395  0.8689     0.0365 - 3.4424
    11  site 11      lam( 2):       0.9021  0.1582     0.5920 - 1.2122
    12  site 12      lam( 2):       1.7395  0.8689     0.0365 - 3.4424
    19  site 19      lam( 2):       0.9021  0.1582     0.5920 - 1.2122
    20  site 20      lam( 2):       1.7395  0.8689     0.0365 - 3.4424
    25  site 25      lam( 2):       0.9021  0.1582     0.5920 - 1.2122
    26  site 26      lam( 2):       1.7395  0.8689     0.0365 - 3.4424
    29  site 29      lam( 2):       0.9021  0.1582     0.5920 - 1.2122
    31  site 31      lam( 2):       1.7395  0.8689     0.0365 - 3.4424
    32  site 32      lam( 2):       0.9021  0.1582     0.5920 - 1.2122
    33  site 33      lam( 2):       1.7395  0.8689     0.0365 - 3.4424
    34  site 34      lam( 2):       0.9021  0.1582     0.5920 - 1.2122
    37  site 37      lam( 2):       1.7395  0.8689     0.0365 - 3.4424

CPU time: 0.0 seconds

