

PRESENCE - Presence/Absence-Site Occupancy data analysis
Thu Oct 25 14:45:35 2018,       Version 2.12.21.
- - - - - - - - - - - - - - - - - - - - - - - - - - - - -
==>realbetavc
==>quiet
==>maxfn=32000
==>name=psi(Std..Elevation P SP P SP T Std..Elevation P INT P INT T Std..Elevation)p(SP P INT_o P SP T INT_o),psiBA
varcov: nsig=6 eps=1.000000e-002




********* Input Data summary *******
Number of sites                = 88
Number of sampling occasions   = 5
Number of states               = 4
Number of missing observations = 15
Data checksum = 1713

NSiteCovs-->18
site_covname[0]=Int_psiA
site_covname[1]=Std..Elevation_psiA
site_covname[2]=SP2_psiA
site_covname[3]=INT2_psiA
site_covname[4]=Std..Elevation:SP2_psiA
site_covname[5]=Std..Elevation:INT2_psiA
site_covname[6]=Int_psiBA
site_covname[7]=Std..Elevation_psiBA
site_covname[8]=SP2_psiBA
site_covname[9]=INT2_psiBA
site_covname[10]=Std..Elevation:SP2_psiBA
site_covname[11]=Std..Elevation:INT2_psiBA
site_covname[12]=Int_psiBa
site_covname[13]=Std..Elevation_psiBa
site_covname[14]=SP2_psiBa
site_covname[15]=INT2_psiBa
site_covname[16]=Std..Elevation:SP2_psiBa
site_covname[17]=Std..Elevation:INT2_psiBa
NSampCovs-->20
samp_covname[0]=Int_pA
samp_covname[1]=SP2_pA
samp_covname[2]=INT_o2_pA
samp_covname[3]=SP2:INT_o2_pA
samp_covname[4]=Int_pB
samp_covname[5]=SP2_pB
samp_covname[6]=INT_o2_pB
samp_covname[7]=SP2:INT_o2_pB
samp_covname[8]=Int_rA
samp_covname[9]=SP2_rA
samp_covname[10]=INT_o2_rA
samp_covname[11]=SP2:INT_o2_rA
samp_covname[12]=Int_rBA
samp_covname[13]=SP2_rBA
samp_covname[14]=INT_o2_rBA
samp_covname[15]=SP2:INT_o2_rBA
samp_covname[16]=Int_rBa
samp_covname[17]=SP2_rBa
samp_covname[18]=INT_o2_rBa
samp_covname[19]=SP2:INT_o2_rBa
Primary periods=1 Secondary periods: 5
- - - - - - - - - - - - - - - - - - - - - - - - - - - - -
 Salamander multi species - co-occurance
- - - - - - - - - - - - - - - - - - - - - - - - - - - - -
N=88 T=5 Groups=1 bootstraps=0

Matrix 1: rows=4, cols=7
            -,a1,a2,a3,a4,a5,a6
psiA           1  Std..Elevation_psiA  0  0  0  0
psiBA          1  Std..Elevation_psiBA  1  0  Std..Elevation:SP2_psiBA  0
psiBa          1  Std..Elevation_psiBa  1  1  Std..Elevation:SP2_psiBa  Std..Elevation:INT2_psiBa

Matrix 2: rows=26, cols=5
            -,b1,b2,b3,b4
pA[1]          1  0  0  0
pA[2]          1  0  0  0
pA[3]          1  0  0  0
pA[4]          1  0  0  0
pA[5]          1  0  0  0
pB[1]          1  1  0  0
pB[2]          1  1  0  0
pB[3]          1  1  0  0
pB[4]          1  1  0  0
pB[5]          1  1  0  0
rA[1]          1  0  1  0
rA[2]          1  0  1  0
rA[3]          1  0  1  0
rA[4]          1  0  1  0
rA[5]          1  0  1  0
rBA[1]         1  1  1  1
rBA[2]         1  1  1  1
rBA[3]         1  1  1  1
rBA[4]         1  1  1  1
rBA[5]         1  1  1  1
rBa[1]         1  1  1  1
rBa[2]         1  1  1  1
rBa[3]         1  1  1  1
rBa[4]         1  1  1  1
rBa[5]         1  1  1  1

Matrix 3: rows=0, cols=0

Matrix 4: rows=0, cols=0

Matrix 5: rows=0, cols=0

Matrix 6: rows=0, cols=0

modtype=3
Two Species, Single Season Model:
---------------------------------
-- alternate parameterization requested: psiA,psiBA,psiBa,pA,pB,rA,rBA,rBa
-- compressed input detected: 1=species A, 2=species B, 3=both
Naive occupancy for species A:  1.7614
Naive occupancy for species B:  1.4545

Model:psi(Std..Elevation P SP P SP T Std..Elevation P INT P INT T Std..Elevation)p(SP P INT_o P SP T INT_o),psiBA  NPar=10  s=name=psi(Std..Elevation P SP P SP T Std..Elevation P INT P INT T Std..Elevation)p(SP P INT_o P SP T INT_o),psiBA
attempt 0/0 (iv= 0.00  0.00  0.00...), optmiz done. -2loglike= 659.3718
0 random initial value vectors attempted:
Initial values:
    0.0000    0.0000    0.0000    0.0000    0.0000    0.0000    0.0000    0.0000
    0.0000    0.0000

Number of parameters           = 10
Number of function calls           = 366
-2log(likelihood)              = 659.3718
AIC                            = 679.3718

Untransformed Estimates of coefficients for covariates (Beta's)
======================================================================
                                          estimate    std.error
A1   psiA                             :  -0.306938    0.344144
A2   psiA.Std..Elevation_psiA         :   3.401650    0.728772
A3   psiBA                            :   1.169583    0.696618
A4   psiBa                            :   1.003290    0.858399
A5   psiBA.Std..Elevation:SP2_psiBA   :  -5.309321    1.022618
A6   psiBa.Std..Elevation:INT2_psiBa  :   2.846526    0.879606
B1   pA[1]                            :   2.423368    0.395039
B2   pB[1]                            :  -2.261645    0.427960
B3   rA[1]                            :  -2.232491    0.472577
B4   rBA[1]                           :   1.938538    0.526107

Variance-Covariance Matrix of Untransformed estimates (Beta's):
              A1         A2         A3         A4         A5         A6         B1         B2         B3         B4  
     A1    0.118435  -0.035948  -0.114675  -0.005341   0.033107   0.001814   0.000478  -0.000613  -0.005631   0.006643
     A2   -0.035948   0.531109   0.033291   0.001928  -0.523549  -0.008840  -0.000421  -0.000717  -0.002880   0.006995
     A3   -0.114675   0.033291   0.485276  -0.371088  -0.376859   0.342744   0.033229  -0.032902  -0.032104   0.012100
     A4   -0.005341   0.001928  -0.371088   0.736849   0.346535  -0.114830  -0.033950   0.025308   0.039885  -0.012670
     A5    0.033107  -0.523549  -0.376859   0.346535   1.045748  -0.518877  -0.010559   0.011417   0.016321  -0.013712
     A6    0.001814  -0.008840   0.342744  -0.114830  -0.518877   0.773706   0.010843  -0.012764  -0.011986   0.007180
     B1    0.000478  -0.000421   0.033229  -0.033950  -0.010559   0.010843   0.156056  -0.155725  -0.160637   0.139355
     B2   -0.000613  -0.000717  -0.032902   0.025308   0.011417  -0.012764  -0.155725   0.183150   0.160503  -0.167926
     B3   -0.005631  -0.002880  -0.032104   0.039885   0.016321  -0.011986  -0.160637   0.160503   0.223329  -0.203497
     B4    0.006643   0.006995   0.012100  -0.012670  -0.013712   0.007180   0.139355  -0.167926  -0.203497   0.276788
------------------------------

============================================================

   Individual Site estimates of <psiA>
                Site               estimate  Std.err   95% conf. interval
psiA            1 unit1           :  0.0005   0.0008     0.0000 -  0.0124
psiA            2 unit2           :  0.0007   0.0011     0.0000 -  0.0150
psiA            3 unit3           :  0.0007   0.0011     0.0000 -  0.0150
psiA            4 unit4           :  0.0007   0.0011     0.0000 -  0.0150
psiA            5 unit5           :  0.0009   0.0014     0.0000 -  0.0181
psiA            6 unit6           :  0.0013   0.0019     0.0001 -  0.0219
psiA            7 unit7           :  0.0025   0.0033     0.0002 -  0.0320
psiA            8 unit8           :  0.0035   0.0044     0.0003 -  0.0387
psiA            9 unit9           :  0.0049   0.0057     0.0005 -  0.0467
psiA           10 unit10          :  0.0068   0.0074     0.0008 -  0.0563
psiA           11 unit11          :  0.0094   0.0097     0.0012 -  0.0677
psiA           12 unit12          :  0.0180   0.0160     0.0031 -  0.0977
psiA           13 unit13          :  0.0180   0.0160     0.0031 -  0.0977
psiA           14 unit14          :  0.0180   0.0160     0.0031 -  0.0977
psiA           15 unit15          :  0.0232   0.0194     0.0044 -  0.1128
psiA           16 unit16          :  0.0282   0.0224     0.0058 -  0.1256
psiA           17 unit17          :  0.0300   0.0234     0.0064 -  0.1301
psiA           18 unit18          :  0.0387   0.0280     0.0091 -  0.1498
psiA           19 unit19          :  0.0498   0.0333     0.0130 -  0.1721
psiA           20 unit20          :  0.0814   0.0454     0.0262 -  0.2256
psiA           21 unit21          :  0.0814   0.0454     0.0262 -  0.2256
psiA           22 unit22          :  0.0864   0.0470     0.0286 -  0.2332
psiA           23 unit23          :  0.1303   0.0587     0.0515 -  0.2926
psiA           24 unit24          :  0.1303   0.0587     0.0515 -  0.2926
psiA           25 unit25          :  0.1303   0.0587     0.0515 -  0.2926
psiA           26 unit26          :  0.1303   0.0587     0.0515 -  0.2926
psiA           27 unit27          :  0.1460   0.0620     0.0606 -  0.3117
psiA           28 unit28          :  0.1544   0.0636     0.0657 -  0.3216
psiA           29 unit29          :  0.1631   0.0651     0.0711 -  0.3318
psiA           30 unit30          :  0.1631   0.0651     0.0711 -  0.3318
psiA           31 unit31          :  0.2023   0.0709     0.0968 -  0.3750
psiA           32 unit32          :  0.2023   0.0709     0.0968 -  0.3750
psiA           33 unit33          :  0.2243   0.0735     0.1123 -  0.3981
psiA           34 unit34          :  0.2243   0.0735     0.1123 -  0.3981
psiA           35 unit35          :  0.2480   0.0757     0.1295 -  0.4223
psiA           36 unit36          :  0.2605   0.0768     0.1389 -  0.4348
psiA           37 unit37          :  0.2605   0.0768     0.1389 -  0.4348
psiA           38 unit38          :  0.2734   0.0778     0.1487 -  0.4476
psiA           39 unit39          :  0.3142   0.0803     0.1809 -  0.4874
psiA           40 unit40          :  0.3285   0.0810     0.1925 -  0.5011
psiA           41 unit41          :  0.3889   0.0832     0.2427 -  0.5582
psiA           42 unit42          :  0.3889   0.0832     0.2427 -  0.5582
psiA           43 unit43          :  0.4206   0.0840     0.2698 -  0.5878
psiA           44 unit44          :  0.4206   0.0840     0.2698 -  0.5878
psiA           45 unit45          :  0.4206   0.0840     0.2698 -  0.5878
psiA           46 unit46          :  0.4529   0.0846     0.2977 -  0.6178
psiA           47 unit47          :  0.4856   0.0851     0.3263 -  0.6480
psiA           48 unit48          :  0.4856   0.0851     0.3263 -  0.6480
psiA           49 unit49          :  0.5512   0.0856     0.3840 -  0.7075
psiA           50 unit50          :  0.5512   0.0856     0.3840 -  0.7075
psiA           51 unit51          :  0.7168   0.0818     0.5346 -  0.8479
psiA           52 unit52          :  0.7168   0.0818     0.5346 -  0.8479
psiA           53 unit53          :  0.7299   0.0810     0.5472 -  0.8580
psiA           54 unit54          :  0.7299   0.0810     0.5472 -  0.8580
psiA           55 unit55          :  0.7299   0.0810     0.5472 -  0.8580
psiA           56 unit56          :  0.7785   0.0767     0.5953 -  0.8936
psiA           57 unit57          :  0.7785   0.0767     0.5953 -  0.8936
psiA           58 unit58          :  0.7785   0.0767     0.5953 -  0.8936
psiA           59 unit59          :  0.8205   0.0711     0.6397 -  0.9217
psiA           60 unit60          :  0.8715   0.0611     0.6994 -  0.9519
psiA           61 unit61          :  0.8855   0.0576     0.7175 -  0.9593
psiA           62 unit62          :  0.9041   0.0523     0.7431 -  0.9684
psiA           63 unit63          :  0.9041   0.0523     0.7431 -  0.9684
psiA           64 unit64          :  0.9096   0.0505     0.7512 -  0.9710
psiA           65 unit65          :  0.9096   0.0505     0.7512 -  0.9710
psiA           66 unit66          :  0.9096   0.0505     0.7512 -  0.9710
psiA           67 unit67          :  0.9198   0.0470     0.7668 -  0.9756
psiA           68 unit68          :  0.9290   0.0436     0.7815 -  0.9795
psiA           69 unit69          :  0.9290   0.0436     0.7815 -  0.9795
psiA           70 unit70          :  0.9290   0.0436     0.7815 -  0.9795
psiA           71 unit71          :  0.9372   0.0404     0.7955 -  0.9828
psiA           72 unit72          :  0.9372   0.0404     0.7955 -  0.9828
psiA           73 unit73          :  0.9445   0.0372     0.8087 -  0.9856
psiA           74 unit74          :  0.9445   0.0372     0.8087 -  0.9856
psiA           75 unit75          :  0.9510   0.0343     0.8212 -  0.9880
psiA           76 unit76          :  0.9568   0.0314     0.8330 -  0.9899
psiA           77 unit77          :  0.9568   0.0314     0.8330 -  0.9899
psiA           78 unit78          :  0.9799   0.0180     0.8902 -  0.9966
psiA           79 unit79          :  0.9799   0.0180     0.8902 -  0.9966
psiA           80 unit80          :  0.9880   0.0121     0.9178 -  0.9984
psiA           81 unit81          :  0.9908   0.0098     0.9290 -  0.9989
psiA           82 unit82          :  0.9908   0.0098     0.9290 -  0.9989
psiA           83 unit83          :  0.9929   0.0080     0.9387 -  0.9992
psiA           84 unit84          :  0.9945   0.0064     0.9472 -  0.9995
psiA           85 unit85          :  0.2480   0.0757     0.1295 -  0.4223
psiA           86 unit86          :  0.9968   0.0042     0.9608 -  0.9997
psiA           87 unit87          :  0.9985   0.0021     0.9751 -  0.9999
psiA           88 unit88          :  0.9991   0.0014     0.9816 -  1.0000

   Individual Site estimates of <psiBA>
                Site               estimate  Std.err   95% conf. interval
psiBA           1 unit1           :  0.9930   0.0143     0.7095 -  0.9999
psiBA           2 unit2           :  0.9917   0.0166     0.6994 -  0.9998
psiBA           3 unit3           :  0.9917   0.0166     0.6994 -  0.9998
psiBA           4 unit4           :  0.9917   0.0166     0.6994 -  0.9998
psiBA           5 unit5           :  0.9900   0.0192     0.6889 -  0.9998
psiBA           6 unit6           :  0.9880   0.0222     0.6783 -  0.9997
psiBA           7 unit7           :  0.9827   0.0294     0.6562 -  0.9994
psiBA           8 unit8           :  0.9793   0.0337     0.6448 -  0.9992
psiBA           9 unit9           :  0.9752   0.0386     0.6332 -  0.9989
psiBA          10 unit10          :  0.9703   0.0440     0.6213 -  0.9985
psiBA          11 unit11          :  0.9645   0.0499     0.6092 -  0.9979
psiBA          12 unit12          :  0.9495   0.0634     0.5843 -  0.9960
psiBA          13 unit13          :  0.9495   0.0634     0.5843 -  0.9960
psiBA          14 unit14          :  0.9495   0.0634     0.5843 -  0.9960
psiBA          15 unit15          :  0.9420   0.0694     0.5740 -  0.9949
psiBA          16 unit16          :  0.9356   0.0741     0.5662 -  0.9939
psiBA          17 unit17          :  0.9334   0.0756     0.5636 -  0.9935
psiBA          18 unit18          :  0.9236   0.0821     0.5529 -  0.9916
psiBA          19 unit19          :  0.9125   0.0886     0.5421 -  0.9892
psiBA          20 unit20          :  0.8859   0.1016     0.5198 -  0.9824
psiBA          21 unit21          :  0.8859   0.1016     0.5198 -  0.9824
psiBA          22 unit22          :  0.8821   0.1032     0.5170 -  0.9813
psiBA          23 unit23          :  0.8526   0.1134     0.4966 -  0.9713
psiBA          24 unit24          :  0.8526   0.1134     0.4966 -  0.9713
psiBA          25 unit25          :  0.8526   0.1134     0.4966 -  0.9713
psiBA          26 unit26          :  0.8526   0.1134     0.4966 -  0.9713
psiBA          27 unit27          :  0.8431   0.1160     0.4906 -  0.9677
psiBA          28 unit28          :  0.8381   0.1173     0.4875 -  0.9657
psiBA          29 unit29          :  0.8331   0.1185     0.4845 -  0.9636
psiBA          30 unit30          :  0.8331   0.1185     0.4845 -  0.9636
psiBA          31 unit31          :  0.8115   0.1227     0.4720 -  0.9540
psiBA          32 unit32          :  0.8115   0.1227     0.4720 -  0.9540
psiBA          33 unit33          :  0.8000   0.1244     0.4657 -  0.9483
psiBA          34 unit34          :  0.8000   0.1244     0.4657 -  0.9483
psiBA          35 unit35          :  0.7879   0.1258     0.4592 -  0.9421
psiBA          36 unit36          :  0.7817   0.1265     0.4559 -  0.9387
psiBA          37 unit37          :  0.7817   0.1265     0.4559 -  0.9387
psiBA          38 unit38          :  0.7754   0.1270     0.4526 -  0.9351
psiBA          39 unit39          :  0.7555   0.1281     0.4424 -  0.9233
psiBA          40 unit40          :  0.7486   0.1283     0.4390 -  0.9189
psiBA          41 unit41          :  0.7199   0.1283     0.4248 -  0.8994
psiBA          42 unit42          :  0.7199   0.1283     0.4248 -  0.8994
psiBA          43 unit43          :  0.7048   0.1278     0.4174 -  0.8883
psiBA          44 unit44          :  0.7048   0.1278     0.4174 -  0.8883
psiBA          45 unit45          :  0.7048   0.1278     0.4174 -  0.8883
psiBA          46 unit46          :  0.6892   0.1269     0.4098 -  0.8763
psiBA          47 unit47          :  0.6732   0.1257     0.4020 -  0.8632
psiBA          48 unit48          :  0.6732   0.1257     0.4020 -  0.8632
psiBA          49 unit49          :  0.6400   0.1224     0.3857 -  0.8343
psiBA          50 unit50          :  0.6400   0.1224     0.3857 -  0.8343
psiBA          51 unit51          :  0.5424   0.1089     0.3339 -  0.7369
psiBA          52 unit52          :  0.5424   0.1089     0.3339 -  0.7369
psiBA          53 unit53          :  0.5332   0.1076     0.3286 -  0.7272
psiBA          54 unit54          :  0.5332   0.1076     0.3286 -  0.7272
psiBA          55 unit55          :  0.5332   0.1076     0.3286 -  0.7272
psiBA          56 unit56          :  0.4964   0.1024     0.3063 -  0.6875
psiBA          57 unit57          :  0.4964   0.1024     0.3063 -  0.6875
psiBA          58 unit58          :  0.4964   0.1024     0.3063 -  0.6875
psiBA          59 unit59          :  0.4596   0.0978     0.2822 -  0.6479
psiBA          60 unit60          :  0.4054   0.0927     0.2429 -  0.5916
psiBA          61 unit61          :  0.3877   0.0915     0.2293 -  0.5741
psiBA          62 unit62          :  0.3618   0.0902     0.2086 -  0.5495
psiBA          63 unit63          :  0.3618   0.0902     0.2086 -  0.5495
psiBA          64 unit64          :  0.3534   0.0899     0.2017 -  0.5417
psiBA          65 unit65          :  0.3534   0.0899     0.2017 -  0.5417
psiBA          66 unit66          :  0.3534   0.0899     0.2017 -  0.5417
psiBA          67 unit67          :  0.3367   0.0894     0.1880 -  0.5267
psiBA          68 unit68          :  0.3204   0.0891     0.1745 -  0.5126
psiBA          69 unit69          :  0.3204   0.0891     0.1745 -  0.5126
psiBA          70 unit70          :  0.3204   0.0891     0.1745 -  0.5126
psiBA          71 unit71          :  0.3046   0.0889     0.1614 -  0.4993
psiBA          72 unit72          :  0.3046   0.0889     0.1614 -  0.4993
psiBA          73 unit73          :  0.2892   0.0887     0.1486 -  0.4867
psiBA          74 unit74          :  0.2892   0.0887     0.1486 -  0.4867
psiBA          75 unit75          :  0.2743   0.0886     0.1364 -  0.4749
psiBA          76 unit76          :  0.2599   0.0885     0.1247 -  0.4638
psiBA          77 unit77          :  0.2599   0.0885     0.1247 -  0.4638
psiBA          78 unit78          :  0.1841   0.0857     0.0687 -  0.4083
psiBA          79 unit79          :  0.1841   0.0857     0.0687 -  0.4083
psiBA          80 unit80          :  0.1438   0.0810     0.0442 -  0.3788
psiBA          81 unit81          :  0.1266   0.0779     0.0352 -  0.3657
psiBA          82 unit82          :  0.1266   0.0779     0.0352 -  0.3657
psiBA          83 unit83          :  0.1112   0.0743     0.0278 -  0.3533
psiBA          84 unit84          :  0.0974   0.0704     0.0220 -  0.3415
psiBA          85 unit85          :  0.7879   0.1258     0.4592 -  0.9421
psiBA          86 unit86          :  0.0744   0.0621     0.0136 -  0.3198
psiBA          87 unit87          :  0.0491   0.0493     0.0065 -  0.2905
psiBA          88 unit88          :  0.0370   0.0414     0.0039 -  0.2727

   Individual Site estimates of <psiBa>
                Site               estimate  Std.err   95% conf. interval
psiBa           1 unit1           :  0.4622   0.1771     0.1754 -  0.7764
psiBa           2 unit2           :  0.4848   0.1678     0.2013 -  0.7784
psiBa           3 unit3           :  0.4848   0.1678     0.2013 -  0.7784
psiBa           4 unit4           :  0.4848   0.1678     0.2013 -  0.7784
psiBa           5 unit5           :  0.5075   0.1581     0.2297 -  0.7808
psiBa           6 unit6           :  0.5301   0.1481     0.2602 -  0.7835
psiBa           7 unit7           :  0.5749   0.1280     0.3264 -  0.7906
psiBa           8 unit8           :  0.5970   0.1183     0.3611 -  0.7952
psiBa           9 unit9           :  0.6186   0.1090     0.3960 -  0.8005
psiBa          10 unit10          :  0.6397   0.1005     0.4304 -  0.8067
psiBa          11 unit11          :  0.6604   0.0928     0.4635 -  0.8140
psiBa          12 unit12          :  0.6998   0.0807     0.5234 -  0.8319
psiBa          13 unit13          :  0.6998   0.0807     0.5234 -  0.8319
psiBa          14 unit14          :  0.6998   0.0807     0.5234 -  0.8319
psiBa          15 unit15          :  0.7148   0.0771     0.5442 -  0.8403
psiBa          16 unit16          :  0.7258   0.0750     0.5585 -  0.8470
psiBa          17 unit17          :  0.7294   0.0743     0.5630 -  0.8493
psiBa          18 unit18          :  0.7435   0.0722     0.5798 -  0.8589
psiBa          19 unit19          :  0.7570   0.0707     0.5945 -  0.8688
psiBa          20 unit20          :  0.7827   0.0693     0.6185 -  0.8890
psiBa          21 unit21          :  0.7827   0.0693     0.6185 -  0.8890
psiBa          22 unit22          :  0.7858   0.0692     0.6211 -  0.8914
psiBa          23 unit23          :  0.8064   0.0691     0.6363 -  0.9084
psiBa          24 unit24          :  0.8064   0.0691     0.6363 -  0.9084
psiBa          25 unit25          :  0.8064   0.0691     0.6363 -  0.9084
psiBa          26 unit26          :  0.8064   0.0691     0.6363 -  0.9084
psiBa          27 unit27          :  0.8120   0.0691     0.6400 -  0.9130
psiBa          28 unit28          :  0.8148   0.0692     0.6417 -  0.9153
psiBa          29 unit29          :  0.8175   0.0692     0.6434 -  0.9175
psiBa          30 unit30          :  0.8175   0.0692     0.6434 -  0.9175
psiBa          31 unit31          :  0.8281   0.0694     0.6495 -  0.9260
psiBa          32 unit32          :  0.8281   0.0694     0.6495 -  0.9260
psiBa          33 unit33          :  0.8332   0.0695     0.6522 -  0.9301
psiBa          34 unit34          :  0.8332   0.0695     0.6522 -  0.9301
psiBa          35 unit35          :  0.8382   0.0695     0.6547 -  0.9340
psiBa          36 unit36          :  0.8406   0.0696     0.6559 -  0.9359
psiBa          37 unit37          :  0.8406   0.0696     0.6559 -  0.9359
psiBa          38 unit38          :  0.8430   0.0696     0.6570 -  0.9377
psiBa          39 unit39          :  0.8501   0.0696     0.6602 -  0.9430
psiBa          40 unit40          :  0.8524   0.0696     0.6612 -  0.9447
psiBa          41 unit41          :  0.8613   0.0696     0.6648 -  0.9511
psiBa          42 unit42          :  0.8613   0.0696     0.6648 -  0.9511
psiBa          43 unit43          :  0.8656   0.0695     0.6664 -  0.9540
psiBa          44 unit44          :  0.8656   0.0695     0.6664 -  0.9540
psiBa          45 unit45          :  0.8656   0.0695     0.6664 -  0.9540
psiBa          46 unit46          :  0.8697   0.0694     0.6679 -  0.9568
psiBa          47 unit47          :  0.8738   0.0692     0.6693 -  0.9595
psiBa          48 unit48          :  0.8738   0.0692     0.6693 -  0.9595
psiBa          49 unit49          :  0.8816   0.0688     0.6718 -  0.9644
psiBa          50 unit50          :  0.8816   0.0688     0.6718 -  0.9644
psiBa          51 unit51          :  0.9009   0.0668     0.6772 -  0.9752
psiBa          52 unit52          :  0.9009   0.0668     0.6772 -  0.9752
psiBa          53 unit53          :  0.9025   0.0666     0.6776 -  0.9760
psiBa          54 unit54          :  0.9025   0.0666     0.6776 -  0.9760
psiBa          55 unit55          :  0.9025   0.0666     0.6776 -  0.9760
psiBa          56 unit56          :  0.9087   0.0655     0.6791 -  0.9791
psiBa          57 unit57          :  0.9087   0.0655     0.6791 -  0.9791
psiBa          58 unit58          :  0.9087   0.0655     0.6791 -  0.9791
psiBa          59 unit59          :  0.9145   0.0644     0.6803 -  0.9817
psiBa          60 unit60          :  0.9227   0.0625     0.6819 -  0.9852
psiBa          61 unit61          :  0.9252   0.0618     0.6824 -  0.9862
psiBa          62 unit62          :  0.9289   0.0607     0.6830 -  0.9875
psiBa          63 unit63          :  0.9289   0.0607     0.6830 -  0.9875
psiBa          64 unit64          :  0.9301   0.0604     0.6832 -  0.9880
psiBa          65 unit65          :  0.9301   0.0604     0.6832 -  0.9880
psiBa          66 unit66          :  0.9301   0.0604     0.6832 -  0.9880
psiBa          67 unit67          :  0.9324   0.0596     0.6836 -  0.9888
psiBa          68 unit68          :  0.9347   0.0588     0.6840 -  0.9895
psiBa          69 unit69          :  0.9347   0.0588     0.6840 -  0.9895
psiBa          70 unit70          :  0.9347   0.0588     0.6840 -  0.9895
psiBa          71 unit71          :  0.9368   0.0581     0.6843 -  0.9902
psiBa          72 unit72          :  0.9368   0.0581     0.6843 -  0.9902
psiBa          73 unit73          :  0.9389   0.0573     0.6846 -  0.9909
psiBa          74 unit74          :  0.9389   0.0573     0.6846 -  0.9909
psiBa          75 unit75          :  0.9410   0.0565     0.6849 -  0.9915
psiBa          76 unit76          :  0.9430   0.0556     0.6851 -  0.9921
psiBa          77 unit77          :  0.9430   0.0556     0.6851 -  0.9921
psiBa          78 unit78          :  0.9536   0.0506     0.6863 -  0.9949
psiBa          79 unit79          :  0.9536   0.0506     0.6863 -  0.9949
psiBa          80 unit80          :  0.9596   0.0471     0.6867 -  0.9961
psiBa          81 unit81          :  0.9623   0.0454     0.6869 -  0.9967
psiBa          82 unit82          :  0.9623   0.0454     0.6869 -  0.9967
psiBa          83 unit83          :  0.9649   0.0437     0.6870 -  0.9971
psiBa          84 unit84          :  0.9673   0.0420     0.6871 -  0.9975
psiBa          85 unit85          :  0.8382   0.0695     0.6547 -  0.9340
psiBa          86 unit86          :  0.9716   0.0387     0.6871 -  0.9981
psiBa          87 unit87          :  0.9770   0.0340     0.6869 -  0.9988
psiBa          88 unit88          :  0.9800   0.0310     0.6866 -  0.9991

   Individual Site estimates of <pA[1]>
                Site               estimate  Std.err   95% conf. interval
pA[1]           1 unit1           :  0.9186   0.0295     0.8388 -  0.9607
pA[2]           1 unit1           :  0.9186   0.0295     0.8388 -  0.9607
pA[3]           1 unit1           :  0.9186   0.0295     0.8388 -  0.9607
pA[4]           1 unit1           :  0.9186   0.0295     0.8388 -  0.9607
pA[5]           1 unit1           :  0.9186   0.0295     0.8388 -  0.9607

   Individual Site estimates of <pB[1]>
                Site               estimate  Std.err   95% conf. interval
pB[1]           1 unit1           :  0.5403   0.0414     0.4589 -  0.6197
pB[2]           1 unit1           :  0.5403   0.0414     0.4589 -  0.6197
pB[3]           1 unit1           :  0.5403   0.0414     0.4589 -  0.6197
pB[4]           1 unit1           :  0.5403   0.0414     0.4589 -  0.6197
pB[5]           1 unit1           :  0.5403   0.0414     0.4589 -  0.6197

   Individual Site estimates of <rA[1]>
                Site               estimate  Std.err   95% conf. interval
rA[1]           1 unit1           :  0.5476   0.0597     0.4301 -  0.6600
rA[2]           1 unit1           :  0.5476   0.0597     0.4301 -  0.6600
rA[3]           1 unit1           :  0.5476   0.0597     0.4301 -  0.6600
rA[4]           1 unit1           :  0.5476   0.0597     0.4301 -  0.6600
rA[5]           1 unit1           :  0.5476   0.0597     0.4301 -  0.6600

   Individual Site estimates of <rBA[1]>
                Site               estimate  Std.err   95% conf. interval
rBA[1]          1 unit1           :  0.4670   0.0627     0.3484 -  0.5894
rBA[2]          1 unit1           :  0.4670   0.0627     0.3484 -  0.5894
rBA[3]          1 unit1           :  0.4670   0.0627     0.3484 -  0.5894
rBA[4]          1 unit1           :  0.4670   0.0627     0.3484 -  0.5894
rBA[5]          1 unit1           :  0.4670   0.0627     0.3484 -  0.5894

   Individual Site estimates of <rBa[1]>
                Site               estimate  Std.err   95% conf. interval
rBa[1]          1 unit1           :  0.4670   0.0627     0.3484 -  0.5894
rBa[2]          1 unit1           :  0.4670   0.0627     0.3484 -  0.5894
rBa[3]          1 unit1           :  0.4670   0.0627     0.3484 -  0.5894
rBa[4]          1 unit1           :  0.4670   0.0627     0.3484 -  0.5894
rBa[5]          1 unit1           :  0.4670   0.0627     0.3484 -  0.5894

    Derived parameter: phi (Species Interaction Factor, SIF = psiAB/(psiA*psiB))
                Site               estimate  Std.err   95% conf. interval
phi             1 unit1           :  2.1473   0.8222     0.5358 -  3.7588
phi             2 unit2           :  2.0440   0.7073     0.6576 -  3.4303
phi             5 unit5           :  1.9490   0.6073     0.7588 -  3.1392
phi             6 unit6           :  1.8615   0.5205     0.8414 -  2.8817
phi             7 unit7           :  1.7061   0.3815     0.9585 -  2.4538
phi             8 unit8           :  1.6368   0.3271     0.9957 -  2.2779
phi             9 unit9           :  1.5721   0.2817     1.0200 -  2.1242
phi            10 unit10          :  1.5115   0.2444     1.0324 -  1.9906
phi            11 unit11          :  1.4543   0.2148     1.0334 -  1.8752
phi            12 unit12          :  1.3482   0.1754     1.0045 -  1.6919
phi            15 unit15          :  1.3081   0.1658     0.9831 -  1.6331
phi            16 unit16          :  1.2787   0.1606     0.9640 -  1.5934
phi            17 unit17          :  1.2690   0.1591     0.9571 -  1.5809
phi            18 unit18          :  1.2307   0.1546     0.9278 -  1.5337
phi            19 unit19          :  1.1932   0.1515     0.8962 -  1.4902
phi            20 unit20          :  1.1198   0.1477     0.8303 -  1.4094
phi            22 unit22          :  1.1108   0.1473     0.8221 -  1.3996
phi            23 unit23          :  1.0494   0.1436     0.7680 -  1.3308
phi            27 unit27          :  1.0325   0.1422     0.7538 -  1.3111
phi            28 unit28          :  1.0241   0.1414     0.7470 -  1.3012
phi            29 unit29          :  1.0159   0.1405     0.7404 -  1.2913
phi            31 unit31          :  0.9840   0.1365     0.7164 -  1.2516
phi            33 unit33          :  0.9688   0.1342     0.7059 -  1.2318
phi            35 unit35          :  0.9543   0.1315     0.6965 -  1.2121
phi            36 unit36          :  0.9472   0.1301     0.6922 -  1.2023
phi            38 unit38          :  0.9404   0.1287     0.6882 -  1.1926
phi            39 unit39          :  0.9209   0.1240     0.6780 -  1.1639
phi            40 unit40          :  0.9149   0.1223     0.6751 -  1.1546
phi            41 unit41          :  0.8928   0.1153     0.6669 -  1.1188
phi            43 unit43          :  0.8833   0.1116     0.6645 -  1.1020
phi            46 unit46          :  0.8747   0.1079     0.6633 -  1.0861
phi            47 unit47          :  0.8671   0.1041     0.6630 -  1.0712
phi            49 unit49          :  0.8551   0.0969     0.6652 -  1.0450
phi            51 unit51          :  0.8423   0.0818     0.6820 -  1.0026
phi            53 unit53          :  0.8424   0.0810     0.6837 -  1.0011
phi            56 unit56          :  0.8446   0.0785     0.6907 -  0.9986
phi            59 unit59          :  0.8492   0.0776     0.6971 -  1.0012
phi            60 unit60          :  0.8591   0.0779     0.7064 -  1.0119
phi            61 unit61          :  0.8631   0.0783     0.7095 -  1.0166
phi            62 unit62          :  0.8693   0.0790     0.7145 -  1.0241
phi            64 unit64          :  0.8714   0.0792     0.7161 -  1.0267
phi            67 unit67          :  0.8758   0.0796     0.7197 -  1.0319
phi            68 unit68          :  0.8802   0.0800     0.7234 -  1.0370
phi            71 unit71          :  0.8847   0.0803     0.7274 -  1.0420
phi            73 unit73          :  0.8892   0.0804     0.7316 -  1.0468
phi            75 unit75          :  0.8936   0.0804     0.7360 -  1.0512
phi            76 unit76          :  0.8980   0.0803     0.7406 -  1.0554
phi            78 unit78          :  0.9225   0.0769     0.7716 -  1.0733
phi            80 unit80          :  0.9364   0.0725     0.7942 -  1.0785
phi            81 unit81          :  0.9425   0.0698     0.8057 -  1.0794
phi            83 unit83          :  0.9482   0.0669     0.8170 -  1.0793
phi            84 unit84          :  0.9533   0.0638     0.8283 -  1.0784
phi            85 unit85          :  0.9543   0.1315     0.6965 -  1.2121
phi            86 unit86          :  0.9623   0.0573     0.8500 -  1.0747
phi            87 unit87          :  0.9728   0.0476     0.8795 -  1.0661
phi            88 unit88          :  0.9782   0.0416     0.8966 -  1.0598

    Derived parameter: dlta (Detection Species Interaction Factor, = rAB/(rA*rB))
                Site               estimate  Std.err   95% conf. interval
dlta[1]         1 unit1           :  1.0000   0.0000     1.0000 -  1.0000
dlta[2]         1 unit1           :  1.0000   0.0000     1.0000 -  1.0000
dlta[3]         1 unit1           :  1.0000   0.0000     1.0000 -  1.0000
dlta[4]         1 unit1           :  1.0000   0.0000     1.0000 -  1.0000
dlta[5]         1 unit1           :  1.0000   0.0000     1.0000 -  1.0000

CPU time= 0 seconds (0.00 min)

