

PRESENCE - Presence/Absence-Site Occupancy data analysis
Thu Oct 25 14:41:43 2018,       Version 2.12.21.
- - - - - - - - - - - - - - - - - - - - - - - - - - - - -
==>realbetavc
==>quiet
==>maxfn=32000
==>name=psi(Std..Elevation P SP P SP T Std..Elevation P INT P INT T Std..Elevation)p(SP P INT_o P SP T INT_o),psiBA
varcov: nsig=6 eps=1.000000e-002




********* Input Data summary *******
Number of sites                = 88
Number of sampling occasions   = 5
Number of states               = 4
Number of missing observations = 15
Data checksum = 1828

NSiteCovs-->18
site_covname[0]=Int_psiA
site_covname[1]=Std..Elevation_psiA
site_covname[2]=SP2_psiA
site_covname[3]=INT2_psiA
site_covname[4]=Std..Elevation:SP2_psiA
site_covname[5]=Std..Elevation:INT2_psiA
site_covname[6]=Int_psiBA
site_covname[7]=Std..Elevation_psiBA
site_covname[8]=SP2_psiBA
site_covname[9]=INT2_psiBA
site_covname[10]=Std..Elevation:SP2_psiBA
site_covname[11]=Std..Elevation:INT2_psiBA
site_covname[12]=Int_psiBa
site_covname[13]=Std..Elevation_psiBa
site_covname[14]=SP2_psiBa
site_covname[15]=INT2_psiBa
site_covname[16]=Std..Elevation:SP2_psiBa
site_covname[17]=Std..Elevation:INT2_psiBa
NSampCovs-->20
samp_covname[0]=Int_pA
samp_covname[1]=SP2_pA
samp_covname[2]=INT_o2_pA
samp_covname[3]=SP2:INT_o2_pA
samp_covname[4]=Int_pB
samp_covname[5]=SP2_pB
samp_covname[6]=INT_o2_pB
samp_covname[7]=SP2:INT_o2_pB
samp_covname[8]=Int_rA
samp_covname[9]=SP2_rA
samp_covname[10]=INT_o2_rA
samp_covname[11]=SP2:INT_o2_rA
samp_covname[12]=Int_rBA
samp_covname[13]=SP2_rBA
samp_covname[14]=INT_o2_rBA
samp_covname[15]=SP2:INT_o2_rBA
samp_covname[16]=Int_rBa
samp_covname[17]=SP2_rBa
samp_covname[18]=INT_o2_rBa
samp_covname[19]=SP2:INT_o2_rBa
Primary periods=1 Secondary periods: 5
- - - - - - - - - - - - - - - - - - - - - - - - - - - - -
 Salamander multi species - co-occurance
- - - - - - - - - - - - - - - - - - - - - - - - - - - - -
N=88 T=5 Groups=1 bootstraps=0

Matrix 1: rows=4, cols=7
            -,a1,a2,a3,a4,a5,a6
psiA           1  Std..Elevation_psiA  0  0  0  0
psiBA          1  Std..Elevation_psiBA  1  0  Std..Elevation:SP2_psiBA  0
psiBa          1  Std..Elevation_psiBa  1  1  Std..Elevation:SP2_psiBa  Std..Elevation:INT2_psiBa

Matrix 2: rows=26, cols=5
            -,b1,b2,b3,b4
pA[1]          1  0  0  0
pA[2]          1  0  0  0
pA[3]          1  0  0  0
pA[4]          1  0  0  0
pA[5]          1  0  0  0
pB[1]          1  1  0  0
pB[2]          1  1  0  0
pB[3]          1  1  0  0
pB[4]          1  1  0  0
pB[5]          1  1  0  0
rA[1]          1  0  1  0
rA[2]          1  0  1  0
rA[3]          1  0  1  0
rA[4]          1  0  1  0
rA[5]          1  0  1  0
rBA[1]         1  1  1  1
rBA[2]         1  1  1  1
rBA[3]         1  1  1  1
rBA[4]         1  1  1  1
rBA[5]         1  1  1  1
rBa[1]         1  1  1  1
rBa[2]         1  1  1  1
rBa[3]         1  1  1  1
rBa[4]         1  1  1  1
rBa[5]         1  1  1  1

Matrix 3: rows=0, cols=0

Matrix 4: rows=0, cols=0

Matrix 5: rows=0, cols=0

Matrix 6: rows=0, cols=0

modtype=3
Two Species, Single Season Model:
---------------------------------
-- alternate parameterization requested: psiA,psiBA,psiBa,pA,pB,rA,rBA,rBa
-- compressed input detected: 1=species A, 2=species B, 3=both
Naive occupancy for species A:  1.4545
Naive occupancy for species B:  1.7614

Model:psi(Std..Elevation P SP P SP T Std..Elevation P INT P INT T Std..Elevation)p(SP P INT_o P SP T INT_o),psiBA  NPar=10  s=name=psi(Std..Elevation P SP P SP T Std..Elevation P INT P INT T Std..Elevation)p(SP P INT_o P SP T INT_o),psiBA
attempt 0/0 (iv= 0.00  0.00  0.00...), optmiz done. -2loglike= 667.4714
0 random initial value vectors attempted:
Initial values:
    0.0000    0.0000    0.0000    0.0000    0.0000    0.0000    0.0000    0.0000
    0.0000    0.0000

Number of parameters           = 10
Number of function calls           = 545
-2log(likelihood)              = 667.4714
AIC                            = 687.4714

Untransformed Estimates of coefficients for covariates (Beta's)
======================================================================
                                          estimate    std.error
A1   psiA                             :   0.372485    0.244388
A2   psiA.Std..Elevation_psiA         :  -0.686944    0.275267
A3   psiBA                            :  -0.984296    0.451688
A4   psiBa                            :   4.503822    4.326472
A5   psiBA.Std..Elevation:SP2_psiBA   :   3.142486    0.810764
A6   psiBa.Std..Elevation:INT2_psiBa  :  16.043129   18.128544
B1   pA[1]                            :   0.155253    0.168438
B2   pB[1]                            :   2.285572    0.461505
B3   rA[1]                            :  -0.297429    0.315181
B4   rBA[1]                           :  -1.949537    0.536616

Variance-Covariance Matrix of Untransformed estimates (Beta's):
              A1         A2         A3         A4         A5         A6         B1         B2         B3         B4  
     A1    0.059726  -0.010194  -0.056538   0.046398   0.012918   0.291997  -0.003685   0.019087  -0.004297  -0.011609
     A2   -0.010194   0.075772   0.011789  -0.001861  -0.073781   0.014501   0.005789   0.004419  -0.012126   0.002432
     A3   -0.056538   0.011789   0.204022  -0.132702  -0.050124   0.190452   0.004126  -0.003256  -0.002741  -0.004460
     A4    0.046398  -0.001861  -0.132702  18.718362  -0.014198  73.306499  -0.008110   0.202552  -0.075764  -0.135966
     A5    0.012918  -0.073781  -0.050124  -0.014198   0.657338  -0.966796  -0.008045   0.002082   0.013603  -0.010059
     A6    0.291997   0.014501   0.190452  73.306499  -0.966796 328.644115  -0.008416   1.379862  -0.589966  -0.929340
     B1   -0.003685   0.005789   0.004126  -0.008110  -0.008045  -0.008416   0.028371  -0.027789  -0.029443   0.029098
     B2    0.019087   0.004419  -0.003256   0.202552   0.002082   1.379862  -0.027789   0.212987  -0.004657  -0.186931
     B3   -0.004297  -0.012126  -0.002741  -0.075764   0.013603  -0.589966  -0.029443  -0.004657   0.099339  -0.065900
     B4   -0.011609   0.002432  -0.004460  -0.135966  -0.010059  -0.929340   0.029098  -0.186931  -0.065900   0.287957
------------------------------

============================================================

   Individual Site estimates of <psiA>
                Site               estimate  Std.err   95% conf. interval
psiA            1 unit1           :  0.8640   0.0791     0.6292 -  0.9596
psiA            2 unit2           :  0.8560   0.0800     0.6250 -  0.9549
psiA            3 unit3           :  0.8560   0.0800     0.6250 -  0.9549
psiA            4 unit4           :  0.8560   0.0800     0.6250 -  0.9549
psiA            5 unit5           :  0.8476   0.0806     0.6208 -  0.9497
psiA            6 unit6           :  0.8388   0.0811     0.6164 -  0.9440
psiA            7 unit7           :  0.8201   0.0814     0.6074 -  0.9307
psiA            8 unit8           :  0.8101   0.0812     0.6026 -  0.9230
psiA            9 unit9           :  0.7996   0.0808     0.5978 -  0.9147
psiA           10 unit10          :  0.7888   0.0801     0.5927 -  0.9055
psiA           11 unit11          :  0.7775   0.0792     0.5875 -  0.8956
psiA           12 unit12          :  0.7537   0.0768     0.5763 -  0.8732
psiA           13 unit13          :  0.7537   0.0768     0.5763 -  0.8732
psiA           14 unit14          :  0.7537   0.0768     0.5763 -  0.8732
psiA           15 unit15          :  0.7437   0.0756     0.5715 -  0.8633
psiA           16 unit16          :  0.7361   0.0746     0.5677 -  0.8555
psiA           17 unit17          :  0.7335   0.0743     0.5665 -  0.8529
psiA           18 unit18          :  0.7230   0.0729     0.5612 -  0.8419
psiA           19 unit19          :  0.7122   0.0714     0.5557 -  0.8304
psiA           20 unit20          :  0.6900   0.0682     0.5436 -  0.8061
psiA           21 unit21          :  0.6900   0.0682     0.5436 -  0.8061
psiA           22 unit22          :  0.6871   0.0678     0.5420 -  0.8030
psiA           23 unit23          :  0.6668   0.0651     0.5298 -  0.7804
psiA           24 unit24          :  0.6668   0.0651     0.5298 -  0.7804
psiA           25 unit25          :  0.6668   0.0651     0.5298 -  0.7804
psiA           26 unit26          :  0.6668   0.0651     0.5298 -  0.7804
psiA           27 unit27          :  0.6609   0.0643     0.5261 -  0.7738
psiA           28 unit28          :  0.6579   0.0640     0.5242 -  0.7705
psiA           29 unit29          :  0.6549   0.0636     0.5222 -  0.7672
psiA           30 unit30          :  0.6549   0.0636     0.5222 -  0.7672
psiA           31 unit31          :  0.6428   0.0623     0.5140 -  0.7538
psiA           32 unit32          :  0.6428   0.0623     0.5140 -  0.7538
psiA           33 unit33          :  0.6367   0.0616     0.5097 -  0.7471
psiA           34 unit34          :  0.6367   0.0616     0.5097 -  0.7471
psiA           35 unit35          :  0.6305   0.0611     0.5051 -  0.7405
psiA           36 unit36          :  0.6274   0.0608     0.5028 -  0.7371
psiA           37 unit37          :  0.6274   0.0608     0.5028 -  0.7371
psiA           38 unit38          :  0.6243   0.0606     0.5004 -  0.7338
psiA           39 unit39          :  0.6149   0.0599     0.4930 -  0.7239
psiA           40 unit40          :  0.6118   0.0597     0.4905 -  0.7207
psiA           41 unit41          :  0.5991   0.0592     0.4797 -  0.7078
psiA           42 unit42          :  0.5991   0.0592     0.4797 -  0.7078
psiA           43 unit43          :  0.5927   0.0590     0.4740 -  0.7015
psiA           44 unit44          :  0.5927   0.0590     0.4740 -  0.7015
psiA           45 unit45          :  0.5927   0.0590     0.4740 -  0.7015
psiA           46 unit46          :  0.5863   0.0590     0.4681 -  0.6953
psiA           47 unit47          :  0.5798   0.0590     0.4619 -  0.6893
psiA           48 unit48          :  0.5798   0.0590     0.4619 -  0.6893
psiA           49 unit49          :  0.5668   0.0593     0.4490 -  0.6776
psiA           50 unit50          :  0.5668   0.0593     0.4490 -  0.6776
psiA           51 unit51          :  0.5307   0.0622     0.4094 -  0.6485
psiA           52 unit52          :  0.5307   0.0622     0.4094 -  0.6485
psiA           53 unit53          :  0.5274   0.0626     0.4056 -  0.6461
psiA           54 unit54          :  0.5274   0.0626     0.4056 -  0.6461
psiA           55 unit55          :  0.5274   0.0626     0.4056 -  0.6461
psiA           56 unit56          :  0.5142   0.0644     0.3898 -  0.6368
psiA           57 unit57          :  0.5142   0.0644     0.3898 -  0.6368
psiA           58 unit58          :  0.5142   0.0644     0.3898 -  0.6368
psiA           59 unit59          :  0.5009   0.0664     0.3735 -  0.6282
psiA           60 unit60          :  0.4810   0.0700     0.3484 -  0.6163
psiA           61 unit61          :  0.4744   0.0713     0.3400 -  0.6126
psiA           62 unit62          :  0.4644   0.0734     0.3272 -  0.6072
psiA           63 unit63          :  0.4644   0.0734     0.3272 -  0.6072
psiA           64 unit64          :  0.4611   0.0741     0.3230 -  0.6055
psiA           65 unit65          :  0.4611   0.0741     0.3230 -  0.6055
psiA           66 unit66          :  0.4611   0.0741     0.3230 -  0.6055
psiA           67 unit67          :  0.4546   0.0755     0.3145 -  0.6021
psiA           68 unit68          :  0.4480   0.0769     0.3061 -  0.5989
psiA           69 unit69          :  0.4480   0.0769     0.3061 -  0.5989
psiA           70 unit70          :  0.4480   0.0769     0.3061 -  0.5989
psiA           71 unit71          :  0.4414   0.0784     0.2977 -  0.5957
psiA           72 unit72          :  0.4414   0.0784     0.2977 -  0.5957
psiA           73 unit73          :  0.4349   0.0798     0.2893 -  0.5926
psiA           74 unit74          :  0.4349   0.0798     0.2893 -  0.5926
psiA           75 unit75          :  0.4284   0.0813     0.2810 -  0.5896
psiA           76 unit76          :  0.4219   0.0828     0.2728 -  0.5867
psiA           77 unit77          :  0.4219   0.0828     0.2728 -  0.5867
psiA           78 unit78          :  0.3836   0.0915     0.2257 -  0.5706
psiA           79 unit79          :  0.3836   0.0915     0.2257 -  0.5706
psiA           80 unit80          :  0.3588   0.0969     0.1969 -  0.5609
psiA           81 unit81          :  0.3467   0.0993     0.1834 -  0.5563
psiA           82 unit82          :  0.3467   0.0993     0.1834 -  0.5563
psiA           83 unit83          :  0.3348   0.1017     0.1706 -  0.5518
psiA           84 unit84          :  0.3230   0.1038     0.1584 -  0.5475
psiA           85 unit85          :  0.6305   0.0611     0.5051 -  0.7405
psiA           86 unit86          :  0.3003   0.1075     0.1360 -  0.5392
psiA           87 unit87          :  0.2679   0.1116     0.1071 -  0.5274
psiA           88 unit88          :  0.2476   0.1132     0.0909 -  0.5199

   Individual Site estimates of <psiBA>
                Site               estimate  Std.err   95% conf. interval
psiBA           1 unit1           :  0.0028   0.0048     0.0001 -  0.0766
psiBA           2 unit2           :  0.0035   0.0058     0.0001 -  0.0837
psiBA           3 unit3           :  0.0035   0.0058     0.0001 -  0.0837
psiBA           4 unit4           :  0.0035   0.0058     0.0001 -  0.0837
psiBA           5 unit5           :  0.0044   0.0070     0.0002 -  0.0914
psiBA           6 unit6           :  0.0056   0.0085     0.0003 -  0.0998
psiBA           7 unit7           :  0.0090   0.0123     0.0006 -  0.1187
psiBA           8 unit8           :  0.0114   0.0147     0.0009 -  0.1294
psiBA           9 unit9           :  0.0144   0.0175     0.0013 -  0.1410
psiBA          10 unit10          :  0.0182   0.0208     0.0019 -  0.1536
psiBA          11 unit11          :  0.0229   0.0245     0.0027 -  0.1671
psiBA          12 unit12          :  0.0363   0.0335     0.0057 -  0.1978
psiBA          13 unit13          :  0.0363   0.0335     0.0057 -  0.1978
psiBA          14 unit14          :  0.0363   0.0335     0.0057 -  0.1978
psiBA          15 unit15          :  0.0436   0.0377     0.0077 -  0.2115
psiBA          16 unit16          :  0.0499   0.0410     0.0096 -  0.2224
psiBA          17 unit17          :  0.0522   0.0421     0.0103 -  0.2262
psiBA          18 unit18          :  0.0624   0.0468     0.0137 -  0.2418
psiBA          19 unit19          :  0.0745   0.0516     0.0182 -  0.2586
psiBA          20 unit20          :  0.1053   0.0612     0.0319 -  0.2959
psiBA          21 unit21          :  0.1053   0.0612     0.0319 -  0.2959
psiBA          22 unit22          :  0.1098   0.0623     0.0342 -  0.3010
psiBA          23 unit23          :  0.1468   0.0700     0.0544 -  0.3395
psiBA          24 unit24          :  0.1468   0.0700     0.0544 -  0.3395
psiBA          25 unit25          :  0.1468   0.0700     0.0544 -  0.3395
psiBA          26 unit26          :  0.1468   0.0700     0.0544 -  0.3395
psiBA          27 unit27          :  0.1590   0.0719     0.0619 -  0.3517
psiBA          28 unit28          :  0.1655   0.0728     0.0659 -  0.3580
psiBA          29 unit29          :  0.1721   0.0737     0.0701 -  0.3644
psiBA          30 unit30          :  0.1721   0.0737     0.0701 -  0.3644
psiBA          31 unit31          :  0.2009   0.0771     0.0894 -  0.3918
psiBA          32 unit32          :  0.2009   0.0771     0.0894 -  0.3918
psiBA          33 unit33          :  0.2166   0.0785     0.1004 -  0.4065
psiBA          34 unit34          :  0.2166   0.0785     0.1004 -  0.4065
psiBA          35 unit35          :  0.2331   0.0800     0.1123 -  0.4221
psiBA          36 unit36          :  0.2417   0.0806     0.1186 -  0.4302
psiBA          37 unit37          :  0.2417   0.0806     0.1186 -  0.4302
psiBA          38 unit38          :  0.2505   0.0813     0.1251 -  0.4385
psiBA          39 unit39          :  0.2782   0.0833     0.1460 -  0.4648
psiBA          40 unit40          :  0.2878   0.0839     0.1533 -  0.4741
psiBA          41 unit41          :  0.3282   0.0867     0.1843 -  0.5137
psiBA          42 unit42          :  0.3282   0.0867     0.1843 -  0.5137
psiBA          43 unit43          :  0.3494   0.0883     0.2005 -  0.5349
psiBA          44 unit44          :  0.3494   0.0883     0.2005 -  0.5349
psiBA          45 unit45          :  0.3494   0.0883     0.2005 -  0.5349
psiBA          46 unit46          :  0.3713   0.0901     0.2170 -  0.5572
psiBA          47 unit47          :  0.3937   0.0920     0.2337 -  0.5803
psiBA          48 unit48          :  0.3937   0.0920     0.2337 -  0.5803
psiBA          49 unit49          :  0.4398   0.0964     0.2671 -  0.6284
psiBA          50 unit50          :  0.4398   0.0964     0.2671 -  0.6284
psiBA          51 unit51          :  0.5695   0.1102     0.3541 -  0.7615
psiBA          52 unit52          :  0.5695   0.1102     0.3541 -  0.7615
psiBA          53 unit53          :  0.5811   0.1113     0.3615 -  0.7727
psiBA          54 unit54          :  0.5811   0.1113     0.3615 -  0.7727
psiBA          55 unit55          :  0.5811   0.1113     0.3615 -  0.7727
psiBA          56 unit56          :  0.6265   0.1150     0.3902 -  0.8147
psiBA          57 unit57          :  0.6265   0.1150     0.3902 -  0.8147
psiBA          58 unit58          :  0.6265   0.1150     0.3902 -  0.8147
psiBA          59 unit59          :  0.6697   0.1173     0.4176 -  0.8515
psiBA          60 unit60          :  0.7294   0.1174     0.4566 -  0.8964
psiBA          61 unit61          :  0.7477   0.1165     0.4690 -  0.9087
psiBA          62 unit62          :  0.7736   0.1143     0.4873 -  0.9248
psiBA          63 unit63          :  0.7736   0.1143     0.4873 -  0.9248
psiBA          64 unit64          :  0.7818   0.1134     0.4933 -  0.9295
psiBA          65 unit65          :  0.7818   0.1134     0.4933 -  0.9295
psiBA          66 unit66          :  0.7818   0.1134     0.4933 -  0.9295
psiBA          67 unit67          :  0.7976   0.1113     0.5051 -  0.9383
psiBA          68 unit68          :  0.8125   0.1088     0.5167 -  0.9461
psiBA          69 unit69          :  0.8125   0.1088     0.5167 -  0.9461
psiBA          70 unit70          :  0.8125   0.1088     0.5167 -  0.9461
psiBA          71 unit71          :  0.8265   0.1060     0.5281 -  0.9530
psiBA          72 unit72          :  0.8265   0.1060     0.5281 -  0.9530
psiBA          73 unit73          :  0.8397   0.1029     0.5394 -  0.9591
psiBA          74 unit74          :  0.8397   0.1029     0.5394 -  0.9591
psiBA          75 unit75          :  0.8521   0.0996     0.5504 -  0.9644
psiBA          76 unit76          :  0.8636   0.0961     0.5613 -  0.9691
psiBA          77 unit77          :  0.8636   0.0961     0.5613 -  0.9691
psiBA          78 unit78          :  0.9180   0.0735     0.6230 -  0.9870
psiBA          79 unit79          :  0.9180   0.0735     0.6230 -  0.9870
psiBA          80 unit80          :  0.9424   0.0589     0.6608 -  0.9928
psiBA          81 unit81          :  0.9519   0.0523     0.6787 -  0.9946
psiBA          82 unit82          :  0.9519   0.0523     0.6787 -  0.9946
psiBA          83 unit83          :  0.9599   0.0461     0.6960 -  0.9960
psiBA          84 unit84          :  0.9666   0.0405     0.7126 -  0.9970
psiBA          85 unit85          :  0.2331   0.0800     0.1123 -  0.4221
psiBA          86 unit86          :  0.9769   0.0309     0.7438 -  0.9984
psiBA          87 unit87          :  0.9868   0.0200     0.7858 -  0.9993
psiBA          88 unit88          :  0.9909   0.0149     0.8107 -  0.9996

   Individual Site estimates of <psiBa>
                Site               estimate  Std.err   95% conf. interval
psiBa           1 unit1           :  0.0000   0.0000     0.0000 -  1.0000
psiBa           2 unit2           :  0.0000   0.0000     0.0000 -  1.0000
psiBa           3 unit3           :  0.0000   0.0000     0.0000 -  1.0000
psiBa           4 unit4           :  0.0000   0.0000     0.0000 -  1.0000
psiBa           5 unit5           :  0.0000   0.0000     0.0000 -  1.0000
psiBa           6 unit6           :  0.0000   0.0000     0.0000 -  1.0000
psiBa           7 unit7           :  0.0000   0.0000     0.0000 -  1.0000
psiBa           8 unit8           :  0.0000   0.0000     0.0000 -  1.0000
psiBa           9 unit9           :  0.0000   0.0000     0.0000 -  1.0000
psiBa          10 unit10          :  0.0000   0.0000     0.0000 -  1.0000
psiBa          11 unit11          :  0.0000   0.0000     0.0000 -  1.0000
psiBa          12 unit12          :  0.0000   0.0000     0.0000 -  1.0000
psiBa          13 unit13          :  0.0000   0.0000     0.0000 -  1.0000
psiBa          14 unit14          :  0.0000   0.0000     0.0000 -  1.0000
psiBa          15 unit15          :  0.0000   0.0000     0.0000 -  1.0000
psiBa          16 unit16          :  0.0000   0.0000     0.0000 -  1.0000
psiBa          17 unit17          :  0.0000   0.0000     0.0000 -  1.0000
psiBa          18 unit18          :  0.0000   0.0001     0.0000 -  1.0000
psiBa          19 unit19          :  0.0000   0.0003     0.0000 -  0.9999
psiBa          20 unit20          :  0.0005   0.0036     0.0000 -  0.9988
psiBa          21 unit21          :  0.0005   0.0036     0.0000 -  0.9988
psiBa          22 unit22          :  0.0007   0.0049     0.0000 -  0.9984
psiBa          23 unit23          :  0.0085   0.0389     0.0000 -  0.9865
psiBa          24 unit24          :  0.0085   0.0389     0.0000 -  0.9865
psiBa          25 unit25          :  0.0085   0.0389     0.0000 -  0.9865
psiBa          26 unit26          :  0.0085   0.0389     0.0000 -  0.9865
psiBa          27 unit27          :  0.0172   0.0670     0.0000 -  0.9762
psiBa          28 unit28          :  0.0244   0.0866     0.0000 -  0.9689
psiBa          29 unit29          :  0.0346   0.1107     0.0001 -  0.9598
psiBa          30 unit30          :  0.0346   0.1107     0.0001 -  0.9598
psiBa          31 unit31          :  0.1301   0.2430     0.0022 -  0.9096
psiBa          32 unit32          :  0.1301   0.2430     0.0022 -  0.9096
psiBa          33 unit33          :  0.2341   0.3042     0.0109 -  0.8947
psiBa          34 unit34          :  0.2341   0.3042     0.0109 -  0.8947
psiBa          35 unit35          :  0.3845   0.3447     0.0347 -  0.9156
psiBa          36 unit36          :  0.4718   0.3620     0.0492 -  0.9390
psiBa          37 unit37          :  0.4718   0.3620     0.0492 -  0.9390
psiBa          38 unit38          :  0.5608   0.3771     0.0597 -  0.9625
psiBa          39 unit39          :  0.7886   0.3540     0.0549 -  0.9958
psiBa          40 unit40          :  0.8421   0.3180     0.0468 -  0.9983
psiBa          41 unit41          :  0.9571   0.1482     0.0186 -  1.0000
psiBa          42 unit42          :  0.9571   0.1482     0.0186 -  1.0000
psiBa          43 unit43          :  0.9785   0.0895     0.0107 -  1.0000
psiBa          44 unit44          :  0.9785   0.0895     0.0107 -  1.0000
psiBa          45 unit45          :  0.9785   0.0895     0.0107 -  1.0000
psiBa          46 unit46          :  0.9894   0.0517     0.0060 -  1.0000
psiBa          47 unit47          :  0.9948   0.0291     0.0033 -  1.0000
psiBa          48 unit48          :  0.9948   0.0291     0.0033 -  1.0000
psiBa          49 unit49          :  0.9987   0.0087     0.0010 -  1.0000
psiBa          50 unit50          :  0.9987   0.0087     0.0010 -  1.0000
psiBa          51 unit51          :  1.0000   0.0003     0.0000 -  1.0000
psiBa          52 unit52          :  1.0000   0.0003     0.0000 -  1.0000
psiBa          53 unit53          :  1.0000   0.0002     0.0000 -  1.0000
psiBa          54 unit54          :  1.0000   0.0002     0.0000 -  1.0000
psiBa          55 unit55          :  1.0000   0.0002     0.0000 -  1.0000
psiBa          56 unit56          :  1.0000   0.0001     0.0000 -  1.0000
psiBa          57 unit57          :  1.0000   0.0001     0.0000 -  1.0000
psiBa          58 unit58          :  1.0000   0.0001     0.0000 -  1.0000
psiBa          59 unit59          :  1.0000   0.0000     0.0000 -  1.0000
psiBa          60 unit60          :  1.0000   0.0000     0.0000 -  1.0000
psiBa          61 unit61          :  1.0000   0.0000     0.0000 -  1.0000
psiBa          62 unit62          :  1.0000   0.0000     0.0000 -  1.0000
psiBa          63 unit63          :  1.0000   0.0000     0.0000 -  1.0000
psiBa          64 unit64          :  1.0000   0.0000     0.0000 -  1.0000
psiBa          65 unit65          :  1.0000   0.0000     0.0000 -  1.0000
psiBa          66 unit66          :  1.0000   0.0000     0.0000 -  1.0000
psiBa          67 unit67          :  1.0000   0.0000     0.0000 -  1.0000
psiBa          68 unit68          :  1.0000   0.0000     0.0000 -  1.0000
psiBa          69 unit69          :  1.0000   0.0000     0.0000 -  1.0000
psiBa          70 unit70          :  1.0000   0.0000     0.0000 -  1.0000
psiBa          71 unit71          :  1.0000   0.0000     0.0000 -  1.0000
psiBa          72 unit72          :  1.0000   0.0000     0.0000 -  1.0000
psiBa          73 unit73          :  1.0000   0.0000     0.0000 -  1.0000
psiBa          74 unit74          :  1.0000   0.0000     0.0000 -  1.0000
psiBa          75 unit75          :  1.0000   0.0000     0.0000 -  1.0000
psiBa          76 unit76          :  1.0000   0.0000     0.0000 -  1.0000
psiBa          77 unit77          :  1.0000   0.0000     0.0000 -  1.0000
psiBa          78 unit78          :  1.0000   0.0000     0.0000 -  1.0000
psiBa          79 unit79          :  1.0000   0.0000     0.0000 -  1.0000
psiBa          80 unit80          :  1.0000   0.0000     0.0000 -  1.0000
psiBa          81 unit81          :  1.0000   0.0000     0.0000 -  1.0000
psiBa          82 unit82          :  1.0000   0.0000     0.0000 -  1.0000
psiBa          83 unit83          :  1.0000   0.0000     0.0000 -  1.0000
psiBa          84 unit84          :  1.0000   0.0000     0.0000 -  1.0000
psiBa          85 unit85          :  0.3845   0.3447     0.0347 -  0.9156
psiBa          86 unit86          :  1.0000   0.0000     0.0000 -  1.0000
psiBa          87 unit87          :  1.0000   0.0000     0.0000 -  1.0000
psiBa          88 unit88          :  1.0000   0.0000     0.0000 -  1.0000

   Individual Site estimates of <pA[1]>
                Site               estimate  Std.err   95% conf. interval
pA[1]           1 unit1           :  0.5387   0.0419     0.4564 -  0.6190
pA[2]           1 unit1           :  0.5387   0.0419     0.4564 -  0.6190
pA[3]           1 unit1           :  0.5387   0.0419     0.4564 -  0.6190
pA[4]           1 unit1           :  0.5387   0.0419     0.4564 -  0.6190
pA[5]           1 unit1           :  0.5387   0.0419     0.4564 -  0.6190

   Individual Site estimates of <pB[1]>
                Site               estimate  Std.err   95% conf. interval
pB[1]           1 unit1           :  0.9199   0.0318     0.8315 -  0.9639
pB[2]           1 unit1           :  0.9199   0.0318     0.8315 -  0.9639
pB[3]           1 unit1           :  0.9199   0.0318     0.8315 -  0.9639
pB[4]           1 unit1           :  0.9199   0.0318     0.8315 -  0.9639
pB[5]           1 unit1           :  0.9199   0.0318     0.8315 -  0.9639

   Individual Site estimates of <rA[1]>
                Site               estimate  Std.err   95% conf. interval
rA[1]           1 unit1           :  0.4645   0.0653     0.3416 -  0.5919
rA[2]           1 unit1           :  0.4645   0.0653     0.3416 -  0.5919
rA[3]           1 unit1           :  0.4645   0.0653     0.3416 -  0.5919
rA[4]           1 unit1           :  0.4645   0.0653     0.3416 -  0.5919
rA[5]           1 unit1           :  0.4645   0.0653     0.3416 -  0.5919

   Individual Site estimates of <rBA[1]>
                Site               estimate  Std.err   95% conf. interval
rBA[1]          1 unit1           :  0.5483   0.0593     0.4315 -  0.6600
rBA[2]          1 unit1           :  0.5483   0.0593     0.4315 -  0.6600
rBA[3]          1 unit1           :  0.5483   0.0593     0.4315 -  0.6600
rBA[4]          1 unit1           :  0.5483   0.0593     0.4315 -  0.6600
rBA[5]          1 unit1           :  0.5483   0.0593     0.4315 -  0.6600

   Individual Site estimates of <rBa[1]>
                Site               estimate  Std.err   95% conf. interval
rBa[1]          1 unit1           :  0.5483   0.0593     0.4315 -  0.6600
rBa[2]          1 unit1           :  0.5483   0.0593     0.4315 -  0.6600
rBa[3]          1 unit1           :  0.5483   0.0593     0.4315 -  0.6600
rBa[4]          1 unit1           :  0.5483   0.0593     0.4315 -  0.6600
rBa[5]          1 unit1           :  0.5483   0.0593     0.4315 -  0.6600

    Derived parameter: phi (Species Interaction Factor, SIF = psiAB/(psiA*psiB))
                Site               estimate  Std.err   95% conf. interval
phi             1 unit1           :  1.1575   0.1060     0.9496 -  1.3653
phi             2 unit2           :  1.1683   0.1091     0.9543 -  1.3822
phi             5 unit5           :  1.1798   0.1122     0.9599 -  1.3997
phi             6 unit6           :  1.1921   0.1152     0.9663 -  1.4180
phi             7 unit7           :  1.2194   0.1210     0.9823 -  1.4565
phi             8 unit8           :  1.2345   0.1237     0.9920 -  1.4769
phi             9 unit9           :  1.2506   0.1263     1.0030 -  1.4981
phi            10 unit10          :  1.2678   0.1288     1.0154 -  1.5201
phi            11 unit11          :  1.2861   0.1311     1.0292 -  1.5430
phi            12 unit12          :  1.3268   0.1352     1.0617 -  1.5918
phi            15 unit15          :  1.3446   0.1367     1.0766 -  1.6125
phi            16 unit16          :  1.3586   0.1378     1.0886 -  1.6286
phi            17 unit17          :  1.3634   0.1381     1.0927 -  1.6340
phi            18 unit18          :  1.3831   0.1394     1.1099 -  1.6563
phi            19 unit19          :  1.4039   0.1406     1.1284 -  1.6793
phi            20 unit20          :  1.4463   0.1426     1.1669 -  1.7258
phi            22 unit22          :  1.4511   0.1434     1.1701 -  1.7321
phi            23 unit23          :  1.4575   0.2238     1.0190 -  1.8961
phi            27 unit27          :  1.4335   0.3134     0.8193 -  2.0478
phi            28 unit28          :  1.4117   0.3718     0.6830 -  2.1403
phi            29 unit29          :  1.3809   0.4359     0.5264 -  2.2353
phi            31 unit31          :  1.1441   0.5866    -0.0056 -  2.2937
phi            33 unit33          :  0.9714   0.5120    -0.0321 -  1.9750
phi            35 unit35          :  0.8065   0.3922     0.0378 -  1.5752
phi            36 unit36          :  0.7382   0.3415     0.0688 -  1.4076
phi            38 unit38          :  0.6824   0.3002     0.0940 -  1.2708
phi            39 unit39          :  0.5859   0.2055     0.1831 -  0.9888
phi            40 unit40          :  0.5721   0.1804     0.2186 -  0.9257
phi            41 unit41          :  0.5655   0.1187     0.3329 -  0.7982
phi            43 unit43          :  0.5770   0.1074     0.3665 -  0.7874
phi            46 unit46          :  0.5922   0.1019     0.3924 -  0.7919
phi            47 unit47          :  0.6092   0.0991     0.4149 -  0.8035
phi            49 unit49          :  0.6450   0.0961     0.4566 -  0.8333
phi            51 unit51          :  0.7382   0.0917     0.5586 -  0.9178
phi            53 unit53          :  0.7459   0.0913     0.5670 -  0.9249
phi            56 unit56          :  0.7754   0.0897     0.5997 -  0.9511
phi            59 unit59          :  0.8025   0.0876     0.6309 -  0.9741
phi            60 unit60          :  0.8386   0.0833     0.6753 -  1.0019
phi            61 unit61          :  0.8494   0.0816     0.6895 -  1.0093
phi            62 unit62          :  0.8645   0.0787     0.7102 -  1.0189
phi            64 unit64          :  0.8693   0.0777     0.7169 -  1.0217
phi            67 unit67          :  0.8784   0.0756     0.7302 -  1.0266
phi            68 unit68          :  0.8870   0.0734     0.7431 -  1.0309
phi            71 unit71          :  0.8951   0.0711     0.7556 -  1.0345
phi            73 unit73          :  0.9026   0.0687     0.7679 -  1.0374
phi            75 unit75          :  0.9097   0.0663     0.7797 -  1.0397
phi            76 unit76          :  0.9164   0.0639     0.7912 -  1.0416
phi            78 unit78          :  0.9478   0.0491     0.8516 -  1.0440
phi            80 unit80          :  0.9623   0.0399     0.8840 -  1.0406
phi            81 unit81          :  0.9680   0.0358     0.8979 -  1.0381
phi            83 unit83          :  0.9729   0.0319     0.9104 -  1.0355
phi            84 unit84          :  0.9771   0.0283     0.9216 -  1.0327
phi            85 unit85          :  0.8065   0.3922     0.0378 -  1.5752
phi            86 unit86          :  0.9837   0.0221     0.9404 -  1.0270
phi            87 unit87          :  0.9903   0.0149     0.9611 -  1.0195
phi            88 unit88          :  0.9932   0.0113     0.9710 -  1.0153

    Derived parameter: dlta (Detection Species Interaction Factor, = rAB/(rA*rB))
                Site               estimate  Std.err   95% conf. interval
dlta[1]         1 unit1           :  1.0000   0.0000     1.0000 -  1.0000
dlta[2]         1 unit1           :  1.0000   0.0000     1.0000 -  1.0000
dlta[3]         1 unit1           :  1.0000   0.0000     1.0000 -  1.0000
dlta[4]         1 unit1           :  1.0000   0.0000     1.0000 -  1.0000
dlta[5]         1 unit1           :  1.0000   0.0000     1.0000 -  1.0000

CPU time= 1 seconds (0.02 min)

