

PRESENCE - Presence/Absence-Site Occupancy data analysis
Wed Feb 14 07:49:29 2018,       Version 2.12.9.
- - - - - - - - - - - - - - - - - - - - - - - - - - - - -
==>C:\Progra~2\Presence\presence.exe
==>i=salamander-missing.pao
==>l=pres_psi(X)_p(X).out
==>name=psi(*) p(*)
==>j=salamander-missing.dm
varcov: nsig=6 eps=1.000000e-002
no model name N,T-->39,5




********* Input Data summary *******
Number of sites                = 39
Number of sampling occasions   = 5
Number of states               = 2
Number of missing observations = 15
Data checksum = 29286

NSiteCovs-->0
NSampCovs-->0
Primary periods=1 Secondary periods: 5
Naive occupancy estimate       = 0.3590

- - - - - - - - - - - - - - - - - - - - - - - - - - - - -
 Salamander-missing analysis
- - - - - - - - - - - - - - - - - - - - - - - - - - - - -
N=39 T=5 Groups=1 bootstraps=0

-->1-5
Matrix 1: rows=2, cols=2
            -,a1,
psi           1
========================

Matrix 2: rows=6, cols=2
            -,b1,
P1[1]         1
P1[2]         1
P1[3]         1
P1[4]         1
P1[5]         1
========================

Matrix 3: rows=0, cols=0
========================

Matrix 4: rows=0, cols=0
========================

Matrix 5: rows=0, cols=0
========================

Matrix 6: rows=0, cols=0
========================

modtype=1

Custom Model: psi(*) p(*)

attempt 0/0 (iv= 0.00  0.00 -0.00...), optmiz done. -2loglike= 132.3210
0 random initial value vectors attempted:
Initial values:
    0.0000    0.0000
Number of significant digits   =   7.3

Model has been fit using the logistic link.


Number of parameters           = 2
Number of function calls           = 55
-2log(likelihood)              = 132.3210
AIC                            = 136.3210

Untransformed Estimates of coefficients for covariates (Beta's)
======================================================================
                                          estimate    std.error
A1   psi.a1                           :  -0.172602    0.447312
B1   P1[5].b1                         :  -0.896677    0.334352

============================================================

   Individual Site estimates of <psi>
                Site               estimate  Std.err   95% conf. interval
psi             1 site1           :  0.4570   0.1110     0.2594 -  0.6691

============================================================

   Individual Site estimates of <P1[1]>
                Site               estimate  Std.err   95% conf. interval
P1[1]           1 site1           :  0.2897   0.0688     0.1748 -  0.4400
P1[2]           1 site1           :  0.2897   0.0688     0.1748 -  0.4400
P1[3]           1 site1           :  0.2897   0.0688     0.1748 -  0.4400
P1[4]           1 site1           :  0.2897   0.0688     0.1748 -  0.4400
P1[5]           1 site1           :  0.2897   0.0688     0.1748 -  0.4400

============================================================


 DERIVED parameter - Psi-conditional = [Pr(occ | detection history)]

        Site                     psi-cond  Std.err     95% conf. interval
psi-cond     1    site1        :   1.0000  0.0000     1.0000 - 1.0000 
psi-cond     2    site2        :   0.2317  0.1138     0.0793 - 0.5135 
psi-cond     3    site3        :   0.2317  0.1138     0.0793 - 0.5135 
psi-cond     4    site4        :   1.0000  0.0000     1.0000 - 1.0000 
psi-cond     5    site5        :   0.2317  0.1138     0.0793 - 0.5135 
psi-cond     6    site6        :   0.1764  0.1043     0.0498 - 0.4666 
psi-cond     7    site7        :   1.0000  0.0000     1.0000 - 1.0000 
psi-cond     8    site8        :   1.0000  0.0000     1.0000 - 1.0000 
psi-cond     9    site9        :   1.0000  0.0000     1.0000 - 1.0000 
psi-cond    10   site10        :   1.0000  0.0000     1.0000 - 1.0000 
psi-cond    11   site11        :   1.0000  0.0000     1.0000 - 1.0000 
psi-cond    12   site12        :   1.0000  0.0000     1.0000 - 1.0000 
psi-cond    13   site13        :   1.0000  0.0000     1.0000 - 1.0000 
psi-cond    14   site14        :   1.0000  0.0000     1.0000 - 1.0000 
psi-cond    15   site15        :   0.1764  0.1043     0.0498 - 0.4666 
psi-cond    16   site16        :   0.1320  0.0918     0.0307 - 0.4223 
psi-cond    17   site17        :   0.1320  0.0918     0.0307 - 0.4223 
psi-cond    18   site18        :   0.1320  0.0918     0.0307 - 0.4223 
psi-cond    19   site19        :   0.1320  0.0918     0.0307 - 0.4223 
psi-cond    20   site20        :   0.1320  0.0918     0.0307 - 0.4223 
psi-cond    21   site21        :   0.1764  0.1043     0.0498 - 0.4666 
psi-cond    22   site22        :   0.1320  0.0918     0.0307 - 0.4223 
psi-cond    23   site23        :   0.1320  0.0918     0.0307 - 0.4223 
psi-cond    24   site24        :   0.1320  0.0918     0.0307 - 0.4223 
psi-cond    25   site25        :   0.1320  0.0918     0.0307 - 0.4223 
psi-cond    26   site26        :   0.1764  0.1043     0.0498 - 0.4666 
psi-cond    27   site27        :   0.1320  0.0918     0.0307 - 0.4223 
psi-cond    28   site28        :   0.1320  0.0918     0.0307 - 0.4223 
psi-cond    29   site29        :   0.1320  0.0918     0.0307 - 0.4223 
psi-cond    30   site30        :   0.1320  0.0918     0.0307 - 0.4223 
psi-cond    31   site31        :   0.1320  0.0918     0.0307 - 0.4223 
psi-cond    32   site32        :   0.1764  0.1043     0.0498 - 0.4666 
psi-cond    33   site33        :   0.1320  0.0918     0.0307 - 0.4223 
psi-cond    34   site34        :   0.1320  0.0918     0.0307 - 0.4223 
psi-cond    35   site35        :   0.1320  0.0918     0.0307 - 0.4223 
psi-cond    36   site36        :   1.0000  0.0000     1.0000 - 1.0000 
psi-cond    37   site37        :   1.0000  0.0000     1.0000 - 1.0000 
psi-cond    38   site38        :   1.0000  0.0000     1.0000 - 1.0000 
psi-cond    39   site39        :   1.0000  0.0000     1.0000 - 1.0000 

CPU time= 0 seconds (0.00 min)

