

PRESENCE - Presence/Absence-Site Occupancy data analysis
Sat Oct 22 23:05:16 2011,       Version 4.0111018
- - - - - - - - - - - - - - - - - - - - - - - - - - - - -
==>i=amtoad.pao
==>l=pres_psi(Habitat)_p(X).out
==>name=psi(Habitat),p(*)
==>model=100
==>j=c:\documents and settings\cschwarz\desktop\occupancysampledata\amtoad_project\amtoad_project\amtoad.dm
==>lmt=200
model=100 N,T-->29,82
modtype-->1 

********* Input Data summary *******
Number of sites                = 29
Number of sampling occasions   = 82
Number of missing observations = 2120
Data checksum = 63614

Naive occupancy estimate       = 0.3448

NSiteCovs-->1
site_covname[0]=Pond
NSampCovs-->1
samp_covname[0]=Temp
Primary periods=1 Secondary periods: 82
- - - - - - - - - - - - - - - - - - - - - - - - - - - - -
 American Toad
- - - - - - - - - - - - - - - - - - - - - - - - - - - - -
modtype=1 N=29 T=82 Groups=1 bootstraps=0

-->1-82
Matrix 1: rows=2, cols=3
            -,a1,a2,
psi           1 Pond
========================

Matrix 2: rows=83, cols=2
            -,b1,
p1            1
p2            1
p3            1
p4            1
p5            1
p6            1
p7            1
p8            1
p9            1
p10           1
p11           1
p12           1
p13           1
p14           1
p15           1
p16           1
p17           1
p18           1
p19           1
p20           1
p21           1
p22           1
p23           1
p24           1
p25           1
p26           1
p27           1
p28           1
p29           1
p30           1
p31           1
p32           1
p33           1
p34           1
p35           1
p36           1
p37           1
p38           1
p39           1
p40           1
p41           1
p42           1
p43           1
p44           1
p45           1
p46           1
p47           1
p48           1
p49           1
p50           1
p51           1
p52           1
p53           1
p54           1
p55           1
p56           1
p57           1
p58           1
p59           1
p60           1
p61           1
p62           1
p63           1
p64           1
p65           1
p66           1
p67           1
p68           1
p69           1
p70           1
p71           1
p72           1
p73           1
p74           1
p75           1
p76           1
p77           1
p78           1
p79           1
p80           1
p81           1
p82           1
========================

Matrix 3: rows=0, cols=0
========================

Matrix 4: rows=0, cols=0
========================

Matrix 5: rows=0, cols=0
========================

Matrix 6: rows=0, cols=0
========================

Custom Model:

Number of parameters           = 3
Number of significant digits   =   8.6

Model has been fit using the logistic link.


Number of parameters           = 3
Number of function calls           = 76
-2log(likelihood)              = 177.6511
AIC                            = 183.6511

varcov: nsig=6 eps=1.000000e-002

Untransformed Estimates of coefficients for covariates (Beta's)
======================================================================
                                          estimate    std.error
A1   psi                              :  -0.557566    0.620659
A2   psi.Pond                         :   1.727648    1.415173
B1   p1                               :  -1.462196    0.233123

Variance-Covariance Matrix of Untransformed estimates (Beta's):
              A1         A2         B1  
     A1    0.385218  -0.320982  -0.035349
     A2   -0.320982   2.002715  -0.063455
     B1   -0.035349  -0.063455   0.054346
------------------------------

============================================================

   Individual Site estimates of <psi> 
                Site               estimate  Std.err   95% conf. interval
psi             1 site 1          :  0.7632   0.2388     0.1947 - 0.9772 
psi             2 site 2          :  0.7632   0.2388     0.1947 - 0.9772 
psi             3 site 3          :  0.7632   0.2388     0.1947 - 0.9772 
psi             4 site 4          :  0.7632   0.2388     0.1947 - 0.9772 
psi             5 site 5          :  0.3641   0.1437     0.1450 - 0.6590 
psi             6 site 6          :  0.3641   0.1437     0.1450 - 0.6590 
psi             7 site 7          :  0.7632   0.2388     0.1947 - 0.9772 
psi             8 site 8          :  0.3641   0.1437     0.1450 - 0.6590 
psi             9 site 9          :  0.3641   0.1437     0.1450 - 0.6590 
psi            10 site 10         :  0.3641   0.1437     0.1450 - 0.6590 
psi            11 site 11         :  0.3641   0.1437     0.1450 - 0.6590 
psi            12 site 12         :  0.3641   0.1437     0.1450 - 0.6590 
psi            13 site 13         :  0.3641   0.1437     0.1450 - 0.6590 
psi            14 site 14         :  0.3641   0.1437     0.1450 - 0.6590 
psi            15 site 15         :  0.3641   0.1437     0.1450 - 0.6590 
psi            16 site 16         :  0.3641   0.1437     0.1450 - 0.6590 
psi            17 site 17         :  0.3641   0.1437     0.1450 - 0.6590 
psi            18 site 18         :  0.3641   0.1437     0.1450 - 0.6590 
psi            19 site 19         :  0.3641   0.1437     0.1450 - 0.6590 
psi            20 site 20         :  0.3641   0.1437     0.1450 - 0.6590 
psi            21 site 21         :  0.7632   0.2388     0.1947 - 0.9772 
psi            22 site 22         :  0.3641   0.1437     0.1450 - 0.6590 
psi            23 site 23         :  0.3641   0.1437     0.1450 - 0.6590 
psi            24 site 24         :  0.3641   0.1437     0.1450 - 0.6590 
psi            25 site 25         :  0.7632   0.2388     0.1947 - 0.9772 
psi            26 site 26         :  0.7632   0.2388     0.1947 - 0.9772 
psi            27 site 27         :  0.7632   0.2388     0.1947 - 0.9772 
psi            28 site 28         :  0.3641   0.1437     0.1450 - 0.6590 
psi            29 site 29         :  0.3641   0.1437     0.1450 - 0.6590 

============================================================

   Individual Site estimates of <p1> 
                Site               estimate  Std.err   95% conf. interval
p1              1 site 1          :  0.1881   0.0356     0.1280 - 0.2679 
p2              1 site 1          :  0.1881   0.0356     0.1280 - 0.2679 
p3              1 site 1          :  0.1881   0.0356     0.1280 - 0.2679 
p4              1 site 1          :  0.1881   0.0356     0.1280 - 0.2679 
p5              1 site 1          :  0.1881   0.0356     0.1280 - 0.2679 
p6              1 site 1          :  0.1881   0.0356     0.1280 - 0.2679 
p7              1 site 1          :  0.1881   0.0356     0.1280 - 0.2679 
p8              1 site 1          :  0.1881   0.0356     0.1280 - 0.2679 
p9              1 site 1          :  0.1881   0.0356     0.1280 - 0.2679 
p10             1 site 1          :  0.1881   0.0356     0.1280 - 0.2679 
p11             1 site 1          :  0.1881   0.0356     0.1280 - 0.2679 
p12             1 site 1          :  0.1881   0.0356     0.1280 - 0.2679 
p13             1 site 1          :  0.1881   0.0356     0.1280 - 0.2679 
p14             1 site 1          :  0.1881   0.0356     0.1280 - 0.2679 
p15             1 site 1          :  0.1881   0.0356     0.1280 - 0.2679 
p16             1 site 1          :  0.1881   0.0356     0.1280 - 0.2679 
p17             1 site 1          :  0.1881   0.0356     0.1280 - 0.2679 
p18             1 site 1          :  0.1881   0.0356     0.1280 - 0.2679 
p19             1 site 1          :  0.1881   0.0356     0.1280 - 0.2679 
p20             1 site 1          :  0.1881   0.0356     0.1280 - 0.2679 
p21             1 site 1          :  0.1881   0.0356     0.1280 - 0.2679 
p22             1 site 1          :  0.1881   0.0356     0.1280 - 0.2679 
p23             1 site 1          :  0.1881   0.0356     0.1280 - 0.2679 
p24             1 site 1          :  0.1881   0.0356     0.1280 - 0.2679 
p25             1 site 1          :  0.1881   0.0356     0.1280 - 0.2679 
p26             1 site 1          :  0.1881   0.0356     0.1280 - 0.2679 
p27             1 site 1          :  0.1881   0.0356     0.1280 - 0.2679 
p28             1 site 1          :  0.1881   0.0356     0.1280 - 0.2679 
p29             1 site 1          :  0.1881   0.0356     0.1280 - 0.2679 
p30             1 site 1          :  0.1881   0.0356     0.1280 - 0.2679 
p31             1 site 1          :  0.1881   0.0356     0.1280 - 0.2679 
p32             1 site 1          :  0.1881   0.0356     0.1280 - 0.2679 
p33             1 site 1          :  0.1881   0.0356     0.1280 - 0.2679 
p34             1 site 1          :  0.1881   0.0356     0.1280 - 0.2679 
p35             1 site 1          :  0.1881   0.0356     0.1280 - 0.2679 
p36             1 site 1          :  0.1881   0.0356     0.1280 - 0.2679 
p37             1 site 1          :  0.1881   0.0356     0.1280 - 0.2679 
p38             1 site 1          :  0.1881   0.0356     0.1280 - 0.2679 
p39             1 site 1          :  0.1881   0.0356     0.1280 - 0.2679 
p40             1 site 1          :  0.1881   0.0356     0.1280 - 0.2679 
p41             1 site 1          :  0.1881   0.0356     0.1280 - 0.2679 
p42             1 site 1          :  0.1881   0.0356     0.1280 - 0.2679 
p43             1 site 1          :  0.1881   0.0356     0.1280 - 0.2679 
p44             1 site 1          :  0.1881   0.0356     0.1280 - 0.2679 
p45             1 site 1          :  0.1881   0.0356     0.1280 - 0.2679 
p46             1 site 1          :  0.1881   0.0356     0.1280 - 0.2679 
p47             1 site 1          :  0.1881   0.0356     0.1280 - 0.2679 
p48             1 site 1          :  0.1881   0.0356     0.1280 - 0.2679 
p49             1 site 1          :  0.1881   0.0356     0.1280 - 0.2679 
p50             1 site 1          :  0.1881   0.0356     0.1280 - 0.2679 
p51             1 site 1          :  0.1881   0.0356     0.1280 - 0.2679 
p52             1 site 1          :  0.1881   0.0356     0.1280 - 0.2679 
p53             1 site 1          :  0.1881   0.0356     0.1280 - 0.2679 
p54             1 site 1          :  0.1881   0.0356     0.1280 - 0.2679 
p55             1 site 1          :  0.1881   0.0356     0.1280 - 0.2679 
p56             1 site 1          :  0.1881   0.0356     0.1280 - 0.2679 
p57             1 site 1          :  0.1881   0.0356     0.1280 - 0.2679 
p58             1 site 1          :  0.1881   0.0356     0.1280 - 0.2679 
p59             1 site 1          :  0.1881   0.0356     0.1280 - 0.2679 
p60             1 site 1          :  0.1881   0.0356     0.1280 - 0.2679 
p61             1 site 1          :  0.1881   0.0356     0.1280 - 0.2679 
p62             1 site 1          :  0.1881   0.0356     0.1280 - 0.2679 
p63             1 site 1          :  0.1881   0.0356     0.1280 - 0.2679 
p64             1 site 1          :  0.1881   0.0356     0.1280 - 0.2679 
p65             1 site 1          :  0.1881   0.0356     0.1280 - 0.2679 
p66             1 site 1          :  0.1881   0.0356     0.1280 - 0.2679 
p67             1 site 1          :  0.1881   0.0356     0.1280 - 0.2679 
p68             1 site 1          :  0.1881   0.0356     0.1280 - 0.2679 
p69             1 site 1          :  0.1881   0.0356     0.1280 - 0.2679 
p70             1 site 1          :  0.1881   0.0356     0.1280 - 0.2679 
p71             1 site 1          :  0.1881   0.0356     0.1280 - 0.2679 
p72             1 site 1          :  0.1881   0.0356     0.1280 - 0.2679 
p73             1 site 1          :  0.1881   0.0356     0.1280 - 0.2679 
p74             1 site 1          :  0.1881   0.0356     0.1280 - 0.2679 
p75             1 site 1          :  0.1881   0.0356     0.1280 - 0.2679 
p76             1 site 1          :  0.1881   0.0356     0.1280 - 0.2679 
p77             1 site 1          :  0.1881   0.0356     0.1280 - 0.2679 
p78             1 site 1          :  0.1881   0.0356     0.1280 - 0.2679 
p79             1 site 1          :  0.1881   0.0356     0.1280 - 0.2679 
p80             1 site 1          :  0.1881   0.0356     0.1280 - 0.2679 
p81             1 site 1          :  0.1881   0.0356     0.1280 - 0.2679 
p82             1 site 1          :  0.1881   0.0356     0.1280 - 0.2679 

============================================================


 DERIVED parameter - Psi-conditional : [Pr(occ | detection history)]

        Site                     psi-cond  Std.err     95% conf. interval
     1   site 1                    0.4799  0.3563    -0.2185 - 1.1783 
     2   site 2                    1.0000  0.0000     1.0000 - 1.0000 
     3   site 3                    0.5320  0.3503    -0.1547 - 1.2186 
     4   site 4                    1.0000  0.0000     1.0000 - 1.0000 
     5   site 5                    0.1409  0.0885    -0.0325 - 0.3143 
     6   site 6                    1.0000  0.0000     1.0000 - 1.0000 
     7   site 7                    1.0000  0.0000     1.0000 - 1.0000 
     8   site 8                    0.0807  0.0603    -0.0375 - 0.1988 
     9   site 9                    0.1680  0.0988    -0.0257 - 0.3617 
    10  site 10                    1.0000  0.0000     1.0000 - 1.0000 
    11  site 11                    1.0000  0.0000     1.0000 - 1.0000 
    12  site 12                    0.0807  0.0603    -0.0375 - 0.1988 
    13  site 13                    0.2345  0.1194     0.0005 - 0.4686 
    14  site 14                    0.0975  0.0690    -0.0377 - 0.2328 
    15  site 15                    0.0448  0.0388    -0.0313 - 0.1210 
    16  site 16                    0.2345  0.1194     0.0005 - 0.4686 
    17  site 17                    0.0975  0.0690    -0.0377 - 0.2328 
    18  site 18                    0.1175  0.0785    -0.0363 - 0.2713 
    19  site 19                    0.2345  0.1194     0.0005 - 0.4686 
    20  site 20                    1.0000  0.0000     1.0000 - 1.0000 
    21  site 21                    1.0000  0.0000     1.0000 - 1.0000 
    22  site 22                    0.1409  0.0885    -0.0325 - 0.3143 
    23  site 23                    0.1680  0.0988    -0.0257 - 0.3617 
    24  site 24                    0.1680  0.0988    -0.0257 - 0.3617 
    25  site 25                    1.0000  0.0000     1.0000 - 1.0000 
    26  site 26                    0.4283  0.3549    -0.2672 - 1.1238 
    27  site 27                    0.4283  0.3549    -0.2672 - 1.1238 
    28  site 28                    0.2740  0.1288     0.0215 - 0.5265 
    29  site 29                    1.0000  0.0000     1.0000 - 1.0000 

CPU time: 0.0 seconds

