

PRESENCE - Presence/Absence-Site Occupancy data analysis
Mon Nov 26 19:03:50 2018,       Version 2.12.21.
- - - - - - - - - - - - - - - - - - - - - - - - - - - - -
==>realbetavc
==>quiet
==>maxfn=32000
==>name=psi()p(SEASON)
==>lmt=1
==>noderived
varcov: nsig=6 eps=1.000000e-002




********* Input Data summary *******
Number of sites                = 55
Number of sampling occasions   = 40
Number of states               = 2
Number of missing observations = 752
Data checksum = 18185

NSiteCovs-->5
site_covname[0]=psi1.int
site_covname[1]=psi2.int
site_covname[2]=psi3.int
site_covname[3]=psi4.int
site_covname[4]=psi5.int
NSampCovs-->5
samp_covname[0]=p.int
samp_covname[1]=p.SEASON2
samp_covname[2]=p.SEASON3
samp_covname[3]=p.SEASON4
samp_covname[4]=p.SEASON5
Primary periods=5 Secondary periods: 8 8 8 8 8
- - - - - - - - - - - - - - - - - - - - - - - - - - - - -
 NSO SSMS
- - - - - - - - - - - - - - - - - - - - - - - - - - - - -
N=55 T=40 Groups=1 bootstraps=0

Matrix 1: rows=6, cols=2
            -,a1
psi1           1
gam1           1
gam2           1
gam3           1
gam4           1

Matrix 2: rows=0, cols=0

Matrix 3: rows=0, cols=0

Matrix 4: rows=41, cols=6
            -,d1,d2,d3,d4,d5
P[1-1]         1  p.SEASON2  p.SEASON3  p.SEASON4  p.SEASON5
P[1-2]         1  p.SEASON2  p.SEASON3  p.SEASON4  p.SEASON5
P[1-3]         1  p.SEASON2  p.SEASON3  p.SEASON4  p.SEASON5
P[1-4]         1  p.SEASON2  p.SEASON3  p.SEASON4  p.SEASON5
P[1-5]         1  p.SEASON2  p.SEASON3  p.SEASON4  p.SEASON5
P[1-6]         1  p.SEASON2  p.SEASON3  p.SEASON4  p.SEASON5
P[1-7]         1  p.SEASON2  p.SEASON3  p.SEASON4  p.SEASON5
P[1-8]         1  p.SEASON2  p.SEASON3  p.SEASON4  p.SEASON5
P[2-1]         1  p.SEASON2  p.SEASON3  p.SEASON4  p.SEASON5
P[2-2]         1  p.SEASON2  p.SEASON3  p.SEASON4  p.SEASON5
P[2-3]         1  p.SEASON2  p.SEASON3  p.SEASON4  p.SEASON5
P[2-4]         1  p.SEASON2  p.SEASON3  p.SEASON4  p.SEASON5
P[2-5]         1  p.SEASON2  p.SEASON3  p.SEASON4  p.SEASON5
P[2-6]         1  p.SEASON2  p.SEASON3  p.SEASON4  p.SEASON5
P[2-7]         1  p.SEASON2  p.SEASON3  p.SEASON4  p.SEASON5
P[2-8]         1  p.SEASON2  p.SEASON3  p.SEASON4  p.SEASON5
P[3-1]         1  p.SEASON2  p.SEASON3  p.SEASON4  p.SEASON5
P[3-2]         1  p.SEASON2  p.SEASON3  p.SEASON4  p.SEASON5
P[3-3]         1  p.SEASON2  p.SEASON3  p.SEASON4  p.SEASON5
P[3-4]         1  p.SEASON2  p.SEASON3  p.SEASON4  p.SEASON5
P[3-5]         1  p.SEASON2  p.SEASON3  p.SEASON4  p.SEASON5
P[3-6]         1  p.SEASON2  p.SEASON3  p.SEASON4  p.SEASON5
P[3-7]         1  p.SEASON2  p.SEASON3  p.SEASON4  p.SEASON5
P[3-8]         1  p.SEASON2  p.SEASON3  p.SEASON4  p.SEASON5
P[4-1]         1  p.SEASON2  p.SEASON3  p.SEASON4  p.SEASON5
P[4-2]         1  p.SEASON2  p.SEASON3  p.SEASON4  p.SEASON5
P[4-3]         1  p.SEASON2  p.SEASON3  p.SEASON4  p.SEASON5
P[4-4]         1  p.SEASON2  p.SEASON3  p.SEASON4  p.SEASON5
P[4-5]         1  p.SEASON2  p.SEASON3  p.SEASON4  p.SEASON5
P[4-6]         1  p.SEASON2  p.SEASON3  p.SEASON4  p.SEASON5
P[4-7]         1  p.SEASON2  p.SEASON3  p.SEASON4  p.SEASON5
P[4-8]         1  p.SEASON2  p.SEASON3  p.SEASON4  p.SEASON5
P[5-1]         1  p.SEASON2  p.SEASON3  p.SEASON4  p.SEASON5
P[5-2]         1  p.SEASON2  p.SEASON3  p.SEASON4  p.SEASON5
P[5-3]         1  p.SEASON2  p.SEASON3  p.SEASON4  p.SEASON5
P[5-4]         1  p.SEASON2  p.SEASON3  p.SEASON4  p.SEASON5
P[5-5]         1  p.SEASON2  p.SEASON3  p.SEASON4  p.SEASON5
P[5-6]         1  p.SEASON2  p.SEASON3  p.SEASON4  p.SEASON5
P[5-7]         1  p.SEASON2  p.SEASON3  p.SEASON4  p.SEASON5
P[5-8]         1  p.SEASON2  p.SEASON3  p.SEASON4  p.SEASON5

Matrix 5: rows=0, cols=0

Matrix 6: rows=0, cols=0

modtype=2

Multi-season model - psi,gam(),p(), eps=1-gam parameterization
=======================================================================

5 Primary periods
  Secondary periods: 8 8 8 8 8

Model(4):psi()p(SEASON)



Open Population Model:

Number of primary sampling periods = 5
attempt 0/0 (iv= 0.00  0.00  0.00...), optmiz done. -2loglike=1429.7967
0 random initial value vectors attempted:
Initial values:
    0.0000    0.0000    0.0000    0.0000    0.0000    0.0000

Model has been fit using the logistic link.


Number of parameters           = 6
Number of function calls           = 157
-2log(likelihood)              = 1429.7967
AIC                            = 1441.7967

Untransformed Estimates of coefficients for covariates (Beta's)
======================================================================
                                          estimate    std.error
A1   psi1                             :   0.378146    0.130234
D1   P[1-1]                           :   0.357418    0.165348
D2   P[1-1].p.SEASON2                 :  -0.265629    0.235490
D3   P[1-1].p.SEASON3                 :  -0.752965    0.252890
D4   P[1-1].p.SEASON4                 :  -0.834745    0.244293
D5   P[1-1].p.SEASON5                 :  -0.215720    0.229042

Variance-Covariance Matrix of Untransformed estimates (Beta's):
              A1         D1         D2         D3         D4         D5  
     A1    0.016961  -0.000559  -0.000282  -0.001892  -0.001558  -0.000015
     D1   -0.000559   0.027340  -0.027311  -0.027259  -0.027270  -0.027320
     D2   -0.000282  -0.027311   0.055456   0.027352   0.027347   0.027320
     D3   -0.001892  -0.027259   0.027352   0.063953   0.027496   0.027322
     D4   -0.001558  -0.027270   0.027347   0.027496   0.059679   0.027322
     D5   -0.000015  -0.027320   0.027320   0.027322   0.027322   0.052460
------------------------------

Real parameter estimates
=======================================================================

   parameter     site                    estimate    std.error       95% conf. interval
psi1            1 unit1           :      0.59343      0.03142       0.53184 -  0.65501
gam1            1 unit1           :      0.59343      0.03142       0.53184 -  0.65501
gam2            1 unit1           :      0.59343      0.03142       0.53184 -  0.65501
gam3            1 unit1           :      0.59343      0.03142       0.53184 -  0.65501
gam4            1 unit1           :      0.59343      0.03142       0.53184 -  0.65501

   parameter     site                    estimate    std.error       95% conf. interval
P[1-1]          1 unit1           :      0.58842      0.04004       0.50993 -  0.66690
P[1-2]          1 unit1           :      0.58842      0.04004       0.50993 -  0.66690
P[1-2]          2 unit2           :      0.58842      0.04004       0.50993 -  0.66690
P[1-3]          1 unit1           :      0.58842      0.04004       0.50993 -  0.66690
P[1-3]          2 unit2           :      0.00000      0.00000       0.00000 -  0.00000
P[1-4]          1 unit1           :      0.58842      0.04004       0.50993 -  0.66690
P[1-4]          2 unit2           :      0.00000      0.00000       0.00000 -  0.00000
P[1-5]          1 unit1           :      0.00000      0.00000       0.00000 -  0.00000
P[1-5]          2 unit2           :      0.00189      0.00000       0.00189 -  0.00189
P[1-6]          1 unit1           :      0.00000      0.00000       0.00000 -  0.00000
P[1-6]          2 unit2           :      0.00000      0.00000       0.00000 -  0.00000
P[1-7]          1 unit1           :      0.00000      0.00000       0.00000 -  0.00000
P[1-7]          2 unit2           :      0.00000      0.00000       0.00000 -  0.00000
P[1-8]          1 unit1           :      0.00000      0.00000       0.00000 -  0.00000
P[1-8]          2 unit2           :      0.00000      0.00000       0.00000 -  0.00000
P[2-1]          1 unit1           :      0.52293      0.04187       0.44086 -  0.60500
P[2-2]          1 unit1           :      0.52293      0.04187       0.44086 -  0.60500
P[2-3]          1 unit1           :      0.52293      0.04187       0.44086 -  0.60500
P[2-3]          2 unit2           :      0.52293      0.04187       0.44086 -  0.60500
P[2-4]          1 unit1           :      0.00000      0.00000       0.00000 -  0.00000
P[2-4]          2 unit2           :      0.00000      0.00000       0.00000 -  0.00000
P[2-5]          1 unit1           :      0.00000      0.00000       0.00000 -  0.00000
P[2-5]          2 unit2           :      0.00000      0.00000       0.00000 -  0.00000
P[2-6]          1 unit1           :      0.00000      0.00000       0.00000 -  0.00000
P[2-6]          2 unit2           :      0.00000      0.00000       0.00000 -  0.00000
P[2-7]          1 unit1           :      0.00000      0.00000       0.00000 -  0.00000
P[2-7]          2 unit2           :      0.00000      0.00000       0.00000 -  0.00000
P[2-8]          1 unit1           :      0.00000      0.00000       0.00000 -  0.00000
P[2-8]          2 unit2           :      0.00000      0.00000       0.00000 -  0.00000
P[3-1]          1 unit1           :      0.40238      0.04611       0.31200 -  0.49277
P[3-2]          1 unit1           :      0.40238      0.04611       0.31200 -  0.49277
P[3-3]          1 unit1           :      0.00000      0.00000       0.00000 -  0.00000
P[3-3]          2 unit2           :      0.40238      0.04611       0.31200 -  0.49277
P[3-4]          1 unit1           :      0.00162      0.00000       0.00162 -  0.00162
P[3-4]          2 unit2           :      0.00000      0.00000       0.00000 -  0.00000
P[3-5]          1 unit1           :      0.00000      0.00000       0.00000 -  0.00000
P[3-5]          2 unit2           :      0.00000      0.00000       0.00000 -  0.00000
P[3-6]          1 unit1           :      0.00000      0.00000       0.00000 -  0.00000
P[3-6]          2 unit2           :      0.00000      0.00000       0.00000 -  0.00000
P[3-7]          1 unit1           :      0.00000      0.00000       0.00000 -  0.00000
P[3-7]          2 unit2           :      0.00000      0.00000       0.00000 -  0.00000
P[3-8]          1 unit1           :      0.00177      0.00000       0.00177 -  0.00177
P[3-8]          2 unit2           :      0.00177      0.00000       0.00177 -  0.00177
P[4-1]          1 unit1           :      0.38288      0.04258       0.29942 -  0.46635
P[4-2]          1 unit1           :      0.38288      0.04258       0.29942 -  0.46635
P[4-3]          1 unit1           :      0.38288      0.04258       0.29942 -  0.46635
P[4-3]          2 unit2           :      0.38288      0.04258       0.29942 -  0.46635
P[4-4]          1 unit1           :      0.00000      0.00000       0.00000 -  0.00000
P[4-4]          2 unit2           :      0.38288      0.04258       0.29942 -  0.46635
P[4-5]          1 unit1           :      0.00216      0.00000       0.00216 -  0.00216
P[4-5]          2 unit2           :      0.38288      0.04258       0.29942 -  0.46635
P[4-6]          1 unit1           :      0.00000      0.00000       0.00000 -  0.00000
P[4-6]          2 unit2           :      0.38288      0.04258       0.29942 -  0.46635
P[4-7]          1 unit1           :      0.00472      0.00000       0.00472 -  0.00472
P[4-7]          2 unit2           :      0.00000      0.00000       0.00000 -  0.00000
P[4-8]          1 unit1           :      0.00000      0.00000       0.00000 -  0.00000
P[4-8]          2 unit2           :      0.00000      0.00000       0.00000 -  0.00000
P[5-1]          1 unit1           :      0.53537      0.03946       0.45803 -  0.61270
P[5-2]          1 unit1           :      0.53537      0.03946       0.45803 -  0.61270
P[5-3]          1 unit1           :      0.53537      0.03946       0.45803 -  0.61270
P[5-4]          1 unit1           :      0.53537      0.03946       0.45803 -  0.61270
P[5-4]          2 unit2           :      0.53537      0.03946       0.45803 -  0.61270
P[5-5]          1 unit1           :      0.00000      0.00000       0.00000 -  0.00000
P[5-5]          2 unit2           :      0.00189      0.00000       0.00189 -  0.00189
P[5-6]          1 unit1           :      0.00189      0.00000       0.00189 -  0.00189
P[5-6]          2 unit2           :      0.00189      0.00000       0.00189 -  0.00189
P[5-7]          1 unit1           :      0.00189      0.00000       0.00189 -  0.00189
P[5-7]          2 unit2           :      0.00000      0.00000       0.00000 -  0.00000
P[5-8]          1 unit1           :      0.00000      0.00000       0.00000 -  0.00000
P[5-8]          2 unit2           :      0.00000      0.00000       0.00000 -  0.00000

Real parameters: (computed using covariates from 1st site and 1st survey)

Real parameter :              estimate   SE(estimate)
     1 psi1                     0.5934      0.0314
     2 gam1                     0.5934      0.0314
     3 gam2                     0.5934      0.0314
     4 gam3                     0.5934      0.0314
     5 gam4                     0.5934      0.0314
     6 P[1-1]                   0.5884      0.0400
     7 P[1-2]                   0.5884      0.0400
     8 P[1-3]                   0.5884      0.0400
     9 P[1-4]                   0.5884      0.0400
    10 P[1-5]                   0.5884      0.0400
    11 P[1-6]                   0.5884      0.0400
    12 P[1-7]                   0.5884      0.0400
    13 P[1-8]                   0.5884      0.0400
    14 P[2-1]                   0.5884      0.0400
    15 P[2-2]                   0.5884      0.0400
    16 P[2-3]                   0.5884      0.0400
    17 P[2-4]                   0.5884      0.0400
    18 P[2-5]                   0.5884      0.0400
    19 P[2-6]                   0.5884      0.0400
    20 P[2-7]                   0.5884      0.0400
    21 P[2-8]                   0.5884      0.0400
    22 P[3-1]                   0.5884      0.0400
    23 P[3-2]                   0.5884      0.0400
    24 P[3-3]                   0.5884      0.0400
    25 P[3-4]                   0.5884      0.0400
    26 P[3-5]                   0.5884      0.0400
    27 P[3-6]                   0.5884      0.0400
    28 P[3-7]                   0.5884      0.0400
    29 P[3-8]                   0.5884      0.0400
    30 P[4-1]                   0.5884      0.0400
    31 P[4-2]                   0.5884      0.0400
    32 P[4-3]                   0.5884      0.0400
    33 P[4-4]                   0.5884      0.0400
    34 P[4-5]                   0.5884      0.0400
    35 P[4-6]                   0.5884      0.0400
    36 P[4-7]                   0.5884      0.0400
    37 P[4-8]                   0.5884      0.0400
    38 P[5-1]                   0.5884      0.0400
    39 P[5-2]                   0.5884      0.0400
    40 P[5-3]                   0.5884      0.0400
    41 P[5-4]                   0.5884      0.0400
    42 P[5-5]                   0.5884      0.0400
    43 P[5-6]                   0.5884      0.0400
    44 P[5-7]                   0.5884      0.0400
    45 P[5-8]                   0.5884      0.0400

================================================================================

 DERIVED parameters - gam1,gam2,gam3,...

        Site                        gam(t)  Std.err     95% conf. interval
gam( 1)     1    unit1      :       0.7298  0.0950     0.5435 - 0.9161
gam( 2)     1    unit1      :       0.7298  0.0950     0.5435 - 0.9161
gam( 3)     1    unit1      :       0.7298  0.0950     0.5435 - 0.9161
gam( 4)     1    unit1      :       0.7298  0.0950     0.5435 - 0.9161


 DERIVED parameters - lam2,lam3,lam4,...

        Site                        lam(t)  Std.err     95% conf. interval
lam( 2)     1    unit1      :       1.0000  0.0000     1.0000 - 1.0000
lam( 3)     1    unit1      :       1.0000  0.0000     1.0000 - 1.0000
lam( 4)     1    unit1      :       1.0000  0.0000     1.0000 - 1.0000
lam( 5)     1    unit1      :       1.0000  0.0000     1.0000 - 1.0000

Chi-square test...(NO POOLING of small expected values)
                                               hist         obs         exp         chi-sq
    1    48 0.......00......0000110100000...00000...      1.00000      0.01102       88.783
    2    51 0.......1111111.100.....0100000000100101      1.00000      0.00000  3380400.507
    3     1 00......000.....000.....000110..0011....      1.00000      0.00325      306.137
    4    31 000.....00000...00000...000000..00000...      1.00000      0.86405        0.021
    5    41 0000....00000...000.....001000000000000.      1.00000      0.01659       58.291
    6    24 00000...000.....00000...000000..000000..      1.00000      0.87739        0.017
    7    17 00000...0000....000000..0000000.00000...      1.00000      0.77214        0.067
    8    50 00000...000000..000000..000000..00000...      1.00000      0.75169        0.082
    9    27 00000...0000000.00000000010000000000111.      1.00000      0.00013     7837.441
   10    35 00000...0000000.00001...00001...00000...      1.00000      0.00393      252.763
   11    52 000000..00000...000000..0000110000000001      1.00000      0.00003    34062.467
   12     8 000000..000000..000000..000000..0000....      1.00000      0.77046        0.068
   13    47 000000..000000..000000..0011....0011....      1.00000      0.00491      201.548
   14    53 000000..000000..000000..00110...00011...      1.00000      0.00141      707.870
   15    37 000000..000000..0000000.00000...0000000.      1.00000      0.74087        0.091
   16     6 000000..0000000.000000..00000...000000..      1.00000      0.75909        0.076
   17     4 000000..0000000.000000..000000..0111....      1.00000      0.07440       11.514
   18    45 000000..0000000.0000000.0000001100011111      1.00000      0.00005    20369.283
   19    23 000000..0000000000000...00000...00000...      1.00000      0.80072        0.050
   20     7 000000..0010000000001...10111...000000..      1.00000      0.00000   257261.643
   21    49 0000000000000000000000..000000..000000..      1.00000      0.71819        0.111
   22    43 0000000001110...0010....000000001011111.      1.00000      0.00006    16677.601
   23    18 00001...000000..00000...00000...000000..      1.00000      0.01953       49.224
   24    11 00001...1100001.0011....0010111.11010...      1.00000      0.00000 204154484.695
   25    19 000011..01111...10......11......1111....      1.00000      0.00000   240680.004
   26    20 000101..111.....1111110000000...000000..      1.00000      0.00000   213000.078
   27    34 000111..11110...01001...10010...000011..      1.00000      0.00000 30653943.345
   28    46 001011..1010000.0000100.010000001111111.      1.00000      0.00000 853518417.568
   29    42 0011011.000111..01000...0000....000000..      1.00000      0.00002    64268.839
   30    40 00111...00010...0000000.0110....1100....      1.00000      0.00001   107391.447
   31    29 0011111.10......101111..110.....00001101      1.00000      0.00000 43733279.017
   32    25 01......011.....0100....000000..01111111      1.00000      0.00005    20995.786
   33    32 010000..001.....01......000000..00000000      1.00000      0.00041     2438.972
   34    26 0100000.110000..000000010000000.000000..      1.00000      0.00000  1113233.245
   35    39 01011101000.....0000010.110.....00100...      1.00000      0.00000  1529573.335
   36    36 011.....001.....0000001100011...000011..      1.00000      0.00000  4291127.787
   37    12 011.....00111...00......101.....1111....      1.00000      0.00015     6874.966
   38    16 011.....011111..000000..0000000000000000      1.00000      0.00382      260.057
   39     0 0111....010.....11......011.....0101....      1.00000      0.00004    27311.919
   40    38 01111...0000001.1011....100000..000001..      1.00000      0.00000 52508205.100
   41    33 011111..111.....000011..1111....0011....      1.00000      0.00000  2166855.087
   42     5 1.......000111..0111....01111...011111..      1.00000      0.00000  2562745.359
   43    15 1000....00111...0000000.00000...011.....      1.00000      0.00040     2515.927
   44    14 1000010101111111111.....000111..000111..      1.00000      0.00000 1521453258.318
   45     2 1000111.0100....0001....000000..00000...      1.00000      0.00009    11582.093
   46    54 101.....111.....010.....10......00000...      1.00000      0.00198      503.171
   47    13 11......01000...000111..1010....010000..      1.00000      0.00000  2926878.073
   48    21 11......010101..1001011.0111....00111...      1.00000      0.00000  7158003.256
   49    30 110.....00000...00000...0000000.000000..      1.00000      0.15586        4.572
   50     9 111.....0000000.00000...1101....111111..      1.00000      0.00035     2825.292
   51     3 111.....10......011.....00000100000011..      1.00000      0.00000   288163.413
   52    10 111.....1001011111......100.....000011..      1.00000      0.00000   905648.464
   53    22 111110..0101....111.....11......111.....      1.00000      0.00001    93295.943
   54    44 111111..001.....00000...00000...000000..      1.00000      0.00820      119.993
   55    28 1111111111......00000...0000000.000000..      1.00000      0.00605      163.161

Total chi-square=2733476333.935513

CPU time= 0 seconds (0.00 min)

