

PRESENCE - Presence/Absence-Site Occupancy data analysis
Fri Feb  9 10:58:44 2018,       Version 2.12.8.
- - - - - - - - - - - - - - - - - - - - - - - - - - - - -
==>realbetavc
==>quiet
==>maxfn=32000
==>name=psi(SEASON)p(SEASON)
==>lmt=1
==>noderived
varcov: nsig=6 eps=1.000000e-02




********* Input Data summary *******
Number of sites                = 55
Number of sampling occasions   = 40
Number of states               = 2
Number of missing observations = 752
Data checksum = 18185

NSiteCovs-->25
site_covname[0]=psi1.int
site_covname[1]=psi2.int
site_covname[2]=psi3.int
site_covname[3]=psi4.int
site_covname[4]=psi5.int
site_covname[5]=psi1.SEASON2
site_covname[6]=psi2.SEASON2
site_covname[7]=psi3.SEASON2
site_covname[8]=psi4.SEASON2
site_covname[9]=psi5.SEASON2
site_covname[10]=psi1.SEASON3
site_covname[11]=psi2.SEASON3
site_covname[12]=psi3.SEASON3
site_covname[13]=psi4.SEASON3
site_covname[14]=psi5.SEASON3
site_covname[15]=psi1.SEASON4
site_covname[16]=psi2.SEASON4
site_covname[17]=psi3.SEASON4
site_covname[18]=psi4.SEASON4
site_covname[19]=psi5.SEASON4
site_covname[20]=psi1.SEASON5
site_covname[21]=psi2.SEASON5
site_covname[22]=psi3.SEASON5
site_covname[23]=psi4.SEASON5
site_covname[24]=psi5.SEASON5
NSampCovs-->5
samp_covname[0]=p.int
samp_covname[1]=p.SEASON2
samp_covname[2]=p.SEASON3
samp_covname[3]=p.SEASON4
samp_covname[4]=p.SEASON5
Primary periods=5 Secondary periods: 8 8 8 8 8
- - - - - - - - - - - - - - - - - - - - - - - - - - - - -
 NSO SSMS
- - - - - - - - - - - - - - - - - - - - - - - - - - - - -
N=55 T=40 Groups=1 bootstraps=0

Matrix 1: rows=6, cols=6
            -,a1,a2,a3,a4,a5
psi1           1  0  0  0  0
gam1           1  1  0  0  0
gam2           1  0  1  0  0
gam3           1  0  0  1  0
gam4           1  0  0  0  1
========================

Matrix 2: rows=0, cols=0
========================

Matrix 3: rows=0, cols=0
========================

Matrix 4: rows=41, cols=6
            -,d1,d2,d3,d4,d5
P[1-1]         1  p.SEASON2  p.SEASON3  p.SEASON4  p.SEASON5
P[1-2]         1  p.SEASON2  p.SEASON3  p.SEASON4  p.SEASON5
P[1-3]         1  p.SEASON2  p.SEASON3  p.SEASON4  p.SEASON5
P[1-4]         1  p.SEASON2  p.SEASON3  p.SEASON4  p.SEASON5
P[1-5]         1  p.SEASON2  p.SEASON3  p.SEASON4  p.SEASON5
P[1-6]         1  p.SEASON2  p.SEASON3  p.SEASON4  p.SEASON5
P[1-7]         1  p.SEASON2  p.SEASON3  p.SEASON4  p.SEASON5
P[1-8]         1  p.SEASON2  p.SEASON3  p.SEASON4  p.SEASON5
P[2-1]         1  p.SEASON2  p.SEASON3  p.SEASON4  p.SEASON5
P[2-2]         1  p.SEASON2  p.SEASON3  p.SEASON4  p.SEASON5
P[2-3]         1  p.SEASON2  p.SEASON3  p.SEASON4  p.SEASON5
P[2-4]         1  p.SEASON2  p.SEASON3  p.SEASON4  p.SEASON5
P[2-5]         1  p.SEASON2  p.SEASON3  p.SEASON4  p.SEASON5
P[2-6]         1  p.SEASON2  p.SEASON3  p.SEASON4  p.SEASON5
P[2-7]         1  p.SEASON2  p.SEASON3  p.SEASON4  p.SEASON5
P[2-8]         1  p.SEASON2  p.SEASON3  p.SEASON4  p.SEASON5
P[3-1]         1  p.SEASON2  p.SEASON3  p.SEASON4  p.SEASON5
P[3-2]         1  p.SEASON2  p.SEASON3  p.SEASON4  p.SEASON5
P[3-3]         1  p.SEASON2  p.SEASON3  p.SEASON4  p.SEASON5
P[3-4]         1  p.SEASON2  p.SEASON3  p.SEASON4  p.SEASON5
P[3-5]         1  p.SEASON2  p.SEASON3  p.SEASON4  p.SEASON5
P[3-6]         1  p.SEASON2  p.SEASON3  p.SEASON4  p.SEASON5
P[3-7]         1  p.SEASON2  p.SEASON3  p.SEASON4  p.SEASON5
P[3-8]         1  p.SEASON2  p.SEASON3  p.SEASON4  p.SEASON5
P[4-1]         1  p.SEASON2  p.SEASON3  p.SEASON4  p.SEASON5
P[4-2]         1  p.SEASON2  p.SEASON3  p.SEASON4  p.SEASON5
P[4-3]         1  p.SEASON2  p.SEASON3  p.SEASON4  p.SEASON5
P[4-4]         1  p.SEASON2  p.SEASON3  p.SEASON4  p.SEASON5
P[4-5]         1  p.SEASON2  p.SEASON3  p.SEASON4  p.SEASON5
P[4-6]         1  p.SEASON2  p.SEASON3  p.SEASON4  p.SEASON5
P[4-7]         1  p.SEASON2  p.SEASON3  p.SEASON4  p.SEASON5
P[4-8]         1  p.SEASON2  p.SEASON3  p.SEASON4  p.SEASON5
P[5-1]         1  p.SEASON2  p.SEASON3  p.SEASON4  p.SEASON5
P[5-2]         1  p.SEASON2  p.SEASON3  p.SEASON4  p.SEASON5
P[5-3]         1  p.SEASON2  p.SEASON3  p.SEASON4  p.SEASON5
P[5-4]         1  p.SEASON2  p.SEASON3  p.SEASON4  p.SEASON5
P[5-5]         1  p.SEASON2  p.SEASON3  p.SEASON4  p.SEASON5
P[5-6]         1  p.SEASON2  p.SEASON3  p.SEASON4  p.SEASON5
P[5-7]         1  p.SEASON2  p.SEASON3  p.SEASON4  p.SEASON5
P[5-8]         1  p.SEASON2  p.SEASON3  p.SEASON4  p.SEASON5
========================

Matrix 5: rows=0, cols=0
========================

Matrix 6: rows=0, cols=0
========================

modtype=2

Multi-season model - psi,gam(),p(), eps=1-gam parameterization
=======================================================================

5 Primary periods
  Secondary periods: 8 8 8 8 8

Model(4):psi(SEASON)p(SEASON)



Open Population Model:

Number of primary sampling periods = 5
attempt 0/0 (iv= 0.00  0.00  0.00...), optmiz done. -2loglike=1429.3202
0 random initial value vectors attempted:
Initial values:
    0.0000    0.0000    0.0000    0.0000    0.0000    0.0000    0.0000    0.0000
    0.0000    0.0000

Model has been fit using the logistic link.


Number of parameters           = 10
Number of function calls           = 242
-2log(likelihood)              = 1429.3202
AIC                            = 1449.3202

Untransformed Estimates of coefficients for covariates (Beta's)
======================================================================
                                          estimate    std.error
A1   psi1                             :   0.510358    0.290203
A2   gam1                             :  -0.100403    0.407869
A3   gam2                             :  -0.243866    0.416517
A4   gam3                             :  -0.097140    0.420782
A5   gam4                             :  -0.221550    0.401436
D1   P[1-1]                           :   0.352821    0.166137
D2   P[1-1].p.SEASON2                 :  -0.262634    0.236682
D3   P[1-1].p.SEASON3                 :  -0.733237    0.254290
D4   P[1-1].p.SEASON4                 :  -0.834615    0.248190
D5   P[1-1].p.SEASON5                 :  -0.208245    0.229440

Variance-Covariance Matrix of Untransformed estimates (Beta's):
              A1         A2         A3         A4         A5         D1         D2         D3         D4         D5  
     A1    0.084218  -0.084215  -0.084214  -0.084215  -0.084215  -0.003089   0.003089   0.003089   0.003089   0.003089
     A2   -0.084215   0.166357   0.084212   0.084212   0.084213   0.003089  -0.007291  -0.003089  -0.003089  -0.003089
     A3   -0.084214   0.084212   0.173487   0.084211   0.084212   0.003089  -0.003089  -0.014424  -0.003089  -0.003089
     A4   -0.084215   0.084212   0.084211   0.177057   0.084212   0.003089  -0.003089  -0.003089  -0.015155  -0.003089
     A5   -0.084215   0.084213   0.084212   0.084212   0.161151   0.003089  -0.003089  -0.003089  -0.003089  -0.005448
     D1   -0.003089   0.003089   0.003089   0.003089   0.003089   0.027602  -0.027601  -0.027602  -0.027602  -0.027601
     D2    0.003089  -0.007291  -0.003089  -0.003089  -0.003089  -0.027601   0.056018   0.027601   0.027601   0.027600
     D3    0.003089  -0.003089  -0.014424  -0.003089  -0.003089  -0.027602   0.027601   0.064663   0.027602   0.027601
     D4    0.003089  -0.003089  -0.003089  -0.015155  -0.003089  -0.027602   0.027601   0.027602   0.061599   0.027601
     D5    0.003089  -0.003089  -0.003089  -0.003089  -0.005448  -0.027601   0.027600   0.027601   0.027601   0.052643
------------------------------

Real parameter estimates
=======================================================================

   parameter     site                    estimate    std.error       95% conf. interval
psi1            1 unit1           :      0.62489      0.06802       0.49156 -  0.75822
gam1            1 unit1           :      0.60108      0.06872       0.46638 -  0.73578
gam2            1 unit1           :      0.56623      0.07339       0.42239 -  0.71007
gam3            1 unit1           :      0.60186      0.07301       0.45875 -  0.74497
gam4            1 unit1           :      0.57170      0.06792       0.43858 -  0.70482

   parameter     site                    estimate    std.error       95% conf. interval
P[1-1]          1 unit1           :      0.58730      0.04027       0.50838 -  0.66623
P[1-2]          1 unit1           :      0.58730      0.04027       0.50838 -  0.66623
P[1-2]          2 unit2           :      0.58730      0.04027       0.50838 -  0.66623
P[1-3]          1 unit1           :      0.58730      0.04027       0.50838 -  0.66623
P[1-3]          2 unit2           : -26815617534747561387814691295236876789807869469243925393453035361884192969095430601461556337160979596888675812264784102842145038389542409250419244569460736.00000      0.00000       0.00000 - -26815617534747561387814691295236876789807869469243925393453035361884192969095430601461556337160979596888675812264784102842145038389542409250419244569460736.00000
P[1-4]          1 unit1           :      0.58730      0.04027       0.50838 -  0.66623
P[1-4]          2 unit2           : -26815617534747561387814691295236876789807869469243925393453035361884192969095430601461556337160979596888675812264784102842145038389542409250419244569460736.00000      0.00000       0.00000 - -26815617534747561387814691295236876789807869469243925393453035361884192969095430601461556337160979596888675812264784102842145038389542409250419244569460736.00000
P[1-5]          1 unit1           :      0.00000      0.00000       0.00000 -  0.00000
P[1-5]          2 unit2           : -26815617534747561387814691295236876789807869469243925393453035361884192969095430601461556337160979596888675812264784102842145038389542409250419244569460736.00000      0.00000       0.00000 - -26815617534747561387814691295236876789807869469243925393453035361884192969095430601461556337160979596888675812264784102842145038389542409250419244569460736.00000
P[1-6]          1 unit1           :      0.00000      0.00000       0.00000 -  0.00000
P[1-6]          2 unit2           : -26815617534747561387814691295236876789807869469243925393453035361884192969095430601461556337160979596888675812264784102842145038389542409250419244569460736.00000      0.00000       0.00000 - -26815617534747561387814691295236876789807869469243925393453035361884192969095430601461556337160979596888675812264784102842145038389542409250419244569460736.00000
P[1-7]          1 unit1           :      0.00000      0.00000       0.00000 -  0.00000
P[1-7]          2 unit2           : -26815617534747561387814691295236876789807869469243925393453035361884192969095430601461556337160979596888675812264784102842145038389542409250419244569460736.00000      0.00000       0.00000 - -26815617534747561387814691295236876789807869469243925393453035361884192969095430601461556337160979596888675812264784102842145038389542409250419244569460736.00000
P[1-8]          1 unit1           :      0.00000      0.00000       0.00000 -  0.00000
P[1-8]          2 unit2           : -26815617534747561387814691295236876789807869469243925393453035361884192969095430601461556337160979596888675812264784102842145038389542409250419244569460736.00000      0.00000       0.00000 - -26815617534747561387814691295236876789807869469243925393453035361884192969095430601461556337160979596888675812264784102842145038389542409250419244569460736.00000
P[2-1]          1 unit1           :      0.52253      0.04206       0.44010 -  0.60497
P[2-2]          1 unit1           :      0.52253      0.04206       0.44010 -  0.60497
P[2-3]          1 unit1           :      0.52253      0.04206       0.44010 -  0.60497
P[2-3]          2 unit2           :      0.52253      0.04206       0.44010 -  0.60497
P[2-4]          1 unit1           :      0.00000      0.00000       0.00000 -  0.00000
P[2-4]          2 unit2           : -26815617534747561387814691295236876789807869469243925393453035361884192969095430601461556337160979596888675812264784102842145038389542409250419244569460736.00000      0.00000       0.00000 - -26815617534747561387814691295236876789807869469243925393453035361884192969095430601461556337160979596888675812264784102842145038389542409250419244569460736.00000
P[2-5]          1 unit1           :      0.00000      0.00000       0.00000 -  0.00000
P[2-5]          2 unit2           : -26815617534747561387814691295236876789807869469243925393453035361884192969095430601461556337160979596888675812264784102842145038389542409250419244569460736.00000      0.00000       0.00000 - -26815617534747561387814691295236876789807869469243925393453035361884192969095430601461556337160979596888675812264784102842145038389542409250419244569460736.00000
P[2-6]          1 unit1           :      0.00000      0.00000       0.00000 -  0.00000
P[2-6]          2 unit2           : -26815617534747561387814691295236876789807869469243925393453035361884192969095430601461556337160979596888675812264784102842145038389542409250419244569460736.00000      0.00000       0.00000 - -26815617534747561387814691295236876789807869469243925393453035361884192969095430601461556337160979596888675812264784102842145038389542409250419244569460736.00000
P[2-7]          1 unit1           :      0.00000      0.00000       0.00000 -  0.00000
P[2-7]          2 unit2           : -26815617534747561387814691295236876789807869469243925393453035361884192969095430601461556337160979596888675812264784102842145038389542409250419244569460736.00000      0.00000       0.00000 - -26815617534747561387814691295236876789807869469243925393453035361884192969095430601461556337160979596888675812264784102842145038389542409250419244569460736.00000
P[2-8]          1 unit1           :      0.00000      0.00000       0.00000 -  0.00000
P[2-8]          2 unit2           : -26815617534747561387814691295236876789807869469243925393453035361884192969095430601461556337160979596888675812264784102842145038389542409250419244569460736.00000      0.00000       0.00000 - -26815617534747561387814691295236876789807869469243925393453035361884192969095430601461556337160979596888675812264784102842145038389542409250419244569460736.00000
P[3-1]          1 unit1           :      0.40603      0.04643       0.31503 -  0.49703
P[3-2]          1 unit1           :      0.40603      0.04643       0.31503 -  0.49703
P[3-3]          1 unit1           :      0.00000      0.00000       0.00000 -  0.00000
P[3-3]          2 unit2           :      0.40603      0.04643       0.31503 -  0.49703
P[3-4]          1 unit1           :      0.00000      0.00000       0.00000 -  0.00000
P[3-4]          2 unit2           : -26815617534747561387814691295236876789807869469243925393453035361884192969095430601461556337160979596888675812264784102842145038389542409250419244569460736.00000      0.00000       0.00000 - -26815617534747561387814691295236876789807869469243925393453035361884192969095430601461556337160979596888675812264784102842145038389542409250419244569460736.00000
P[3-5]          1 unit1           :      0.00000      0.00000       0.00000 -  0.00000
P[3-5]          2 unit2           : -26815617534747561387814691295236876789807869469243925393453035361884192969095430601461556337160979596888675812264784102842145038389542409250419244569460736.00000      0.00000       0.00000 - -26815617534747561387814691295236876789807869469243925393453035361884192969095430601461556337160979596888675812264784102842145038389542409250419244569460736.00000
P[3-6]          1 unit1           :      0.00000      0.00000       0.00000 -  0.00000
P[3-6]          2 unit2           : -26815617534747561387814691295236876789807869469243925393453035361884192969095430601461556337160979596888675812264784102842145038389542409250419244569460736.00000      0.00000       0.00000 - -26815617534747561387814691295236876789807869469243925393453035361884192969095430601461556337160979596888675812264784102842145038389542409250419244569460736.00000
P[3-7]          1 unit1           :      0.00000      0.00000       0.00000 -  0.00000
P[3-7]          2 unit2           : -26815617534747561387814691295236876789807869469243925393453035361884192969095430601461556337160979596888675812264784102842145038389542409250419244569460736.00000      0.00000       0.00000 - -26815617534747561387814691295236876789807869469243925393453035361884192969095430601461556337160979596888675812264784102842145038389542409250419244569460736.00000
P[3-8]          1 unit1           :      0.00000      0.00000       0.00000 -  0.00000
P[3-8]          2 unit2           : -26815617534747561387814691295236876789807869469243925393453035361884192969095430601461556337160979596888675812264784102842145038389542409250419244569460736.00000      0.00000       0.00000 - -26815617534747561387814691295236876789807869469243925393453035361884192969095430601461556337160979596888675812264784102842145038389542409250419244569460736.00000
P[4-1]          1 unit1           :      0.38183      0.04352       0.29653 -  0.46713
P[4-2]          1 unit1           :      0.38183      0.04352       0.29653 -  0.46713
P[4-3]          1 unit1           :      0.38183      0.04352       0.29653 -  0.46713
P[4-3]          2 unit2           :      0.38183      0.04352       0.29653 -  0.46713
P[4-4]          1 unit1           :      0.00000      0.00000       0.00000 -  0.00000
P[4-4]          2 unit2           :      0.38183      0.04352       0.29653 -  0.46713
P[4-5]          1 unit1           :      0.00000      0.00000       0.00000 -  0.00000
P[4-5]          2 unit2           :      0.38183      0.04352       0.29653 -  0.46713
P[4-6]          1 unit1           :      0.00000      0.00000       0.00000 -  0.00000
P[4-6]          2 unit2           :      0.38183      0.04352       0.29653 -  0.46713
P[4-7]          1 unit1           :      0.00000      0.00000       0.00000 -  0.00000
P[4-7]          2 unit2           : -26815617534747561387814691295236876789807869469243925393453035361884192969095430601461556337160979596888675812264784102842145038389542409250419244569460736.00000      0.00000       0.00000 - -26815617534747561387814691295236876789807869469243925393453035361884192969095430601461556337160979596888675812264784102842145038389542409250419244569460736.00000
P[4-8]          1 unit1           :      0.00000      0.00000       0.00000 -  0.00000
P[4-8]          2 unit2           : -26815617534747561387814691295236876789807869469243925393453035361884192969095430601461556337160979596888675812264784102842145038389542409250419244569460736.00000      0.00000       0.00000 - -26815617534747561387814691295236876789807869469243925393453035361884192969095430601461556337160979596888675812264784102842145038389542409250419244569460736.00000
P[5-1]          1 unit1           :      0.53608      0.03936       0.45894 -  0.61322
P[5-2]          1 unit1           :      0.53608      0.03936       0.45894 -  0.61322
P[5-3]          1 unit1           :      0.53608      0.03936       0.45894 -  0.61322
P[5-4]          1 unit1           :      0.53608      0.03936       0.45894 -  0.61322
P[5-4]          2 unit2           :      0.53608      0.03936       0.45894 -  0.61322
P[5-5]          1 unit1           :      0.00000      0.00000       0.00000 -  0.00000
P[5-5]          2 unit2           : -26815617534747561387814691295236876789807869469243925393453035361884192969095430601461556337160979596888675812264784102842145038389542409250419244569460736.00000      0.00000       0.00000 - -26815617534747561387814691295236876789807869469243925393453035361884192969095430601461556337160979596888675812264784102842145038389542409250419244569460736.00000
P[5-6]          1 unit1           :      0.00000      0.00000       0.00000 -  0.00000
P[5-6]          2 unit2           : -26815617534747561387814691295236876789807869469243925393453035361884192969095430601461556337160979596888675812264784102842145038389542409250419244569460736.00000      0.00000       0.00000 - -26815617534747561387814691295236876789807869469243925393453035361884192969095430601461556337160979596888675812264784102842145038389542409250419244569460736.00000
P[5-7]          1 unit1           :      0.00000      0.00000       0.00000 -  0.00000
P[5-7]          2 unit2           : -26815617534747561387814691295236876789807869469243925393453035361884192969095430601461556337160979596888675812264784102842145038389542409250419244569460736.00000      0.00000       0.00000 - -26815617534747561387814691295236876789807869469243925393453035361884192969095430601461556337160979596888675812264784102842145038389542409250419244569460736.00000
P[5-8]          1 unit1           :      0.00000      0.00000       0.00000 -  0.00000
P[5-8]          2 unit2           : -26815617534747561387814691295236876789807869469243925393453035361884192969095430601461556337160979596888675812264784102842145038389542409250419244569460736.00000      0.00000       0.00000 - -26815617534747561387814691295236876789807869469243925393453035361884192969095430601461556337160979596888675812264784102842145038389542409250419244569460736.00000

Real parameters: (computed using covariates from 1st site and 1st survey)

Real parameter :              estimate   SE(estimate)
     1 psi1                     0.6249      0.0680
     2 gam1                     0.6011      0.0687
     3 gam2                     0.5662      0.0734
     4 gam3                     0.6019      0.0730
     5 gam4                     0.5717      0.0679
     6 P[1-1]                   0.5873      0.0403
     7 P[1-2]                   0.5873      0.0403
     8 P[1-3]                   0.5873      0.0403
     9 P[1-4]                   0.5873      0.0403
    10 P[1-5]                   0.5873      0.0403
    11 P[1-6]                   0.5873      0.0403
    12 P[1-7]                   0.5873      0.0403
    13 P[1-8]                   0.5873      0.0403
    14 P[2-1]                   0.5873      0.0403
    15 P[2-2]                   0.5873      0.0403
    16 P[2-3]                   0.5873      0.0403
    17 P[2-4]                   0.5873      0.0403
    18 P[2-5]                   0.5873      0.0403
    19 P[2-6]                   0.5873      0.0403
    20 P[2-7]                   0.5873      0.0403
    21 P[2-8]                   0.5873      0.0403
    22 P[3-1]                   0.5873      0.0403
    23 P[3-2]                   0.5873      0.0403
    24 P[3-3]                   0.5873      0.0403
    25 P[3-4]                   0.5873      0.0403
    26 P[3-5]                   0.5873      0.0403
    27 P[3-6]                   0.5873      0.0403
    28 P[3-7]                   0.5873      0.0403
    29 P[3-8]                   0.5873      0.0403
    30 P[4-1]                   0.5873      0.0403
    31 P[4-2]                   0.5873      0.0403
    32 P[4-3]                   0.5873      0.0403
    33 P[4-4]                   0.5873      0.0403
    34 P[4-5]                   0.5873      0.0403
    35 P[4-6]                   0.5873      0.0403
    36 P[4-7]                   0.5873      0.0403
    37 P[4-8]                   0.5873      0.0403
    38 P[5-1]                   0.5873      0.0403
    39 P[5-2]                   0.5873      0.0403
    40 P[5-3]                   0.5873      0.0403
    41 P[5-4]                   0.5873      0.0403
    42 P[5-5]                   0.5873      0.0403
    43 P[5-6]                   0.5873      0.0403
    44 P[5-7]                   0.5873      0.0403
    45 P[5-8]                   0.5873      0.0403

================================================================================

 DERIVED parameters - gam1,gam2,gam3,...

        Site                        gam(t)  Std.err     95% conf. interval
gam( 1)     1    unit1      :       0.7695  0.1896     0.3978 - 1.1411
gam( 2)     1    unit1      :       0.6660  0.1862     0.3012 - 1.0309
gam( 3)     1    unit1      :       0.7348  0.1730     0.3958 - 1.0739
gam( 4)     1    unit1      :       0.6801  0.1737     0.3396 - 1.0206


 DERIVED parameters - lam2,lam3,lam4,...

        Site                        lam(t)  Std.err     95% conf. interval
lam( 2)     1    unit1      :       0.9619  0.1519     0.6642 - 1.2596
lam( 3)     1    unit1      :       0.9420  0.1628     0.6229 - 1.2611
lam( 4)     1    unit1      :       1.0629  0.1887     0.6931 - 1.4327
lam( 5)     1    unit1      :       0.9499  0.1613     0.6338 - 1.2660

CPU time= 1 seconds (0.02 min)

