

PRESENCE - Presence/Absence-Site Occupancy data analysis
Fri Oct 28 16:00:41 2011,       Version 4.0111018
- - - - - - - - - - - - - - - - - - - - - - - - - - - - -
==>i=spottedandbarredowl.pao
==>l=pres_psiA_psiB_phi=1__pA_pB______rA_rB_delta=1.out
==>name=psiA,psiB,phi=1 ,pA,pB,     rA,rB,delta=1
==>model=3000
==>j=c:\documents and settings\cschwarz\desktop\spottedandbarredowls\spottedandbarredowl_project\spottedandbarredowl.dm
==>lmt=200
==>echo
model=3000 N,T-->302,10
modtype-->3    1: 0 1 1 1 -1 -1 -1 -1 -1 -1
   2: 1 1 1 1 -1 -1 -1 -1 -1 -1
   3: 0 1 0 0 -1 -1 -1 -1 -1 -1
   4: 1 1 1 1 -1 -1 -1 -1 -1 -1
   5: 0 0 0 1 -1 -1 -1 -1 -1 -1
   6: 0 1 1 -1 -1 -1 -1 -1 -1 -1
   7: 1 1 1 -1 -1 -1 -1 -1 -1 -1
   8: 0 0 0 0 -1 -1 -1 -1 -1 -1
   9: 0 0 0 0 -1 -1 -1 -1 -1 -1
  10: 1 1 1 -1 -1 -1 -1 -1 -1 -1
  11: 1 1 1 -1 -1 -1 -1 -1 -1 -1
  12: 1 1 1 1 1 0 1 -1 -1 -1
  13: 0 0 0 0 -1 -1 -1 -1 -1 -1
  14: 1 1 1 1 1 -1 -1 -1 -1 -1
  15: 1 0 0 0 0 0 0 1 1 -1
  16: 1 1 1 0 1 1 -1 -1 -1 -1
  17: 1 0 0 0 -1 -1 -1 -1 -1 -1
  18: 0 0 0 0 -1 -1 -1 -1 -1 -1
  19: 1 1 1 1 1 1 1 1 1 1
  20: 0 0 0 0 -1 -1 -1 -1 -1 -1
  21: 1 1 1 -1 -1 -1 -1 -1 -1 -1
  22: 1 1 -1 -1 -1 -1 -1 -1 -1 -1
  23: 1 0 0 1 0 0 1 0 1 -1
  24: 0 0 0 0 -1 -1 -1 -1 -1 -1
  25: 0 0 0 0 -1 -1 -1 -1 -1 -1
  26: 0 1 1 1 -1 -1 -1 -1 -1 -1
  27: 0 0 0 0 -1 -1 -1 -1 -1 -1
  28: 1 1 0 0 0 0 -1 -1 -1 -1
  29: 0 0 0 0 -1 -1 -1 -1 -1 -1
  30: 0 1 0 1 1 -1 -1 -1 -1 -1
  31: 0 0 0 0 -1 -1 -1 -1 -1 -1
  32: 0 0 1 1 1 -1 -1 -1 -1 -1
  33: 0 0 1 1 0 1 1 0 0 -1
  34: 0 0 0 0 -1 -1 -1 -1 -1 -1
  35: 1 0 0 0 1 1 1 -1 -1 -1
  36: 1 1 0 1 1 -1 -1 -1 -1 -1
  37: 0 1 0 0 1 -1 -1 -1 -1 -1
  38: 1 1 1 -1 -1 -1 -1 -1 -1 -1
  39: 1 1 1 0 1 1 -1 -1 -1 -1
  40: 0 1 0 1 1 1 -1 -1 -1 -1
  41: 0 0 0 0 -1 -1 -1 -1 -1 -1
  42: 0 0 1 0 0 -1 -1 -1 -1 -1
  43: 0 1 1 1 1 1 1 1 1 1
  44: 1 1 0 1 1 -1 -1 -1 -1 -1
  45: 0 0 0 1 0 -1 -1 -1 -1 -1
  46: 0 0 0 0 0 -1 -1 -1 -1 -1
  47: 1 1 1 1 -1 -1 -1 -1 -1 -1
  48: 0 1 1 1 -1 -1 -1 -1 -1 -1
  49: 1 1 1 -1 -1 -1 -1 -1 -1 -1
  50: 1 0 0 0 0 0 0 0 -1 -1
  51: 0 0 1 -1 -1 -1 -1 -1 -1 -1
  52: 1 1 0 0 1 -1 -1 -1 -1 -1
  53: 1 1 1 1 1 1 -1 -1 -1 -1
  54: 0 0 1 0 0 0 1 0 1 0
  55: 0 1 1 1 1 1 -1 -1 -1 -1
  56: 1 0 0 0 -1 -1 -1 -1 -1 -1
  57: 0 0 0 0 -1 -1 -1 -1 -1 -1
  58: 1 1 1 0 0 1 1 -1 -1 -1
  59: 0 0 0 0 -1 -1 -1 -1 -1 -1
  60: 1 0 1 1 0 0 -1 -1 -1 -1
  61: 0 1 0 0 -1 -1 -1 -1 -1 -1
  62: 0 1 1 1 -1 -1 -1 -1 -1 -1
  63: 0 1 1 0 0 -1 -1 -1 -1 -1
  64: 0 0 0 0 -1 -1 -1 -1 -1 -1
  65: 0 1 1 0 0 -1 -1 -1 -1 -1
  66: 0 1 1 -1 -1 -1 -1 -1 -1 -1
  67: 0 0 0 0 0 -1 -1 -1 -1 -1
  68: 0 0 0 0 -1 -1 -1 -1 -1 -1
  69: 0 0 0 0 -1 -1 -1 -1 -1 -1
  70: 1 1 1 1 1 1 1 1 -1 -1
  71: 0 0 0 0 -1 -1 -1 -1 -1 -1
  72: 1 0 1 1 1 1 0 1 0 1
  73: 0 0 0 0 0 -1 -1 -1 -1 -1
  74: 1 1 0 0 0 1 0 0 1 0
  75: 0 1 0 0 1 -1 -1 -1 -1 -1
  76: 0 0 0 0 -1 -1 -1 -1 -1 -1
  77: 0 0 0 0 -1 -1 -1 -1 -1 -1
  78: 1 0 0 0 0 0 -1 -1 -1 -1
  79: 0 0 0 0 -1 -1 -1 -1 -1 -1
  80: 0 0 0 0 -1 -1 -1 -1 -1 -1
  81: 0 0 0 0 -1 -1 -1 -1 -1 -1
  82: 0 0 0 0 -1 -1 -1 -1 -1 -1
  83: 0 0 0 0 -1 -1 -1 -1 -1 -1
  84: 0 0 0 0 -1 -1 -1 -1 -1 -1
  85: 1 1 0 1 1 1 1 -1 -1 -1
  86: 1 0 0 0 -1 -1 -1 -1 -1 -1
  87: 0 0 0 1 -1 -1 -1 -1 -1 -1
  88: 1 1 1 1 1 -1 -1 -1 -1 -1
  89: 0 0 -1 -1 -1 -1 -1 -1 -1 -1
  90: 0 0 1 0 -1 -1 -1 -1 -1 -1
  91: 0 0 0 0 -1 -1 -1 -1 -1 -1
  92: 1 0 1 1 1 1 -1 -1 -1 -1
  93: 1 1 1 1 -1 -1 -1 -1 -1 -1
  94: 0 0 0 0 1 1 1 -1 -1 -1
  95: 1 0 0 0 1 1 1 1 -1 -1
  96: 0 1 0 0 -1 -1 -1 -1 -1 -1
  97: 0 0 0 1 1 -1 -1 -1 -1 -1
  98: 1 1 1 -1 -1 -1 -1 -1 -1 -1
  99: 0 0 0 0 -1 -1 -1 -1 -1 -1
 100: 0 1 1 1 1 -1 -1 -1 -1 -1
 101: 0 1 0 0 -1 -1 -1 -1 -1 -1
 102: 0 0 1 1 0 -1 -1 -1 -1 -1
 103: 0 1 1 -1 -1 -1 -1 -1 -1 -1
 104: 1 1 1 1 -1 -1 -1 -1 -1 -1
 105: 1 0 1 0 0 0 -1 -1 -1 -1
 106: 1 0 0 1 0 1 0 0 1 1
 107: 1 1 1 -1 -1 -1 -1 -1 -1 -1
 108: 1 0 0 0 1 0 1 -1 -1 -1
 109: 0 0 0 0 -1 -1 -1 -1 -1 -1
 110: 0 1 0 1 1 -1 -1 -1 -1 -1
 111: 0 0 0 0 -1 -1 -1 -1 -1 -1
 112: 0 0 1 1 1 1 1 1 -1 -1
 113: 0 0 0 0 -1 -1 -1 -1 -1 -1
 114: 0 0 1 1 0 0 0 -1 -1 -1
 115: 0 0 1 0 -1 -1 -1 -1 -1 -1
 116: 0 0 0 0 -1 -1 -1 -1 -1 -1
 117: 0 1 1 1 -1 -1 -1 -1 -1 -1
 118: 0 1 1 1 1 0 0 -1 -1 -1
 119: 1 1 1 1 1 1 -1 -1 -1 -1
 120: 1 1 0 0 1 -1 -1 -1 -1 -1
 121: 0 1 1 0 0 -1 -1 -1 -1 -1
 122: 0 0 0 0 -1 -1 -1 -1 -1 -1
 123: 0 1 0 0 -1 -1 -1 -1 -1 -1
 124: 0 0 0 0 -1 -1 -1 -1 -1 -1
 125: 0 0 0 0 -1 -1 -1 -1 -1 -1
 126: 1 1 1 1 0 0 1 -1 -1 -1
 127: 1 0 1 1 1 -1 -1 -1 -1 -1
 128: 0 0 0 1 1 -1 -1 -1 -1 -1
 129: 1 1 1 -1 -1 -1 -1 -1 -1 -1
 130: 0 0 0 0 -1 -1 -1 -1 -1 -1
 131: 1 0 0 1 1 -1 -1 -1 -1 -1
 132: 0 0 0 0 -1 -1 -1 -1 -1 -1
 133: 1 0 0 0 0 0 1 1 0 -1
 134: 1 1 1 1 1 1 -1 -1 -1 -1
 135: 0 0 0 0 -1 -1 -1 -1 -1 -1
 136: 0 0 0 0 0 -1 -1 -1 -1 -1
 137: 0 0 0 0 -1 -1 -1 -1 -1 -1
 138: 0 0 0 0 -1 -1 -1 -1 -1 -1
 139: 1 0 1 1 -1 -1 -1 -1 -1 -1
 140: 0 0 0 1 -1 -1 -1 -1 -1 -1
 141: 0 0 0 0 -1 -1 -1 -1 -1 -1
 142: 0 0 0 0 -1 -1 -1 -1 -1 -1
 143: 1 1 -1 -1 -1 -1 -1 -1 -1 -1
 144: 1 0 1 1 1 0 1 -1 -1 -1
 145: 0 1 0 1 0 -1 -1 -1 -1 -1
 146: 0 0 0 0 0 -1 -1 -1 -1 -1
 147: 0 0 0 0 -1 -1 -1 -1 -1 -1
 148: 0 0 0 0 -1 -1 -1 -1 -1 -1
 149: 0 1 1 1 1 1 1 -1 -1 -1
 150: 0 -1 -1 -1 -1 -1 -1 -1 -1 -1
 151: 0 1 1 0 1 1 -1 -1 -1 -1
 152: 0 0 0 0 -1 -1 -1 -1 -1 -1
 153: 0 0 0 0 -1 -1 -1 -1 -1 -1
 154: 0 1 1 0 -1 -1 -1 -1 -1 -1
 155: 0 0 0 0 -1 -1 -1 -1 -1 -1
 156: 0 0 0 0 -1 -1 -1 -1 -1 -1
 157: 0 0 0 -1 -1 -1 -1 -1 -1 -1
 158: 0 0 0 -1 -1 -1 -1 -1 -1 -1
 159: 0 0 0 0 -1 -1 -1 -1 -1 -1
 160: 0 1 1 1 -1 -1 -1 -1 -1 -1
 161: 0 0 0 -1 -1 -1 -1 -1 -1 -1
 162: 0 0 0 -1 -1 -1 -1 -1 -1 -1
 163: 0 0 0 0 0 0 0 -1 -1 -1
 164: 0 0 0 0 -1 -1 -1 -1 -1 -1
 165: 0 0 0 0 0 -1 -1 -1 -1 -1
 166: 0 0 0 0 0 0 0 0 0 -1
 167: 0 0 0 0 0 0 -1 -1 -1 -1
 168: 0 0 0 0 -1 -1 -1 -1 -1 -1
 169: 0 0 0 0 -1 -1 -1 -1 -1 -1
 170: 0 0 0 0 0 0 0 0 0 0
 171: 0 0 0 0 -1 -1 -1 -1 -1 -1
 172: 0 0 0 -1 -1 -1 -1 -1 -1 -1
 173: 0 0 -1 -1 -1 -1 -1 -1 -1 -1
 174: 0 0 0 0 0 0 0 0 0 -1
 175: 0 0 0 0 -1 -1 -1 -1 -1 -1
 176: 0 0 0 0 -1 -1 -1 -1 -1 -1
 177: 0 0 0 0 -1 -1 -1 -1 -1 -1
 178: 0 0 0 0 -1 -1 -1 -1 -1 -1
 179: 1 0 0 0 0 0 -1 -1 -1 -1
 180: 0 0 0 0 -1 -1 -1 -1 -1 -1
 181: 0 0 0 0 0 -1 -1 -1 -1 -1
 182: 0 0 0 0 -1 -1 -1 -1 -1 -1
 183: 0 0 0 0 0 -1 -1 -1 -1 -1
 184: 0 0 0 0 0 0 0 0 0 -1
 185: 0 0 0 0 -1 -1 -1 -1 -1 -1
 186: 0 0 0 0 0 0 0 -1 -1 -1
 187: 0 0 0 0 0 -1 -1 -1 -1 -1
 188: 0 0 0 0 0 -1 -1 -1 -1 -1
 189: 0 0 0 -1 -1 -1 -1 -1 -1 -1
 190: 0 0 0 0 0 0 -1 -1 -1 -1
 191: 0 0 0 0 0 0 -1 -1 -1 -1
 192: 0 0 0 0 -1 -1 -1 -1 -1 -1
 193: 0 0 0 0 0 -1 -1 -1 -1 -1
 194: 0 0 0 0 0 0 0 0 0 0
 195: 0 0 0 0 0 -1 -1 -1 -1 -1
 196: 1 0 0 0 0 -1 -1 -1 -1 -1
 197: 0 0 1 0 1 -1 -1 -1 -1 -1
 198: 0 0 0 0 -1 -1 -1 -1 -1 -1
 199: 0 0 0 0 -1 -1 -1 -1 -1 -1
 200: 0 0 1 -1 -1 -1 -1 -1 -1 -1
 201: 0 0 0 0 1 0 0 0 -1 -1
 202: 0 0 1 -1 -1 -1 -1 -1 -1 -1
 203: 0 0 0 1 0 -1 -1 -1 -1 -1
 204: 0 0 0 0 0 0 -1 -1 -1 -1
 205: 0 0 1 1 0 1 0 0 0 0
 206: 0 0 0 0 0 0 -1 -1 -1 -1
 207: 0 0 1 0 -1 -1 -1 -1 -1 -1
 208: 0 0 0 0 -1 -1 -1 -1 -1 -1
 209: 0 0 0 0 0 0 0 -1 -1 -1
 210: 0 0 0 0 -1 -1 -1 -1 -1 -1
 211: 0 0 0 0 0 0 -1 -1 -1 -1
 212: 0 0 0 1 -1 -1 -1 -1 -1 -1
 213: 0 0 0 0 -1 -1 -1 -1 -1 -1
 214: 0 0 0 0 0 -1 -1 -1 -1 -1
 215: 1 0 0 0 -1 -1 -1 -1 -1 -1
 216: 1 0 0 1 1 -1 -1 -1 -1 -1
 217: 0 0 0 -1 -1 -1 -1 -1 -1 -1
 218: 1 1 1 1 0 -1 -1 -1 -1 -1
 219: 1 0 0 1 -1 -1 -1 -1 -1 -1
 220: 0 0 0 0 -1 -1 -1 -1 -1 -1
 221: 0 0 0 0 0 0 0 0 -1 -1
 222: 0 0 0 0 -1 -1 -1 -1 -1 -1
 223: 0 0 0 0 0 0 0 0 0 0
 224: 0 1 1 1 0 -1 -1 -1 -1 -1
 225: 0 0 0 0 1 0 0 0 1 1
 226: 0 0 0 0 0 -1 -1 -1 -1 -1
 227: 1 1 1 1 -1 -1 -1 -1 -1 -1
 228: 0 0 0 0 -1 -1 -1 -1 -1 -1
 229: 0 0 0 0 0 0 -1 -1 -1 -1
 230: 0 0 0 0 -1 -1 -1 -1 -1 -1
 231: 0 0 0 0 -1 -1 -1 -1 -1 -1
 232: 1 0 0 0 -1 -1 -1 -1 -1 -1
 233: 0 0 0 0 -1 -1 -1 -1 -1 -1
 234: 0 1 0 0 -1 -1 -1 -1 -1 -1
 235: 0 0 1 1 -1 -1 -1 -1 -1 -1
 236: 0 0 0 0 0 0 0 -1 -1 -1
 237: 0 0 0 0 -1 -1 -1 -1 -1 -1
 238: 0 0 0 0 -1 -1 -1 -1 -1 -1
 239: 0 0 0 0 0 -1 -1 -1 -1 -1
 240: 0 1 -1 -1 -1 -1 -1 -1 -1 -1
 241: 0 0 0 0 -1 -1 -1 -1 -1 -1
 242: 0 1 0 0 -1 -1 -1 -1 -1 -1
 243: 0 0 0 0 0 0 -1 -1 -1 -1
 244: 0 0 0 0 -1 -1 -1 -1 -1 -1
 245: 0 0 0 0 0 0 0 -1 -1 -1
 246: 0 0 0 0 0 0 0 0 -1 -1
 247: 0 0 0 0 -1 -1 -1 -1 -1 -1
 248: 0 0 0 0 0 -1 -1 -1 -1 -1
 249: 0 0 0 -1 -1 -1 -1 -1 -1 -1
 250: 1 0 0 0 -1 -1 -1 -1 -1 -1
 251: 1 0 0 0 0 -1 -1 -1 -1 -1
 252: 0 1 0 0 -1 -1 -1 -1 -1 -1
 253: 0 0 0 0 0 -1 -1 -1 -1 -1
 254: 0 0 0 -1 -1 -1 -1 -1 -1 -1
 255: 0 0 0 0 -1 -1 -1 -1 -1 -1
 256: 0 0 0 1 0 0 -1 -1 -1 -1
 257: 0 0 0 0 0 0 0 0 0 0
 258: 0 0 0 -1 -1 -1 -1 -1 -1 -1
 259: 0 0 0 0 0 0 0 -1 -1 -1
 260: 0 1 0 0 -1 -1 -1 -1 -1 -1
 261: 0 0 0 0 0 -1 -1 -1 -1 -1
 262: 0 0 0 0 -1 -1 -1 -1 -1 -1
 263: 0 0 0 0 0 0 0 0 -1 -1
 264: 1 0 0 0 -1 -1 -1 -1 -1 -1
 265: 0 0 0 0 0 0 0 -1 -1 -1
 266: 0 1 1 1 -1 -1 -1 -1 -1 -1
 267: 0 0 0 1 -1 -1 -1 -1 -1 -1
 268: 0 0 0 0 -1 -1 -1 -1 -1 -1
 269: 0 0 0 1 0 0 0 -1 -1 -1
 270: 1 0 0 0 0 0 -1 -1 -1 -1
 271: 0 0 0 0 0 -1 -1 -1 -1 -1
 272: 0 0 0 0 0 -1 -1 -1 -1 -1
 273: 0 0 0 0 -1 -1 -1 -1 -1 -1
 274: 0 0 0 0 -1 -1 -1 -1 -1 -1
 275: 0 0 0 0 -1 -1 -1 -1 -1 -1
 276: 0 0 0 0 -1 -1 -1 -1 -1 -1
 277: 0 0 0 0 0 0 0 -1 -1 -1
 278: 0 0 0 0 0 -1 -1 -1 -1 -1
 279: 0 0 0 0 0 -1 -1 -1 -1 -1
 280: 0 0 0 -1 -1 -1 -1 -1 -1 -1
 281: 0 0 0 1 -1 -1 -1 -1 -1 -1
 282: 0 0 1 1 0 -1 -1 -1 -1 -1
 283: 0 0 0 0 -1 -1 -1 -1 -1 -1
 284: 0 0 0 0 0 0 0 0 0 -1
 285: 0 0 0 0 0 0 -1 -1 -1 -1
 286: 0 1 0 0 -1 -1 -1 -1 -1 -1
 287: 0 0 0 0 0 -1 -1 -1 -1 -1
 288: 0 1 1 0 -1 -1 -1 -1 -1 -1
 289: 0 0 0 0 -1 -1 -1 -1 -1 -1
 290: 0 0 0 0 -1 -1 -1 -1 -1 -1
 291: 0 0 0 0 -1 -1 -1 -1 -1 -1
 292: 0 0 0 0 -1 -1 -1 -1 -1 -1
 293: 0 1 0 0 -1 -1 -1 -1 -1 -1
 294: 0 0 -1 -1 -1 -1 -1 -1 -1 -1
 295: 0 0 0 0 0 0 1 -1 -1 -1
 296: 0 0 0 0 0 -1 -1 -1 -1 -1
 297: 0 0 0 0 0 -1 -1 -1 -1 -1
 298: 0 0 0 0 -1 -1 -1 -1 -1 -1
 299: 0 0 0 0 -1 -1 -1 -1 -1 -1
 300: 0 0 0 0 0 0 0 -1 -1 -1
 301: 0 -1 -1 -1 -1 -1 -1 -1 -1 -1
 302: 0 0 0 0 0 0 -1 -1 -1 -1


********* Input Data summary *******
Number of sites                = 302
Number of sampling occasions   = 10
Number of missing observations = 1538
Data checksum = 33693

Naive occupancy estimate       = 0.4636

NSiteCovs-->0
NSampCovs-->1
samp_covname[0]=SampCov1

Site Covariates:

No Site covariates

 Sample Covariates:
  Covariate 0: SampCov1
0.0 0.0 0.0 0.0 -999.0 -999.0 -999.0 -999.0 -999.0 -999.0 
0.0 0.0 1.0 0.0 -999.0 -999.0 -999.0 -999.0 -999.0 -999.0 
0.0 0.0 0.0 0.0 -999.0 -999.0 -999.0 -999.0 -999.0 -999.0 
0.0 0.0 1.0 1.0 -999.0 -999.0 -999.0 -999.0 -999.0 -999.0 
0.0 0.0 0.0 0.0 -999.0 -999.0 -999.0 -999.0 -999.0 -999.0 
0.0 0.0 0.0 -999.0 -999.0 -999.0 -999.0 -999.0 -999.0 -999.0 
0.0 0.0 0.0 -999.0 -999.0 -999.0 -999.0 -999.0 -999.0 -999.0 
0.0 0.0 0.0 0.0 -999.0 -999.0 -999.0 -999.0 -999.0 -999.0 
0.0 0.0 0.0 0.0 -999.0 -999.0 -999.0 -999.0 -999.0 -999.0 
0.0 0.0 1.0 -999.0 -999.0 -999.0 -999.0 -999.0 -999.0 -999.0 
0.0 0.0 0.0 -999.0 -999.0 -999.0 -999.0 -999.0 -999.0 -999.0 
0.0 1.0 1.0 0.0 0.0 0.0 0.0 -999.0 -999.0 -999.0 
0.0 0.0 0.0 0.0 -999.0 -999.0 -999.0 -999.0 -999.0 -999.0 
0.0 0.0 1.0 1.0 1.0 -999.0 -999.0 -999.0 -999.0 -999.0 
0.0 0.0 0.0 0.0 0.0 0.0 0.0 0.0 0.0 -999.0 
0.0 0.0 0.0 0.0 0.0 0.0 -999.0 -999.0 -999.0 -999.0 
0.0 0.0 0.0 0.0 -999.0 -999.0 -999.0 -999.0 -999.0 -999.0 
0.0 0.0 0.0 0.0 -999.0 -999.0 -999.0 -999.0 -999.0 -999.0 
0.0 1.0 0.0 0.0 0.0 1.0 1.0 1.0 1.0 1.0 
0.0 0.0 0.0 0.0 -999.0 -999.0 -999.0 -999.0 -999.0 -999.0 
0.0 1.0 1.0 -999.0 -999.0 -999.0 -999.0 -999.0 -999.0 -999.0 
0.0 0.0 -999.0 -999.0 -999.0 -999.0 -999.0 -999.0 -999.0 -999.0 
0.0 0.0 0.0 0.0 0.0 0.0 0.0 0.0 0.0 -999.0 
0.0 0.0 0.0 0.0 -999.0 -999.0 -999.0 -999.0 -999.0 -999.0 
0.0 0.0 0.0 0.0 -999.0 -999.0 -999.0 -999.0 -999.0 -999.0 
0.0 0.0 0.0 0.0 -999.0 -999.0 -999.0 -999.0 -999.0 -999.0 
0.0 0.0 0.0 0.0 -999.0 -999.0 -999.0 -999.0 -999.0 -999.0 
0.0 0.0 0.0 0.0 0.0 0.0 -999.0 -999.0 -999.0 -999.0 
0.0 0.0 0.0 0.0 -999.0 -999.0 -999.0 -999.0 -999.0 -999.0 
0.0 0.0 0.0 0.0 0.0 -999.0 -999.0 -999.0 -999.0 -999.0 
0.0 0.0 0.0 0.0 -999.0 -999.0 -999.0 -999.0 -999.0 -999.0 
0.0 0.0 0.0 0.0 1.0 -999.0 -999.0 -999.0 -999.0 -999.0 
0.0 0.0 0.0 0.0 0.0 0.0 1.0 0.0 0.0 -999.0 
0.0 0.0 0.0 0.0 -999.0 -999.0 -999.0 -999.0 -999.0 -999.0 
0.0 0.0 0.0 0.0 0.0 0.0 1.0 -999.0 -999.0 -999.0 
0.0 1.0 0.0 0.0 1.0 -999.0 -999.0 -999.0 -999.0 -999.0 
0.0 0.0 0.0 0.0 0.0 -999.0 -999.0 -999.0 -999.0 -999.0 
0.0 0.0 0.0 -999.0 -999.0 -999.0 -999.0 -999.0 -999.0 -999.0 
0.0 0.0 0.0 0.0 0.0 0.0 -999.0 -999.0 -999.0 -999.0 
0.0 0.0 0.0 0.0 1.0 1.0 -999.0 -999.0 -999.0 -999.0 
0.0 0.0 0.0 0.0 -999.0 -999.0 -999.0 -999.0 -999.0 -999.0 
0.0 0.0 0.0 0.0 0.0 -999.0 -999.0 -999.0 -999.0 -999.0 
0.0 1.0 1.0 1.0 1.0 1.0 1.0 1.0 1.0 0.0 
0.0 0.0 0.0 0.0 0.0 -999.0 -999.0 -999.0 -999.0 -999.0 
0.0 0.0 0.0 0.0 0.0 -999.0 -999.0 -999.0 -999.0 -999.0 
0.0 0.0 1.0 0.0 0.0 -999.0 -999.0 -999.0 -999.0 -999.0 
1.0 0.0 1.0 0.0 -999.0 -999.0 -999.0 -999.0 -999.0 -999.0 
0.0 0.0 1.0 1.0 -999.0 -999.0 -999.0 -999.0 -999.0 -999.0 
1.0 0.0 0.0 -999.0 -999.0 -999.0 -999.0 -999.0 -999.0 -999.0 
0.0 0.0 0.0 0.0 0.0 0.0 0.0 0.0 -999.0 -999.0 
0.0 0.0 0.0 -999.0 -999.0 -999.0 -999.0 -999.0 -999.0 -999.0 
0.0 0.0 0.0 0.0 0.0 -999.0 -999.0 -999.0 -999.0 -999.0 
0.0 0.0 1.0 1.0 1.0 0.0 -999.0 -999.0 -999.0 -999.0 
0.0 0.0 0.0 0.0 0.0 0.0 0.0 0.0 0.0 0.0 
0.0 0.0 0.0 0.0 0.0 0.0 -999.0 -999.0 -999.0 -999.0 
0.0 0.0 0.0 0.0 -999.0 -999.0 -999.0 -999.0 -999.0 -999.0 
0.0 0.0 0.0 0.0 -999.0 -999.0 -999.0 -999.0 -999.0 -999.0 
0.0 0.0 0.0 0.0 0.0 0.0 0.0 -999.0 -999.0 -999.0 
0.0 0.0 0.0 0.0 -999.0 -999.0 -999.0 -999.0 -999.0 -999.0 
0.0 0.0 0.0 0.0 0.0 0.0 -999.0 -999.0 -999.0 -999.0 
0.0 0.0 0.0 0.0 -999.0 -999.0 -999.0 -999.0 -999.0 -999.0 
0.0 0.0 0.0 0.0 -999.0 -999.0 -999.0 -999.0 -999.0 -999.0 
0.0 0.0 0.0 0.0 0.0 -999.0 -999.0 -999.0 -999.0 -999.0 
0.0 0.0 0.0 0.0 -999.0 -999.0 -999.0 -999.0 -999.0 -999.0 
0.0 0.0 0.0 1.0 0.0 -999.0 -999.0 -999.0 -999.0 -999.0 
0.0 0.0 0.0 -999.0 -999.0 -999.0 -999.0 -999.0 -999.0 -999.0 
0.0 0.0 0.0 0.0 0.0 -999.0 -999.0 -999.0 -999.0 -999.0 
0.0 0.0 0.0 0.0 -999.0 -999.0 -999.0 -999.0 -999.0 -999.0 
0.0 0.0 0.0 0.0 -999.0 -999.0 -999.0 -999.0 -999.0 -999.0 
1.0 1.0 1.0 1.0 1.0 1.0 1.0 1.0 -999.0 -999.0 
0.0 0.0 0.0 0.0 -999.0 -999.0 -999.0 -999.0 -999.0 -999.0 
0.0 0.0 0.0 0.0 0.0 0.0 0.0 0.0 0.0 0.0 
0.0 0.0 0.0 0.0 0.0 -999.0 -999.0 -999.0 -999.0 -999.0 
0.0 0.0 0.0 0.0 0.0 0.0 0.0 0.0 0.0 0.0 
0.0 0.0 0.0 0.0 0.0 -999.0 -999.0 -999.0 -999.0 -999.0 
0.0 0.0 0.0 0.0 -999.0 -999.0 -999.0 -999.0 -999.0 -999.0 
0.0 0.0 0.0 0.0 -999.0 -999.0 -999.0 -999.0 -999.0 -999.0 
0.0 0.0 0.0 0.0 0.0 0.0 -999.0 -999.0 -999.0 -999.0 
0.0 0.0 0.0 0.0 -999.0 -999.0 -999.0 -999.0 -999.0 -999.0 
0.0 0.0 0.0 0.0 -999.0 -999.0 -999.0 -999.0 -999.0 -999.0 
0.0 0.0 0.0 0.0 -999.0 -999.0 -999.0 -999.0 -999.0 -999.0 
0.0 0.0 0.0 0.0 -999.0 -999.0 -999.0 -999.0 -999.0 -999.0 
0.0 0.0 0.0 0.0 -999.0 -999.0 -999.0 -999.0 -999.0 -999.0 
0.0 0.0 0.0 0.0 -999.0 -999.0 -999.0 -999.0 -999.0 -999.0 
0.0 0.0 0.0 0.0 1.0 1.0 0.0 -999.0 -999.0 -999.0 
0.0 0.0 0.0 0.0 -999.0 -999.0 -999.0 -999.0 -999.0 -999.0 
0.0 0.0 0.0 0.0 -999.0 -999.0 -999.0 -999.0 -999.0 -999.0 
0.0 0.0 1.0 1.0 0.0 -999.0 -999.0 -999.0 -999.0 -999.0 
0.0 0.0 -999.0 -999.0 -999.0 -999.0 -999.0 -999.0 -999.0 -999.0 
0.0 0.0 0.0 0.0 -999.0 -999.0 -999.0 -999.0 -999.0 -999.0 
0.0 0.0 0.0 0.0 -999.0 -999.0 -999.0 -999.0 -999.0 -999.0 
0.0 0.0 0.0 1.0 1.0 0.0 -999.0 -999.0 -999.0 -999.0 
0.0 1.0 0.0 1.0 -999.0 -999.0 -999.0 -999.0 -999.0 -999.0 
0.0 0.0 0.0 0.0 1.0 1.0 1.0 -999.0 -999.0 -999.0 
0.0 0.0 0.0 0.0 0.0 0.0 0.0 0.0 -999.0 -999.0 
0.0 0.0 0.0 0.0 -999.0 -999.0 -999.0 -999.0 -999.0 -999.0 
0.0 0.0 0.0 0.0 0.0 -999.0 -999.0 -999.0 -999.0 -999.0 
0.0 0.0 0.0 -999.0 -999.0 -999.0 -999.0 -999.0 -999.0 -999.0 
0.0 0.0 0.0 0.0 -999.0 -999.0 -999.0 -999.0 -999.0 -999.0 
0.0 0.0 0.0 0.0 0.0 -999.0 -999.0 -999.0 -999.0 -999.0 
0.0 0.0 0.0 0.0 -999.0 -999.0 -999.0 -999.0 -999.0 -999.0 
0.0 0.0 0.0 0.0 0.0 -999.0 -999.0 -999.0 -999.0 -999.0 
0.0 1.0 1.0 -999.0 -999.0 -999.0 -999.0 -999.0 -999.0 -999.0 
0.0 0.0 0.0 0.0 -999.0 -999.0 -999.0 -999.0 -999.0 -999.0 
0.0 0.0 0.0 0.0 0.0 0.0 -999.0 -999.0 -999.0 -999.0 
0.0 0.0 0.0 0.0 0.0 0.0 0.0 0.0 0.0 1.0 
0.0 0.0 0.0 -999.0 -999.0 -999.0 -999.0 -999.0 -999.0 -999.0 
0.0 0.0 0.0 0.0 0.0 0.0 0.0 -999.0 -999.0 -999.0 
0.0 0.0 0.0 0.0 -999.0 -999.0 -999.0 -999.0 -999.0 -999.0 
0.0 0.0 0.0 0.0 0.0 -999.0 -999.0 -999.0 -999.0 -999.0 
0.0 0.0 0.0 0.0 -999.0 -999.0 -999.0 -999.0 -999.0 -999.0 
0.0 0.0 0.0 0.0 1.0 0.0 0.0 0.0 -999.0 -999.0 
0.0 0.0 0.0 0.0 -999.0 -999.0 -999.0 -999.0 -999.0 -999.0 
0.0 0.0 0.0 0.0 0.0 0.0 0.0 -999.0 -999.0 -999.0 
0.0 0.0 0.0 0.0 -999.0 -999.0 -999.0 -999.0 -999.0 -999.0 
0.0 0.0 0.0 0.0 -999.0 -999.0 -999.0 -999.0 -999.0 -999.0 
0.0 0.0 0.0 1.0 -999.0 -999.0 -999.0 -999.0 -999.0 -999.0 
0.0 0.0 0.0 0.0 0.0 0.0 0.0 -999.0 -999.0 -999.0 
0.0 0.0 1.0 1.0 1.0 0.0 -999.0 -999.0 -999.0 -999.0 
0.0 0.0 0.0 0.0 0.0 -999.0 -999.0 -999.0 -999.0 -999.0 
0.0 0.0 0.0 0.0 0.0 -999.0 -999.0 -999.0 -999.0 -999.0 
0.0 0.0 0.0 0.0 -999.0 -999.0 -999.0 -999.0 -999.0 -999.0 
0.0 0.0 0.0 0.0 -999.0 -999.0 -999.0 -999.0 -999.0 -999.0 
0.0 0.0 0.0 0.0 -999.0 -999.0 -999.0 -999.0 -999.0 -999.0 
0.0 0.0 0.0 0.0 -999.0 -999.0 -999.0 -999.0 -999.0 -999.0 
1.0 1.0 1.0 0.0 1.0 0.0 0.0 -999.0 -999.0 -999.0 
0.0 0.0 0.0 1.0 1.0 -999.0 -999.0 -999.0 -999.0 -999.0 
0.0 0.0 0.0 0.0 0.0 -999.0 -999.0 -999.0 -999.0 -999.0 
1.0 1.0 1.0 -999.0 -999.0 -999.0 -999.0 -999.0 -999.0 -999.0 
0.0 0.0 0.0 0.0 -999.0 -999.0 -999.0 -999.0 -999.0 -999.0 
0.0 0.0 0.0 0.0 0.0 -999.0 -999.0 -999.0 -999.0 -999.0 
0.0 0.0 0.0 0.0 -999.0 -999.0 -999.0 -999.0 -999.0 -999.0 
0.0 0.0 0.0 0.0 0.0 0.0 0.0 0.0 0.0 -999.0 
0.0 0.0 1.0 1.0 1.0 0.0 -999.0 -999.0 -999.0 -999.0 
0.0 0.0 0.0 0.0 -999.0 -999.0 -999.0 -999.0 -999.0 -999.0 
0.0 0.0 0.0 0.0 0.0 -999.0 -999.0 -999.0 -999.0 -999.0 
0.0 0.0 0.0 0.0 -999.0 -999.0 -999.0 -999.0 -999.0 -999.0 
0.0 0.0 0.0 0.0 -999.0 -999.0 -999.0 -999.0 -999.0 -999.0 
0.0 0.0 0.0 0.0 -999.0 -999.0 -999.0 -999.0 -999.0 -999.0 
0.0 0.0 0.0 0.0 -999.0 -999.0 -999.0 -999.0 -999.0 -999.0 
0.0 0.0 0.0 0.0 -999.0 -999.0 -999.0 -999.0 -999.0 -999.0 
0.0 0.0 0.0 0.0 -999.0 -999.0 -999.0 -999.0 -999.0 -999.0 
0.0 0.0 -999.0 -999.0 -999.0 -999.0 -999.0 -999.0 -999.0 -999.0 
0.0 0.0 0.0 0.0 0.0 0.0 0.0 -999.0 -999.0 -999.0 
0.0 0.0 0.0 0.0 0.0 -999.0 -999.0 -999.0 -999.0 -999.0 
0.0 0.0 0.0 0.0 0.0 -999.0 -999.0 -999.0 -999.0 -999.0 
0.0 0.0 0.0 0.0 -999.0 -999.0 -999.0 -999.0 -999.0 -999.0 
0.0 0.0 0.0 0.0 -999.0 -999.0 -999.0 -999.0 -999.0 -999.0 
0.0 1.0 1.0 1.0 0.0 1.0 1.0 -999.0 -999.0 -999.0 
0.0 -999.0 -999.0 -999.0 -999.0 -999.0 -999.0 -999.0 -999.0 -999.0 
0.0 1.0 1.0 0.0 0.0 0.0 -999.0 -999.0 -999.0 -999.0 
0.0 0.0 0.0 0.0 -999.0 -999.0 -999.0 -999.0 -999.0 -999.0 
0.0 0.0 1.0 0.0 -999.0 -999.0 -999.0 -999.0 -999.0 -999.0 
0.0 0.0 0.0 0.0 -999.0 -999.0 -999.0 -999.0 -999.0 -999.0 
0.0 0.0 1.0 1.0 -999.0 -999.0 -999.0 -999.0 -999.0 -999.0 
0.0 0.0 0.0 0.0 -999.0 -999.0 -999.0 -999.0 -999.0 -999.0 
0.0 0.0 0.0 -999.0 -999.0 -999.0 -999.0 -999.0 -999.0 -999.0 
0.0 0.0 0.0 -999.0 -999.0 -999.0 -999.0 -999.0 -999.0 -999.0 
0.0 0.0 0.0 0.0 -999.0 -999.0 -999.0 -999.0 -999.0 -999.0 
0.0 0.0 0.0 0.0 -999.0 -999.0 -999.0 -999.0 -999.0 -999.0 
0.0 0.0 1.0 -999.0 -999.0 -999.0 -999.0 -999.0 -999.0 -999.0 
0.0 0.0 0.0 -999.0 -999.0 -999.0 -999.0 -999.0 -999.0 -999.0 
0.0 1.0 1.0 0.0 0.0 0.0 0.0 -999.0 -999.0 -999.0 
0.0 0.0 0.0 0.0 -999.0 -999.0 -999.0 -999.0 -999.0 -999.0 
0.0 0.0 1.0 1.0 1.0 -999.0 -999.0 -999.0 -999.0 -999.0 
0.0 0.0 0.0 0.0 0.0 0.0 0.0 0.0 0.0 -999.0 
0.0 0.0 0.0 0.0 0.0 0.0 -999.0 -999.0 -999.0 -999.0 
0.0 0.0 0.0 0.0 -999.0 -999.0 -999.0 -999.0 -999.0 -999.0 
0.0 0.0 0.0 0.0 -999.0 -999.0 -999.0 -999.0 -999.0 -999.0 
0.0 1.0 0.0 0.0 0.0 1.0 1.0 1.0 1.0 1.0 
0.0 0.0 0.0 0.0 -999.0 -999.0 -999.0 -999.0 -999.0 -999.0 
0.0 1.0 1.0 -999.0 -999.0 -999.0 -999.0 -999.0 -999.0 -999.0 
0.0 0.0 -999.0 -999.0 -999.0 -999.0 -999.0 -999.0 -999.0 -999.0 
0.0 0.0 0.0 0.0 0.0 0.0 0.0 0.0 0.0 -999.0 
0.0 0.0 0.0 0.0 -999.0 -999.0 -999.0 -999.0 -999.0 -999.0 
0.0 0.0 0.0 0.0 -999.0 -999.0 -999.0 -999.0 -999.0 -999.0 
0.0 0.0 0.0 0.0 -999.0 -999.0 -999.0 -999.0 -999.0 -999.0 
0.0 0.0 0.0 0.0 -999.0 -999.0 -999.0 -999.0 -999.0 -999.0 
0.0 0.0 0.0 0.0 0.0 0.0 -999.0 -999.0 -999.0 -999.0 
0.0 0.0 0.0 0.0 -999.0 -999.0 -999.0 -999.0 -999.0 -999.0 
0.0 0.0 0.0 0.0 0.0 -999.0 -999.0 -999.0 -999.0 -999.0 
0.0 0.0 0.0 0.0 -999.0 -999.0 -999.0 -999.0 -999.0 -999.0 
0.0 0.0 0.0 0.0 1.0 -999.0 -999.0 -999.0 -999.0 -999.0 
0.0 0.0 0.0 0.0 0.0 0.0 1.0 0.0 0.0 -999.0 
0.0 0.0 0.0 0.0 -999.0 -999.0 -999.0 -999.0 -999.0 -999.0 
0.0 0.0 0.0 0.0 0.0 0.0 1.0 -999.0 -999.0 -999.0 
0.0 1.0 0.0 0.0 1.0 -999.0 -999.0 -999.0 -999.0 -999.0 
0.0 0.0 0.0 0.0 0.0 -999.0 -999.0 -999.0 -999.0 -999.0 
0.0 0.0 0.0 -999.0 -999.0 -999.0 -999.0 -999.0 -999.0 -999.0 
0.0 0.0 0.0 0.0 0.0 0.0 -999.0 -999.0 -999.0 -999.0 
0.0 0.0 0.0 0.0 1.0 1.0 -999.0 -999.0 -999.0 -999.0 
0.0 0.0 0.0 0.0 -999.0 -999.0 -999.0 -999.0 -999.0 -999.0 
0.0 0.0 0.0 0.0 0.0 -999.0 -999.0 -999.0 -999.0 -999.0 
0.0 1.0 1.0 1.0 1.0 1.0 1.0 1.0 1.0 0.0 
0.0 0.0 0.0 0.0 0.0 -999.0 -999.0 -999.0 -999.0 -999.0 
0.0 0.0 0.0 0.0 0.0 -999.0 -999.0 -999.0 -999.0 -999.0 
0.0 0.0 1.0 0.0 0.0 -999.0 -999.0 -999.0 -999.0 -999.0 
1.0 0.0 1.0 0.0 -999.0 -999.0 -999.0 -999.0 -999.0 -999.0 
0.0 0.0 1.0 1.0 -999.0 -999.0 -999.0 -999.0 -999.0 -999.0 
1.0 0.0 0.0 -999.0 -999.0 -999.0 -999.0 -999.0 -999.0 -999.0 
0.0 0.0 0.0 0.0 0.0 0.0 0.0 0.0 -999.0 -999.0 
0.0 0.0 0.0 -999.0 -999.0 -999.0 -999.0 -999.0 -999.0 -999.0 
0.0 0.0 0.0 0.0 0.0 -999.0 -999.0 -999.0 -999.0 -999.0 
0.0 0.0 1.0 1.0 1.0 0.0 -999.0 -999.0 -999.0 -999.0 
0.0 0.0 0.0 0.0 0.0 0.0 0.0 0.0 0.0 0.0 
0.0 0.0 0.0 0.0 0.0 0.0 -999.0 -999.0 -999.0 -999.0 
0.0 0.0 0.0 0.0 -999.0 -999.0 -999.0 -999.0 -999.0 -999.0 
0.0 0.0 0.0 0.0 -999.0 -999.0 -999.0 -999.0 -999.0 -999.0 
0.0 0.0 0.0 0.0 0.0 0.0 0.0 -999.0 -999.0 -999.0 
0.0 0.0 0.0 0.0 -999.0 -999.0 -999.0 -999.0 -999.0 -999.0 
0.0 0.0 0.0 0.0 0.0 0.0 -999.0 -999.0 -999.0 -999.0 
0.0 0.0 0.0 0.0 -999.0 -999.0 -999.0 -999.0 -999.0 -999.0 
0.0 0.0 0.0 0.0 -999.0 -999.0 -999.0 -999.0 -999.0 -999.0 
0.0 0.0 0.0 0.0 0.0 -999.0 -999.0 -999.0 -999.0 -999.0 
0.0 0.0 0.0 0.0 -999.0 -999.0 -999.0 -999.0 -999.0 -999.0 
0.0 0.0 0.0 1.0 0.0 -999.0 -999.0 -999.0 -999.0 -999.0 
0.0 0.0 0.0 -999.0 -999.0 -999.0 -999.0 -999.0 -999.0 -999.0 
0.0 0.0 0.0 0.0 0.0 -999.0 -999.0 -999.0 -999.0 -999.0 
0.0 0.0 0.0 0.0 -999.0 -999.0 -999.0 -999.0 -999.0 -999.0 
0.0 0.0 0.0 0.0 -999.0 -999.0 -999.0 -999.0 -999.0 -999.0 
1.0 1.0 1.0 1.0 1.0 1.0 1.0 1.0 -999.0 -999.0 
0.0 0.0 0.0 0.0 -999.0 -999.0 -999.0 -999.0 -999.0 -999.0 
0.0 0.0 0.0 0.0 0.0 0.0 0.0 0.0 0.0 0.0 
0.0 0.0 0.0 0.0 0.0 -999.0 -999.0 -999.0 -999.0 -999.0 
0.0 0.0 0.0 0.0 0.0 0.0 0.0 0.0 0.0 0.0 
0.0 0.0 0.0 0.0 0.0 -999.0 -999.0 -999.0 -999.0 -999.0 
0.0 0.0 0.0 0.0 -999.0 -999.0 -999.0 -999.0 -999.0 -999.0 
0.0 0.0 0.0 0.0 -999.0 -999.0 -999.0 -999.0 -999.0 -999.0 
0.0 0.0 0.0 0.0 0.0 0.0 -999.0 -999.0 -999.0 -999.0 
0.0 0.0 0.0 0.0 -999.0 -999.0 -999.0 -999.0 -999.0 -999.0 
0.0 0.0 0.0 0.0 -999.0 -999.0 -999.0 -999.0 -999.0 -999.0 
0.0 0.0 0.0 0.0 -999.0 -999.0 -999.0 -999.0 -999.0 -999.0 
0.0 0.0 0.0 0.0 -999.0 -999.0 -999.0 -999.0 -999.0 -999.0 
0.0 0.0 0.0 0.0 -999.0 -999.0 -999.0 -999.0 -999.0 -999.0 
0.0 0.0 0.0 0.0 -999.0 -999.0 -999.0 -999.0 -999.0 -999.0 
0.0 0.0 0.0 0.0 1.0 1.0 0.0 -999.0 -999.0 -999.0 
0.0 0.0 0.0 0.0 -999.0 -999.0 -999.0 -999.0 -999.0 -999.0 
0.0 0.0 0.0 0.0 -999.0 -999.0 -999.0 -999.0 -999.0 -999.0 
0.0 0.0 1.0 1.0 0.0 -999.0 -999.0 -999.0 -999.0 -999.0 
0.0 0.0 -999.0 -999.0 -999.0 -999.0 -999.0 -999.0 -999.0 -999.0 
0.0 0.0 0.0 0.0 -999.0 -999.0 -999.0 -999.0 -999.0 -999.0 
0.0 0.0 0.0 0.0 -999.0 -999.0 -999.0 -999.0 -999.0 -999.0 
0.0 0.0 0.0 1.0 1.0 0.0 -999.0 -999.0 -999.0 -999.0 
0.0 1.0 0.0 1.0 -999.0 -999.0 -999.0 -999.0 -999.0 -999.0 
0.0 0.0 0.0 0.0 1.0 1.0 1.0 -999.0 -999.0 -999.0 
0.0 0.0 0.0 0.0 0.0 0.0 0.0 0.0 -999.0 -999.0 
0.0 0.0 0.0 0.0 -999.0 -999.0 -999.0 -999.0 -999.0 -999.0 
0.0 0.0 0.0 0.0 0.0 -999.0 -999.0 -999.0 -999.0 -999.0 
0.0 0.0 0.0 -999.0 -999.0 -999.0 -999.0 -999.0 -999.0 -999.0 
0.0 0.0 0.0 0.0 -999.0 -999.0 -999.0 -999.0 -999.0 -999.0 
0.0 0.0 0.0 0.0 0.0 -999.0 -999.0 -999.0 -999.0 -999.0 
0.0 0.0 0.0 0.0 -999.0 -999.0 -999.0 -999.0 -999.0 -999.0 
0.0 0.0 0.0 0.0 0.0 -999.0 -999.0 -999.0 -999.0 -999.0 
0.0 1.0 1.0 -999.0 -999.0 -999.0 -999.0 -999.0 -999.0 -999.0 
0.0 0.0 0.0 0.0 -999.0 -999.0 -999.0 -999.0 -999.0 -999.0 
0.0 0.0 0.0 0.0 0.0 0.0 -999.0 -999.0 -999.0 -999.0 
0.0 0.0 0.0 0.0 0.0 0.0 0.0 0.0 0.0 1.0 
0.0 0.0 0.0 -999.0 -999.0 -999.0 -999.0 -999.0 -999.0 -999.0 
0.0 0.0 0.0 0.0 0.0 0.0 0.0 -999.0 -999.0 -999.0 
0.0 0.0 0.0 0.0 -999.0 -999.0 -999.0 -999.0 -999.0 -999.0 
0.0 0.0 0.0 0.0 0.0 -999.0 -999.0 -999.0 -999.0 -999.0 
0.0 0.0 0.0 0.0 -999.0 -999.0 -999.0 -999.0 -999.0 -999.0 
0.0 0.0 0.0 0.0 1.0 0.0 0.0 0.0 -999.0 -999.0 
0.0 0.0 0.0 0.0 -999.0 -999.0 -999.0 -999.0 -999.0 -999.0 
0.0 0.0 0.0 0.0 0.0 0.0 0.0 -999.0 -999.0 -999.0 
0.0 0.0 0.0 0.0 -999.0 -999.0 -999.0 -999.0 -999.0 -999.0 
0.0 0.0 0.0 0.0 -999.0 -999.0 -999.0 -999.0 -999.0 -999.0 
0.0 0.0 0.0 1.0 -999.0 -999.0 -999.0 -999.0 -999.0 -999.0 
0.0 0.0 0.0 0.0 0.0 0.0 0.0 -999.0 -999.0 -999.0 
0.0 0.0 1.0 1.0 1.0 0.0 -999.0 -999.0 -999.0 -999.0 
0.0 0.0 0.0 0.0 0.0 -999.0 -999.0 -999.0 -999.0 -999.0 
0.0 0.0 0.0 0.0 0.0 -999.0 -999.0 -999.0 -999.0 -999.0 
0.0 0.0 0.0 0.0 -999.0 -999.0 -999.0 -999.0 -999.0 -999.0 
0.0 0.0 0.0 0.0 -999.0 -999.0 -999.0 -999.0 -999.0 -999.0 
0.0 0.0 0.0 0.0 -999.0 -999.0 -999.0 -999.0 -999.0 -999.0 
0.0 0.0 0.0 0.0 -999.0 -999.0 -999.0 -999.0 -999.0 -999.0 
1.0 1.0 1.0 0.0 1.0 0.0 0.0 -999.0 -999.0 -999.0 
0.0 0.0 0.0 1.0 1.0 -999.0 -999.0 -999.0 -999.0 -999.0 
0.0 0.0 0.0 0.0 0.0 -999.0 -999.0 -999.0 -999.0 -999.0 
1.0 1.0 1.0 -999.0 -999.0 -999.0 -999.0 -999.0 -999.0 -999.0 
0.0 0.0 0.0 0.0 -999.0 -999.0 -999.0 -999.0 -999.0 -999.0 
0.0 0.0 0.0 0.0 0.0 -999.0 -999.0 -999.0 -999.0 -999.0 
0.0 0.0 0.0 0.0 -999.0 -999.0 -999.0 -999.0 -999.0 -999.0 
0.0 0.0 0.0 0.0 0.0 0.0 0.0 0.0 0.0 -999.0 
0.0 0.0 1.0 1.0 1.0 0.0 -999.0 -999.0 -999.0 -999.0 
0.0 0.0 0.0 0.0 -999.0 -999.0 -999.0 -999.0 -999.0 -999.0 
0.0 0.0 0.0 0.0 0.0 -999.0 -999.0 -999.0 -999.0 -999.0 
0.0 0.0 0.0 0.0 -999.0 -999.0 -999.0 -999.0 -999.0 -999.0 
0.0 0.0 0.0 0.0 -999.0 -999.0 -999.0 -999.0 -999.0 -999.0 
0.0 0.0 0.0 0.0 -999.0 -999.0 -999.0 -999.0 -999.0 -999.0 
0.0 0.0 0.0 0.0 -999.0 -999.0 -999.0 -999.0 -999.0 -999.0 
0.0 0.0 0.0 0.0 -999.0 -999.0 -999.0 -999.0 -999.0 -999.0 
0.0 0.0 0.0 0.0 -999.0 -999.0 -999.0 -999.0 -999.0 -999.0 
0.0 0.0 -999.0 -999.0 -999.0 -999.0 -999.0 -999.0 -999.0 -999.0 
0.0 0.0 0.0 0.0 0.0 0.0 0.0 -999.0 -999.0 -999.0 
0.0 0.0 0.0 0.0 0.0 -999.0 -999.0 -999.0 -999.0 -999.0 
0.0 0.0 0.0 0.0 0.0 -999.0 -999.0 -999.0 -999.0 -999.0 
0.0 0.0 0.0 0.0 -999.0 -999.0 -999.0 -999.0 -999.0 -999.0 
0.0 0.0 0.0 0.0 -999.0 -999.0 -999.0 -999.0 -999.0 -999.0 
0.0 1.0 1.0 1.0 0.0 1.0 1.0 -999.0 -999.0 -999.0 
0.0 -999.0 -999.0 -999.0 -999.0 -999.0 -999.0 -999.0 -999.0 -999.0 
0.0 1.0 1.0 0.0 0.0 0.0 -999.0 -999.0 -999.0 -999.0 
Primary periods=1 Secondary periods: 10
- - - - - - - - - - - - - - - - - - - - - - - - - - - - -
 Spotted and Barred Owl Co-Occurrence
- - - - - - - - - - - - - - - - - - - - - - - - - - - - -
modtype=3 N=302 T=10 Groups=1 bootstraps=0

-->1-10
Matrix 1: rows=4, cols=3
            -,a1,a2,
psiA          1 0
psiB          0 1
phi           0 0
========================

Matrix 2: rows=51, cols=5
            -,b1,b2,b3,b4,
pA[1]         1 0 0 0
pA[2]         1 0 0 0
pA[3]         1 0 0 0
pA[4]         1 0 0 0
pA[5]         1 0 0 0
pA[6]         1 0 0 0
pA[7]         1 0 0 0
pA[8]         1 0 0 0
pA[9]         1 0 0 0
pA[10]        1 0 0 0
pB[1]         0 1 0 0
pB[2]         0 1 0 0
pB[3]         0 1 0 0
pB[4]         0 1 0 0
pB[5]         0 1 0 0
pB[6]         0 1 0 0
pB[7]         0 1 0 0
pB[8]         0 1 0 0
pB[9]         0 1 0 0
pB[10]        0 1 0 0
rA[1]         0 0 1 0
rA[2]         0 0 1 0
rA[3]         0 0 1 0
rA[4]         0 0 1 0
rA[5]         0 0 1 0
rA[6]         0 0 1 0
rA[7]         0 0 1 0
rA[8]         0 0 1 0
rA[9]         0 0 1 0
rA[10]        0 0 1 0
rB[1]         0 0 0 1
rB[2]         0 0 0 1
rB[3]         0 0 0 1
rB[4]         0 0 0 1
rB[5]         0 0 0 1
rB[6]         0 0 0 1
rB[7]         0 0 0 1
rB[8]         0 0 0 1
rB[9]         0 0 0 1
rB[10]        0 0 0 1
delta[1]      0 0 0 0
delta[2]      0 0 0 0
delta[3]      0 0 0 0
delta[4]      0 0 0 0
delta[5]      0 0 0 0
delta[6]      0 0 0 0
delta[7]      0 0 0 0
delta[8]      0 0 0 0
delta[9]      0 0 0 0
delta[10]     0 0 0 0
========================

Matrix 3: rows=0, cols=0
========================

Matrix 4: rows=0, cols=0
========================

Matrix 5: rows=0, cols=0
========================

Matrix 6: rows=0, cols=0
========================
fix(3)=1.000000

fix(3)=1.000000
fix(44)=1

fix(44)=1.000000
fix(45)=1

fix(45)=1.000000
fix(46)=1

fix(46)=1.000000
fix(47)=1

fix(47)=1.000000
fix(48)=1

fix(48)=1.000000
fix(49)=1

fix(49)=1.000000
fix(50)=1

fix(50)=1.000000
fix(51)=1

fix(51)=1.000000
fix(52)=1

fix(52)=1.000000
fix(53)=1

fix(53)=1.000000
Two Species, Single Season Model:
---------------------------------
-- standard parameterization requested: psiA,psiB,phi,pA,pB,rA,rB,delta
-- stacked input: 1st 151 records=species A, last 151 records=species B
Number of sites                = 151
Number of sampling occasions   = 10
Number of missing observations = 769

Number of parameters           = 6

Model:psiA,psiB,phi=1 ,pA,pB,     rA,rB,delta=1 flags:(0 0 0 0) (ind-occ det-eq det-ind init)

NPar=6 s=1-10

Number of parameters           = 6
Number of function calls           = 242
-2log(likelihood)              = 1258.9518
AIC                            = 1270.9518

varcov: nsig=6 eps=1.000000e-002
h(0)=1.966710e-002 parm(0)=9.667103e-001
h(1)=1.187905e-002 parm(1)=1.879053e-001
h(2)=2.498380e-002 parm(2)=1.498380e+000
h(3)=1.588253e-002 parm(3)=-5.882531e-001
h(4)=1.470073e-002 parm(4)=-4.700731e-001
h(5)=3.164502e-002 parm(5)=-2.164502e+000
hessian from varcov:
 2.285268e+001 -3.920065e+000 1.894243e-001 -1.793150e+000 1.079035e+001 2.408710e-001
 -3.920065e+000 2.275784e+001 -8.041952e+000 3.964871e+000 -2.942117e+000 5.652069e+000
 1.894243e-001 -8.041952e+000 1.922586e+001 4.231900e-002 -3.651526e+000 5.020713e+000
 -1.793150e+000 3.964871e+000 4.231900e-002 1.185641e+001 2.745962e+000 3.145867e-001
 1.079035e+001 -2.942117e+000 -3.651526e+000 2.745962e+000 4.360293e+001 4.294983e+000
 2.408710e-001 5.652069e+000 5.020713e+000 3.145867e-001 4.294983e+000 2.523747e+001
  22.852678  -3.920065   0.189424  -1.793150  10.790346   0.240871
  -3.920065  22.757844  -8.041952   3.964871  -2.942117   5.652069
   0.189424  -8.041952  19.225864   0.042319  -3.651526   5.020713
  -1.793150   3.964871   0.042319  11.856414   2.745962   0.314587
  10.790346  -2.942117  -3.651526   2.745962  43.602932   4.294983
   0.240871   5.652069   5.020713   0.314587   4.294983  25.237473
inverse:
 0.051552 0.004999 -0.001130 0.009158 -0.013164 0.000739
 0.004999 0.069923 0.037724 -0.024566 0.010621 -0.024714
 -0.001130 0.037724 0.076984 -0.015336 0.012773 -0.025735
 0.009158 -0.024566 -0.015336 0.096577 -0.012210 0.009339
 -0.013164 0.010621 0.012773 -0.012210 0.029702 -0.009697
 0.000739 -0.024714 -0.025735 0.009339 -0.009697 0.051805
mat*inverse:
 1.000000 -0.000000 -0.000000 0.000000 0.000000 0.000000
 -0.000000 1.000000 0.000000 -0.000000 0.000000 -0.000000
 0.000000 0.000000 1.000000 0.000000 -0.000000 -0.000000
 0.000000 -0.000000 -0.000000 1.000000 -0.000000 0.000000
 -0.000000 -0.000000 0.000000 -0.000000 1.000000 -0.000000
 -0.000000 0.000000 0.000000 -0.000000 0.000000 1.000000

Untransformed Estimates of coefficients for covariates (Beta's)
======================================================================
                                          estimate    std.error
A1   psiA                             :   0.966710    0.227051
A2   psiB                             :   0.187905    0.264430
B1   pA[1]                            :   1.498380    0.277460
B2   pB[1]                            :  -0.588253    0.310769
B3   rA[1]                            :  -0.470073    0.172344
B4   rB[1]                            :  -2.164502    0.227607

Variance-Covariance Matrix of Untransformed estimates (Beta's):
              A1         A2         B1         B2         B3         B4  
     A1    0.051552   0.004999  -0.001130   0.009158  -0.013164   0.000739
     A2    0.004999   0.069923   0.037724  -0.024566   0.010621  -0.024714
     B1   -0.001130   0.037724   0.076984  -0.015336   0.012773  -0.025735
     B2    0.009158  -0.024566  -0.015336   0.096577  -0.012210   0.009339
     B3   -0.013164   0.010621   0.012773  -0.012210   0.029702  -0.009697
     B4    0.000739  -0.024714  -0.025735   0.009339  -0.009697   0.051805
------------------------------

============================================================

   Individual Site estimates of <psiA> 
                Site               estimate  Std.err   95% conf. interval
psiA            1 site 1          :  0.7245   0.0453     0.6275 - 0.8040 

   Individual Site estimates of <psiB> 
                Site               estimate  Std.err   95% conf. interval
psiB            1 site 1          :  0.5468   0.0655     0.4181 - 0.6696 

   Individual Site estimates of <phi> 
                Site               estimate  Std.err   95% conf. interval
                   1         :     1.0000   0.0000     0.0000 - 0.0000 fixed

   Individual Site estimates of <pA[1]> 
                Site               estimate  Std.err   95% conf. interval
pA[1]           1 site 1          :  0.8173   0.0414     0.7220 - 0.8852 
pA[2]           1 site 1          :  0.8173   0.0414     0.7220 - 0.8852 
pA[3]           1 site 1          :  0.8173   0.0414     0.7220 - 0.8852 
pA[4]           1 site 1          :  0.8173   0.0414     0.7220 - 0.8852 
pA[5]           1 site 1          :  0.8173   0.0414     0.7220 - 0.8852 
pA[6]           1 site 1          :  0.8173   0.0414     0.7220 - 0.8852 
pA[7]           1 site 1          :  0.8173   0.0414     0.7220 - 0.8852 
pA[8]           1 site 1          :  0.8173   0.0414     0.7220 - 0.8852 
pA[9]           1 site 1          :  0.8173   0.0414     0.7220 - 0.8852 
pA[10]          1 site 1          :  0.8173   0.0414     0.7220 - 0.8852 

   Individual Site estimates of <pB[1]> 
                Site               estimate  Std.err   95% conf. interval
pB[1]           1 site 1          :  0.3570   0.0713     0.2319 - 0.5052 
pB[2]           1 site 1          :  0.3570   0.0713     0.2319 - 0.5052 
pB[3]           1 site 1          :  0.3570   0.0713     0.2319 - 0.5052 
pB[4]           1 site 1          :  0.3570   0.0713     0.2319 - 0.5052 
pB[5]           1 site 1          :  0.3570   0.0713     0.2319 - 0.5052 
pB[6]           1 site 1          :  0.3570   0.0713     0.2319 - 0.5052 
pB[7]           1 site 1          :  0.3570   0.0713     0.2319 - 0.5052 
pB[8]           1 site 1          :  0.3570   0.0713     0.2319 - 0.5052 
pB[9]           1 site 1          :  0.3570   0.0713     0.2319 - 0.5052 
pB[10]          1 site 1          :  0.3570   0.0713     0.2319 - 0.5052 

   Individual Site estimates of <rA[1]> 
                Site               estimate  Std.err   95% conf. interval
rA[1]           1 site 1          :  0.3846   0.0408     0.3083 - 0.4670 
rA[2]           1 site 1          :  0.3846   0.0408     0.3083 - 0.4670 
rA[3]           1 site 1          :  0.3846   0.0408     0.3083 - 0.4670 
rA[4]           1 site 1          :  0.3846   0.0408     0.3083 - 0.4670 
rA[5]           1 site 1          :  0.3846   0.0408     0.3083 - 0.4670 
rA[6]           1 site 1          :  0.3846   0.0408     0.3083 - 0.4670 
rA[7]           1 site 1          :  0.3846   0.0408     0.3083 - 0.4670 
rA[8]           1 site 1          :  0.3846   0.0408     0.3083 - 0.4670 
rA[9]           1 site 1          :  0.3846   0.0408     0.3083 - 0.4670 
rA[10]          1 site 1          :  0.3846   0.0408     0.3083 - 0.4670 

   Individual Site estimates of <rB[1]> 
                Site               estimate  Std.err   95% conf. interval
rB[1]           1 site 1          :  0.1030   0.0210     0.0685 - 0.1521 
rB[2]           1 site 1          :  0.1030   0.0210     0.0685 - 0.1521 
rB[3]           1 site 1          :  0.1030   0.0210     0.0685 - 0.1521 
rB[4]           1 site 1          :  0.1030   0.0210     0.0685 - 0.1521 
rB[5]           1 site 1          :  0.1030   0.0210     0.0685 - 0.1521 
rB[6]           1 site 1          :  0.1030   0.0210     0.0685 - 0.1521 
rB[7]           1 site 1          :  0.1030   0.0210     0.0685 - 0.1521 
rB[8]           1 site 1          :  0.1030   0.0210     0.0685 - 0.1521 
rB[9]           1 site 1          :  0.1030   0.0210     0.0685 - 0.1521 
rB[10]          1 site 1          :  0.1030   0.0210     0.0685 - 0.1521 

   Individual Site estimates of <delta[1]> 
                Site               estimate  Std.err   95% conf. interval
                   1         :     1.0000   0.0000     0.0000 - 0.0000 fixed
                   2         :     1.0000   0.0000     0.0000 - 0.0000 fixed
                   3         :     1.0000   0.0000     0.0000 - 0.0000 fixed
                   4         :     1.0000   0.0000     0.0000 - 0.0000 fixed
                   5         :     1.0000   0.0000     0.0000 - 0.0000 fixed
                   6         :     1.0000   0.0000     0.0000 - 0.0000 fixed
                   7         :     1.0000   0.0000     0.0000 - 0.0000 fixed
                   8         :     1.0000   0.0000     0.0000 - 0.0000 fixed
                   9         :     1.0000   0.0000     0.0000 - 0.0000 fixed
                  10         :     1.0000   0.0000     0.0000 - 0.0000 fixed

CPU time: 1.0 seconds

