

PRESENCE - Presence/Absence-Site Occupancy data analysis
Fri Oct 28 15:59:15 2011,       Version 4.0111018
- - - - - - - - - - - - - - - - - - - - - - - - - - - - -
==>i=spottedandbarredowl.pao
==>l=pres_psiA_psiB_phi=1__pA_pB_rA_rB_delta.out
==>name=psiA,psiB,phi=1 ,pA,pB,rA,rB,delta
==>model=3000
==>j=c:\documents and settings\cschwarz\desktop\spottedandbarredowls\spottedandbarredowl_project\spottedandbarredowl.dm
==>lmt=200
==>echo
model=3000 N,T-->302,10
modtype-->3    1: 0 1 1 1 -1 -1 -1 -1 -1 -1
   2: 1 1 1 1 -1 -1 -1 -1 -1 -1
   3: 0 1 0 0 -1 -1 -1 -1 -1 -1
   4: 1 1 1 1 -1 -1 -1 -1 -1 -1
   5: 0 0 0 1 -1 -1 -1 -1 -1 -1
   6: 0 1 1 -1 -1 -1 -1 -1 -1 -1
   7: 1 1 1 -1 -1 -1 -1 -1 -1 -1
   8: 0 0 0 0 -1 -1 -1 -1 -1 -1
   9: 0 0 0 0 -1 -1 -1 -1 -1 -1
  10: 1 1 1 -1 -1 -1 -1 -1 -1 -1
  11: 1 1 1 -1 -1 -1 -1 -1 -1 -1
  12: 1 1 1 1 1 0 1 -1 -1 -1
  13: 0 0 0 0 -1 -1 -1 -1 -1 -1
  14: 1 1 1 1 1 -1 -1 -1 -1 -1
  15: 1 0 0 0 0 0 0 1 1 -1
  16: 1 1 1 0 1 1 -1 -1 -1 -1
  17: 1 0 0 0 -1 -1 -1 -1 -1 -1
  18: 0 0 0 0 -1 -1 -1 -1 -1 -1
  19: 1 1 1 1 1 1 1 1 1 1
  20: 0 0 0 0 -1 -1 -1 -1 -1 -1
  21: 1 1 1 -1 -1 -1 -1 -1 -1 -1
  22: 1 1 -1 -1 -1 -1 -1 -1 -1 -1
  23: 1 0 0 1 0 0 1 0 1 -1
  24: 0 0 0 0 -1 -1 -1 -1 -1 -1
  25: 0 0 0 0 -1 -1 -1 -1 -1 -1
  26: 0 1 1 1 -1 -1 -1 -1 -1 -1
  27: 0 0 0 0 -1 -1 -1 -1 -1 -1
  28: 1 1 0 0 0 0 -1 -1 -1 -1
  29: 0 0 0 0 -1 -1 -1 -1 -1 -1
  30: 0 1 0 1 1 -1 -1 -1 -1 -1
  31: 0 0 0 0 -1 -1 -1 -1 -1 -1
  32: 0 0 1 1 1 -1 -1 -1 -1 -1
  33: 0 0 1 1 0 1 1 0 0 -1
  34: 0 0 0 0 -1 -1 -1 -1 -1 -1
  35: 1 0 0 0 1 1 1 -1 -1 -1
  36: 1 1 0 1 1 -1 -1 -1 -1 -1
  37: 0 1 0 0 1 -1 -1 -1 -1 -1
  38: 1 1 1 -1 -1 -1 -1 -1 -1 -1
  39: 1 1 1 0 1 1 -1 -1 -1 -1
  40: 0 1 0 1 1 1 -1 -1 -1 -1
  41: 0 0 0 0 -1 -1 -1 -1 -1 -1
  42: 0 0 1 0 0 -1 -1 -1 -1 -1
  43: 0 1 1 1 1 1 1 1 1 1
  44: 1 1 0 1 1 -1 -1 -1 -1 -1
  45: 0 0 0 1 0 -1 -1 -1 -1 -1
  46: 0 0 0 0 0 -1 -1 -1 -1 -1
  47: 1 1 1 1 -1 -1 -1 -1 -1 -1
  48: 0 1 1 1 -1 -1 -1 -1 -1 -1
  49: 1 1 1 -1 -1 -1 -1 -1 -1 -1
  50: 1 0 0 0 0 0 0 0 -1 -1
  51: 0 0 1 -1 -1 -1 -1 -1 -1 -1
  52: 1 1 0 0 1 -1 -1 -1 -1 -1
  53: 1 1 1 1 1 1 -1 -1 -1 -1
  54: 0 0 1 0 0 0 1 0 1 0
  55: 0 1 1 1 1 1 -1 -1 -1 -1
  56: 1 0 0 0 -1 -1 -1 -1 -1 -1
  57: 0 0 0 0 -1 -1 -1 -1 -1 -1
  58: 1 1 1 0 0 1 1 -1 -1 -1
  59: 0 0 0 0 -1 -1 -1 -1 -1 -1
  60: 1 0 1 1 0 0 -1 -1 -1 -1
  61: 0 1 0 0 -1 -1 -1 -1 -1 -1
  62: 0 1 1 1 -1 -1 -1 -1 -1 -1
  63: 0 1 1 0 0 -1 -1 -1 -1 -1
  64: 0 0 0 0 -1 -1 -1 -1 -1 -1
  65: 0 1 1 0 0 -1 -1 -1 -1 -1
  66: 0 1 1 -1 -1 -1 -1 -1 -1 -1
  67: 0 0 0 0 0 -1 -1 -1 -1 -1
  68: 0 0 0 0 -1 -1 -1 -1 -1 -1
  69: 0 0 0 0 -1 -1 -1 -1 -1 -1
  70: 1 1 1 1 1 1 1 1 -1 -1
  71: 0 0 0 0 -1 -1 -1 -1 -1 -1
  72: 1 0 1 1 1 1 0 1 0 1
  73: 0 0 0 0 0 -1 -1 -1 -1 -1
  74: 1 1 0 0 0 1 0 0 1 0
  75: 0 1 0 0 1 -1 -1 -1 -1 -1
  76: 0 0 0 0 -1 -1 -1 -1 -1 -1
  77: 0 0 0 0 -1 -1 -1 -1 -1 -1
  78: 1 0 0 0 0 0 -1 -1 -1 -1
  79: 0 0 0 0 -1 -1 -1 -1 -1 -1
  80: 0 0 0 0 -1 -1 -1 -1 -1 -1
  81: 0 0 0 0 -1 -1 -1 -1 -1 -1
  82: 0 0 0 0 -1 -1 -1 -1 -1 -1
  83: 0 0 0 0 -1 -1 -1 -1 -1 -1
  84: 0 0 0 0 -1 -1 -1 -1 -1 -1
  85: 1 1 0 1 1 1 1 -1 -1 -1
  86: 1 0 0 0 -1 -1 -1 -1 -1 -1
  87: 0 0 0 1 -1 -1 -1 -1 -1 -1
  88: 1 1 1 1 1 -1 -1 -1 -1 -1
  89: 0 0 -1 -1 -1 -1 -1 -1 -1 -1
  90: 0 0 1 0 -1 -1 -1 -1 -1 -1
  91: 0 0 0 0 -1 -1 -1 -1 -1 -1
  92: 1 0 1 1 1 1 -1 -1 -1 -1
  93: 1 1 1 1 -1 -1 -1 -1 -1 -1
  94: 0 0 0 0 1 1 1 -1 -1 -1
  95: 1 0 0 0 1 1 1 1 -1 -1
  96: 0 1 0 0 -1 -1 -1 -1 -1 -1
  97: 0 0 0 1 1 -1 -1 -1 -1 -1
  98: 1 1 1 -1 -1 -1 -1 -1 -1 -1
  99: 0 0 0 0 -1 -1 -1 -1 -1 -1
 100: 0 1 1 1 1 -1 -1 -1 -1 -1
 101: 0 1 0 0 -1 -1 -1 -1 -1 -1
 102: 0 0 1 1 0 -1 -1 -1 -1 -1
 103: 0 1 1 -1 -1 -1 -1 -1 -1 -1
 104: 1 1 1 1 -1 -1 -1 -1 -1 -1
 105: 1 0 1 0 0 0 -1 -1 -1 -1
 106: 1 0 0 1 0 1 0 0 1 1
 107: 1 1 1 -1 -1 -1 -1 -1 -1 -1
 108: 1 0 0 0 1 0 1 -1 -1 -1
 109: 0 0 0 0 -1 -1 -1 -1 -1 -1
 110: 0 1 0 1 1 -1 -1 -1 -1 -1
 111: 0 0 0 0 -1 -1 -1 -1 -1 -1
 112: 0 0 1 1 1 1 1 1 -1 -1
 113: 0 0 0 0 -1 -1 -1 -1 -1 -1
 114: 0 0 1 1 0 0 0 -1 -1 -1
 115: 0 0 1 0 -1 -1 -1 -1 -1 -1
 116: 0 0 0 0 -1 -1 -1 -1 -1 -1
 117: 0 1 1 1 -1 -1 -1 -1 -1 -1
 118: 0 1 1 1 1 0 0 -1 -1 -1
 119: 1 1 1 1 1 1 -1 -1 -1 -1
 120: 1 1 0 0 1 -1 -1 -1 -1 -1
 121: 0 1 1 0 0 -1 -1 -1 -1 -1
 122: 0 0 0 0 -1 -1 -1 -1 -1 -1
 123: 0 1 0 0 -1 -1 -1 -1 -1 -1
 124: 0 0 0 0 -1 -1 -1 -1 -1 -1
 125: 0 0 0 0 -1 -1 -1 -1 -1 -1
 126: 1 1 1 1 0 0 1 -1 -1 -1
 127: 1 0 1 1 1 -1 -1 -1 -1 -1
 128: 0 0 0 1 1 -1 -1 -1 -1 -1
 129: 1 1 1 -1 -1 -1 -1 -1 -1 -1
 130: 0 0 0 0 -1 -1 -1 -1 -1 -1
 131: 1 0 0 1 1 -1 -1 -1 -1 -1
 132: 0 0 0 0 -1 -1 -1 -1 -1 -1
 133: 1 0 0 0 0 0 1 1 0 -1
 134: 1 1 1 1 1 1 -1 -1 -1 -1
 135: 0 0 0 0 -1 -1 -1 -1 -1 -1
 136: 0 0 0 0 0 -1 -1 -1 -1 -1
 137: 0 0 0 0 -1 -1 -1 -1 -1 -1
 138: 0 0 0 0 -1 -1 -1 -1 -1 -1
 139: 1 0 1 1 -1 -1 -1 -1 -1 -1
 140: 0 0 0 1 -1 -1 -1 -1 -1 -1
 141: 0 0 0 0 -1 -1 -1 -1 -1 -1
 142: 0 0 0 0 -1 -1 -1 -1 -1 -1
 143: 1 1 -1 -1 -1 -1 -1 -1 -1 -1
 144: 1 0 1 1 1 0 1 -1 -1 -1
 145: 0 1 0 1 0 -1 -1 -1 -1 -1
 146: 0 0 0 0 0 -1 -1 -1 -1 -1
 147: 0 0 0 0 -1 -1 -1 -1 -1 -1
 148: 0 0 0 0 -1 -1 -1 -1 -1 -1
 149: 0 1 1 1 1 1 1 -1 -1 -1
 150: 0 -1 -1 -1 -1 -1 -1 -1 -1 -1
 151: 0 1 1 0 1 1 -1 -1 -1 -1
 152: 0 0 0 0 -1 -1 -1 -1 -1 -1
 153: 0 0 0 0 -1 -1 -1 -1 -1 -1
 154: 0 1 1 0 -1 -1 -1 -1 -1 -1
 155: 0 0 0 0 -1 -1 -1 -1 -1 -1
 156: 0 0 0 0 -1 -1 -1 -1 -1 -1
 157: 0 0 0 -1 -1 -1 -1 -1 -1 -1
 158: 0 0 0 -1 -1 -1 -1 -1 -1 -1
 159: 0 0 0 0 -1 -1 -1 -1 -1 -1
 160: 0 1 1 1 -1 -1 -1 -1 -1 -1
 161: 0 0 0 -1 -1 -1 -1 -1 -1 -1
 162: 0 0 0 -1 -1 -1 -1 -1 -1 -1
 163: 0 0 0 0 0 0 0 -1 -1 -1
 164: 0 0 0 0 -1 -1 -1 -1 -1 -1
 165: 0 0 0 0 0 -1 -1 -1 -1 -1
 166: 0 0 0 0 0 0 0 0 0 -1
 167: 0 0 0 0 0 0 -1 -1 -1 -1
 168: 0 0 0 0 -1 -1 -1 -1 -1 -1
 169: 0 0 0 0 -1 -1 -1 -1 -1 -1
 170: 0 0 0 0 0 0 0 0 0 0
 171: 0 0 0 0 -1 -1 -1 -1 -1 -1
 172: 0 0 0 -1 -1 -1 -1 -1 -1 -1
 173: 0 0 -1 -1 -1 -1 -1 -1 -1 -1
 174: 0 0 0 0 0 0 0 0 0 -1
 175: 0 0 0 0 -1 -1 -1 -1 -1 -1
 176: 0 0 0 0 -1 -1 -1 -1 -1 -1
 177: 0 0 0 0 -1 -1 -1 -1 -1 -1
 178: 0 0 0 0 -1 -1 -1 -1 -1 -1
 179: 1 0 0 0 0 0 -1 -1 -1 -1
 180: 0 0 0 0 -1 -1 -1 -1 -1 -1
 181: 0 0 0 0 0 -1 -1 -1 -1 -1
 182: 0 0 0 0 -1 -1 -1 -1 -1 -1
 183: 0 0 0 0 0 -1 -1 -1 -1 -1
 184: 0 0 0 0 0 0 0 0 0 -1
 185: 0 0 0 0 -1 -1 -1 -1 -1 -1
 186: 0 0 0 0 0 0 0 -1 -1 -1
 187: 0 0 0 0 0 -1 -1 -1 -1 -1
 188: 0 0 0 0 0 -1 -1 -1 -1 -1
 189: 0 0 0 -1 -1 -1 -1 -1 -1 -1
 190: 0 0 0 0 0 0 -1 -1 -1 -1
 191: 0 0 0 0 0 0 -1 -1 -1 -1
 192: 0 0 0 0 -1 -1 -1 -1 -1 -1
 193: 0 0 0 0 0 -1 -1 -1 -1 -1
 194: 0 0 0 0 0 0 0 0 0 0
 195: 0 0 0 0 0 -1 -1 -1 -1 -1
 196: 1 0 0 0 0 -1 -1 -1 -1 -1
 197: 0 0 1 0 1 -1 -1 -1 -1 -1
 198: 0 0 0 0 -1 -1 -1 -1 -1 -1
 199: 0 0 0 0 -1 -1 -1 -1 -1 -1
 200: 0 0 1 -1 -1 -1 -1 -1 -1 -1
 201: 0 0 0 0 1 0 0 0 -1 -1
 202: 0 0 1 -1 -1 -1 -1 -1 -1 -1
 203: 0 0 0 1 0 -1 -1 -1 -1 -1
 204: 0 0 0 0 0 0 -1 -1 -1 -1
 205: 0 0 1 1 0 1 0 0 0 0
 206: 0 0 0 0 0 0 -1 -1 -1 -1
 207: 0 0 1 0 -1 -1 -1 -1 -1 -1
 208: 0 0 0 0 -1 -1 -1 -1 -1 -1
 209: 0 0 0 0 0 0 0 -1 -1 -1
 210: 0 0 0 0 -1 -1 -1 -1 -1 -1
 211: 0 0 0 0 0 0 -1 -1 -1 -1
 212: 0 0 0 1 -1 -1 -1 -1 -1 -1
 213: 0 0 0 0 -1 -1 -1 -1 -1 -1
 214: 0 0 0 0 0 -1 -1 -1 -1 -1
 215: 1 0 0 0 -1 -1 -1 -1 -1 -1
 216: 1 0 0 1 1 -1 -1 -1 -1 -1
 217: 0 0 0 -1 -1 -1 -1 -1 -1 -1
 218: 1 1 1 1 0 -1 -1 -1 -1 -1
 219: 1 0 0 1 -1 -1 -1 -1 -1 -1
 220: 0 0 0 0 -1 -1 -1 -1 -1 -1
 221: 0 0 0 0 0 0 0 0 -1 -1
 222: 0 0 0 0 -1 -1 -1 -1 -1 -1
 223: 0 0 0 0 0 0 0 0 0 0
 224: 0 1 1 1 0 -1 -1 -1 -1 -1
 225: 0 0 0 0 1 0 0 0 1 1
 226: 0 0 0 0 0 -1 -1 -1 -1 -1
 227: 1 1 1 1 -1 -1 -1 -1 -1 -1
 228: 0 0 0 0 -1 -1 -1 -1 -1 -1
 229: 0 0 0 0 0 0 -1 -1 -1 -1
 230: 0 0 0 0 -1 -1 -1 -1 -1 -1
 231: 0 0 0 0 -1 -1 -1 -1 -1 -1
 232: 1 0 0 0 -1 -1 -1 -1 -1 -1
 233: 0 0 0 0 -1 -1 -1 -1 -1 -1
 234: 0 1 0 0 -1 -1 -1 -1 -1 -1
 235: 0 0 1 1 -1 -1 -1 -1 -1 -1
 236: 0 0 0 0 0 0 0 -1 -1 -1
 237: 0 0 0 0 -1 -1 -1 -1 -1 -1
 238: 0 0 0 0 -1 -1 -1 -1 -1 -1
 239: 0 0 0 0 0 -1 -1 -1 -1 -1
 240: 0 1 -1 -1 -1 -1 -1 -1 -1 -1
 241: 0 0 0 0 -1 -1 -1 -1 -1 -1
 242: 0 1 0 0 -1 -1 -1 -1 -1 -1
 243: 0 0 0 0 0 0 -1 -1 -1 -1
 244: 0 0 0 0 -1 -1 -1 -1 -1 -1
 245: 0 0 0 0 0 0 0 -1 -1 -1
 246: 0 0 0 0 0 0 0 0 -1 -1
 247: 0 0 0 0 -1 -1 -1 -1 -1 -1
 248: 0 0 0 0 0 -1 -1 -1 -1 -1
 249: 0 0 0 -1 -1 -1 -1 -1 -1 -1
 250: 1 0 0 0 -1 -1 -1 -1 -1 -1
 251: 1 0 0 0 0 -1 -1 -1 -1 -1
 252: 0 1 0 0 -1 -1 -1 -1 -1 -1
 253: 0 0 0 0 0 -1 -1 -1 -1 -1
 254: 0 0 0 -1 -1 -1 -1 -1 -1 -1
 255: 0 0 0 0 -1 -1 -1 -1 -1 -1
 256: 0 0 0 1 0 0 -1 -1 -1 -1
 257: 0 0 0 0 0 0 0 0 0 0
 258: 0 0 0 -1 -1 -1 -1 -1 -1 -1
 259: 0 0 0 0 0 0 0 -1 -1 -1
 260: 0 1 0 0 -1 -1 -1 -1 -1 -1
 261: 0 0 0 0 0 -1 -1 -1 -1 -1
 262: 0 0 0 0 -1 -1 -1 -1 -1 -1
 263: 0 0 0 0 0 0 0 0 -1 -1
 264: 1 0 0 0 -1 -1 -1 -1 -1 -1
 265: 0 0 0 0 0 0 0 -1 -1 -1
 266: 0 1 1 1 -1 -1 -1 -1 -1 -1
 267: 0 0 0 1 -1 -1 -1 -1 -1 -1
 268: 0 0 0 0 -1 -1 -1 -1 -1 -1
 269: 0 0 0 1 0 0 0 -1 -1 -1
 270: 1 0 0 0 0 0 -1 -1 -1 -1
 271: 0 0 0 0 0 -1 -1 -1 -1 -1
 272: 0 0 0 0 0 -1 -1 -1 -1 -1
 273: 0 0 0 0 -1 -1 -1 -1 -1 -1
 274: 0 0 0 0 -1 -1 -1 -1 -1 -1
 275: 0 0 0 0 -1 -1 -1 -1 -1 -1
 276: 0 0 0 0 -1 -1 -1 -1 -1 -1
 277: 0 0 0 0 0 0 0 -1 -1 -1
 278: 0 0 0 0 0 -1 -1 -1 -1 -1
 279: 0 0 0 0 0 -1 -1 -1 -1 -1
 280: 0 0 0 -1 -1 -1 -1 -1 -1 -1
 281: 0 0 0 1 -1 -1 -1 -1 -1 -1
 282: 0 0 1 1 0 -1 -1 -1 -1 -1
 283: 0 0 0 0 -1 -1 -1 -1 -1 -1
 284: 0 0 0 0 0 0 0 0 0 -1
 285: 0 0 0 0 0 0 -1 -1 -1 -1
 286: 0 1 0 0 -1 -1 -1 -1 -1 -1
 287: 0 0 0 0 0 -1 -1 -1 -1 -1
 288: 0 1 1 0 -1 -1 -1 -1 -1 -1
 289: 0 0 0 0 -1 -1 -1 -1 -1 -1
 290: 0 0 0 0 -1 -1 -1 -1 -1 -1
 291: 0 0 0 0 -1 -1 -1 -1 -1 -1
 292: 0 0 0 0 -1 -1 -1 -1 -1 -1
 293: 0 1 0 0 -1 -1 -1 -1 -1 -1
 294: 0 0 -1 -1 -1 -1 -1 -1 -1 -1
 295: 0 0 0 0 0 0 1 -1 -1 -1
 296: 0 0 0 0 0 -1 -1 -1 -1 -1
 297: 0 0 0 0 0 -1 -1 -1 -1 -1
 298: 0 0 0 0 -1 -1 -1 -1 -1 -1
 299: 0 0 0 0 -1 -1 -1 -1 -1 -1
 300: 0 0 0 0 0 0 0 -1 -1 -1
 301: 0 -1 -1 -1 -1 -1 -1 -1 -1 -1
 302: 0 0 0 0 0 0 -1 -1 -1 -1


********* Input Data summary *******
Number of sites                = 302
Number of sampling occasions   = 10
Number of missing observations = 1538
Data checksum = 33693

Naive occupancy estimate       = 0.4636

NSiteCovs-->0
NSampCovs-->1
samp_covname[0]=SampCov1

Site Covariates:

No Site covariates

 Sample Covariates:
  Covariate 0: SampCov1
0.0 0.0 0.0 0.0 -999.0 -999.0 -999.0 -999.0 -999.0 -999.0 
0.0 0.0 1.0 0.0 -999.0 -999.0 -999.0 -999.0 -999.0 -999.0 
0.0 0.0 0.0 0.0 -999.0 -999.0 -999.0 -999.0 -999.0 -999.0 
0.0 0.0 1.0 1.0 -999.0 -999.0 -999.0 -999.0 -999.0 -999.0 
0.0 0.0 0.0 0.0 -999.0 -999.0 -999.0 -999.0 -999.0 -999.0 
0.0 0.0 0.0 -999.0 -999.0 -999.0 -999.0 -999.0 -999.0 -999.0 
0.0 0.0 0.0 -999.0 -999.0 -999.0 -999.0 -999.0 -999.0 -999.0 
0.0 0.0 0.0 0.0 -999.0 -999.0 -999.0 -999.0 -999.0 -999.0 
0.0 0.0 0.0 0.0 -999.0 -999.0 -999.0 -999.0 -999.0 -999.0 
0.0 0.0 1.0 -999.0 -999.0 -999.0 -999.0 -999.0 -999.0 -999.0 
0.0 0.0 0.0 -999.0 -999.0 -999.0 -999.0 -999.0 -999.0 -999.0 
0.0 1.0 1.0 0.0 0.0 0.0 0.0 -999.0 -999.0 -999.0 
0.0 0.0 0.0 0.0 -999.0 -999.0 -999.0 -999.0 -999.0 -999.0 
0.0 0.0 1.0 1.0 1.0 -999.0 -999.0 -999.0 -999.0 -999.0 
0.0 0.0 0.0 0.0 0.0 0.0 0.0 0.0 0.0 -999.0 
0.0 0.0 0.0 0.0 0.0 0.0 -999.0 -999.0 -999.0 -999.0 
0.0 0.0 0.0 0.0 -999.0 -999.0 -999.0 -999.0 -999.0 -999.0 
0.0 0.0 0.0 0.0 -999.0 -999.0 -999.0 -999.0 -999.0 -999.0 
0.0 1.0 0.0 0.0 0.0 1.0 1.0 1.0 1.0 1.0 
0.0 0.0 0.0 0.0 -999.0 -999.0 -999.0 -999.0 -999.0 -999.0 
0.0 1.0 1.0 -999.0 -999.0 -999.0 -999.0 -999.0 -999.0 -999.0 
0.0 0.0 -999.0 -999.0 -999.0 -999.0 -999.0 -999.0 -999.0 -999.0 
0.0 0.0 0.0 0.0 0.0 0.0 0.0 0.0 0.0 -999.0 
0.0 0.0 0.0 0.0 -999.0 -999.0 -999.0 -999.0 -999.0 -999.0 
0.0 0.0 0.0 0.0 -999.0 -999.0 -999.0 -999.0 -999.0 -999.0 
0.0 0.0 0.0 0.0 -999.0 -999.0 -999.0 -999.0 -999.0 -999.0 
0.0 0.0 0.0 0.0 -999.0 -999.0 -999.0 -999.0 -999.0 -999.0 
0.0 0.0 0.0 0.0 0.0 0.0 -999.0 -999.0 -999.0 -999.0 
0.0 0.0 0.0 0.0 -999.0 -999.0 -999.0 -999.0 -999.0 -999.0 
0.0 0.0 0.0 0.0 0.0 -999.0 -999.0 -999.0 -999.0 -999.0 
0.0 0.0 0.0 0.0 -999.0 -999.0 -999.0 -999.0 -999.0 -999.0 
0.0 0.0 0.0 0.0 1.0 -999.0 -999.0 -999.0 -999.0 -999.0 
0.0 0.0 0.0 0.0 0.0 0.0 1.0 0.0 0.0 -999.0 
0.0 0.0 0.0 0.0 -999.0 -999.0 -999.0 -999.0 -999.0 -999.0 
0.0 0.0 0.0 0.0 0.0 0.0 1.0 -999.0 -999.0 -999.0 
0.0 1.0 0.0 0.0 1.0 -999.0 -999.0 -999.0 -999.0 -999.0 
0.0 0.0 0.0 0.0 0.0 -999.0 -999.0 -999.0 -999.0 -999.0 
0.0 0.0 0.0 -999.0 -999.0 -999.0 -999.0 -999.0 -999.0 -999.0 
0.0 0.0 0.0 0.0 0.0 0.0 -999.0 -999.0 -999.0 -999.0 
0.0 0.0 0.0 0.0 1.0 1.0 -999.0 -999.0 -999.0 -999.0 
0.0 0.0 0.0 0.0 -999.0 -999.0 -999.0 -999.0 -999.0 -999.0 
0.0 0.0 0.0 0.0 0.0 -999.0 -999.0 -999.0 -999.0 -999.0 
0.0 1.0 1.0 1.0 1.0 1.0 1.0 1.0 1.0 0.0 
0.0 0.0 0.0 0.0 0.0 -999.0 -999.0 -999.0 -999.0 -999.0 
0.0 0.0 0.0 0.0 0.0 -999.0 -999.0 -999.0 -999.0 -999.0 
0.0 0.0 1.0 0.0 0.0 -999.0 -999.0 -999.0 -999.0 -999.0 
1.0 0.0 1.0 0.0 -999.0 -999.0 -999.0 -999.0 -999.0 -999.0 
0.0 0.0 1.0 1.0 -999.0 -999.0 -999.0 -999.0 -999.0 -999.0 
1.0 0.0 0.0 -999.0 -999.0 -999.0 -999.0 -999.0 -999.0 -999.0 
0.0 0.0 0.0 0.0 0.0 0.0 0.0 0.0 -999.0 -999.0 
0.0 0.0 0.0 -999.0 -999.0 -999.0 -999.0 -999.0 -999.0 -999.0 
0.0 0.0 0.0 0.0 0.0 -999.0 -999.0 -999.0 -999.0 -999.0 
0.0 0.0 1.0 1.0 1.0 0.0 -999.0 -999.0 -999.0 -999.0 
0.0 0.0 0.0 0.0 0.0 0.0 0.0 0.0 0.0 0.0 
0.0 0.0 0.0 0.0 0.0 0.0 -999.0 -999.0 -999.0 -999.0 
0.0 0.0 0.0 0.0 -999.0 -999.0 -999.0 -999.0 -999.0 -999.0 
0.0 0.0 0.0 0.0 -999.0 -999.0 -999.0 -999.0 -999.0 -999.0 
0.0 0.0 0.0 0.0 0.0 0.0 0.0 -999.0 -999.0 -999.0 
0.0 0.0 0.0 0.0 -999.0 -999.0 -999.0 -999.0 -999.0 -999.0 
0.0 0.0 0.0 0.0 0.0 0.0 -999.0 -999.0 -999.0 -999.0 
0.0 0.0 0.0 0.0 -999.0 -999.0 -999.0 -999.0 -999.0 -999.0 
0.0 0.0 0.0 0.0 -999.0 -999.0 -999.0 -999.0 -999.0 -999.0 
0.0 0.0 0.0 0.0 0.0 -999.0 -999.0 -999.0 -999.0 -999.0 
0.0 0.0 0.0 0.0 -999.0 -999.0 -999.0 -999.0 -999.0 -999.0 
0.0 0.0 0.0 1.0 0.0 -999.0 -999.0 -999.0 -999.0 -999.0 
0.0 0.0 0.0 -999.0 -999.0 -999.0 -999.0 -999.0 -999.0 -999.0 
0.0 0.0 0.0 0.0 0.0 -999.0 -999.0 -999.0 -999.0 -999.0 
0.0 0.0 0.0 0.0 -999.0 -999.0 -999.0 -999.0 -999.0 -999.0 
0.0 0.0 0.0 0.0 -999.0 -999.0 -999.0 -999.0 -999.0 -999.0 
1.0 1.0 1.0 1.0 1.0 1.0 1.0 1.0 -999.0 -999.0 
0.0 0.0 0.0 0.0 -999.0 -999.0 -999.0 -999.0 -999.0 -999.0 
0.0 0.0 0.0 0.0 0.0 0.0 0.0 0.0 0.0 0.0 
0.0 0.0 0.0 0.0 0.0 -999.0 -999.0 -999.0 -999.0 -999.0 
0.0 0.0 0.0 0.0 0.0 0.0 0.0 0.0 0.0 0.0 
0.0 0.0 0.0 0.0 0.0 -999.0 -999.0 -999.0 -999.0 -999.0 
0.0 0.0 0.0 0.0 -999.0 -999.0 -999.0 -999.0 -999.0 -999.0 
0.0 0.0 0.0 0.0 -999.0 -999.0 -999.0 -999.0 -999.0 -999.0 
0.0 0.0 0.0 0.0 0.0 0.0 -999.0 -999.0 -999.0 -999.0 
0.0 0.0 0.0 0.0 -999.0 -999.0 -999.0 -999.0 -999.0 -999.0 
0.0 0.0 0.0 0.0 -999.0 -999.0 -999.0 -999.0 -999.0 -999.0 
0.0 0.0 0.0 0.0 -999.0 -999.0 -999.0 -999.0 -999.0 -999.0 
0.0 0.0 0.0 0.0 -999.0 -999.0 -999.0 -999.0 -999.0 -999.0 
0.0 0.0 0.0 0.0 -999.0 -999.0 -999.0 -999.0 -999.0 -999.0 
0.0 0.0 0.0 0.0 -999.0 -999.0 -999.0 -999.0 -999.0 -999.0 
0.0 0.0 0.0 0.0 1.0 1.0 0.0 -999.0 -999.0 -999.0 
0.0 0.0 0.0 0.0 -999.0 -999.0 -999.0 -999.0 -999.0 -999.0 
0.0 0.0 0.0 0.0 -999.0 -999.0 -999.0 -999.0 -999.0 -999.0 
0.0 0.0 1.0 1.0 0.0 -999.0 -999.0 -999.0 -999.0 -999.0 
0.0 0.0 -999.0 -999.0 -999.0 -999.0 -999.0 -999.0 -999.0 -999.0 
0.0 0.0 0.0 0.0 -999.0 -999.0 -999.0 -999.0 -999.0 -999.0 
0.0 0.0 0.0 0.0 -999.0 -999.0 -999.0 -999.0 -999.0 -999.0 
0.0 0.0 0.0 1.0 1.0 0.0 -999.0 -999.0 -999.0 -999.0 
0.0 1.0 0.0 1.0 -999.0 -999.0 -999.0 -999.0 -999.0 -999.0 
0.0 0.0 0.0 0.0 1.0 1.0 1.0 -999.0 -999.0 -999.0 
0.0 0.0 0.0 0.0 0.0 0.0 0.0 0.0 -999.0 -999.0 
0.0 0.0 0.0 0.0 -999.0 -999.0 -999.0 -999.0 -999.0 -999.0 
0.0 0.0 0.0 0.0 0.0 -999.0 -999.0 -999.0 -999.0 -999.0 
0.0 0.0 0.0 -999.0 -999.0 -999.0 -999.0 -999.0 -999.0 -999.0 
0.0 0.0 0.0 0.0 -999.0 -999.0 -999.0 -999.0 -999.0 -999.0 
0.0 0.0 0.0 0.0 0.0 -999.0 -999.0 -999.0 -999.0 -999.0 
0.0 0.0 0.0 0.0 -999.0 -999.0 -999.0 -999.0 -999.0 -999.0 
0.0 0.0 0.0 0.0 0.0 -999.0 -999.0 -999.0 -999.0 -999.0 
0.0 1.0 1.0 -999.0 -999.0 -999.0 -999.0 -999.0 -999.0 -999.0 
0.0 0.0 0.0 0.0 -999.0 -999.0 -999.0 -999.0 -999.0 -999.0 
0.0 0.0 0.0 0.0 0.0 0.0 -999.0 -999.0 -999.0 -999.0 
0.0 0.0 0.0 0.0 0.0 0.0 0.0 0.0 0.0 1.0 
0.0 0.0 0.0 -999.0 -999.0 -999.0 -999.0 -999.0 -999.0 -999.0 
0.0 0.0 0.0 0.0 0.0 0.0 0.0 -999.0 -999.0 -999.0 
0.0 0.0 0.0 0.0 -999.0 -999.0 -999.0 -999.0 -999.0 -999.0 
0.0 0.0 0.0 0.0 0.0 -999.0 -999.0 -999.0 -999.0 -999.0 
0.0 0.0 0.0 0.0 -999.0 -999.0 -999.0 -999.0 -999.0 -999.0 
0.0 0.0 0.0 0.0 1.0 0.0 0.0 0.0 -999.0 -999.0 
0.0 0.0 0.0 0.0 -999.0 -999.0 -999.0 -999.0 -999.0 -999.0 
0.0 0.0 0.0 0.0 0.0 0.0 0.0 -999.0 -999.0 -999.0 
0.0 0.0 0.0 0.0 -999.0 -999.0 -999.0 -999.0 -999.0 -999.0 
0.0 0.0 0.0 0.0 -999.0 -999.0 -999.0 -999.0 -999.0 -999.0 
0.0 0.0 0.0 1.0 -999.0 -999.0 -999.0 -999.0 -999.0 -999.0 
0.0 0.0 0.0 0.0 0.0 0.0 0.0 -999.0 -999.0 -999.0 
0.0 0.0 1.0 1.0 1.0 0.0 -999.0 -999.0 -999.0 -999.0 
0.0 0.0 0.0 0.0 0.0 -999.0 -999.0 -999.0 -999.0 -999.0 
0.0 0.0 0.0 0.0 0.0 -999.0 -999.0 -999.0 -999.0 -999.0 
0.0 0.0 0.0 0.0 -999.0 -999.0 -999.0 -999.0 -999.0 -999.0 
0.0 0.0 0.0 0.0 -999.0 -999.0 -999.0 -999.0 -999.0 -999.0 
0.0 0.0 0.0 0.0 -999.0 -999.0 -999.0 -999.0 -999.0 -999.0 
0.0 0.0 0.0 0.0 -999.0 -999.0 -999.0 -999.0 -999.0 -999.0 
1.0 1.0 1.0 0.0 1.0 0.0 0.0 -999.0 -999.0 -999.0 
0.0 0.0 0.0 1.0 1.0 -999.0 -999.0 -999.0 -999.0 -999.0 
0.0 0.0 0.0 0.0 0.0 -999.0 -999.0 -999.0 -999.0 -999.0 
1.0 1.0 1.0 -999.0 -999.0 -999.0 -999.0 -999.0 -999.0 -999.0 
0.0 0.0 0.0 0.0 -999.0 -999.0 -999.0 -999.0 -999.0 -999.0 
0.0 0.0 0.0 0.0 0.0 -999.0 -999.0 -999.0 -999.0 -999.0 
0.0 0.0 0.0 0.0 -999.0 -999.0 -999.0 -999.0 -999.0 -999.0 
0.0 0.0 0.0 0.0 0.0 0.0 0.0 0.0 0.0 -999.0 
0.0 0.0 1.0 1.0 1.0 0.0 -999.0 -999.0 -999.0 -999.0 
0.0 0.0 0.0 0.0 -999.0 -999.0 -999.0 -999.0 -999.0 -999.0 
0.0 0.0 0.0 0.0 0.0 -999.0 -999.0 -999.0 -999.0 -999.0 
0.0 0.0 0.0 0.0 -999.0 -999.0 -999.0 -999.0 -999.0 -999.0 
0.0 0.0 0.0 0.0 -999.0 -999.0 -999.0 -999.0 -999.0 -999.0 
0.0 0.0 0.0 0.0 -999.0 -999.0 -999.0 -999.0 -999.0 -999.0 
0.0 0.0 0.0 0.0 -999.0 -999.0 -999.0 -999.0 -999.0 -999.0 
0.0 0.0 0.0 0.0 -999.0 -999.0 -999.0 -999.0 -999.0 -999.0 
0.0 0.0 0.0 0.0 -999.0 -999.0 -999.0 -999.0 -999.0 -999.0 
0.0 0.0 -999.0 -999.0 -999.0 -999.0 -999.0 -999.0 -999.0 -999.0 
0.0 0.0 0.0 0.0 0.0 0.0 0.0 -999.0 -999.0 -999.0 
0.0 0.0 0.0 0.0 0.0 -999.0 -999.0 -999.0 -999.0 -999.0 
0.0 0.0 0.0 0.0 0.0 -999.0 -999.0 -999.0 -999.0 -999.0 
0.0 0.0 0.0 0.0 -999.0 -999.0 -999.0 -999.0 -999.0 -999.0 
0.0 0.0 0.0 0.0 -999.0 -999.0 -999.0 -999.0 -999.0 -999.0 
0.0 1.0 1.0 1.0 0.0 1.0 1.0 -999.0 -999.0 -999.0 
0.0 -999.0 -999.0 -999.0 -999.0 -999.0 -999.0 -999.0 -999.0 -999.0 
0.0 1.0 1.0 0.0 0.0 0.0 -999.0 -999.0 -999.0 -999.0 
0.0 0.0 0.0 0.0 -999.0 -999.0 -999.0 -999.0 -999.0 -999.0 
0.0 0.0 1.0 0.0 -999.0 -999.0 -999.0 -999.0 -999.0 -999.0 
0.0 0.0 0.0 0.0 -999.0 -999.0 -999.0 -999.0 -999.0 -999.0 
0.0 0.0 1.0 1.0 -999.0 -999.0 -999.0 -999.0 -999.0 -999.0 
0.0 0.0 0.0 0.0 -999.0 -999.0 -999.0 -999.0 -999.0 -999.0 
0.0 0.0 0.0 -999.0 -999.0 -999.0 -999.0 -999.0 -999.0 -999.0 
0.0 0.0 0.0 -999.0 -999.0 -999.0 -999.0 -999.0 -999.0 -999.0 
0.0 0.0 0.0 0.0 -999.0 -999.0 -999.0 -999.0 -999.0 -999.0 
0.0 0.0 0.0 0.0 -999.0 -999.0 -999.0 -999.0 -999.0 -999.0 
0.0 0.0 1.0 -999.0 -999.0 -999.0 -999.0 -999.0 -999.0 -999.0 
0.0 0.0 0.0 -999.0 -999.0 -999.0 -999.0 -999.0 -999.0 -999.0 
0.0 1.0 1.0 0.0 0.0 0.0 0.0 -999.0 -999.0 -999.0 
0.0 0.0 0.0 0.0 -999.0 -999.0 -999.0 -999.0 -999.0 -999.0 
0.0 0.0 1.0 1.0 1.0 -999.0 -999.0 -999.0 -999.0 -999.0 
0.0 0.0 0.0 0.0 0.0 0.0 0.0 0.0 0.0 -999.0 
0.0 0.0 0.0 0.0 0.0 0.0 -999.0 -999.0 -999.0 -999.0 
0.0 0.0 0.0 0.0 -999.0 -999.0 -999.0 -999.0 -999.0 -999.0 
0.0 0.0 0.0 0.0 -999.0 -999.0 -999.0 -999.0 -999.0 -999.0 
0.0 1.0 0.0 0.0 0.0 1.0 1.0 1.0 1.0 1.0 
0.0 0.0 0.0 0.0 -999.0 -999.0 -999.0 -999.0 -999.0 -999.0 
0.0 1.0 1.0 -999.0 -999.0 -999.0 -999.0 -999.0 -999.0 -999.0 
0.0 0.0 -999.0 -999.0 -999.0 -999.0 -999.0 -999.0 -999.0 -999.0 
0.0 0.0 0.0 0.0 0.0 0.0 0.0 0.0 0.0 -999.0 
0.0 0.0 0.0 0.0 -999.0 -999.0 -999.0 -999.0 -999.0 -999.0 
0.0 0.0 0.0 0.0 -999.0 -999.0 -999.0 -999.0 -999.0 -999.0 
0.0 0.0 0.0 0.0 -999.0 -999.0 -999.0 -999.0 -999.0 -999.0 
0.0 0.0 0.0 0.0 -999.0 -999.0 -999.0 -999.0 -999.0 -999.0 
0.0 0.0 0.0 0.0 0.0 0.0 -999.0 -999.0 -999.0 -999.0 
0.0 0.0 0.0 0.0 -999.0 -999.0 -999.0 -999.0 -999.0 -999.0 
0.0 0.0 0.0 0.0 0.0 -999.0 -999.0 -999.0 -999.0 -999.0 
0.0 0.0 0.0 0.0 -999.0 -999.0 -999.0 -999.0 -999.0 -999.0 
0.0 0.0 0.0 0.0 1.0 -999.0 -999.0 -999.0 -999.0 -999.0 
0.0 0.0 0.0 0.0 0.0 0.0 1.0 0.0 0.0 -999.0 
0.0 0.0 0.0 0.0 -999.0 -999.0 -999.0 -999.0 -999.0 -999.0 
0.0 0.0 0.0 0.0 0.0 0.0 1.0 -999.0 -999.0 -999.0 
0.0 1.0 0.0 0.0 1.0 -999.0 -999.0 -999.0 -999.0 -999.0 
0.0 0.0 0.0 0.0 0.0 -999.0 -999.0 -999.0 -999.0 -999.0 
0.0 0.0 0.0 -999.0 -999.0 -999.0 -999.0 -999.0 -999.0 -999.0 
0.0 0.0 0.0 0.0 0.0 0.0 -999.0 -999.0 -999.0 -999.0 
0.0 0.0 0.0 0.0 1.0 1.0 -999.0 -999.0 -999.0 -999.0 
0.0 0.0 0.0 0.0 -999.0 -999.0 -999.0 -999.0 -999.0 -999.0 
0.0 0.0 0.0 0.0 0.0 -999.0 -999.0 -999.0 -999.0 -999.0 
0.0 1.0 1.0 1.0 1.0 1.0 1.0 1.0 1.0 0.0 
0.0 0.0 0.0 0.0 0.0 -999.0 -999.0 -999.0 -999.0 -999.0 
0.0 0.0 0.0 0.0 0.0 -999.0 -999.0 -999.0 -999.0 -999.0 
0.0 0.0 1.0 0.0 0.0 -999.0 -999.0 -999.0 -999.0 -999.0 
1.0 0.0 1.0 0.0 -999.0 -999.0 -999.0 -999.0 -999.0 -999.0 
0.0 0.0 1.0 1.0 -999.0 -999.0 -999.0 -999.0 -999.0 -999.0 
1.0 0.0 0.0 -999.0 -999.0 -999.0 -999.0 -999.0 -999.0 -999.0 
0.0 0.0 0.0 0.0 0.0 0.0 0.0 0.0 -999.0 -999.0 
0.0 0.0 0.0 -999.0 -999.0 -999.0 -999.0 -999.0 -999.0 -999.0 
0.0 0.0 0.0 0.0 0.0 -999.0 -999.0 -999.0 -999.0 -999.0 
0.0 0.0 1.0 1.0 1.0 0.0 -999.0 -999.0 -999.0 -999.0 
0.0 0.0 0.0 0.0 0.0 0.0 0.0 0.0 0.0 0.0 
0.0 0.0 0.0 0.0 0.0 0.0 -999.0 -999.0 -999.0 -999.0 
0.0 0.0 0.0 0.0 -999.0 -999.0 -999.0 -999.0 -999.0 -999.0 
0.0 0.0 0.0 0.0 -999.0 -999.0 -999.0 -999.0 -999.0 -999.0 
0.0 0.0 0.0 0.0 0.0 0.0 0.0 -999.0 -999.0 -999.0 
0.0 0.0 0.0 0.0 -999.0 -999.0 -999.0 -999.0 -999.0 -999.0 
0.0 0.0 0.0 0.0 0.0 0.0 -999.0 -999.0 -999.0 -999.0 
0.0 0.0 0.0 0.0 -999.0 -999.0 -999.0 -999.0 -999.0 -999.0 
0.0 0.0 0.0 0.0 -999.0 -999.0 -999.0 -999.0 -999.0 -999.0 
0.0 0.0 0.0 0.0 0.0 -999.0 -999.0 -999.0 -999.0 -999.0 
0.0 0.0 0.0 0.0 -999.0 -999.0 -999.0 -999.0 -999.0 -999.0 
0.0 0.0 0.0 1.0 0.0 -999.0 -999.0 -999.0 -999.0 -999.0 
0.0 0.0 0.0 -999.0 -999.0 -999.0 -999.0 -999.0 -999.0 -999.0 
0.0 0.0 0.0 0.0 0.0 -999.0 -999.0 -999.0 -999.0 -999.0 
0.0 0.0 0.0 0.0 -999.0 -999.0 -999.0 -999.0 -999.0 -999.0 
0.0 0.0 0.0 0.0 -999.0 -999.0 -999.0 -999.0 -999.0 -999.0 
1.0 1.0 1.0 1.0 1.0 1.0 1.0 1.0 -999.0 -999.0 
0.0 0.0 0.0 0.0 -999.0 -999.0 -999.0 -999.0 -999.0 -999.0 
0.0 0.0 0.0 0.0 0.0 0.0 0.0 0.0 0.0 0.0 
0.0 0.0 0.0 0.0 0.0 -999.0 -999.0 -999.0 -999.0 -999.0 
0.0 0.0 0.0 0.0 0.0 0.0 0.0 0.0 0.0 0.0 
0.0 0.0 0.0 0.0 0.0 -999.0 -999.0 -999.0 -999.0 -999.0 
0.0 0.0 0.0 0.0 -999.0 -999.0 -999.0 -999.0 -999.0 -999.0 
0.0 0.0 0.0 0.0 -999.0 -999.0 -999.0 -999.0 -999.0 -999.0 
0.0 0.0 0.0 0.0 0.0 0.0 -999.0 -999.0 -999.0 -999.0 
0.0 0.0 0.0 0.0 -999.0 -999.0 -999.0 -999.0 -999.0 -999.0 
0.0 0.0 0.0 0.0 -999.0 -999.0 -999.0 -999.0 -999.0 -999.0 
0.0 0.0 0.0 0.0 -999.0 -999.0 -999.0 -999.0 -999.0 -999.0 
0.0 0.0 0.0 0.0 -999.0 -999.0 -999.0 -999.0 -999.0 -999.0 
0.0 0.0 0.0 0.0 -999.0 -999.0 -999.0 -999.0 -999.0 -999.0 
0.0 0.0 0.0 0.0 -999.0 -999.0 -999.0 -999.0 -999.0 -999.0 
0.0 0.0 0.0 0.0 1.0 1.0 0.0 -999.0 -999.0 -999.0 
0.0 0.0 0.0 0.0 -999.0 -999.0 -999.0 -999.0 -999.0 -999.0 
0.0 0.0 0.0 0.0 -999.0 -999.0 -999.0 -999.0 -999.0 -999.0 
0.0 0.0 1.0 1.0 0.0 -999.0 -999.0 -999.0 -999.0 -999.0 
0.0 0.0 -999.0 -999.0 -999.0 -999.0 -999.0 -999.0 -999.0 -999.0 
0.0 0.0 0.0 0.0 -999.0 -999.0 -999.0 -999.0 -999.0 -999.0 
0.0 0.0 0.0 0.0 -999.0 -999.0 -999.0 -999.0 -999.0 -999.0 
0.0 0.0 0.0 1.0 1.0 0.0 -999.0 -999.0 -999.0 -999.0 
0.0 1.0 0.0 1.0 -999.0 -999.0 -999.0 -999.0 -999.0 -999.0 
0.0 0.0 0.0 0.0 1.0 1.0 1.0 -999.0 -999.0 -999.0 
0.0 0.0 0.0 0.0 0.0 0.0 0.0 0.0 -999.0 -999.0 
0.0 0.0 0.0 0.0 -999.0 -999.0 -999.0 -999.0 -999.0 -999.0 
0.0 0.0 0.0 0.0 0.0 -999.0 -999.0 -999.0 -999.0 -999.0 
0.0 0.0 0.0 -999.0 -999.0 -999.0 -999.0 -999.0 -999.0 -999.0 
0.0 0.0 0.0 0.0 -999.0 -999.0 -999.0 -999.0 -999.0 -999.0 
0.0 0.0 0.0 0.0 0.0 -999.0 -999.0 -999.0 -999.0 -999.0 
0.0 0.0 0.0 0.0 -999.0 -999.0 -999.0 -999.0 -999.0 -999.0 
0.0 0.0 0.0 0.0 0.0 -999.0 -999.0 -999.0 -999.0 -999.0 
0.0 1.0 1.0 -999.0 -999.0 -999.0 -999.0 -999.0 -999.0 -999.0 
0.0 0.0 0.0 0.0 -999.0 -999.0 -999.0 -999.0 -999.0 -999.0 
0.0 0.0 0.0 0.0 0.0 0.0 -999.0 -999.0 -999.0 -999.0 
0.0 0.0 0.0 0.0 0.0 0.0 0.0 0.0 0.0 1.0 
0.0 0.0 0.0 -999.0 -999.0 -999.0 -999.0 -999.0 -999.0 -999.0 
0.0 0.0 0.0 0.0 0.0 0.0 0.0 -999.0 -999.0 -999.0 
0.0 0.0 0.0 0.0 -999.0 -999.0 -999.0 -999.0 -999.0 -999.0 
0.0 0.0 0.0 0.0 0.0 -999.0 -999.0 -999.0 -999.0 -999.0 
0.0 0.0 0.0 0.0 -999.0 -999.0 -999.0 -999.0 -999.0 -999.0 
0.0 0.0 0.0 0.0 1.0 0.0 0.0 0.0 -999.0 -999.0 
0.0 0.0 0.0 0.0 -999.0 -999.0 -999.0 -999.0 -999.0 -999.0 
0.0 0.0 0.0 0.0 0.0 0.0 0.0 -999.0 -999.0 -999.0 
0.0 0.0 0.0 0.0 -999.0 -999.0 -999.0 -999.0 -999.0 -999.0 
0.0 0.0 0.0 0.0 -999.0 -999.0 -999.0 -999.0 -999.0 -999.0 
0.0 0.0 0.0 1.0 -999.0 -999.0 -999.0 -999.0 -999.0 -999.0 
0.0 0.0 0.0 0.0 0.0 0.0 0.0 -999.0 -999.0 -999.0 
0.0 0.0 1.0 1.0 1.0 0.0 -999.0 -999.0 -999.0 -999.0 
0.0 0.0 0.0 0.0 0.0 -999.0 -999.0 -999.0 -999.0 -999.0 
0.0 0.0 0.0 0.0 0.0 -999.0 -999.0 -999.0 -999.0 -999.0 
0.0 0.0 0.0 0.0 -999.0 -999.0 -999.0 -999.0 -999.0 -999.0 
0.0 0.0 0.0 0.0 -999.0 -999.0 -999.0 -999.0 -999.0 -999.0 
0.0 0.0 0.0 0.0 -999.0 -999.0 -999.0 -999.0 -999.0 -999.0 
0.0 0.0 0.0 0.0 -999.0 -999.0 -999.0 -999.0 -999.0 -999.0 
1.0 1.0 1.0 0.0 1.0 0.0 0.0 -999.0 -999.0 -999.0 
0.0 0.0 0.0 1.0 1.0 -999.0 -999.0 -999.0 -999.0 -999.0 
0.0 0.0 0.0 0.0 0.0 -999.0 -999.0 -999.0 -999.0 -999.0 
1.0 1.0 1.0 -999.0 -999.0 -999.0 -999.0 -999.0 -999.0 -999.0 
0.0 0.0 0.0 0.0 -999.0 -999.0 -999.0 -999.0 -999.0 -999.0 
0.0 0.0 0.0 0.0 0.0 -999.0 -999.0 -999.0 -999.0 -999.0 
0.0 0.0 0.0 0.0 -999.0 -999.0 -999.0 -999.0 -999.0 -999.0 
0.0 0.0 0.0 0.0 0.0 0.0 0.0 0.0 0.0 -999.0 
0.0 0.0 1.0 1.0 1.0 0.0 -999.0 -999.0 -999.0 -999.0 
0.0 0.0 0.0 0.0 -999.0 -999.0 -999.0 -999.0 -999.0 -999.0 
0.0 0.0 0.0 0.0 0.0 -999.0 -999.0 -999.0 -999.0 -999.0 
0.0 0.0 0.0 0.0 -999.0 -999.0 -999.0 -999.0 -999.0 -999.0 
0.0 0.0 0.0 0.0 -999.0 -999.0 -999.0 -999.0 -999.0 -999.0 
0.0 0.0 0.0 0.0 -999.0 -999.0 -999.0 -999.0 -999.0 -999.0 
0.0 0.0 0.0 0.0 -999.0 -999.0 -999.0 -999.0 -999.0 -999.0 
0.0 0.0 0.0 0.0 -999.0 -999.0 -999.0 -999.0 -999.0 -999.0 
0.0 0.0 0.0 0.0 -999.0 -999.0 -999.0 -999.0 -999.0 -999.0 
0.0 0.0 -999.0 -999.0 -999.0 -999.0 -999.0 -999.0 -999.0 -999.0 
0.0 0.0 0.0 0.0 0.0 0.0 0.0 -999.0 -999.0 -999.0 
0.0 0.0 0.0 0.0 0.0 -999.0 -999.0 -999.0 -999.0 -999.0 
0.0 0.0 0.0 0.0 0.0 -999.0 -999.0 -999.0 -999.0 -999.0 
0.0 0.0 0.0 0.0 -999.0 -999.0 -999.0 -999.0 -999.0 -999.0 
0.0 0.0 0.0 0.0 -999.0 -999.0 -999.0 -999.0 -999.0 -999.0 
0.0 1.0 1.0 1.0 0.0 1.0 1.0 -999.0 -999.0 -999.0 
0.0 -999.0 -999.0 -999.0 -999.0 -999.0 -999.0 -999.0 -999.0 -999.0 
0.0 1.0 1.0 0.0 0.0 0.0 -999.0 -999.0 -999.0 -999.0 
Primary periods=1 Secondary periods: 10
- - - - - - - - - - - - - - - - - - - - - - - - - - - - -
 Spotted and Barred Owl Co-Occurrence
- - - - - - - - - - - - - - - - - - - - - - - - - - - - -
modtype=3 N=302 T=10 Groups=1 bootstraps=0

-->1-10
Matrix 1: rows=4, cols=3
            -,a1,a2,
psiA          1 0
psiB          0 1
phi           0 0
========================

Matrix 2: rows=51, cols=6
            -,b1,b2,b3,b4,b5,
pA[1]         1 0 0 0 0
pA[2]         1 0 0 0 0
pA[3]         1 0 0 0 0
pA[4]         1 0 0 0 0
pA[5]         1 0 0 0 0
pA[6]         1 0 0 0 0
pA[7]         1 0 0 0 0
pA[8]         1 0 0 0 0
pA[9]         1 0 0 0 0
pA[10]        1 0 0 0 0
pB[1]         0 1 0 0 0
pB[2]         0 1 0 0 0
pB[3]         0 1 0 0 0
pB[4]         0 1 0 0 0
pB[5]         0 1 0 0 0
pB[6]         0 1 0 0 0
pB[7]         0 1 0 0 0
pB[8]         0 1 0 0 0
pB[9]         0 1 0 0 0
pB[10]        0 1 0 0 0
rA[1]         0 0 1 0 0
rA[2]         0 0 1 0 0
rA[3]         0 0 1 0 0
rA[4]         0 0 1 0 0
rA[5]         0 0 1 0 0
rA[6]         0 0 1 0 0
rA[7]         0 0 1 0 0
rA[8]         0 0 1 0 0
rA[9]         0 0 1 0 0
rA[10]        0 0 1 0 0
rB[1]         0 0 0 1 0
rB[2]         0 0 0 1 0
rB[3]         0 0 0 1 0
rB[4]         0 0 0 1 0
rB[5]         0 0 0 1 0
rB[6]         0 0 0 1 0
rB[7]         0 0 0 1 0
rB[8]         0 0 0 1 0
rB[9]         0 0 0 1 0
rB[10]        0 0 0 1 0
delta[1]      0 0 0 0 1
delta[2]      0 0 0 0 1
delta[3]      0 0 0 0 1
delta[4]      0 0 0 0 1
delta[5]      0 0 0 0 1
delta[6]      0 0 0 0 1
delta[7]      0 0 0 0 1
delta[8]      0 0 0 0 1
delta[9]      0 0 0 0 1
delta[10]     0 0 0 0 1
========================

Matrix 3: rows=0, cols=0
========================

Matrix 4: rows=0, cols=0
========================

Matrix 5: rows=0, cols=0
========================

Matrix 6: rows=0, cols=0
========================
fix(3)=1.000000

fix(3)=1.000000
Two Species, Single Season Model:
---------------------------------
-- standard parameterization requested: psiA,psiB,phi,pA,pB,rA,rB,delta
-- stacked input: 1st 151 records=species A, last 151 records=species B
Number of sites                = 151
Number of sampling occasions   = 10
Number of missing observations = 769

Number of parameters           = 7

Model:psiA,psiB,phi=1 ,pA,pB,rA,rB,delta flags:(0 0 0 0) (ind-occ det-eq det-ind init)

NPar=7 s=1-10

Number of parameters           = 7
Number of function calls           = 312
-2log(likelihood)              = 1258.8468
AIC                            = 1272.8468

varcov: nsig=6 eps=1.000000e-002
h(0)=1.962936e-002 parm(0)=9.629361e-001
h(1)=1.194100e-002 parm(1)=1.941000e-001
h(2)=2.505494e-002 parm(2)=1.505494e+000
h(3)=1.594133e-002 parm(3)=-5.941331e-001
h(4)=1.462042e-002 parm(4)=-4.620425e-001
h(5)=3.166555e-002 parm(5)=-2.166555e+000
h(6)=1.072605e-002 parm(6)=-7.260463e-002
hessian from varcov:
 2.296993e+001 -3.834648e+000 1.870792e-001 -1.759684e+000 1.075302e+001 2.912721e-001 -1.820600e-001
 -3.834648e+000 2.267511e+001 -7.990521e+000 4.037316e+000 -3.068385e+000 5.603860e+000 5.286467e-001
 1.870792e-001 -7.990521e+000 1.896273e+001 4.205035e-002 -3.473530e+000 4.932403e+000 5.985462e-001
 -1.759684e+000 4.037316e+000 4.205035e-002 1.179410e+001 2.724934e+000 3.741012e-001 -2.337884e-001
 1.075302e+001 -3.068385e+000 -3.473530e+000 2.724934e+000 4.373459e+001 4.832513e+000 2.720727e+000
 2.912721e-001 5.603860e+000 4.932403e+000 3.741012e-001 4.832513e+000 2.534253e+001 5.567549e-001
 -1.820600e-001 5.286467e-001 5.985462e-001 -2.337884e-001 2.720727e+000 5.567549e-001 1.937591e+001
  22.969931  -3.834648   0.187079  -1.759684  10.753017   0.291272  -0.182060
  -3.834648  22.675106  -7.990521   4.037316  -3.068385   5.603860   0.528647
   0.187079  -7.990521  18.962726   0.042050  -3.473530   4.932403   0.598546
  -1.759684   4.037316   0.042050  11.794104   2.724934   0.374101  -0.233788
  10.753017  -3.068385  -3.473530   2.724934  43.734592   4.832513   2.720727
   0.291272   5.603860   4.932403   0.374101   4.832513  25.342528   0.556755
  -0.182060   0.528647   0.598546  -0.233788   2.720727   0.556755  19.375913
inverse:
 0.051184 0.004406 -0.001439 0.009202 -0.013225 0.001052 0.002343
 0.004406 0.070883 0.038639 -0.025715 0.011589 -0.024981 -0.004306
 -0.001439 0.038639 0.078456 -0.016105 0.013475 -0.026023 -0.004830
 0.009202 -0.025715 -0.016105 0.097740 -0.012746 0.009615 0.003978
 -0.013225 0.011589 0.013475 -0.012746 0.030264 -0.010507 -0.004958
 0.001052 -0.024981 -0.026023 0.009615 -0.010507 0.051863 0.001597
 0.002343 -0.004306 -0.004830 0.003978 -0.004958 0.001597 0.052598
mat*inverse:
 1.000000 0.000000 -0.000000 0.000000 0.000000 -0.000000 0.000000
 0.000000 1.000000 0.000000 -0.000000 0.000000 -0.000000 -0.000000
 -0.000000 -0.000000 1.000000 0.000000 -0.000000 0.000000 0.000000
 -0.000000 0.000000 0.000000 1.000000 0.000000 0.000000 -0.000000
 0.000000 -0.000000 -0.000000 0.000000 1.000000 0.000000 0.000000
 -0.000000 -0.000000 -0.000000 0.000000 0.000000 1.000000 -0.000000
 0.000000 -0.000000 -0.000000 0.000000 0.000000 0.000000 1.000000

Untransformed Estimates of coefficients for covariates (Beta's)
======================================================================
                                          estimate    std.error
A1   psiA                             :   0.962936    0.226238
A2   psiB                             :   0.194100    0.266239
B1   pA[1]                            :   1.505494    0.280100
B2   pB[1]                            :  -0.594133    0.312634
B3   rA[1]                            :  -0.462042    0.173965
B4   rB[1]                            :  -2.166555    0.227733
B5   delta[1]                         :  -0.072605    0.229341

Variance-Covariance Matrix of Untransformed estimates (Beta's):
              A1         A2         B1         B2         B3         B4         B5  
     A1    0.051184   0.004406  -0.001439   0.009202  -0.013225   0.001052   0.002343
     A2    0.004406   0.070883   0.038639  -0.025715   0.011589  -0.024981  -0.004306
     B1   -0.001439   0.038639   0.078456  -0.016105   0.013475  -0.026023  -0.004830
     B2    0.009202  -0.025715  -0.016105   0.097740  -0.012746   0.009615   0.003978
     B3   -0.013225   0.011589   0.013475  -0.012746   0.030264  -0.010507  -0.004958
     B4    0.001052  -0.024981  -0.026023   0.009615  -0.010507   0.051863   0.001597
     B5    0.002343  -0.004306  -0.004830   0.003978  -0.004958   0.001597   0.052598
------------------------------

============================================================

   Individual Site estimates of <psiA> 
                Site               estimate  Std.err   95% conf. interval
psiA            1 site 1          :  0.7237   0.0452     0.6270 - 0.8032 

   Individual Site estimates of <psiB> 
                Site               estimate  Std.err   95% conf. interval
psiB            1 site 1          :  0.5484   0.0659     0.4188 - 0.6717 

   Individual Site estimates of <phi> 
                Site               estimate  Std.err   95% conf. interval
                   1         :     1.0000   0.0000     0.0000 - 0.0000 fixed

   Individual Site estimates of <pA[1]> 
                Site               estimate  Std.err   95% conf. interval
pA[1]           1 site 1          :  0.8184   0.0416     0.7224 - 0.8864 
pA[2]           1 site 1          :  0.8184   0.0416     0.7224 - 0.8864 
pA[3]           1 site 1          :  0.8184   0.0416     0.7224 - 0.8864 
pA[4]           1 site 1          :  0.8184   0.0416     0.7224 - 0.8864 
pA[5]           1 site 1          :  0.8184   0.0416     0.7224 - 0.8864 
pA[6]           1 site 1          :  0.8184   0.0416     0.7224 - 0.8864 
pA[7]           1 site 1          :  0.8184   0.0416     0.7224 - 0.8864 
pA[8]           1 site 1          :  0.8184   0.0416     0.7224 - 0.8864 
pA[9]           1 site 1          :  0.8184   0.0416     0.7224 - 0.8864 
pA[10]          1 site 1          :  0.8184   0.0416     0.7224 - 0.8864 

   Individual Site estimates of <pB[1]> 
                Site               estimate  Std.err   95% conf. interval
pB[1]           1 site 1          :  0.3557   0.0716     0.2303 - 0.5047 
pB[2]           1 site 1          :  0.3557   0.0716     0.2303 - 0.5047 
pB[3]           1 site 1          :  0.3557   0.0716     0.2303 - 0.5047 
pB[4]           1 site 1          :  0.3557   0.0716     0.2303 - 0.5047 
pB[5]           1 site 1          :  0.3557   0.0716     0.2303 - 0.5047 
pB[6]           1 site 1          :  0.3557   0.0716     0.2303 - 0.5047 
pB[7]           1 site 1          :  0.3557   0.0716     0.2303 - 0.5047 
pB[8]           1 site 1          :  0.3557   0.0716     0.2303 - 0.5047 
pB[9]           1 site 1          :  0.3557   0.0716     0.2303 - 0.5047 
pB[10]          1 site 1          :  0.3557   0.0716     0.2303 - 0.5047 

   Individual Site estimates of <rA[1]> 
                Site               estimate  Std.err   95% conf. interval
rA[1]           1 site 1          :  0.3865   0.0413     0.3094 - 0.4698 
rA[2]           1 site 1          :  0.3865   0.0413     0.3094 - 0.4698 
rA[3]           1 site 1          :  0.3865   0.0413     0.3094 - 0.4698 
rA[4]           1 site 1          :  0.3865   0.0413     0.3094 - 0.4698 
rA[5]           1 site 1          :  0.3865   0.0413     0.3094 - 0.4698 
rA[6]           1 site 1          :  0.3865   0.0413     0.3094 - 0.4698 
rA[7]           1 site 1          :  0.3865   0.0413     0.3094 - 0.4698 
rA[8]           1 site 1          :  0.3865   0.0413     0.3094 - 0.4698 
rA[9]           1 site 1          :  0.3865   0.0413     0.3094 - 0.4698 
rA[10]          1 site 1          :  0.3865   0.0413     0.3094 - 0.4698 

   Individual Site estimates of <rB[1]> 
                Site               estimate  Std.err   95% conf. interval
rB[1]           1 site 1          :  0.1028   0.0210     0.0683 - 0.1518 
rB[2]           1 site 1          :  0.1028   0.0210     0.0683 - 0.1518 
rB[3]           1 site 1          :  0.1028   0.0210     0.0683 - 0.1518 
rB[4]           1 site 1          :  0.1028   0.0210     0.0683 - 0.1518 
rB[5]           1 site 1          :  0.1028   0.0210     0.0683 - 0.1518 
rB[6]           1 site 1          :  0.1028   0.0210     0.0683 - 0.1518 
rB[7]           1 site 1          :  0.1028   0.0210     0.0683 - 0.1518 
rB[8]           1 site 1          :  0.1028   0.0210     0.0683 - 0.1518 
rB[9]           1 site 1          :  0.1028   0.0210     0.0683 - 0.1518 
rB[10]          1 site 1          :  0.1028   0.0210     0.0683 - 0.1518 

   Individual Site estimates of <delta[1]> 
                Site               estimate  Std.err   95% conf. interval
delta[1]        1 site 1          :  0.9300   0.2133     0.5933 - 1.4578 
delta[2]        1 site 1          :  0.9300   0.2133     0.5933 - 1.4578 
delta[3]        1 site 1          :  0.9300   0.2133     0.5933 - 1.4578 
delta[4]        1 site 1          :  0.9300   0.2133     0.5933 - 1.4578 
delta[5]        1 site 1          :  0.9300   0.2133     0.5933 - 1.4578 
delta[6]        1 site 1          :  0.9300   0.2133     0.5933 - 1.4578 
delta[7]        1 site 1          :  0.9300   0.2133     0.5933 - 1.4578 
delta[8]        1 site 1          :  0.9300   0.2133     0.5933 - 1.4578 
delta[9]        1 site 1          :  0.9300   0.2133     0.5933 - 1.4578 
delta[10]       1 site 1          :  0.9300   0.2133     0.5933 - 1.4578 

CPU time: 1.0 seconds

