

PRESENCE - Presence/Absence-Site Occupancy data analysis
Fri Oct 28 15:55:18 2011,       Version 4.0111018
- - - - - - - - - - - - - - - - - - - - - - - - - - - - -
==>i=spottedandbarredowl.pao
==>l=pres_psiA_psiB_phi_pA_pB_rA_rB_delta.out
==>name=psiA,psiB,phi,pA,pB,rA,rB,delta
==>model=3000
==>j=c:\documents and settings\cschwarz\desktop\spottedandbarredowls\spottedandbarredowl_project\spottedandbarredowl.dm
==>lmt=200
==>echo
model=3000 N,T-->302,10
modtype-->3    1: 0 1 1 1 -1 -1 -1 -1 -1 -1
   2: 1 1 1 1 -1 -1 -1 -1 -1 -1
   3: 0 1 0 0 -1 -1 -1 -1 -1 -1
   4: 1 1 1 1 -1 -1 -1 -1 -1 -1
   5: 0 0 0 1 -1 -1 -1 -1 -1 -1
   6: 0 1 1 -1 -1 -1 -1 -1 -1 -1
   7: 1 1 1 -1 -1 -1 -1 -1 -1 -1
   8: 0 0 0 0 -1 -1 -1 -1 -1 -1
   9: 0 0 0 0 -1 -1 -1 -1 -1 -1
  10: 1 1 1 -1 -1 -1 -1 -1 -1 -1
  11: 1 1 1 -1 -1 -1 -1 -1 -1 -1
  12: 1 1 1 1 1 0 1 -1 -1 -1
  13: 0 0 0 0 -1 -1 -1 -1 -1 -1
  14: 1 1 1 1 1 -1 -1 -1 -1 -1
  15: 1 0 0 0 0 0 0 1 1 -1
  16: 1 1 1 0 1 1 -1 -1 -1 -1
  17: 1 0 0 0 -1 -1 -1 -1 -1 -1
  18: 0 0 0 0 -1 -1 -1 -1 -1 -1
  19: 1 1 1 1 1 1 1 1 1 1
  20: 0 0 0 0 -1 -1 -1 -1 -1 -1
  21: 1 1 1 -1 -1 -1 -1 -1 -1 -1
  22: 1 1 -1 -1 -1 -1 -1 -1 -1 -1
  23: 1 0 0 1 0 0 1 0 1 -1
  24: 0 0 0 0 -1 -1 -1 -1 -1 -1
  25: 0 0 0 0 -1 -1 -1 -1 -1 -1
  26: 0 1 1 1 -1 -1 -1 -1 -1 -1
  27: 0 0 0 0 -1 -1 -1 -1 -1 -1
  28: 1 1 0 0 0 0 -1 -1 -1 -1
  29: 0 0 0 0 -1 -1 -1 -1 -1 -1
  30: 0 1 0 1 1 -1 -1 -1 -1 -1
  31: 0 0 0 0 -1 -1 -1 -1 -1 -1
  32: 0 0 1 1 1 -1 -1 -1 -1 -1
  33: 0 0 1 1 0 1 1 0 0 -1
  34: 0 0 0 0 -1 -1 -1 -1 -1 -1
  35: 1 0 0 0 1 1 1 -1 -1 -1
  36: 1 1 0 1 1 -1 -1 -1 -1 -1
  37: 0 1 0 0 1 -1 -1 -1 -1 -1
  38: 1 1 1 -1 -1 -1 -1 -1 -1 -1
  39: 1 1 1 0 1 1 -1 -1 -1 -1
  40: 0 1 0 1 1 1 -1 -1 -1 -1
  41: 0 0 0 0 -1 -1 -1 -1 -1 -1
  42: 0 0 1 0 0 -1 -1 -1 -1 -1
  43: 0 1 1 1 1 1 1 1 1 1
  44: 1 1 0 1 1 -1 -1 -1 -1 -1
  45: 0 0 0 1 0 -1 -1 -1 -1 -1
  46: 0 0 0 0 0 -1 -1 -1 -1 -1
  47: 1 1 1 1 -1 -1 -1 -1 -1 -1
  48: 0 1 1 1 -1 -1 -1 -1 -1 -1
  49: 1 1 1 -1 -1 -1 -1 -1 -1 -1
  50: 1 0 0 0 0 0 0 0 -1 -1
  51: 0 0 1 -1 -1 -1 -1 -1 -1 -1
  52: 1 1 0 0 1 -1 -1 -1 -1 -1
  53: 1 1 1 1 1 1 -1 -1 -1 -1
  54: 0 0 1 0 0 0 1 0 1 0
  55: 0 1 1 1 1 1 -1 -1 -1 -1
  56: 1 0 0 0 -1 -1 -1 -1 -1 -1
  57: 0 0 0 0 -1 -1 -1 -1 -1 -1
  58: 1 1 1 0 0 1 1 -1 -1 -1
  59: 0 0 0 0 -1 -1 -1 -1 -1 -1
  60: 1 0 1 1 0 0 -1 -1 -1 -1
  61: 0 1 0 0 -1 -1 -1 -1 -1 -1
  62: 0 1 1 1 -1 -1 -1 -1 -1 -1
  63: 0 1 1 0 0 -1 -1 -1 -1 -1
  64: 0 0 0 0 -1 -1 -1 -1 -1 -1
  65: 0 1 1 0 0 -1 -1 -1 -1 -1
  66: 0 1 1 -1 -1 -1 -1 -1 -1 -1
  67: 0 0 0 0 0 -1 -1 -1 -1 -1
  68: 0 0 0 0 -1 -1 -1 -1 -1 -1
  69: 0 0 0 0 -1 -1 -1 -1 -1 -1
  70: 1 1 1 1 1 1 1 1 -1 -1
  71: 0 0 0 0 -1 -1 -1 -1 -1 -1
  72: 1 0 1 1 1 1 0 1 0 1
  73: 0 0 0 0 0 -1 -1 -1 -1 -1
  74: 1 1 0 0 0 1 0 0 1 0
  75: 0 1 0 0 1 -1 -1 -1 -1 -1
  76: 0 0 0 0 -1 -1 -1 -1 -1 -1
  77: 0 0 0 0 -1 -1 -1 -1 -1 -1
  78: 1 0 0 0 0 0 -1 -1 -1 -1
  79: 0 0 0 0 -1 -1 -1 -1 -1 -1
  80: 0 0 0 0 -1 -1 -1 -1 -1 -1
  81: 0 0 0 0 -1 -1 -1 -1 -1 -1
  82: 0 0 0 0 -1 -1 -1 -1 -1 -1
  83: 0 0 0 0 -1 -1 -1 -1 -1 -1
  84: 0 0 0 0 -1 -1 -1 -1 -1 -1
  85: 1 1 0 1 1 1 1 -1 -1 -1
  86: 1 0 0 0 -1 -1 -1 -1 -1 -1
  87: 0 0 0 1 -1 -1 -1 -1 -1 -1
  88: 1 1 1 1 1 -1 -1 -1 -1 -1
  89: 0 0 -1 -1 -1 -1 -1 -1 -1 -1
  90: 0 0 1 0 -1 -1 -1 -1 -1 -1
  91: 0 0 0 0 -1 -1 -1 -1 -1 -1
  92: 1 0 1 1 1 1 -1 -1 -1 -1
  93: 1 1 1 1 -1 -1 -1 -1 -1 -1
  94: 0 0 0 0 1 1 1 -1 -1 -1
  95: 1 0 0 0 1 1 1 1 -1 -1
  96: 0 1 0 0 -1 -1 -1 -1 -1 -1
  97: 0 0 0 1 1 -1 -1 -1 -1 -1
  98: 1 1 1 -1 -1 -1 -1 -1 -1 -1
  99: 0 0 0 0 -1 -1 -1 -1 -1 -1
 100: 0 1 1 1 1 -1 -1 -1 -1 -1
 101: 0 1 0 0 -1 -1 -1 -1 -1 -1
 102: 0 0 1 1 0 -1 -1 -1 -1 -1
 103: 0 1 1 -1 -1 -1 -1 -1 -1 -1
 104: 1 1 1 1 -1 -1 -1 -1 -1 -1
 105: 1 0 1 0 0 0 -1 -1 -1 -1
 106: 1 0 0 1 0 1 0 0 1 1
 107: 1 1 1 -1 -1 -1 -1 -1 -1 -1
 108: 1 0 0 0 1 0 1 -1 -1 -1
 109: 0 0 0 0 -1 -1 -1 -1 -1 -1
 110: 0 1 0 1 1 -1 -1 -1 -1 -1
 111: 0 0 0 0 -1 -1 -1 -1 -1 -1
 112: 0 0 1 1 1 1 1 1 -1 -1
 113: 0 0 0 0 -1 -1 -1 -1 -1 -1
 114: 0 0 1 1 0 0 0 -1 -1 -1
 115: 0 0 1 0 -1 -1 -1 -1 -1 -1
 116: 0 0 0 0 -1 -1 -1 -1 -1 -1
 117: 0 1 1 1 -1 -1 -1 -1 -1 -1
 118: 0 1 1 1 1 0 0 -1 -1 -1
 119: 1 1 1 1 1 1 -1 -1 -1 -1
 120: 1 1 0 0 1 -1 -1 -1 -1 -1
 121: 0 1 1 0 0 -1 -1 -1 -1 -1
 122: 0 0 0 0 -1 -1 -1 -1 -1 -1
 123: 0 1 0 0 -1 -1 -1 -1 -1 -1
 124: 0 0 0 0 -1 -1 -1 -1 -1 -1
 125: 0 0 0 0 -1 -1 -1 -1 -1 -1
 126: 1 1 1 1 0 0 1 -1 -1 -1
 127: 1 0 1 1 1 -1 -1 -1 -1 -1
 128: 0 0 0 1 1 -1 -1 -1 -1 -1
 129: 1 1 1 -1 -1 -1 -1 -1 -1 -1
 130: 0 0 0 0 -1 -1 -1 -1 -1 -1
 131: 1 0 0 1 1 -1 -1 -1 -1 -1
 132: 0 0 0 0 -1 -1 -1 -1 -1 -1
 133: 1 0 0 0 0 0 1 1 0 -1
 134: 1 1 1 1 1 1 -1 -1 -1 -1
 135: 0 0 0 0 -1 -1 -1 -1 -1 -1
 136: 0 0 0 0 0 -1 -1 -1 -1 -1
 137: 0 0 0 0 -1 -1 -1 -1 -1 -1
 138: 0 0 0 0 -1 -1 -1 -1 -1 -1
 139: 1 0 1 1 -1 -1 -1 -1 -1 -1
 140: 0 0 0 1 -1 -1 -1 -1 -1 -1
 141: 0 0 0 0 -1 -1 -1 -1 -1 -1
 142: 0 0 0 0 -1 -1 -1 -1 -1 -1
 143: 1 1 -1 -1 -1 -1 -1 -1 -1 -1
 144: 1 0 1 1 1 0 1 -1 -1 -1
 145: 0 1 0 1 0 -1 -1 -1 -1 -1
 146: 0 0 0 0 0 -1 -1 -1 -1 -1
 147: 0 0 0 0 -1 -1 -1 -1 -1 -1
 148: 0 0 0 0 -1 -1 -1 -1 -1 -1
 149: 0 1 1 1 1 1 1 -1 -1 -1
 150: 0 -1 -1 -1 -1 -1 -1 -1 -1 -1
 151: 0 1 1 0 1 1 -1 -1 -1 -1
 152: 0 0 0 0 -1 -1 -1 -1 -1 -1
 153: 0 0 0 0 -1 -1 -1 -1 -1 -1
 154: 0 1 1 0 -1 -1 -1 -1 -1 -1
 155: 0 0 0 0 -1 -1 -1 -1 -1 -1
 156: 0 0 0 0 -1 -1 -1 -1 -1 -1
 157: 0 0 0 -1 -1 -1 -1 -1 -1 -1
 158: 0 0 0 -1 -1 -1 -1 -1 -1 -1
 159: 0 0 0 0 -1 -1 -1 -1 -1 -1
 160: 0 1 1 1 -1 -1 -1 -1 -1 -1
 161: 0 0 0 -1 -1 -1 -1 -1 -1 -1
 162: 0 0 0 -1 -1 -1 -1 -1 -1 -1
 163: 0 0 0 0 0 0 0 -1 -1 -1
 164: 0 0 0 0 -1 -1 -1 -1 -1 -1
 165: 0 0 0 0 0 -1 -1 -1 -1 -1
 166: 0 0 0 0 0 0 0 0 0 -1
 167: 0 0 0 0 0 0 -1 -1 -1 -1
 168: 0 0 0 0 -1 -1 -1 -1 -1 -1
 169: 0 0 0 0 -1 -1 -1 -1 -1 -1
 170: 0 0 0 0 0 0 0 0 0 0
 171: 0 0 0 0 -1 -1 -1 -1 -1 -1
 172: 0 0 0 -1 -1 -1 -1 -1 -1 -1
 173: 0 0 -1 -1 -1 -1 -1 -1 -1 -1
 174: 0 0 0 0 0 0 0 0 0 -1
 175: 0 0 0 0 -1 -1 -1 -1 -1 -1
 176: 0 0 0 0 -1 -1 -1 -1 -1 -1
 177: 0 0 0 0 -1 -1 -1 -1 -1 -1
 178: 0 0 0 0 -1 -1 -1 -1 -1 -1
 179: 1 0 0 0 0 0 -1 -1 -1 -1
 180: 0 0 0 0 -1 -1 -1 -1 -1 -1
 181: 0 0 0 0 0 -1 -1 -1 -1 -1
 182: 0 0 0 0 -1 -1 -1 -1 -1 -1
 183: 0 0 0 0 0 -1 -1 -1 -1 -1
 184: 0 0 0 0 0 0 0 0 0 -1
 185: 0 0 0 0 -1 -1 -1 -1 -1 -1
 186: 0 0 0 0 0 0 0 -1 -1 -1
 187: 0 0 0 0 0 -1 -1 -1 -1 -1
 188: 0 0 0 0 0 -1 -1 -1 -1 -1
 189: 0 0 0 -1 -1 -1 -1 -1 -1 -1
 190: 0 0 0 0 0 0 -1 -1 -1 -1
 191: 0 0 0 0 0 0 -1 -1 -1 -1
 192: 0 0 0 0 -1 -1 -1 -1 -1 -1
 193: 0 0 0 0 0 -1 -1 -1 -1 -1
 194: 0 0 0 0 0 0 0 0 0 0
 195: 0 0 0 0 0 -1 -1 -1 -1 -1
 196: 1 0 0 0 0 -1 -1 -1 -1 -1
 197: 0 0 1 0 1 -1 -1 -1 -1 -1
 198: 0 0 0 0 -1 -1 -1 -1 -1 -1
 199: 0 0 0 0 -1 -1 -1 -1 -1 -1
 200: 0 0 1 -1 -1 -1 -1 -1 -1 -1
 201: 0 0 0 0 1 0 0 0 -1 -1
 202: 0 0 1 -1 -1 -1 -1 -1 -1 -1
 203: 0 0 0 1 0 -1 -1 -1 -1 -1
 204: 0 0 0 0 0 0 -1 -1 -1 -1
 205: 0 0 1 1 0 1 0 0 0 0
 206: 0 0 0 0 0 0 -1 -1 -1 -1
 207: 0 0 1 0 -1 -1 -1 -1 -1 -1
 208: 0 0 0 0 -1 -1 -1 -1 -1 -1
 209: 0 0 0 0 0 0 0 -1 -1 -1
 210: 0 0 0 0 -1 -1 -1 -1 -1 -1
 211: 0 0 0 0 0 0 -1 -1 -1 -1
 212: 0 0 0 1 -1 -1 -1 -1 -1 -1
 213: 0 0 0 0 -1 -1 -1 -1 -1 -1
 214: 0 0 0 0 0 -1 -1 -1 -1 -1
 215: 1 0 0 0 -1 -1 -1 -1 -1 -1
 216: 1 0 0 1 1 -1 -1 -1 -1 -1
 217: 0 0 0 -1 -1 -1 -1 -1 -1 -1
 218: 1 1 1 1 0 -1 -1 -1 -1 -1
 219: 1 0 0 1 -1 -1 -1 -1 -1 -1
 220: 0 0 0 0 -1 -1 -1 -1 -1 -1
 221: 0 0 0 0 0 0 0 0 -1 -1
 222: 0 0 0 0 -1 -1 -1 -1 -1 -1
 223: 0 0 0 0 0 0 0 0 0 0
 224: 0 1 1 1 0 -1 -1 -1 -1 -1
 225: 0 0 0 0 1 0 0 0 1 1
 226: 0 0 0 0 0 -1 -1 -1 -1 -1
 227: 1 1 1 1 -1 -1 -1 -1 -1 -1
 228: 0 0 0 0 -1 -1 -1 -1 -1 -1
 229: 0 0 0 0 0 0 -1 -1 -1 -1
 230: 0 0 0 0 -1 -1 -1 -1 -1 -1
 231: 0 0 0 0 -1 -1 -1 -1 -1 -1
 232: 1 0 0 0 -1 -1 -1 -1 -1 -1
 233: 0 0 0 0 -1 -1 -1 -1 -1 -1
 234: 0 1 0 0 -1 -1 -1 -1 -1 -1
 235: 0 0 1 1 -1 -1 -1 -1 -1 -1
 236: 0 0 0 0 0 0 0 -1 -1 -1
 237: 0 0 0 0 -1 -1 -1 -1 -1 -1
 238: 0 0 0 0 -1 -1 -1 -1 -1 -1
 239: 0 0 0 0 0 -1 -1 -1 -1 -1
 240: 0 1 -1 -1 -1 -1 -1 -1 -1 -1
 241: 0 0 0 0 -1 -1 -1 -1 -1 -1
 242: 0 1 0 0 -1 -1 -1 -1 -1 -1
 243: 0 0 0 0 0 0 -1 -1 -1 -1
 244: 0 0 0 0 -1 -1 -1 -1 -1 -1
 245: 0 0 0 0 0 0 0 -1 -1 -1
 246: 0 0 0 0 0 0 0 0 -1 -1
 247: 0 0 0 0 -1 -1 -1 -1 -1 -1
 248: 0 0 0 0 0 -1 -1 -1 -1 -1
 249: 0 0 0 -1 -1 -1 -1 -1 -1 -1
 250: 1 0 0 0 -1 -1 -1 -1 -1 -1
 251: 1 0 0 0 0 -1 -1 -1 -1 -1
 252: 0 1 0 0 -1 -1 -1 -1 -1 -1
 253: 0 0 0 0 0 -1 -1 -1 -1 -1
 254: 0 0 0 -1 -1 -1 -1 -1 -1 -1
 255: 0 0 0 0 -1 -1 -1 -1 -1 -1
 256: 0 0 0 1 0 0 -1 -1 -1 -1
 257: 0 0 0 0 0 0 0 0 0 0
 258: 0 0 0 -1 -1 -1 -1 -1 -1 -1
 259: 0 0 0 0 0 0 0 -1 -1 -1
 260: 0 1 0 0 -1 -1 -1 -1 -1 -1
 261: 0 0 0 0 0 -1 -1 -1 -1 -1
 262: 0 0 0 0 -1 -1 -1 -1 -1 -1
 263: 0 0 0 0 0 0 0 0 -1 -1
 264: 1 0 0 0 -1 -1 -1 -1 -1 -1
 265: 0 0 0 0 0 0 0 -1 -1 -1
 266: 0 1 1 1 -1 -1 -1 -1 -1 -1
 267: 0 0 0 1 -1 -1 -1 -1 -1 -1
 268: 0 0 0 0 -1 -1 -1 -1 -1 -1
 269: 0 0 0 1 0 0 0 -1 -1 -1
 270: 1 0 0 0 0 0 -1 -1 -1 -1
 271: 0 0 0 0 0 -1 -1 -1 -1 -1
 272: 0 0 0 0 0 -1 -1 -1 -1 -1
 273: 0 0 0 0 -1 -1 -1 -1 -1 -1
 274: 0 0 0 0 -1 -1 -1 -1 -1 -1
 275: 0 0 0 0 -1 -1 -1 -1 -1 -1
 276: 0 0 0 0 -1 -1 -1 -1 -1 -1
 277: 0 0 0 0 0 0 0 -1 -1 -1
 278: 0 0 0 0 0 -1 -1 -1 -1 -1
 279: 0 0 0 0 0 -1 -1 -1 -1 -1
 280: 0 0 0 -1 -1 -1 -1 -1 -1 -1
 281: 0 0 0 1 -1 -1 -1 -1 -1 -1
 282: 0 0 1 1 0 -1 -1 -1 -1 -1
 283: 0 0 0 0 -1 -1 -1 -1 -1 -1
 284: 0 0 0 0 0 0 0 0 0 -1
 285: 0 0 0 0 0 0 -1 -1 -1 -1
 286: 0 1 0 0 -1 -1 -1 -1 -1 -1
 287: 0 0 0 0 0 -1 -1 -1 -1 -1
 288: 0 1 1 0 -1 -1 -1 -1 -1 -1
 289: 0 0 0 0 -1 -1 -1 -1 -1 -1
 290: 0 0 0 0 -1 -1 -1 -1 -1 -1
 291: 0 0 0 0 -1 -1 -1 -1 -1 -1
 292: 0 0 0 0 -1 -1 -1 -1 -1 -1
 293: 0 1 0 0 -1 -1 -1 -1 -1 -1
 294: 0 0 -1 -1 -1 -1 -1 -1 -1 -1
 295: 0 0 0 0 0 0 1 -1 -1 -1
 296: 0 0 0 0 0 -1 -1 -1 -1 -1
 297: 0 0 0 0 0 -1 -1 -1 -1 -1
 298: 0 0 0 0 -1 -1 -1 -1 -1 -1
 299: 0 0 0 0 -1 -1 -1 -1 -1 -1
 300: 0 0 0 0 0 0 0 -1 -1 -1
 301: 0 -1 -1 -1 -1 -1 -1 -1 -1 -1
 302: 0 0 0 0 0 0 -1 -1 -1 -1


********* Input Data summary *******
Number of sites                = 302
Number of sampling occasions   = 10
Number of missing observations = 1538
Data checksum = 33693

Naive occupancy estimate       = 0.4636

NSiteCovs-->0
NSampCovs-->1
samp_covname[0]=SampCov1

Site Covariates:

No Site covariates

 Sample Covariates:
  Covariate 0: SampCov1
0.0 0.0 0.0 0.0 -999.0 -999.0 -999.0 -999.0 -999.0 -999.0 
0.0 0.0 1.0 0.0 -999.0 -999.0 -999.0 -999.0 -999.0 -999.0 
0.0 0.0 0.0 0.0 -999.0 -999.0 -999.0 -999.0 -999.0 -999.0 
0.0 0.0 1.0 1.0 -999.0 -999.0 -999.0 -999.0 -999.0 -999.0 
0.0 0.0 0.0 0.0 -999.0 -999.0 -999.0 -999.0 -999.0 -999.0 
0.0 0.0 0.0 -999.0 -999.0 -999.0 -999.0 -999.0 -999.0 -999.0 
0.0 0.0 0.0 -999.0 -999.0 -999.0 -999.0 -999.0 -999.0 -999.0 
0.0 0.0 0.0 0.0 -999.0 -999.0 -999.0 -999.0 -999.0 -999.0 
0.0 0.0 0.0 0.0 -999.0 -999.0 -999.0 -999.0 -999.0 -999.0 
0.0 0.0 1.0 -999.0 -999.0 -999.0 -999.0 -999.0 -999.0 -999.0 
0.0 0.0 0.0 -999.0 -999.0 -999.0 -999.0 -999.0 -999.0 -999.0 
0.0 1.0 1.0 0.0 0.0 0.0 0.0 -999.0 -999.0 -999.0 
0.0 0.0 0.0 0.0 -999.0 -999.0 -999.0 -999.0 -999.0 -999.0 
0.0 0.0 1.0 1.0 1.0 -999.0 -999.0 -999.0 -999.0 -999.0 
0.0 0.0 0.0 0.0 0.0 0.0 0.0 0.0 0.0 -999.0 
0.0 0.0 0.0 0.0 0.0 0.0 -999.0 -999.0 -999.0 -999.0 
0.0 0.0 0.0 0.0 -999.0 -999.0 -999.0 -999.0 -999.0 -999.0 
0.0 0.0 0.0 0.0 -999.0 -999.0 -999.0 -999.0 -999.0 -999.0 
0.0 1.0 0.0 0.0 0.0 1.0 1.0 1.0 1.0 1.0 
0.0 0.0 0.0 0.0 -999.0 -999.0 -999.0 -999.0 -999.0 -999.0 
0.0 1.0 1.0 -999.0 -999.0 -999.0 -999.0 -999.0 -999.0 -999.0 
0.0 0.0 -999.0 -999.0 -999.0 -999.0 -999.0 -999.0 -999.0 -999.0 
0.0 0.0 0.0 0.0 0.0 0.0 0.0 0.0 0.0 -999.0 
0.0 0.0 0.0 0.0 -999.0 -999.0 -999.0 -999.0 -999.0 -999.0 
0.0 0.0 0.0 0.0 -999.0 -999.0 -999.0 -999.0 -999.0 -999.0 
0.0 0.0 0.0 0.0 -999.0 -999.0 -999.0 -999.0 -999.0 -999.0 
0.0 0.0 0.0 0.0 -999.0 -999.0 -999.0 -999.0 -999.0 -999.0 
0.0 0.0 0.0 0.0 0.0 0.0 -999.0 -999.0 -999.0 -999.0 
0.0 0.0 0.0 0.0 -999.0 -999.0 -999.0 -999.0 -999.0 -999.0 
0.0 0.0 0.0 0.0 0.0 -999.0 -999.0 -999.0 -999.0 -999.0 
0.0 0.0 0.0 0.0 -999.0 -999.0 -999.0 -999.0 -999.0 -999.0 
0.0 0.0 0.0 0.0 1.0 -999.0 -999.0 -999.0 -999.0 -999.0 
0.0 0.0 0.0 0.0 0.0 0.0 1.0 0.0 0.0 -999.0 
0.0 0.0 0.0 0.0 -999.0 -999.0 -999.0 -999.0 -999.0 -999.0 
0.0 0.0 0.0 0.0 0.0 0.0 1.0 -999.0 -999.0 -999.0 
0.0 1.0 0.0 0.0 1.0 -999.0 -999.0 -999.0 -999.0 -999.0 
0.0 0.0 0.0 0.0 0.0 -999.0 -999.0 -999.0 -999.0 -999.0 
0.0 0.0 0.0 -999.0 -999.0 -999.0 -999.0 -999.0 -999.0 -999.0 
0.0 0.0 0.0 0.0 0.0 0.0 -999.0 -999.0 -999.0 -999.0 
0.0 0.0 0.0 0.0 1.0 1.0 -999.0 -999.0 -999.0 -999.0 
0.0 0.0 0.0 0.0 -999.0 -999.0 -999.0 -999.0 -999.0 -999.0 
0.0 0.0 0.0 0.0 0.0 -999.0 -999.0 -999.0 -999.0 -999.0 
0.0 1.0 1.0 1.0 1.0 1.0 1.0 1.0 1.0 0.0 
0.0 0.0 0.0 0.0 0.0 -999.0 -999.0 -999.0 -999.0 -999.0 
0.0 0.0 0.0 0.0 0.0 -999.0 -999.0 -999.0 -999.0 -999.0 
0.0 0.0 1.0 0.0 0.0 -999.0 -999.0 -999.0 -999.0 -999.0 
1.0 0.0 1.0 0.0 -999.0 -999.0 -999.0 -999.0 -999.0 -999.0 
0.0 0.0 1.0 1.0 -999.0 -999.0 -999.0 -999.0 -999.0 -999.0 
1.0 0.0 0.0 -999.0 -999.0 -999.0 -999.0 -999.0 -999.0 -999.0 
0.0 0.0 0.0 0.0 0.0 0.0 0.0 0.0 -999.0 -999.0 
0.0 0.0 0.0 -999.0 -999.0 -999.0 -999.0 -999.0 -999.0 -999.0 
0.0 0.0 0.0 0.0 0.0 -999.0 -999.0 -999.0 -999.0 -999.0 
0.0 0.0 1.0 1.0 1.0 0.0 -999.0 -999.0 -999.0 -999.0 
0.0 0.0 0.0 0.0 0.0 0.0 0.0 0.0 0.0 0.0 
0.0 0.0 0.0 0.0 0.0 0.0 -999.0 -999.0 -999.0 -999.0 
0.0 0.0 0.0 0.0 -999.0 -999.0 -999.0 -999.0 -999.0 -999.0 
0.0 0.0 0.0 0.0 -999.0 -999.0 -999.0 -999.0 -999.0 -999.0 
0.0 0.0 0.0 0.0 0.0 0.0 0.0 -999.0 -999.0 -999.0 
0.0 0.0 0.0 0.0 -999.0 -999.0 -999.0 -999.0 -999.0 -999.0 
0.0 0.0 0.0 0.0 0.0 0.0 -999.0 -999.0 -999.0 -999.0 
0.0 0.0 0.0 0.0 -999.0 -999.0 -999.0 -999.0 -999.0 -999.0 
0.0 0.0 0.0 0.0 -999.0 -999.0 -999.0 -999.0 -999.0 -999.0 
0.0 0.0 0.0 0.0 0.0 -999.0 -999.0 -999.0 -999.0 -999.0 
0.0 0.0 0.0 0.0 -999.0 -999.0 -999.0 -999.0 -999.0 -999.0 
0.0 0.0 0.0 1.0 0.0 -999.0 -999.0 -999.0 -999.0 -999.0 
0.0 0.0 0.0 -999.0 -999.0 -999.0 -999.0 -999.0 -999.0 -999.0 
0.0 0.0 0.0 0.0 0.0 -999.0 -999.0 -999.0 -999.0 -999.0 
0.0 0.0 0.0 0.0 -999.0 -999.0 -999.0 -999.0 -999.0 -999.0 
0.0 0.0 0.0 0.0 -999.0 -999.0 -999.0 -999.0 -999.0 -999.0 
1.0 1.0 1.0 1.0 1.0 1.0 1.0 1.0 -999.0 -999.0 
0.0 0.0 0.0 0.0 -999.0 -999.0 -999.0 -999.0 -999.0 -999.0 
0.0 0.0 0.0 0.0 0.0 0.0 0.0 0.0 0.0 0.0 
0.0 0.0 0.0 0.0 0.0 -999.0 -999.0 -999.0 -999.0 -999.0 
0.0 0.0 0.0 0.0 0.0 0.0 0.0 0.0 0.0 0.0 
0.0 0.0 0.0 0.0 0.0 -999.0 -999.0 -999.0 -999.0 -999.0 
0.0 0.0 0.0 0.0 -999.0 -999.0 -999.0 -999.0 -999.0 -999.0 
0.0 0.0 0.0 0.0 -999.0 -999.0 -999.0 -999.0 -999.0 -999.0 
0.0 0.0 0.0 0.0 0.0 0.0 -999.0 -999.0 -999.0 -999.0 
0.0 0.0 0.0 0.0 -999.0 -999.0 -999.0 -999.0 -999.0 -999.0 
0.0 0.0 0.0 0.0 -999.0 -999.0 -999.0 -999.0 -999.0 -999.0 
0.0 0.0 0.0 0.0 -999.0 -999.0 -999.0 -999.0 -999.0 -999.0 
0.0 0.0 0.0 0.0 -999.0 -999.0 -999.0 -999.0 -999.0 -999.0 
0.0 0.0 0.0 0.0 -999.0 -999.0 -999.0 -999.0 -999.0 -999.0 
0.0 0.0 0.0 0.0 -999.0 -999.0 -999.0 -999.0 -999.0 -999.0 
0.0 0.0 0.0 0.0 1.0 1.0 0.0 -999.0 -999.0 -999.0 
0.0 0.0 0.0 0.0 -999.0 -999.0 -999.0 -999.0 -999.0 -999.0 
0.0 0.0 0.0 0.0 -999.0 -999.0 -999.0 -999.0 -999.0 -999.0 
0.0 0.0 1.0 1.0 0.0 -999.0 -999.0 -999.0 -999.0 -999.0 
0.0 0.0 -999.0 -999.0 -999.0 -999.0 -999.0 -999.0 -999.0 -999.0 
0.0 0.0 0.0 0.0 -999.0 -999.0 -999.0 -999.0 -999.0 -999.0 
0.0 0.0 0.0 0.0 -999.0 -999.0 -999.0 -999.0 -999.0 -999.0 
0.0 0.0 0.0 1.0 1.0 0.0 -999.0 -999.0 -999.0 -999.0 
0.0 1.0 0.0 1.0 -999.0 -999.0 -999.0 -999.0 -999.0 -999.0 
0.0 0.0 0.0 0.0 1.0 1.0 1.0 -999.0 -999.0 -999.0 
0.0 0.0 0.0 0.0 0.0 0.0 0.0 0.0 -999.0 -999.0 
0.0 0.0 0.0 0.0 -999.0 -999.0 -999.0 -999.0 -999.0 -999.0 
0.0 0.0 0.0 0.0 0.0 -999.0 -999.0 -999.0 -999.0 -999.0 
0.0 0.0 0.0 -999.0 -999.0 -999.0 -999.0 -999.0 -999.0 -999.0 
0.0 0.0 0.0 0.0 -999.0 -999.0 -999.0 -999.0 -999.0 -999.0 
0.0 0.0 0.0 0.0 0.0 -999.0 -999.0 -999.0 -999.0 -999.0 
0.0 0.0 0.0 0.0 -999.0 -999.0 -999.0 -999.0 -999.0 -999.0 
0.0 0.0 0.0 0.0 0.0 -999.0 -999.0 -999.0 -999.0 -999.0 
0.0 1.0 1.0 -999.0 -999.0 -999.0 -999.0 -999.0 -999.0 -999.0 
0.0 0.0 0.0 0.0 -999.0 -999.0 -999.0 -999.0 -999.0 -999.0 
0.0 0.0 0.0 0.0 0.0 0.0 -999.0 -999.0 -999.0 -999.0 
0.0 0.0 0.0 0.0 0.0 0.0 0.0 0.0 0.0 1.0 
0.0 0.0 0.0 -999.0 -999.0 -999.0 -999.0 -999.0 -999.0 -999.0 
0.0 0.0 0.0 0.0 0.0 0.0 0.0 -999.0 -999.0 -999.0 
0.0 0.0 0.0 0.0 -999.0 -999.0 -999.0 -999.0 -999.0 -999.0 
0.0 0.0 0.0 0.0 0.0 -999.0 -999.0 -999.0 -999.0 -999.0 
0.0 0.0 0.0 0.0 -999.0 -999.0 -999.0 -999.0 -999.0 -999.0 
0.0 0.0 0.0 0.0 1.0 0.0 0.0 0.0 -999.0 -999.0 
0.0 0.0 0.0 0.0 -999.0 -999.0 -999.0 -999.0 -999.0 -999.0 
0.0 0.0 0.0 0.0 0.0 0.0 0.0 -999.0 -999.0 -999.0 
0.0 0.0 0.0 0.0 -999.0 -999.0 -999.0 -999.0 -999.0 -999.0 
0.0 0.0 0.0 0.0 -999.0 -999.0 -999.0 -999.0 -999.0 -999.0 
0.0 0.0 0.0 1.0 -999.0 -999.0 -999.0 -999.0 -999.0 -999.0 
0.0 0.0 0.0 0.0 0.0 0.0 0.0 -999.0 -999.0 -999.0 
0.0 0.0 1.0 1.0 1.0 0.0 -999.0 -999.0 -999.0 -999.0 
0.0 0.0 0.0 0.0 0.0 -999.0 -999.0 -999.0 -999.0 -999.0 
0.0 0.0 0.0 0.0 0.0 -999.0 -999.0 -999.0 -999.0 -999.0 
0.0 0.0 0.0 0.0 -999.0 -999.0 -999.0 -999.0 -999.0 -999.0 
0.0 0.0 0.0 0.0 -999.0 -999.0 -999.0 -999.0 -999.0 -999.0 
0.0 0.0 0.0 0.0 -999.0 -999.0 -999.0 -999.0 -999.0 -999.0 
0.0 0.0 0.0 0.0 -999.0 -999.0 -999.0 -999.0 -999.0 -999.0 
1.0 1.0 1.0 0.0 1.0 0.0 0.0 -999.0 -999.0 -999.0 
0.0 0.0 0.0 1.0 1.0 -999.0 -999.0 -999.0 -999.0 -999.0 
0.0 0.0 0.0 0.0 0.0 -999.0 -999.0 -999.0 -999.0 -999.0 
1.0 1.0 1.0 -999.0 -999.0 -999.0 -999.0 -999.0 -999.0 -999.0 
0.0 0.0 0.0 0.0 -999.0 -999.0 -999.0 -999.0 -999.0 -999.0 
0.0 0.0 0.0 0.0 0.0 -999.0 -999.0 -999.0 -999.0 -999.0 
0.0 0.0 0.0 0.0 -999.0 -999.0 -999.0 -999.0 -999.0 -999.0 
0.0 0.0 0.0 0.0 0.0 0.0 0.0 0.0 0.0 -999.0 
0.0 0.0 1.0 1.0 1.0 0.0 -999.0 -999.0 -999.0 -999.0 
0.0 0.0 0.0 0.0 -999.0 -999.0 -999.0 -999.0 -999.0 -999.0 
0.0 0.0 0.0 0.0 0.0 -999.0 -999.0 -999.0 -999.0 -999.0 
0.0 0.0 0.0 0.0 -999.0 -999.0 -999.0 -999.0 -999.0 -999.0 
0.0 0.0 0.0 0.0 -999.0 -999.0 -999.0 -999.0 -999.0 -999.0 
0.0 0.0 0.0 0.0 -999.0 -999.0 -999.0 -999.0 -999.0 -999.0 
0.0 0.0 0.0 0.0 -999.0 -999.0 -999.0 -999.0 -999.0 -999.0 
0.0 0.0 0.0 0.0 -999.0 -999.0 -999.0 -999.0 -999.0 -999.0 
0.0 0.0 0.0 0.0 -999.0 -999.0 -999.0 -999.0 -999.0 -999.0 
0.0 0.0 -999.0 -999.0 -999.0 -999.0 -999.0 -999.0 -999.0 -999.0 
0.0 0.0 0.0 0.0 0.0 0.0 0.0 -999.0 -999.0 -999.0 
0.0 0.0 0.0 0.0 0.0 -999.0 -999.0 -999.0 -999.0 -999.0 
0.0 0.0 0.0 0.0 0.0 -999.0 -999.0 -999.0 -999.0 -999.0 
0.0 0.0 0.0 0.0 -999.0 -999.0 -999.0 -999.0 -999.0 -999.0 
0.0 0.0 0.0 0.0 -999.0 -999.0 -999.0 -999.0 -999.0 -999.0 
0.0 1.0 1.0 1.0 0.0 1.0 1.0 -999.0 -999.0 -999.0 
0.0 -999.0 -999.0 -999.0 -999.0 -999.0 -999.0 -999.0 -999.0 -999.0 
0.0 1.0 1.0 0.0 0.0 0.0 -999.0 -999.0 -999.0 -999.0 
0.0 0.0 0.0 0.0 -999.0 -999.0 -999.0 -999.0 -999.0 -999.0 
0.0 0.0 1.0 0.0 -999.0 -999.0 -999.0 -999.0 -999.0 -999.0 
0.0 0.0 0.0 0.0 -999.0 -999.0 -999.0 -999.0 -999.0 -999.0 
0.0 0.0 1.0 1.0 -999.0 -999.0 -999.0 -999.0 -999.0 -999.0 
0.0 0.0 0.0 0.0 -999.0 -999.0 -999.0 -999.0 -999.0 -999.0 
0.0 0.0 0.0 -999.0 -999.0 -999.0 -999.0 -999.0 -999.0 -999.0 
0.0 0.0 0.0 -999.0 -999.0 -999.0 -999.0 -999.0 -999.0 -999.0 
0.0 0.0 0.0 0.0 -999.0 -999.0 -999.0 -999.0 -999.0 -999.0 
0.0 0.0 0.0 0.0 -999.0 -999.0 -999.0 -999.0 -999.0 -999.0 
0.0 0.0 1.0 -999.0 -999.0 -999.0 -999.0 -999.0 -999.0 -999.0 
0.0 0.0 0.0 -999.0 -999.0 -999.0 -999.0 -999.0 -999.0 -999.0 
0.0 1.0 1.0 0.0 0.0 0.0 0.0 -999.0 -999.0 -999.0 
0.0 0.0 0.0 0.0 -999.0 -999.0 -999.0 -999.0 -999.0 -999.0 
0.0 0.0 1.0 1.0 1.0 -999.0 -999.0 -999.0 -999.0 -999.0 
0.0 0.0 0.0 0.0 0.0 0.0 0.0 0.0 0.0 -999.0 
0.0 0.0 0.0 0.0 0.0 0.0 -999.0 -999.0 -999.0 -999.0 
0.0 0.0 0.0 0.0 -999.0 -999.0 -999.0 -999.0 -999.0 -999.0 
0.0 0.0 0.0 0.0 -999.0 -999.0 -999.0 -999.0 -999.0 -999.0 
0.0 1.0 0.0 0.0 0.0 1.0 1.0 1.0 1.0 1.0 
0.0 0.0 0.0 0.0 -999.0 -999.0 -999.0 -999.0 -999.0 -999.0 
0.0 1.0 1.0 -999.0 -999.0 -999.0 -999.0 -999.0 -999.0 -999.0 
0.0 0.0 -999.0 -999.0 -999.0 -999.0 -999.0 -999.0 -999.0 -999.0 
0.0 0.0 0.0 0.0 0.0 0.0 0.0 0.0 0.0 -999.0 
0.0 0.0 0.0 0.0 -999.0 -999.0 -999.0 -999.0 -999.0 -999.0 
0.0 0.0 0.0 0.0 -999.0 -999.0 -999.0 -999.0 -999.0 -999.0 
0.0 0.0 0.0 0.0 -999.0 -999.0 -999.0 -999.0 -999.0 -999.0 
0.0 0.0 0.0 0.0 -999.0 -999.0 -999.0 -999.0 -999.0 -999.0 
0.0 0.0 0.0 0.0 0.0 0.0 -999.0 -999.0 -999.0 -999.0 
0.0 0.0 0.0 0.0 -999.0 -999.0 -999.0 -999.0 -999.0 -999.0 
0.0 0.0 0.0 0.0 0.0 -999.0 -999.0 -999.0 -999.0 -999.0 
0.0 0.0 0.0 0.0 -999.0 -999.0 -999.0 -999.0 -999.0 -999.0 
0.0 0.0 0.0 0.0 1.0 -999.0 -999.0 -999.0 -999.0 -999.0 
0.0 0.0 0.0 0.0 0.0 0.0 1.0 0.0 0.0 -999.0 
0.0 0.0 0.0 0.0 -999.0 -999.0 -999.0 -999.0 -999.0 -999.0 
0.0 0.0 0.0 0.0 0.0 0.0 1.0 -999.0 -999.0 -999.0 
0.0 1.0 0.0 0.0 1.0 -999.0 -999.0 -999.0 -999.0 -999.0 
0.0 0.0 0.0 0.0 0.0 -999.0 -999.0 -999.0 -999.0 -999.0 
0.0 0.0 0.0 -999.0 -999.0 -999.0 -999.0 -999.0 -999.0 -999.0 
0.0 0.0 0.0 0.0 0.0 0.0 -999.0 -999.0 -999.0 -999.0 
0.0 0.0 0.0 0.0 1.0 1.0 -999.0 -999.0 -999.0 -999.0 
0.0 0.0 0.0 0.0 -999.0 -999.0 -999.0 -999.0 -999.0 -999.0 
0.0 0.0 0.0 0.0 0.0 -999.0 -999.0 -999.0 -999.0 -999.0 
0.0 1.0 1.0 1.0 1.0 1.0 1.0 1.0 1.0 0.0 
0.0 0.0 0.0 0.0 0.0 -999.0 -999.0 -999.0 -999.0 -999.0 
0.0 0.0 0.0 0.0 0.0 -999.0 -999.0 -999.0 -999.0 -999.0 
0.0 0.0 1.0 0.0 0.0 -999.0 -999.0 -999.0 -999.0 -999.0 
1.0 0.0 1.0 0.0 -999.0 -999.0 -999.0 -999.0 -999.0 -999.0 
0.0 0.0 1.0 1.0 -999.0 -999.0 -999.0 -999.0 -999.0 -999.0 
1.0 0.0 0.0 -999.0 -999.0 -999.0 -999.0 -999.0 -999.0 -999.0 
0.0 0.0 0.0 0.0 0.0 0.0 0.0 0.0 -999.0 -999.0 
0.0 0.0 0.0 -999.0 -999.0 -999.0 -999.0 -999.0 -999.0 -999.0 
0.0 0.0 0.0 0.0 0.0 -999.0 -999.0 -999.0 -999.0 -999.0 
0.0 0.0 1.0 1.0 1.0 0.0 -999.0 -999.0 -999.0 -999.0 
0.0 0.0 0.0 0.0 0.0 0.0 0.0 0.0 0.0 0.0 
0.0 0.0 0.0 0.0 0.0 0.0 -999.0 -999.0 -999.0 -999.0 
0.0 0.0 0.0 0.0 -999.0 -999.0 -999.0 -999.0 -999.0 -999.0 
0.0 0.0 0.0 0.0 -999.0 -999.0 -999.0 -999.0 -999.0 -999.0 
0.0 0.0 0.0 0.0 0.0 0.0 0.0 -999.0 -999.0 -999.0 
0.0 0.0 0.0 0.0 -999.0 -999.0 -999.0 -999.0 -999.0 -999.0 
0.0 0.0 0.0 0.0 0.0 0.0 -999.0 -999.0 -999.0 -999.0 
0.0 0.0 0.0 0.0 -999.0 -999.0 -999.0 -999.0 -999.0 -999.0 
0.0 0.0 0.0 0.0 -999.0 -999.0 -999.0 -999.0 -999.0 -999.0 
0.0 0.0 0.0 0.0 0.0 -999.0 -999.0 -999.0 -999.0 -999.0 
0.0 0.0 0.0 0.0 -999.0 -999.0 -999.0 -999.0 -999.0 -999.0 
0.0 0.0 0.0 1.0 0.0 -999.0 -999.0 -999.0 -999.0 -999.0 
0.0 0.0 0.0 -999.0 -999.0 -999.0 -999.0 -999.0 -999.0 -999.0 
0.0 0.0 0.0 0.0 0.0 -999.0 -999.0 -999.0 -999.0 -999.0 
0.0 0.0 0.0 0.0 -999.0 -999.0 -999.0 -999.0 -999.0 -999.0 
0.0 0.0 0.0 0.0 -999.0 -999.0 -999.0 -999.0 -999.0 -999.0 
1.0 1.0 1.0 1.0 1.0 1.0 1.0 1.0 -999.0 -999.0 
0.0 0.0 0.0 0.0 -999.0 -999.0 -999.0 -999.0 -999.0 -999.0 
0.0 0.0 0.0 0.0 0.0 0.0 0.0 0.0 0.0 0.0 
0.0 0.0 0.0 0.0 0.0 -999.0 -999.0 -999.0 -999.0 -999.0 
0.0 0.0 0.0 0.0 0.0 0.0 0.0 0.0 0.0 0.0 
0.0 0.0 0.0 0.0 0.0 -999.0 -999.0 -999.0 -999.0 -999.0 
0.0 0.0 0.0 0.0 -999.0 -999.0 -999.0 -999.0 -999.0 -999.0 
0.0 0.0 0.0 0.0 -999.0 -999.0 -999.0 -999.0 -999.0 -999.0 
0.0 0.0 0.0 0.0 0.0 0.0 -999.0 -999.0 -999.0 -999.0 
0.0 0.0 0.0 0.0 -999.0 -999.0 -999.0 -999.0 -999.0 -999.0 
0.0 0.0 0.0 0.0 -999.0 -999.0 -999.0 -999.0 -999.0 -999.0 
0.0 0.0 0.0 0.0 -999.0 -999.0 -999.0 -999.0 -999.0 -999.0 
0.0 0.0 0.0 0.0 -999.0 -999.0 -999.0 -999.0 -999.0 -999.0 
0.0 0.0 0.0 0.0 -999.0 -999.0 -999.0 -999.0 -999.0 -999.0 
0.0 0.0 0.0 0.0 -999.0 -999.0 -999.0 -999.0 -999.0 -999.0 
0.0 0.0 0.0 0.0 1.0 1.0 0.0 -999.0 -999.0 -999.0 
0.0 0.0 0.0 0.0 -999.0 -999.0 -999.0 -999.0 -999.0 -999.0 
0.0 0.0 0.0 0.0 -999.0 -999.0 -999.0 -999.0 -999.0 -999.0 
0.0 0.0 1.0 1.0 0.0 -999.0 -999.0 -999.0 -999.0 -999.0 
0.0 0.0 -999.0 -999.0 -999.0 -999.0 -999.0 -999.0 -999.0 -999.0 
0.0 0.0 0.0 0.0 -999.0 -999.0 -999.0 -999.0 -999.0 -999.0 
0.0 0.0 0.0 0.0 -999.0 -999.0 -999.0 -999.0 -999.0 -999.0 
0.0 0.0 0.0 1.0 1.0 0.0 -999.0 -999.0 -999.0 -999.0 
0.0 1.0 0.0 1.0 -999.0 -999.0 -999.0 -999.0 -999.0 -999.0 
0.0 0.0 0.0 0.0 1.0 1.0 1.0 -999.0 -999.0 -999.0 
0.0 0.0 0.0 0.0 0.0 0.0 0.0 0.0 -999.0 -999.0 
0.0 0.0 0.0 0.0 -999.0 -999.0 -999.0 -999.0 -999.0 -999.0 
0.0 0.0 0.0 0.0 0.0 -999.0 -999.0 -999.0 -999.0 -999.0 
0.0 0.0 0.0 -999.0 -999.0 -999.0 -999.0 -999.0 -999.0 -999.0 
0.0 0.0 0.0 0.0 -999.0 -999.0 -999.0 -999.0 -999.0 -999.0 
0.0 0.0 0.0 0.0 0.0 -999.0 -999.0 -999.0 -999.0 -999.0 
0.0 0.0 0.0 0.0 -999.0 -999.0 -999.0 -999.0 -999.0 -999.0 
0.0 0.0 0.0 0.0 0.0 -999.0 -999.0 -999.0 -999.0 -999.0 
0.0 1.0 1.0 -999.0 -999.0 -999.0 -999.0 -999.0 -999.0 -999.0 
0.0 0.0 0.0 0.0 -999.0 -999.0 -999.0 -999.0 -999.0 -999.0 
0.0 0.0 0.0 0.0 0.0 0.0 -999.0 -999.0 -999.0 -999.0 
0.0 0.0 0.0 0.0 0.0 0.0 0.0 0.0 0.0 1.0 
0.0 0.0 0.0 -999.0 -999.0 -999.0 -999.0 -999.0 -999.0 -999.0 
0.0 0.0 0.0 0.0 0.0 0.0 0.0 -999.0 -999.0 -999.0 
0.0 0.0 0.0 0.0 -999.0 -999.0 -999.0 -999.0 -999.0 -999.0 
0.0 0.0 0.0 0.0 0.0 -999.0 -999.0 -999.0 -999.0 -999.0 
0.0 0.0 0.0 0.0 -999.0 -999.0 -999.0 -999.0 -999.0 -999.0 
0.0 0.0 0.0 0.0 1.0 0.0 0.0 0.0 -999.0 -999.0 
0.0 0.0 0.0 0.0 -999.0 -999.0 -999.0 -999.0 -999.0 -999.0 
0.0 0.0 0.0 0.0 0.0 0.0 0.0 -999.0 -999.0 -999.0 
0.0 0.0 0.0 0.0 -999.0 -999.0 -999.0 -999.0 -999.0 -999.0 
0.0 0.0 0.0 0.0 -999.0 -999.0 -999.0 -999.0 -999.0 -999.0 
0.0 0.0 0.0 1.0 -999.0 -999.0 -999.0 -999.0 -999.0 -999.0 
0.0 0.0 0.0 0.0 0.0 0.0 0.0 -999.0 -999.0 -999.0 
0.0 0.0 1.0 1.0 1.0 0.0 -999.0 -999.0 -999.0 -999.0 
0.0 0.0 0.0 0.0 0.0 -999.0 -999.0 -999.0 -999.0 -999.0 
0.0 0.0 0.0 0.0 0.0 -999.0 -999.0 -999.0 -999.0 -999.0 
0.0 0.0 0.0 0.0 -999.0 -999.0 -999.0 -999.0 -999.0 -999.0 
0.0 0.0 0.0 0.0 -999.0 -999.0 -999.0 -999.0 -999.0 -999.0 
0.0 0.0 0.0 0.0 -999.0 -999.0 -999.0 -999.0 -999.0 -999.0 
0.0 0.0 0.0 0.0 -999.0 -999.0 -999.0 -999.0 -999.0 -999.0 
1.0 1.0 1.0 0.0 1.0 0.0 0.0 -999.0 -999.0 -999.0 
0.0 0.0 0.0 1.0 1.0 -999.0 -999.0 -999.0 -999.0 -999.0 
0.0 0.0 0.0 0.0 0.0 -999.0 -999.0 -999.0 -999.0 -999.0 
1.0 1.0 1.0 -999.0 -999.0 -999.0 -999.0 -999.0 -999.0 -999.0 
0.0 0.0 0.0 0.0 -999.0 -999.0 -999.0 -999.0 -999.0 -999.0 
0.0 0.0 0.0 0.0 0.0 -999.0 -999.0 -999.0 -999.0 -999.0 
0.0 0.0 0.0 0.0 -999.0 -999.0 -999.0 -999.0 -999.0 -999.0 
0.0 0.0 0.0 0.0 0.0 0.0 0.0 0.0 0.0 -999.0 
0.0 0.0 1.0 1.0 1.0 0.0 -999.0 -999.0 -999.0 -999.0 
0.0 0.0 0.0 0.0 -999.0 -999.0 -999.0 -999.0 -999.0 -999.0 
0.0 0.0 0.0 0.0 0.0 -999.0 -999.0 -999.0 -999.0 -999.0 
0.0 0.0 0.0 0.0 -999.0 -999.0 -999.0 -999.0 -999.0 -999.0 
0.0 0.0 0.0 0.0 -999.0 -999.0 -999.0 -999.0 -999.0 -999.0 
0.0 0.0 0.0 0.0 -999.0 -999.0 -999.0 -999.0 -999.0 -999.0 
0.0 0.0 0.0 0.0 -999.0 -999.0 -999.0 -999.0 -999.0 -999.0 
0.0 0.0 0.0 0.0 -999.0 -999.0 -999.0 -999.0 -999.0 -999.0 
0.0 0.0 0.0 0.0 -999.0 -999.0 -999.0 -999.0 -999.0 -999.0 
0.0 0.0 -999.0 -999.0 -999.0 -999.0 -999.0 -999.0 -999.0 -999.0 
0.0 0.0 0.0 0.0 0.0 0.0 0.0 -999.0 -999.0 -999.0 
0.0 0.0 0.0 0.0 0.0 -999.0 -999.0 -999.0 -999.0 -999.0 
0.0 0.0 0.0 0.0 0.0 -999.0 -999.0 -999.0 -999.0 -999.0 
0.0 0.0 0.0 0.0 -999.0 -999.0 -999.0 -999.0 -999.0 -999.0 
0.0 0.0 0.0 0.0 -999.0 -999.0 -999.0 -999.0 -999.0 -999.0 
0.0 1.0 1.0 1.0 0.0 1.0 1.0 -999.0 -999.0 -999.0 
0.0 -999.0 -999.0 -999.0 -999.0 -999.0 -999.0 -999.0 -999.0 -999.0 
0.0 1.0 1.0 0.0 0.0 0.0 -999.0 -999.0 -999.0 -999.0 
Primary periods=1 Secondary periods: 10
- - - - - - - - - - - - - - - - - - - - - - - - - - - - -
 Spotted and Barred Owl Co-Occurrence
- - - - - - - - - - - - - - - - - - - - - - - - - - - - -
modtype=3 N=302 T=10 Groups=1 bootstraps=0

-->1-10
Matrix 1: rows=4, cols=4
            -,a1,a2,a3,
psiA          1 0 0
psiB          0 1 0
phi           0 0 1
========================

Matrix 2: rows=51, cols=6
            -,b1,b2,b3,b4,b5,
pA[1]         1 0 0 0 0
pA[2]         1 0 0 0 0
pA[3]         1 0 0 0 0
pA[4]         1 0 0 0 0
pA[5]         1 0 0 0 0
pA[6]         1 0 0 0 0
pA[7]         1 0 0 0 0
pA[8]         1 0 0 0 0
pA[9]         1 0 0 0 0
pA[10]        1 0 0 0 0
pB[1]         0 1 0 0 0
pB[2]         0 1 0 0 0
pB[3]         0 1 0 0 0
pB[4]         0 1 0 0 0
pB[5]         0 1 0 0 0
pB[6]         0 1 0 0 0
pB[7]         0 1 0 0 0
pB[8]         0 1 0 0 0
pB[9]         0 1 0 0 0
pB[10]        0 1 0 0 0
rA[1]         0 0 1 0 0
rA[2]         0 0 1 0 0
rA[3]         0 0 1 0 0
rA[4]         0 0 1 0 0
rA[5]         0 0 1 0 0
rA[6]         0 0 1 0 0
rA[7]         0 0 1 0 0
rA[8]         0 0 1 0 0
rA[9]         0 0 1 0 0
rA[10]        0 0 1 0 0
rB[1]         0 0 0 1 0
rB[2]         0 0 0 1 0
rB[3]         0 0 0 1 0
rB[4]         0 0 0 1 0
rB[5]         0 0 0 1 0
rB[6]         0 0 0 1 0
rB[7]         0 0 0 1 0
rB[8]         0 0 0 1 0
rB[9]         0 0 0 1 0
rB[10]        0 0 0 1 0
delta[1]      0 0 0 0 1
delta[2]      0 0 0 0 1
delta[3]      0 0 0 0 1
delta[4]      0 0 0 0 1
delta[5]      0 0 0 0 1
delta[6]      0 0 0 0 1
delta[7]      0 0 0 0 1
delta[8]      0 0 0 0 1
delta[9]      0 0 0 0 1
delta[10]     0 0 0 0 1
========================

Matrix 3: rows=0, cols=0
========================

Matrix 4: rows=0, cols=0
========================

Matrix 5: rows=0, cols=0
========================

Matrix 6: rows=0, cols=0
========================
5 0 0

Two Species, Single Season Model:
---------------------------------
-- standard parameterization requested: psiA,psiB,phi,pA,pB,rA,rB,delta
-- stacked input: 1st 151 records=species A, last 151 records=species B
Number of sites                = 151
Number of sampling occasions   = 10
Number of missing observations = 769

Number of parameters           = 8

Model:psiA,psiB,phi,pA,pB,rA,rB,delta flags:(0 0 0 0) (ind-occ det-eq det-ind init)

NPar=8 s=1-10

Number of parameters           = 8
Number of function calls           = 314
-2log(likelihood)              = 1257.9804
AIC                            = 1273.9804

varcov: nsig=6 eps=1.000000e-002
h(0)=1.977719e-002 parm(0)=9.777191e-001
h(1)=1.193339e-002 parm(1)=1.933389e-001
h(2)=1.060928e-002 parm(2)=6.092811e-002
h(3)=2.571449e-002 parm(3)=1.571449e+000
h(4)=1.450597e-002 parm(4)=-4.505969e-001
h(5)=1.444451e-002 parm(5)=-4.444511e-001
h(6)=3.180298e-002 parm(6)=-2.180298e+000
h(7)=1.106420e-002 parm(7)=-1.064202e-001
hessian from varcov:
 2.353096e+001 -5.319342e+000 8.330458e+000 1.239933e-001 -3.256368e+000 1.103985e+001 -6.570977e-001 3.961210e-001
 -5.319342e+000 2.479945e+001 1.123366e+001 -7.852567e+000 2.452143e+000 -5.413318e+000 5.566482e+000 8.924649e-001
 8.330458e+000 1.123366e+001 3.539482e+002 -1.770417e+001 -2.625351e+001 -1.433956e+001 -1.788469e+000 1.047922e+001
 1.239933e-001 -7.852567e+000 -1.770417e+001 1.824768e+001 2.138903e-002 -3.811509e+000 4.382302e+000 6.284580e-001
 -3.256368e+000 2.452143e+000 -2.625351e+001 2.138903e-002 1.165308e+001 2.814912e+000 -9.433501e-002 5.704534e-002
 1.103985e+001 -5.413318e+000 -1.433956e+001 -3.811509e+000 2.814912e+000 4.450616e+001 5.906338e+000 2.349206e+000
 -6.570977e-001 5.566482e+000 -1.788469e+000 4.382302e+000 -9.433501e-002 5.906338e+000 2.607120e+001 5.448327e-001
 3.961210e-001 8.924649e-001 1.047922e+001 6.284580e-001 5.704534e-002 2.349206e+000 5.448327e-001 1.905247e+001
  23.530958  -5.319342   8.330458   0.123993  -3.256368  11.039854  -0.657098   0.396121
  -5.319342  24.799447  11.233657  -7.852567   2.452143  -5.413318   5.566482   0.892465
   8.330458  11.233657 353.948163 -17.704167 -26.253507 -14.339556  -1.788469  10.479216
   0.123993  -7.852567 -17.704167  18.247678   0.021389  -3.811509   4.382302   0.628458
  -3.256368   2.452143 -26.253507   0.021389  11.653079   2.814912  -0.094335   0.057045
  11.039854  -5.413318 -14.339556  -3.811509   2.814912  44.506161   5.906338   2.349206
  -0.657098   5.566482  -1.788469   4.382302  -0.094335   5.906338  26.071199   0.544833
   0.396121   0.892465  10.479216   0.628458   0.057045   2.349206   0.544833  19.052472
inverse:
 0.053136 0.005221 -0.001079 -0.003261 0.014906 -0.014707 0.004063 0.001004
 0.005221 0.062349 -0.001171 0.033814 -0.017673 0.013062 -0.021875 -0.004432
 -0.001079 -0.001171 0.003795 0.003610 0.008180 0.001306 -0.000342 -0.002305
 -0.003261 0.033814 0.003610 0.082646 -0.004343 0.017115 -0.024680 -0.007619
 0.014906 -0.017673 0.008180 -0.004343 0.115082 -0.011847 0.008602 -0.002968
 -0.014707 0.013062 0.001306 0.017115 -0.011847 0.032368 -0.013214 -0.005167
 0.004063 -0.021875 -0.000342 -0.024680 0.008602 -0.013214 0.050235 0.002109
 0.001004 -0.004432 -0.002305 -0.007619 -0.002968 -0.005167 0.002109 0.054778
mat*inverse:
 1.000000 -0.000000 0.000000 0.000000 0.000000 0.000000 -0.000000 -0.000000
 -0.000000 1.000000 0.000000 -0.000000 -0.000000 -0.000000 0.000000 0.000000
 -0.000000 0.000000 1.000000 0.000000 -0.000000 -0.000000 -0.000000 -0.000000
 0.000000 -0.000000 -0.000000 1.000000 0.000000 -0.000000 0.000000 -0.000000
 0.000000 -0.000000 -0.000000 -0.000000 1.000000 0.000000 0.000000 0.000000
 -0.000000 -0.000000 -0.000000 -0.000000 0.000000 1.000000 0.000000 0.000000
 -0.000000 -0.000000 0.000000 -0.000000 0.000000 -0.000000 1.000000 0.000000
 -0.000000 0.000000 0.000000 0.000000 -0.000000 0.000000 -0.000000 1.000000

Untransformed Estimates of coefficients for covariates (Beta's)
======================================================================
                                          estimate    std.error
A1   psiA                             :   0.977719    0.230513
A2   psiB                             :   0.193339    0.249698
A3   phi                              :   0.060928    0.061600
B1   pA[1]                            :   1.571449    0.287483
B2   pB[1]                            :  -0.450597    0.339237
B3   rA[1]                            :  -0.444451    0.179911
B4   rB[1]                            :  -2.180298    0.224132
B5   delta[1]                         :  -0.106420    0.234047

Variance-Covariance Matrix of Untransformed estimates (Beta's):
              A1         A2         A3         B1         B2         B3         B4         B5  
     A1    0.053136   0.005221  -0.001079  -0.003261   0.014906  -0.014707   0.004063   0.001004
     A2    0.005221   0.062349  -0.001171   0.033814  -0.017673   0.013062  -0.021875  -0.004432
     A3   -0.001079  -0.001171   0.003795   0.003610   0.008180   0.001306  -0.000342  -0.002305
     B1   -0.003261   0.033814   0.003610   0.082646  -0.004343   0.017115  -0.024680  -0.007619
     B2    0.014906  -0.017673   0.008180  -0.004343   0.115082  -0.011847   0.008602  -0.002968
     B3   -0.014707   0.013062   0.001306   0.017115  -0.011847   0.032368  -0.013214  -0.005167
     B4    0.004063  -0.021875  -0.000342  -0.024680   0.008602  -0.013214   0.050235   0.002109
     B5    0.001004  -0.004432  -0.002305  -0.007619  -0.002968  -0.005167   0.002109   0.054778
------------------------------

============================================================

   Individual Site estimates of <psiA> 
                Site               estimate  Std.err   95% conf. interval
psiA            1 site 1          :  0.7267   0.0458     0.6285 - 0.8068 

   Individual Site estimates of <psiB> 
                Site               estimate  Std.err   95% conf. interval
psiB            1 site 1          :  0.5482   0.0618     0.4265 - 0.6644 

   Individual Site estimates of <phi> 
                Site               estimate  Std.err   95% conf. interval
phi             1 site 1          :  1.0628   0.0655     0.9419 - 1.1992 

   Individual Site estimates of <pA[1]> 
                Site               estimate  Std.err   95% conf. interval
pA[1]           1 site 1          :  0.8280   0.0409     0.7326 - 0.8943 
pA[2]           1 site 1          :  0.8280   0.0409     0.7326 - 0.8943 
pA[3]           1 site 1          :  0.8280   0.0409     0.7326 - 0.8943 
pA[4]           1 site 1          :  0.8280   0.0409     0.7326 - 0.8943 
pA[5]           1 site 1          :  0.8280   0.0409     0.7326 - 0.8943 
pA[6]           1 site 1          :  0.8280   0.0409     0.7326 - 0.8943 
pA[7]           1 site 1          :  0.8280   0.0409     0.7326 - 0.8943 
pA[8]           1 site 1          :  0.8280   0.0409     0.7326 - 0.8943 
pA[9]           1 site 1          :  0.8280   0.0409     0.7326 - 0.8943 
pA[10]          1 site 1          :  0.8280   0.0409     0.7326 - 0.8943 

   Individual Site estimates of <pB[1]> 
                Site               estimate  Std.err   95% conf. interval
pB[1]           1 site 1          :  0.3892   0.0806     0.2468 - 0.5534 
pB[2]           1 site 1          :  0.3892   0.0806     0.2468 - 0.5534 
pB[3]           1 site 1          :  0.3892   0.0806     0.2468 - 0.5534 
pB[4]           1 site 1          :  0.3892   0.0806     0.2468 - 0.5534 
pB[5]           1 site 1          :  0.3892   0.0806     0.2468 - 0.5534 
pB[6]           1 site 1          :  0.3892   0.0806     0.2468 - 0.5534 
pB[7]           1 site 1          :  0.3892   0.0806     0.2468 - 0.5534 
pB[8]           1 site 1          :  0.3892   0.0806     0.2468 - 0.5534 
pB[9]           1 site 1          :  0.3892   0.0806     0.2468 - 0.5534 
pB[10]          1 site 1          :  0.3892   0.0806     0.2468 - 0.5534 

   Individual Site estimates of <rA[1]> 
                Site               estimate  Std.err   95% conf. interval
rA[1]           1 site 1          :  0.3907   0.0428     0.3107 - 0.4771 
rA[2]           1 site 1          :  0.3907   0.0428     0.3107 - 0.4771 
rA[3]           1 site 1          :  0.3907   0.0428     0.3107 - 0.4771 
rA[4]           1 site 1          :  0.3907   0.0428     0.3107 - 0.4771 
rA[5]           1 site 1          :  0.3907   0.0428     0.3107 - 0.4771 
rA[6]           1 site 1          :  0.3907   0.0428     0.3107 - 0.4771 
rA[7]           1 site 1          :  0.3907   0.0428     0.3107 - 0.4771 
rA[8]           1 site 1          :  0.3907   0.0428     0.3107 - 0.4771 
rA[9]           1 site 1          :  0.3907   0.0428     0.3107 - 0.4771 
rA[10]          1 site 1          :  0.3907   0.0428     0.3107 - 0.4771 

   Individual Site estimates of <rB[1]> 
                Site               estimate  Std.err   95% conf. interval
rB[1]           1 site 1          :  0.1015   0.0204     0.0679 - 0.1492 
rB[2]           1 site 1          :  0.1015   0.0204     0.0679 - 0.1492 
rB[3]           1 site 1          :  0.1015   0.0204     0.0679 - 0.1492 
rB[4]           1 site 1          :  0.1015   0.0204     0.0679 - 0.1492 
rB[5]           1 site 1          :  0.1015   0.0204     0.0679 - 0.1492 
rB[6]           1 site 1          :  0.1015   0.0204     0.0679 - 0.1492 
rB[7]           1 site 1          :  0.1015   0.0204     0.0679 - 0.1492 
rB[8]           1 site 1          :  0.1015   0.0204     0.0679 - 0.1492 
rB[9]           1 site 1          :  0.1015   0.0204     0.0679 - 0.1492 
rB[10]          1 site 1          :  0.1015   0.0204     0.0679 - 0.1492 

   Individual Site estimates of <delta[1]> 
                Site               estimate  Std.err   95% conf. interval
delta[1]        1 site 1          :  0.8990   0.2104     0.5683 - 1.4224 
delta[2]        1 site 1          :  0.8990   0.2104     0.5683 - 1.4224 
delta[3]        1 site 1          :  0.8990   0.2104     0.5683 - 1.4224 
delta[4]        1 site 1          :  0.8990   0.2104     0.5683 - 1.4224 
delta[5]        1 site 1          :  0.8990   0.2104     0.5683 - 1.4224 
delta[6]        1 site 1          :  0.8990   0.2104     0.5683 - 1.4224 
delta[7]        1 site 1          :  0.8990   0.2104     0.5683 - 1.4224 
delta[8]        1 site 1          :  0.8990   0.2104     0.5683 - 1.4224 
delta[9]        1 site 1          :  0.8990   0.2104     0.5683 - 1.4224 
delta[10]       1 site 1          :  0.8990   0.2104     0.5683 - 1.4224 

CPU time: 0.0 seconds

