

PRESENCE - Presence/Absence-Site Occupancy data analysis
Wed Feb 14 18:40:02 2018,       Version 2.12.9.
- - - - - - - - - - - - - - - - - - - - - - - - - - - - -
==>C:\Progra~2\Presence\presence.exe
==>i=salamander..pao
==>l=pres_1_group__Survey-specific_P.out
==>name=1 group, Survey-specific P
==>j=salamander..dm
varcov: nsig=6 eps=1.000000e-002
no model name N,T-->39,5




********* Input Data summary *******
Number of sites                = 39
Number of sampling occasions   = 5
Number of states               = 2
Number of missing observations = 0
Data checksum = 29349

NSiteCovs-->0
NSampCovs-->0
Primary periods=1 Secondary periods: 5
Naive occupancy estimate       = 0.4615

- - - - - - - - - - - - - - - - - - - - - - - - - - - - -
 Salamander Example
- - - - - - - - - - - - - - - - - - - - - - - - - - - - -
N=39 T=5 Groups=1 bootstraps=0

-->1-5
Matrix 1: rows=2, cols=2
            -,a1,
psi           1
========================

Matrix 2: rows=6, cols=6
            -,b1,b2,b3,b4,b5,
P1[1]         1 0 0 0 0
P1[2]         0 1 0 0 0
P1[3]         0 0 1 0 0
P1[4]         0 0 0 1 0
P1[5]         0 0 0 0 1
========================

Matrix 3: rows=0, cols=0
========================

Matrix 4: rows=0, cols=0
========================

Matrix 5: rows=0, cols=0
========================

Matrix 6: rows=0, cols=0
========================

modtype=1

Custom Model: 1 group, Survey-specific P

attempt 0/0 (iv= 0.00  0.00  0.00...), optmiz done. -2loglike= 155.7144
0 random initial value vectors attempted:
Initial values:
    0.0000    0.0000    0.0000    0.0000    0.0000    0.0000
Number of significant digits   =   7.9

Model has been fit using the logistic link.


Number of parameters           = 6
Number of function calls           = 186
-2log(likelihood)              = 155.7144
AIC                            = 167.7144

Untransformed Estimates of coefficients for covariates (Beta's)
======================================================================
                                          estimate    std.error
A1   psi.a1                           :   0.322275    0.482586
B1   P1[1].b1                         :  -1.537688    0.580492
B2   P1[2].b2                         :  -1.877696    0.643633
B3   P1[3].b3                         :  -0.413967    0.496702
B4   P1[4].b4                         :  -0.602625    0.497355
B5   P1[5].b5                         :  -1.018563    0.518256

============================================================

   Individual Site estimates of <psi>
                Site               estimate  Std.err   95% conf. interval
psi             1 site1           :  0.5799   0.1176     0.3490 -  0.7804

============================================================

   Individual Site estimates of <P1[1]>
                Site               estimate  Std.err   95% conf. interval
P1[1]           1 site1           :  0.1769   0.0845     0.0644 -  0.4013
P1[2]           1 site1           :  0.1327   0.0741     0.0415 -  0.3507
P1[3]           1 site1           :  0.3980   0.1190     0.1998 -  0.6364
P1[4]           1 site1           :  0.3537   0.1137     0.1712 -  0.5920
P1[5]           1 site1           :  0.2653   0.1010     0.1156 -  0.4993

============================================================


 DERIVED parameter - Psi-conditional = [Pr(occ | detection history)]

        Site                     psi-cond  Std.err     95% conf. interval
psi-cond     1    site1        :   1.0000  0.0000     1.0000 - 1.0000 
psi-cond     2    site2        :   1.0000  0.0000     1.0000 - 1.0000 
psi-cond     3    site3        :   1.0000  0.0000     1.0000 - 1.0000 
psi-cond     4    site4        :   1.0000  0.0000     1.0000 - 1.0000 
psi-cond     5    site5        :   1.0000  0.0000     1.0000 - 1.0000 
psi-cond     6    site6        :   1.0000  0.0000     1.0000 - 1.0000 
psi-cond     7    site7        :   1.0000  0.0000     1.0000 - 1.0000 
psi-cond     8    site8        :   1.0000  0.0000     1.0000 - 1.0000 
psi-cond     9    site9        :   1.0000  0.0000     1.0000 - 1.0000 
psi-cond    10   site10        :   1.0000  0.0000     1.0000 - 1.0000 
psi-cond    11   site11        :   1.0000  0.0000     1.0000 - 1.0000 
psi-cond    12   site12        :   1.0000  0.0000     1.0000 - 1.0000 
psi-cond    13   site13        :   1.0000  0.0000     1.0000 - 1.0000 
psi-cond    14   site14        :   1.0000  0.0000     1.0000 - 1.0000 
psi-cond    15   site15        :   0.2198  0.1340     0.0574 - 0.5658 
psi-cond    16   site16        :   0.2198  0.1340     0.0574 - 0.5658 
psi-cond    17   site17        :   0.2198  0.1340     0.0574 - 0.5658 
psi-cond    18   site18        :   0.2198  0.1340     0.0574 - 0.5658 
psi-cond    19   site19        :   0.2198  0.1340     0.0574 - 0.5658 
psi-cond    20   site20        :   0.2198  0.1340     0.0574 - 0.5658 
psi-cond    21   site21        :   0.2198  0.1340     0.0574 - 0.5658 
psi-cond    22   site22        :   0.2198  0.1340     0.0574 - 0.5658 
psi-cond    23   site23        :   0.2198  0.1340     0.0574 - 0.5658 
psi-cond    24   site24        :   0.2198  0.1340     0.0574 - 0.5658 
psi-cond    25   site25        :   0.2198  0.1340     0.0574 - 0.5658 
psi-cond    26   site26        :   0.2198  0.1340     0.0574 - 0.5658 
psi-cond    27   site27        :   0.2198  0.1340     0.0574 - 0.5658 
psi-cond    28   site28        :   0.2198  0.1340     0.0574 - 0.5658 
psi-cond    29   site29        :   0.2198  0.1340     0.0574 - 0.5658 
psi-cond    30   site30        :   0.2198  0.1340     0.0574 - 0.5658 
psi-cond    31   site31        :   0.2198  0.1340     0.0574 - 0.5658 
psi-cond    32   site32        :   0.2198  0.1340     0.0574 - 0.5658 
psi-cond    33   site33        :   0.2198  0.1340     0.0574 - 0.5658 
psi-cond    34   site34        :   0.2198  0.1340     0.0574 - 0.5658 
psi-cond    35   site35        :   0.2198  0.1340     0.0574 - 0.5658 
psi-cond    36   site36        :   1.0000  0.0000     1.0000 - 1.0000 
psi-cond    37   site37        :   1.0000  0.0000     1.0000 - 1.0000 
psi-cond    38   site38        :   1.0000  0.0000     1.0000 - 1.0000 
psi-cond    39   site39        :   1.0000  0.0000     1.0000 - 1.0000 

CPU time= 0 seconds (0.00 min)

