

PRESENCE - Presence/Absence-Site Occupancy data analysis
Sat Feb 03 17:08:08 2018,       Version 2.12.8.
- - - - - - - - - - - - - - - - - - - - - - - - - - - - -
==>C:\Progra~2\Presence\presence.exe
==>i=simdata.pao
==>l=pres_1_group__Constant_P.out
==>name=1 group, Constant P
==>j=simdata.dm
varcov: nsig=6 eps=1.000000e-002
no model name N,T-->72,5




********* Input Data summary *******
Number of sites                = 72
Number of sampling occasions   = 5
Number of states               = 2
Number of missing observations = 98
Data checksum = 53860

NSiteCovs-->2
site_covname[0]=Browsed
site_covname[1]=NotBrowsed
NSampCovs-->3
samp_covname[0]=Obs1
samp_covname[1]=Obs2
samp_covname[2]=Obs3
Primary periods=1 Secondary periods: 5
Naive occupancy estimate       = 0.4861

- - - - - - - - - - - - - - - - - - - - - - - - - - - - -
 Cancel
- - - - - - - - - - - - - - - - - - - - - - - - - - - - -
N=72 T=5 Groups=1 bootstraps=0

-->1-5
Matrix 1: rows=2, cols=2
            -,a1,
psi           1
========================

Matrix 2: rows=6, cols=2
            -,b1,
P1[1]         1
P1[2]         1
P1[3]         1
P1[4]         1
P1[5]         1
========================

Matrix 3: rows=0, cols=0
========================

Matrix 4: rows=0, cols=0
========================

Matrix 5: rows=0, cols=0
========================

Matrix 6: rows=0, cols=0
========================

modtype=1

Custom Model: 1 group, Constant P

attempt 0/0 (iv= 0.00  0.00 -0.00...), optmiz done. -2loglike= 261.7872
0 random initial value vectors attempted:
Initial values:
    0.0000    0.0000
Number of significant digits   =   7.7

Model has been fit using the logistic link.


Number of parameters           = 2
Number of function calls           = 48
-2log(likelihood)              = 261.7872
AIC                            = 265.7872

Untransformed Estimates of coefficients for covariates (Beta's)
======================================================================
                                          estimate    std.error
A1   psi.a1                           :   0.475124    0.374534
B1   P1[5].b1                         :  -0.621831    0.236368

============================================================

   Individual Site estimates of <psi>
                Site               estimate  Std.err   95% conf. interval
psi             1 site1           :  0.6166   0.0885     0.4356 -  0.7702

============================================================

   Individual Site estimates of <P1[1]>
                Site               estimate  Std.err   95% conf. interval
P1[1]           1 site1           :  0.3494   0.0537     0.2525 -  0.4604
P1[2]           1 site1           :  0.3494   0.0537     0.2525 -  0.4604
P1[3]           1 site1           :  0.3494   0.0537     0.2525 -  0.4604
P1[4]           1 site1           :  0.3494   0.0537     0.2525 -  0.4604
P1[5]           1 site1           :  0.3494   0.0537     0.2525 -  0.4604

============================================================


 DERIVED parameter - Psi-conditional = [Pr(occ | detection history)]

        Site                     psi-cond  Std.err     95% conf. interval
psi-cond     1    site1        :   0.2237  0.1075     0.0789 - 0.4924 
psi-cond     2    site2        :   0.2237  0.1075     0.0789 - 0.4924 
psi-cond     3    site3        :   1.0000  0.0000     1.0000 - 1.0000 
psi-cond     4    site4        :   0.2237  0.1075     0.0789 - 0.4924 
psi-cond     5    site5        :   0.2237  0.1075     0.0789 - 0.4924 
psi-cond     6    site6        :   0.2237  0.1075     0.0789 - 0.4924 
psi-cond     7    site7        :   0.2237  0.1075     0.0789 - 0.4924 
psi-cond     8    site8        :   0.2237  0.1075     0.0789 - 0.4924 
psi-cond     9    site9        :   0.2237  0.1075     0.0789 - 0.4924 
psi-cond    10   site10        :   1.0000  0.0000     1.0000 - 1.0000 
psi-cond    11   site11        :   1.0000  0.0000     1.0000 - 1.0000 
psi-cond    12   site12        :   1.0000  0.0000     1.0000 - 1.0000 
psi-cond    13   site13        :   1.0000  0.0000     1.0000 - 1.0000 
psi-cond    14   site14        :   0.2237  0.1075     0.0789 - 0.4924 
psi-cond    15   site15        :   1.0000  0.0000     1.0000 - 1.0000 
psi-cond    16   site16        :   1.0000  0.0000     1.0000 - 1.0000 
psi-cond    17   site17        :   0.3070  0.1169     0.1310 - 0.5654 
psi-cond    18   site18        :   1.0000  0.0000     1.0000 - 1.0000 
psi-cond    19   site19        :   0.3070  0.1169     0.1310 - 0.5654 
psi-cond    20   site20        :   0.2237  0.1075     0.0789 - 0.4924 
psi-cond    21   site21        :   0.3070  0.1169     0.1310 - 0.5654 
psi-cond    22   site22        :   0.3070  0.1169     0.1310 - 0.5654 
psi-cond    23   site23        :   1.0000  0.0000     1.0000 - 1.0000 
psi-cond    24   site24        :   0.3070  0.1169     0.1310 - 0.5654 
psi-cond    25   site25        :   0.3070  0.1169     0.1310 - 0.5654 
psi-cond    26   site26        :   0.3070  0.1169     0.1310 - 0.5654 
psi-cond    27   site27        :   0.3070  0.1169     0.1310 - 0.5654 
psi-cond    28   site28        :   1.0000  0.0000     1.0000 - 1.0000 
psi-cond    29   site29        :   0.3070  0.1169     0.1310 - 0.5654 
psi-cond    30   site30        :   0.2237  0.1075     0.0789 - 0.4924 
psi-cond    31   site31        :   0.2237  0.1075     0.0789 - 0.4924 
psi-cond    32   site32        :   0.2237  0.1075     0.0789 - 0.4924 
psi-cond    33   site33        :   0.2237  0.1075     0.0789 - 0.4924 
psi-cond    34   site34        :   1.0000  0.0000     1.0000 - 1.0000 
psi-cond    35   site35        :   0.1579  0.0920     0.0461 - 0.4211 
psi-cond    36   site36        :   0.1579  0.0920     0.0461 - 0.4211 
psi-cond    37   site37        :   1.0000  0.0000     1.0000 - 1.0000 
psi-cond    38   site38        :   0.3070  0.1169     0.1310 - 0.5654 
psi-cond    39   site39        :   1.0000  0.0000     1.0000 - 1.0000 
psi-cond    40   site40        :   0.2237  0.1075     0.0789 - 0.4924 
psi-cond    41   site41        :   1.0000  0.0000     1.0000 - 1.0000 
psi-cond    42   site42        :   1.0000  0.0000     1.0000 - 1.0000 
psi-cond    43   site43        :   1.0000  0.0000     1.0000 - 1.0000 
psi-cond    44   site44        :   1.0000  0.0000     1.0000 - 1.0000 
psi-cond    45   site45        :   1.0000  0.0000     1.0000 - 1.0000 
psi-cond    46   site46        :   1.0000  0.0000     1.0000 - 1.0000 
psi-cond    47   site47        :   1.0000  0.0000     1.0000 - 1.0000 
psi-cond    48   site48        :   0.2237  0.1075     0.0789 - 0.4924 
psi-cond    49   site49        :   1.0000  0.0000     1.0000 - 1.0000 
psi-cond    50   site50        :   1.0000  0.0000     1.0000 - 1.0000 
psi-cond    51   site51        :   1.0000  0.0000     1.0000 - 1.0000 
psi-cond    52   site52        :   1.0000  0.0000     1.0000 - 1.0000 
psi-cond    53   site53        :   1.0000  0.0000     1.0000 - 1.0000 
psi-cond    54   site54        :   0.2237  0.1075     0.0789 - 0.4924 
psi-cond    55   site55        :   0.2237  0.1075     0.0789 - 0.4924 
psi-cond    56   site56        :   0.2237  0.1075     0.0789 - 0.4924 
psi-cond    57   site57        :   1.0000  0.0000     1.0000 - 1.0000 
psi-cond    58   site58        :   0.2237  0.1075     0.0789 - 0.4924 
psi-cond    59   site59        :   1.0000  0.0000     1.0000 - 1.0000 
psi-cond    60   site60        :   1.0000  0.0000     1.0000 - 1.0000 
psi-cond    61   site61        :   1.0000  0.0000     1.0000 - 1.0000 
psi-cond    62   site62        :   1.0000  0.0000     1.0000 - 1.0000 
psi-cond    63   site63        :   0.3070  0.1169     0.1310 - 0.5654 
psi-cond    64   site64        :   0.3070  0.1169     0.1310 - 0.5654 
psi-cond    65   site65        :   1.0000  0.0000     1.0000 - 1.0000 
psi-cond    66   site66        :   0.3070  0.1169     0.1310 - 0.5654 
psi-cond    67   site67        :   1.0000  0.0000     1.0000 - 1.0000 
psi-cond    68   site68        :   1.0000  0.0000     1.0000 - 1.0000 
psi-cond    69   site69        :   1.0000  0.0000     1.0000 - 1.0000 
psi-cond    70   site70        :   0.3070  0.1169     0.1310 - 0.5654 
psi-cond    71   site71        :   0.3070  0.1169     0.1310 - 0.5654 
psi-cond    72   site72        :   1.0000  0.0000     1.0000 - 1.0000 

CPU time= 0 seconds (0.00 min)

