

PRESENCE - Presence/Absence-Site Occupancy data analysis
Thu Oct 27 23:15:01 2011,       Version 4.0111018
- - - - - - - - - - - - - - - - - - - - - - - - - - - - -
==>i=salamandercooccurence.pao
==>l=pres_psiA(E)_psiB(E)_phi()_pA_pB_rA_rB_delta.out
==>name=psiA(E),psiB(E),phi(),pA,pB,rA,rB,delta
==>model=3000
==>j=C:\Documents and Settings\cschwarz\Desktop\SalamanderCoOccurence\salamandercooccurence_project\salamandercooccurence.dm
==>lmt=200
model=3000 N,T-->176,5
modtype-->3 

********* Input Data summary *******
Number of sites                = 176
Number of sampling occasions   = 5
Number of missing observations = 30
Data checksum = 1775

Naive occupancy estimate       = 0.5114

NSiteCovs-->2
site_covname[0]=Elevation(m)
site_covname[1]=Low/High
NSampCovs-->0
Primary periods=1 Secondary periods: 5
- - - - - - - - - - - - - - - - - - - - - - - - - - - - -
 Salamander Co-occurence
- - - - - - - - - - - - - - - - - - - - - - - - - - - - -
modtype=3 N=176 T=5 Groups=1 bootstraps=0

-->1-5
Matrix 1: rows=4, cols=6
            -,a1,a2,a3,a4,a5,
psiA          1 Low/High 0 0 0
psiB          0 0 1 Low/High 0
phi           0 0 0 0 1
========================

Matrix 2: rows=26, cols=6
            -,b1,b2,b3,b4,b5,
pA[1]         1 0 0 0 0
pA[2]         1 0 0 0 0
pA[3]         1 0 0 0 0
pA[4]         1 0 0 0 0
pA[5]         1 0 0 0 0
pB[1]         0 1 0 0 0
pB[2]         0 1 0 0 0
pB[3]         0 1 0 0 0
pB[4]         0 1 0 0 0
pB[5]         0 1 0 0 0
rA[1]         0 0 1 0 0
rA[2]         0 0 1 0 0
rA[3]         0 0 1 0 0
rA[4]         0 0 1 0 0
rA[5]         0 0 1 0 0
rB[1]         0 0 0 1 0
rB[2]         0 0 0 1 0
rB[3]         0 0 0 1 0
rB[4]         0 0 0 1 0
rB[5]         0 0 0 1 0
delta[1]      0 0 0 0 1
delta[2]      0 0 0 0 1
delta[3]      0 0 0 0 1
delta[4]      0 0 0 0 1
delta[5]      0 0 0 0 1
========================

Matrix 3: rows=0, cols=0
========================

Matrix 4: rows=0, cols=0
========================

Matrix 5: rows=0, cols=0
========================

Matrix 6: rows=0, cols=0
========================
Two Species, Single Season Model:
---------------------------------
-- standard parameterization requested: psiA,psiB,phi,pA,pB,rA,rB,delta
-- stacked input: 1st 88 records=species A, last 88 records=species B
Number of sites                = 88
Number of sampling occasions   = 5
Number of missing observations = 15

Number of parameters           = 10

Model:psiA(E),psiB(E),phi(),pA,pB,rA,rB,delta flags:(0 0 0 0) (ind-occ det-eq det-ind init)

NPar=10 s=1-5

Number of parameters           = 10
Number of function calls           = 312

**** Numerical convergence may not have been reached.
     Parameter estimates converged to approximately 
     -15.74 significant digits.

-2log(likelihood)              = 700.4268
AIC                            = 720.4268

varcov: nsig=6 eps=1.000000e-002

Untransformed Estimates of coefficients for covariates (Beta's)
======================================================================
                                          estimate    std.error
A1   psiA                             :   0.171683    0.000000
A2   psiA.Low/High                    :   0.408509    0.000000
A3   psiB                             :  -0.888428    0.000000
A4   psiB.Low/High                    :   2.168240    0.000000
A5   phi                              :  -0.169214    0.000000
B1   pA[1]                            :   0.121174    0.164324
B2   pB[1]                            :   2.505625    0.770358
B3   rA[1]                            :   0.036885    0.423353
B4   rB[1]                            :   0.282769    0.279001
B5   delta[1]                         :  -0.278511    0.192496

Variance-Covariance Matrix of Untransformed estimates (Beta's):
              A1         A2         A3         A4         A5         B1         B2         B3         B4         B5  
     A1    0.000000  -0.000000  -0.000000  -0.000000   0.000000  -0.000000  -0.000000   0.000000  -0.000000  -0.000000
     A2   -0.000000   0.000000  -0.000000  -0.000000   0.000000  -0.000000  -0.000000   0.000000  -0.000000  -0.000000
     A3   -0.000000  -0.000000   0.000000  -0.000000   0.000000  -0.000000  -0.000000   0.000000  -0.000000  -0.000000
     A4   -0.000000  -0.000000  -0.000000   0.000000   0.000000  -0.000000  -0.000000   0.000000  -0.000000  -0.000000
     A5    0.000000   0.000000   0.000000   0.000000   0.000000   0.000000   0.000000  -0.000000   0.000000   0.000000
     B1   -0.000000  -0.000000  -0.000000  -0.000000   0.000000   0.027003   0.005229  -0.003985   0.002749   0.001256
     B2   -0.000000  -0.000000  -0.000000  -0.000000   0.000000   0.005229   0.593451  -0.230005  -0.040960  -0.029241
     B3    0.000000   0.000000   0.000000   0.000000  -0.000000  -0.003985  -0.230005   0.179228   0.004332   0.035104
     B4   -0.000000  -0.000000  -0.000000  -0.000000   0.000000   0.002749  -0.040960   0.004332   0.077842   0.027603
     B5   -0.000000  -0.000000  -0.000000  -0.000000   0.000000   0.001256  -0.029241   0.035104   0.027603   0.037055
------------------------------

============================================================

   Individual Site estimates of <psiA> 
                Site               estimate  Std.err   95% conf. interval
psiA            1 site 1          :  0.5428   0.0000     0.5428 - 0.5428 
psiA            2 site 2          :  0.5428   0.0000     0.5428 - 0.5428 
psiA            3 site 3          :  0.5428   0.0000     0.5428 - 0.5428 
psiA            4 site 4          :  0.5428   0.0000     0.5428 - 0.5428 
psiA            5 site 5          :  0.5428   0.0000     0.5428 - 0.5428 
psiA            6 site 6          :  0.5428   0.0000     0.5428 - 0.5428 
psiA            7 site 7          :  0.5428   0.0000     0.5428 - 0.5428 
psiA            8 site 8          :  0.5428   0.0000     0.5428 - 0.5428 
psiA            9 site 9          :  0.5428   0.0000     0.5428 - 0.5428 
psiA           10 site 10         :  0.5428   0.0000     0.5428 - 0.5428 
psiA           11 site 11         :  0.5428   0.0000     0.5428 - 0.5428 
psiA           12 site 12         :  0.5428   0.0000     0.5428 - 0.5428 
psiA           13 site 13         :  0.5428   0.0000     0.5428 - 0.5428 
psiA           14 site 14         :  0.5428   0.0000     0.5428 - 0.5428 
psiA           15 site 15         :  0.5428   0.0000     0.5428 - 0.5428 
psiA           16 site 16         :  0.5428   0.0000     0.5428 - 0.5428 
psiA           17 site 17         :  0.5428   0.0000     0.5428 - 0.5428 
psiA           18 site 18         :  0.5428   0.0000     0.5428 - 0.5428 
psiA           19 site 19         :  0.5428   0.0000     0.5428 - 0.5428 
psiA           20 site 20         :  0.5428   0.0000     0.5428 - 0.5428 
psiA           21 site 21         :  0.5428   0.0000     0.5428 - 0.5428 
psiA           22 site 22         :  0.5428   0.0000     0.5428 - 0.5428 
psiA           23 site 23         :  0.5428   0.0000     0.5428 - 0.5428 
psiA           24 site 24         :  0.5428   0.0000     0.5428 - 0.5428 
psiA           25 site 25         :  0.5428   0.0000     0.5428 - 0.5428 
psiA           26 site 26         :  0.5428   0.0000     0.5428 - 0.5428 
psiA           27 site 27         :  0.5428   0.0000     0.5428 - 0.5428 
psiA           28 site 28         :  0.5428   0.0000     0.5428 - 0.5428 
psiA           29 site 29         :  0.5428   0.0000     0.5428 - 0.5428 
psiA           30 site 30         :  0.5428   0.0000     0.5428 - 0.5428 
psiA           31 site 31         :  0.5428   0.0000     0.5428 - 0.5428 
psiA           32 site 32         :  0.5428   0.0000     0.5428 - 0.5428 
psiA           33 site 33         :  0.5428   0.0000     0.5428 - 0.5428 
psiA           34 site 34         :  0.5428   0.0000     0.5428 - 0.5428 
psiA           35 site 35         :  0.5428   0.0000     0.5428 - 0.5428 
psiA           36 site 36         :  0.5428   0.0000     0.5428 - 0.5428 
psiA           37 site 37         :  0.5428   0.0000     0.5428 - 0.5428 
psiA           38 site 38         :  0.5428   0.0000     0.5428 - 0.5428 
psiA           39 site 39         :  0.5428   0.0000     0.5428 - 0.5428 
psiA           40 site 40         :  0.5428   0.0000     0.5428 - 0.5428 
psiA           41 site 41         :  0.5428   0.0000     0.5428 - 0.5428 
psiA           42 site 42         :  0.5428   0.0000     0.5428 - 0.5428 
psiA           43 site 43         :  0.5428   0.0000     0.5428 - 0.5428 
psiA           44 site 44         :  0.5428   0.0000     0.5428 - 0.5428 
psiA           45 site 45         :  0.5428   0.0000     0.5428 - 0.5428 
psiA           46 site 46         :  0.6411   0.0000     0.6411 - 0.6411 
psiA           47 site 47         :  0.6411   0.0000     0.6411 - 0.6411 
psiA           48 site 48         :  0.6411   0.0000     0.6411 - 0.6411 
psiA           49 site 49         :  0.6411   0.0000     0.6411 - 0.6411 
psiA           50 site 50         :  0.6411   0.0000     0.6411 - 0.6411 
psiA           51 site 51         :  0.6411   0.0000     0.6411 - 0.6411 
psiA           52 site 52         :  0.6411   0.0000     0.6411 - 0.6411 
psiA           53 site 53         :  0.6411   0.0000     0.6411 - 0.6411 
psiA           54 site 54         :  0.6411   0.0000     0.6411 - 0.6411 
psiA           55 site 55         :  0.6411   0.0000     0.6411 - 0.6411 
psiA           56 site 56         :  0.6411   0.0000     0.6411 - 0.6411 
psiA           57 site 57         :  0.6411   0.0000     0.6411 - 0.6411 
psiA           58 site 58         :  0.6411   0.0000     0.6411 - 0.6411 
psiA           59 site 59         :  0.6411   0.0000     0.6411 - 0.6411 
psiA           60 site 60         :  0.6411   0.0000     0.6411 - 0.6411 
psiA           61 site 61         :  0.6411   0.0000     0.6411 - 0.6411 
psiA           62 site 62         :  0.6411   0.0000     0.6411 - 0.6411 
psiA           63 site 63         :  0.6411   0.0000     0.6411 - 0.6411 
psiA           64 site 64         :  0.6411   0.0000     0.6411 - 0.6411 
psiA           65 site 65         :  0.6411   0.0000     0.6411 - 0.6411 
psiA           66 site 66         :  0.6411   0.0000     0.6411 - 0.6411 
psiA           67 site 67         :  0.6411   0.0000     0.6411 - 0.6411 
psiA           68 site 68         :  0.6411   0.0000     0.6411 - 0.6411 
psiA           69 site 69         :  0.6411   0.0000     0.6411 - 0.6411 
psiA           70 site 70         :  0.6411   0.0000     0.6411 - 0.6411 
psiA           71 site 71         :  0.6411   0.0000     0.6411 - 0.6411 
psiA           72 site 72         :  0.6411   0.0000     0.6411 - 0.6411 
psiA           73 site 73         :  0.6411   0.0000     0.6411 - 0.6411 
psiA           74 site 74         :  0.6411   0.0000     0.6411 - 0.6411 
psiA           75 site 75         :  0.6411   0.0000     0.6411 - 0.6411 
psiA           76 site 76         :  0.6411   0.0000     0.6411 - 0.6411 
psiA           77 site 77         :  0.6411   0.0000     0.6411 - 0.6411 
psiA           78 site 78         :  0.6411   0.0000     0.6411 - 0.6411 
psiA           79 site 79         :  0.6411   0.0000     0.6411 - 0.6411 
psiA           80 site 80         :  0.6411   0.0000     0.6411 - 0.6411 
psiA           81 site 81         :  0.6411   0.0000     0.6411 - 0.6411 
psiA           82 site 82         :  0.6411   0.0000     0.6411 - 0.6411 
psiA           83 site 83         :  0.6411   0.0000     0.6411 - 0.6411 
psiA           84 site 84         :  0.6411   0.0000     0.6411 - 0.6411 
psiA           85 site 85         :  0.5428   0.0000     0.5428 - 0.5428 
psiA           86 site 86         :  0.6411   0.0000     0.6411 - 0.6411 
psiA           87 site 87         :  0.6411   0.0000     0.6411 - 0.6411 
psiA           88 site 88         :  0.6411   0.0000     0.6411 - 0.6411 

   Individual Site estimates of <psiB> 
                Site               estimate  Std.err   95% conf. interval
psiB            1 site 1          :  0.2914   0.0000     0.2914 - 0.2914 
psiB            2 site 2          :  0.2914   0.0000     0.2914 - 0.2914 
psiB            3 site 3          :  0.2914   0.0000     0.2914 - 0.2914 
psiB            4 site 4          :  0.2914   0.0000     0.2914 - 0.2914 
psiB            5 site 5          :  0.2914   0.0000     0.2914 - 0.2914 
psiB            6 site 6          :  0.2914   0.0000     0.2914 - 0.2914 
psiB            7 site 7          :  0.2914   0.0000     0.2914 - 0.2914 
psiB            8 site 8          :  0.2914   0.0000     0.2914 - 0.2914 
psiB            9 site 9          :  0.2914   0.0000     0.2914 - 0.2914 
psiB           10 site 10         :  0.2914   0.0000     0.2914 - 0.2914 
psiB           11 site 11         :  0.2914   0.0000     0.2914 - 0.2914 
psiB           12 site 12         :  0.2914   0.0000     0.2914 - 0.2914 
psiB           13 site 13         :  0.2914   0.0000     0.2914 - 0.2914 
psiB           14 site 14         :  0.2914   0.0000     0.2914 - 0.2914 
psiB           15 site 15         :  0.2914   0.0000     0.2914 - 0.2914 
psiB           16 site 16         :  0.2914   0.0000     0.2914 - 0.2914 
psiB           17 site 17         :  0.2914   0.0000     0.2914 - 0.2914 
psiB           18 site 18         :  0.2914   0.0000     0.2914 - 0.2914 
psiB           19 site 19         :  0.2914   0.0000     0.2914 - 0.2914 
psiB           20 site 20         :  0.2914   0.0000     0.2914 - 0.2914 
psiB           21 site 21         :  0.2914   0.0000     0.2914 - 0.2914 
psiB           22 site 22         :  0.2914   0.0000     0.2914 - 0.2914 
psiB           23 site 23         :  0.2914   0.0000     0.2914 - 0.2914 
psiB           24 site 24         :  0.2914   0.0000     0.2914 - 0.2914 
psiB           25 site 25         :  0.2914   0.0000     0.2914 - 0.2914 
psiB           26 site 26         :  0.2914   0.0000     0.2914 - 0.2914 
psiB           27 site 27         :  0.2914   0.0000     0.2914 - 0.2914 
psiB           28 site 28         :  0.2914   0.0000     0.2914 - 0.2914 
psiB           29 site 29         :  0.2914   0.0000     0.2914 - 0.2914 
psiB           30 site 30         :  0.2914   0.0000     0.2914 - 0.2914 
psiB           31 site 31         :  0.2914   0.0000     0.2914 - 0.2914 
psiB           32 site 32         :  0.2914   0.0000     0.2914 - 0.2914 
psiB           33 site 33         :  0.2914   0.0000     0.2914 - 0.2914 
psiB           34 site 34         :  0.2914   0.0000     0.2914 - 0.2914 
psiB           35 site 35         :  0.2914   0.0000     0.2914 - 0.2914 
psiB           36 site 36         :  0.2914   0.0000     0.2914 - 0.2914 
psiB           37 site 37         :  0.2914   0.0000     0.2914 - 0.2914 
psiB           38 site 38         :  0.2914   0.0000     0.2914 - 0.2914 
psiB           39 site 39         :  0.2914   0.0000     0.2914 - 0.2914 
psiB           40 site 40         :  0.2914   0.0000     0.2914 - 0.2914 
psiB           41 site 41         :  0.2914   0.0000     0.2914 - 0.2914 
psiB           42 site 42         :  0.2914   0.0000     0.2914 - 0.2914 
psiB           43 site 43         :  0.2914   0.0000     0.2914 - 0.2914 
psiB           44 site 44         :  0.2914   0.0000     0.2914 - 0.2914 
psiB           45 site 45         :  0.2914   0.0000     0.2914 - 0.2914 
psiB           46 site 46         :  0.7824   0.0000     0.7824 - 0.7824 
psiB           47 site 47         :  0.7824   0.0000     0.7824 - 0.7824 
psiB           48 site 48         :  0.7824   0.0000     0.7824 - 0.7824 
psiB           49 site 49         :  0.7824   0.0000     0.7824 - 0.7824 
psiB           50 site 50         :  0.7824   0.0000     0.7824 - 0.7824 
psiB           51 site 51         :  0.7824   0.0000     0.7824 - 0.7824 
psiB           52 site 52         :  0.7824   0.0000     0.7824 - 0.7824 
psiB           53 site 53         :  0.7824   0.0000     0.7824 - 0.7824 
psiB           54 site 54         :  0.7824   0.0000     0.7824 - 0.7824 
psiB           55 site 55         :  0.7824   0.0000     0.7824 - 0.7824 
psiB           56 site 56         :  0.7824   0.0000     0.7824 - 0.7824 
psiB           57 site 57         :  0.7824   0.0000     0.7824 - 0.7824 
psiB           58 site 58         :  0.7824   0.0000     0.7824 - 0.7824 
psiB           59 site 59         :  0.7824   0.0000     0.7824 - 0.7824 
psiB           60 site 60         :  0.7824   0.0000     0.7824 - 0.7824 
psiB           61 site 61         :  0.7824   0.0000     0.7824 - 0.7824 
psiB           62 site 62         :  0.7824   0.0000     0.7824 - 0.7824 
psiB           63 site 63         :  0.7824   0.0000     0.7824 - 0.7824 
psiB           64 site 64         :  0.7824   0.0000     0.7824 - 0.7824 
psiB           65 site 65         :  0.7824   0.0000     0.7824 - 0.7824 
psiB           66 site 66         :  0.7824   0.0000     0.7824 - 0.7824 
psiB           67 site 67         :  0.7824   0.0000     0.7824 - 0.7824 
psiB           68 site 68         :  0.7824   0.0000     0.7824 - 0.7824 
psiB           69 site 69         :  0.7824   0.0000     0.7824 - 0.7824 
psiB           70 site 70         :  0.7824   0.0000     0.7824 - 0.7824 
psiB           71 site 71         :  0.7824   0.0000     0.7824 - 0.7824 
psiB           72 site 72         :  0.7824   0.0000     0.7824 - 0.7824 
psiB           73 site 73         :  0.7824   0.0000     0.7824 - 0.7824 
psiB           74 site 74         :  0.7824   0.0000     0.7824 - 0.7824 
psiB           75 site 75         :  0.7824   0.0000     0.7824 - 0.7824 
psiB           76 site 76         :  0.7824   0.0000     0.7824 - 0.7824 
psiB           77 site 77         :  0.7824   0.0000     0.7824 - 0.7824 
psiB           78 site 78         :  0.7824   0.0000     0.7824 - 0.7824 
psiB           79 site 79         :  0.7824   0.0000     0.7824 - 0.7824 
psiB           80 site 80         :  0.7824   0.0000     0.7824 - 0.7824 
psiB           81 site 81         :  0.7824   0.0000     0.7824 - 0.7824 
psiB           82 site 82         :  0.7824   0.0000     0.7824 - 0.7824 
psiB           83 site 83         :  0.7824   0.0000     0.7824 - 0.7824 
psiB           84 site 84         :  0.7824   0.0000     0.7824 - 0.7824 
psiB           85 site 85         :  0.2914   0.0000     0.2914 - 0.2914 
psiB           86 site 86         :  0.7824   0.0000     0.7824 - 0.7824 
psiB           87 site 87         :  0.7824   0.0000     0.7824 - 0.7824 
psiB           88 site 88         :  0.7824   0.0000     0.7824 - 0.7824 

   Individual Site estimates of <phi> 
                Site               estimate  Std.err   95% conf. interval
phi             1 site 1          :  0.8443   0.0000     0.8443 - 0.8443 

   Individual Site estimates of <pA[1]> 
                Site               estimate  Std.err   95% conf. interval
pA[1]           1 site 1          :  0.5303   0.0409     0.4499 - 0.6090 
pA[2]           1 site 1          :  0.5303   0.0409     0.4499 - 0.6090 
pA[3]           1 site 1          :  0.5303   0.0409     0.4499 - 0.6090 
pA[4]           1 site 1          :  0.5303   0.0409     0.4499 - 0.6090 
pA[5]           1 site 1          :  0.5303   0.0409     0.4499 - 0.6090 

   Individual Site estimates of <pB[1]> 
                Site               estimate  Std.err   95% conf. interval
pB[1]           1 site 1          :  0.9245   0.0537     0.7302 - 0.9823 
pB[2]           1 site 1          :  0.9245   0.0537     0.7302 - 0.9823 
pB[3]           1 site 1          :  0.9245   0.0537     0.7302 - 0.9823 
pB[4]           1 site 1          :  0.9245   0.0537     0.7302 - 0.9823 
pB[5]           1 site 1          :  0.9245   0.0537     0.7302 - 0.9823 

   Individual Site estimates of <rA[1]> 
                Site               estimate  Std.err   95% conf. interval
rA[1]           1 site 1          :  0.5092   0.1058     0.3115 - 0.7040 
rA[2]           1 site 1          :  0.5092   0.1058     0.3115 - 0.7040 
rA[3]           1 site 1          :  0.5092   0.1058     0.3115 - 0.7040 
rA[4]           1 site 1          :  0.5092   0.1058     0.3115 - 0.7040 
rA[5]           1 site 1          :  0.5092   0.1058     0.3115 - 0.7040 

   Individual Site estimates of <rB[1]> 
                Site               estimate  Std.err   95% conf. interval
rB[1]           1 site 1          :  0.5702   0.0684     0.4344 - 0.6963 
rB[2]           1 site 1          :  0.5702   0.0684     0.4344 - 0.6963 
rB[3]           1 site 1          :  0.5702   0.0684     0.4344 - 0.6963 
rB[4]           1 site 1          :  0.5702   0.0684     0.4344 - 0.6963 
rB[5]           1 site 1          :  0.5702   0.0684     0.4344 - 0.6963 

   Individual Site estimates of <delta[1]> 
                Site               estimate  Std.err   95% conf. interval
delta[1]        1 site 1          :  0.7569   0.1457     0.5190 - 1.1038 
delta[2]        1 site 1          :  0.7569   0.1457     0.5190 - 1.1038 
delta[3]        1 site 1          :  0.7569   0.1457     0.5190 - 1.1038 
delta[4]        1 site 1          :  0.7569   0.1457     0.5190 - 1.1038 
delta[5]        1 site 1          :  0.7569   0.1457     0.5190 - 1.1038 

CPU time: 0.0 seconds

